#
# There is insufficient memory for the Java Runtime Environment to continue.
# Native memory allocation (malloc) failed to allocate 4904 bytes for AllocateHeap
# Possible reasons:
#   The system is out of physical RAM or swap space
#   The process is running with CompressedOops enabled, and the Java Heap may be blocking the growth of the native heap
# Possible solutions:
#   Reduce memory load on the system
#   Increase physical memory or swap space
#   Check if swap backing store is full
#   Decrease Java heap size (-Xmx/-Xms)
#   Decrease number of Java threads
#
#  
V  [jvm.dll+0x6cade9]
V  [jvm.dll+0x8569c1]
V  [jvm.dll+0x858d2e]
V  [jvm.dll+0x859413]
V  [jvm.dll+0x280e56]
V  [jvm.dll+0xbeb17]
V  [jvm.dll+0x84dac0]
V  [jvm.dll+0x28c68d]
V  [jvm.dll+0x28e10e]
V  [jvm.dll+0x2914cc]
C  0x00000206ef1d462a

The last pc belongs to UncommonTrapBlob (printed below).
Java frames: (J=compiled Java code, j=interpreted, Vv=VM code)
v  ~UncommonTrapBlob 0x00000206ef1d462a
J 1122 c2 java.util.HashMap.keysToArray([Ljava/lang/Object;)[Ljava/lang/Object; java.base@21.0.2 (81 bytes) @ 0x00000206ef778ffc [0x00000206ef778d40+0x00000000000002bc]
j  java.util.HashMap$KeySet.toArray([Ljava/lang/Object;)[Ljava/lang/Object;+12 java.base@21.0.2
j  sun.awt.windows.WDesktopProperties.getKeyNames()[Ljava/lang/String;+11 java.desktop@21.0.2
j  sun.awt.windows.WDesktopProperties.getProperties()Ljava/util/Map;+38 java.desktop@21.0.2
j  sun.awt.windows.WToolkit.getWProps()Ljava/util/Map;+11 java.desktop@21.0.2
j  sun.awt.windows.WToolkit.windowsSettingChange()V+1 java.desktop@21.0.2
v  ~StubRoutines::call_stub 0x00000206ef18100d
j  sun.awt.windows.WToolkit.eventLoop()V+0 java.desktop@21.0.2
j  sun.awt.windows.WToolkit.run()V+50 java.desktop@21.0.2
j  java.lang.Thread.runWith(Ljava/lang/Object;Ljava/lang/Runnable;)V+5 java.base@21.0.2
j  java.lang.Thread.run()V+19 java.base@21.0.2
v  ~StubRoutines::call_stub 0x00000206ef18100d
--------------------------------------------------------------------------------
Decoding CodeBlob, name: UncommonTrapBlob, at  [0x00000206ef1d4600, 0x00000206ef1d4708]  264 bytes
[MachCode]
  0x00000206ef1d4600: 4883 ec28 | 4889 6c24 | 208b d2c5 | f877 4989 | a798 0300 | 0049 8bcf | 41b8 0200 | 0000 48b8 
  0x00000206ef1d4620: a014 5004 | fe7f 0000 | ffd0 49c7 | 8798 0300 | 0000 0000 | 0049 c787 | a003 0000 | 0000 0000 
  0x00000206ef1d4640: c5f8 7748 | 8bf8 4883 | c428 8b0f | 4803 e148 | 8b6f 3048 | 8b4f 1848 | 83c4 0848 | 8b77 108b 
  0x00000206ef1d4660: 5708 4c8b | c48b 5f04 | 482b e348 | 8b1e 4883 | eb10 48ff | 3155 488b | ec48 2be3 | 4c89 45f8 
  0x00000206ef1d4680: 48c7 45f0 | 0000 0000 | 4c8b c448 | 83c6 0848 | 83c1 08ff | ca75 d448 | ff31 5548 | 8bec 4883 
  0x00000206ef1d46a0: ec20 c5f8 | 7749 89af | a803 0000 | 49ba a246 | 1def 0602 | 0000 4d89 | 97a0 0300 | 0049 89a7 
  0x00000206ef1d46c0: 9803 0000 | 4883 e4f0 | 498b cfba | 0200 0000 | 48b8 d027 | 5004 fe7f | 0000 ffd0 | 49c7 8798 
  0x00000206ef1d46e0: 0300 0000 | 0000 0049 | c787 a803 | 0000 0000 | 0000 49c7 | 87a0 0300 | 0000 0000 | 00c5 f877 
  0x00000206ef1d4700: c9c3 f4f4 | f4f4 f4f4 
[/MachCode]
--------------------------------------------------------------------------------


Compiled method (c2) 8353200 1122       4       java.util.HashMap::keysToArray (81 bytes)
 total in heap  [0x00000206ef778b90,0x00000206ef7791f8] = 1640
 relocation     [0x00000206ef778cf0,0x00000206ef778d28] = 56
 main code      [0x00000206ef778d40,0x00000206ef779058] = 792
 stub code      [0x00000206ef779058,0x00000206ef779070] = 24
 metadata       [0x00000206ef779070,0x00000206ef779080] = 16
 scopes data    [0x00000206ef779080,0x00000206ef779148] = 200
 scopes pcs     [0x00000206ef779148,0x00000206ef7791d8] = 144
 dependencies   [0x00000206ef7791d8,0x00000206ef7791e0] = 8
 nul chk table  [0x00000206ef7791e0,0x00000206ef7791f8] = 24

[Constant Pool (empty)]

[MachCode]
[Entry Point]
  # {method} {0x000002068008e4a8} 'keysToArray' '([Ljava/lang/Object;)[Ljava/lang/Object;' in 'java/util/HashMap'
  # this:     rdx:rdx   = 'java/util/HashMap'
  # parm0:    r8:r8     = '[Ljava/lang/Object;'
  #           [sp+0x80]  (sp of caller)
  0x00000206ef778d40: 448b 5208 | 49bb 0000 | 0080 0602 | 0000 4d03 | d349 3bc2 

  0x00000206ef778d54: ;   {runtime_call ic_miss_stub}
  0x00000206ef778d54: 0f85 265a | a5ff 6690 | 0f1f 4000 
[Verified Entry Point]
  0x00000206ef778d60: 8984 2400 | 80ff ff55 | 4883 ec70 | 4181 7f20 | 0100 0000 | 0f85 d402 | 0000 8b6a | 1466 6690 
  0x00000206ef778d80: 85ed 0f8e | 7c02 0000 | 8b7a 2444 | 8b4f 0c45 | 85c9 0f86 | f200 0000 | 458b d941 | ffcb 6690 
  0x00000206ef778da0: 453b d90f | 831c 0200 | 0049 8bc0 

  0x00000206ef778dac: ; implicit exception: dispatches to 0x00000206ef778fe4
  0x00000206ef778dac: 458b 5008 

  0x00000206ef778db0: ;   {metadata('java/lang/Object'[])}
  0x00000206ef778db0: 4181 fa58 | 1200 000f | 8527 0200 | 0041 8b58 | 0c4c 8bf7 | 4533 d233 | edeb 1e45 | 8bd3 4d8b 
  0x00000206ef778dd0: 8758 0400 

  0x00000206ef778dd4: ; ImmutableOopMap {rdi=NarrowOop rax=Oop r14=Oop }
                      ;*goto {reexecute=1 rethrow=0 return_oop=0}
                      ; - (reexecute) java.util.HashMap::keysToArray@76 (line 956)
                      ;   {poll}
  0x00000206ef778dd4: 00ff c541 | 8500 660f | 1f44 0000 | 413b e90f | 8da4 0000 | 0044 8b5c | af10 4585 | db74 db4d 
  0x00000206ef778df4: 8beb 6666 | 0f1f 8400 | 0000 0000 | 458b 4510 | 458b da41 | ffc3 443b | d30f 8329 | 0100 004a 
  0x00000206ef778e14: 8d74 9010 | 0f1f 8400 | 0000 0000 | 4180 7f40 | 000f 8575 | 0000 0044 | 8906 4d8b | d048 8bd6 
  0x00000206ef778e34: 4c33 d249 | c1ea 140f | 1f44 0000 | 4d85 d274 | 2445 85c0 | 741f 48c1 | ea09 48b9 | 0030 c4f6 
  0x00000206ef778e54: 0602 0000 | 4803 ca0f | 1f44 0000 | 8039 020f | 8569 0000 | 0049 8b8f | 5804 0000 

  0x00000206ef778e70: ; ImmutableOopMap {r10=NarrowOop rdi=NarrowOop rax=Oop r14=Oop }
                      ;*goto {reexecute=1 rethrow=0 return_oop=0}
                      ; - (reexecute) java.util.HashMap::keysToArray@70 (line 957)
  0x00000206ef778e70: 458b 5518 

  0x00000206ef778e74: ;   {poll}
  0x00000206ef778e74: 8501 4585 | d20f 844c | ffff ff4d | 8bea 458b | d3e9 76ff | ffff 498b | c048 83c4 

  0x00000206ef778e90: ;   {poll_return}
  0x00000206ef778e90: 705d 493b | a750 0400 | 000f 8799 | 0100 00c3 | 448b 1645 | 85d2 0f84 | 7fff ffff | 498b 5728 
  0x00000206ef778eb0: 498b ca48 | 85d2 0f84 | bc00 0000 | 4d8b 5738 | 4989 4c12 | f848 83c2 | f849 8957 | 28e9 59ff 
  0x00000206ef778ed0: ffff 4d8b | 5758 4d8b | 4748 f083 | 4424 c000 | 8039 0074 | 8444 8821 | 4d85 c075 | 3d44 895c 
  0x00000206ef778ef0: 2428 4c89 | 6c24 2045 | 8be9 488b | f049 8bd7 | 49ba 7026 | 5904 fe7f | 0000 41ff 

  0x00000206ef778f0c: ;   {other}
  0x00000206ef778f0c: d20f 1f84 | 0000 0000 | 0048 8bc6 | 458b cd4c | 8b6c 2420 | 448b 5c24 | 28e9 3fff | ffff 4b89 
  0x00000206ef778f2c: 4c02 f849 | 83c0 f84d | 8947 48e9 | 2dff ffff | bae4 ffff | ff89 7c24 | 2044 8954 | 2424 4889 
  0x00000206ef778f4c: 4424 3044 | 895c 2438 | 4489 4c24 | 3c4c 896c | 2440 4889 | 4424 4844 | 8944 2450 

  0x00000206ef778f68: ;   {runtime_call UncommonTrapBlob}
  0x00000206ef778f68: 6666 90e8 

  0x00000206ef778f6c: ; ImmutableOopMap {[32]=NarrowOop [48]=Oop [64]=Oop [72]=Oop [80]=NarrowOop }
                      ;*aastore {reexecute=1 rethrow=0 return_oop=0}
                      ; - (reexecute) java.util.HashMap::keysToArray@62 (line 958)
  0x00000206ef778f6c: 90b6 a5ff 

  0x00000206ef778f70: ;   {other}
  0x00000206ef778f70: 0f1f 8400 | e003 0002 | 4489 5c24 | 3044 8944 | 2424 4c89 | 6c24 2844 | 894c 2420 | 4c8b e849 
  0x00000206ef778f90: 8bd7 49ba | 9026 5904 | fe7f 0000 

  0x00000206ef778f9c: ;   {other}
  0x00000206ef778f9c: 41ff d20f | 1f84 0000 | 0000 0049 | 8bc5 448b | 4c24 204c | 8b6c 2428 | 448b 4424 | 2444 8b5c 
  0x00000206ef778fbc: 2430 6690 | e966 feff | ffba 76ff | ffff 8bef | 4c89 4424 | 2844 894c 

  0x00000206ef778fd4: ;   {runtime_call UncommonTrapBlob}
  0x00000206ef778fd4: 2434 90e8 

  0x00000206ef778fd8: ; ImmutableOopMap {rbp=NarrowOop [40]=Oop }
                      ;*if_icmpge {reexecute=1 rethrow=0 return_oop=0}
                      ; - (reexecute) java.util.HashMap::keysToArray@36 (line 956)
  0x00000206ef778fd8: 24b6 a5ff 

  0x00000206ef778fdc: ;   {other}
  0x00000206ef778fdc: 0f1f 8400 | 4c04 0003 | babe ffff | ff8b ef4c | 8944 2428 | 4489 4c24 

  0x00000206ef778ff4: ;   {runtime_call UncommonTrapBlob}
  0x00000206ef778ff4: 3466 90e8 

  0x00000206ef778ff8: ; ImmutableOopMap {rbp=NarrowOop [40]=Oop }
                      ;*if_icmpge {reexecute=1 rethrow=0 return_oop=0}
                      ; - (reexecute) java.util.HashMap::keysToArray@36 (line 956)
  0x00000206ef778ff8: 04b6 a5ff 

  0x00000206ef778ffc: ;   {other}
  0x00000206ef778ffc: 0f1f 8400 | 6c04 0004 | ba45 ffff | ff4c 8944 

  0x00000206ef77900c: ;   {runtime_call UncommonTrapBlob}
  0x00000206ef77900c: 2420 90e8 

  0x00000206ef779010: ; ImmutableOopMap {[32]=Oop }
                      ;*ifle {reexecute=1 rethrow=0 return_oop=0}
                      ; - (reexecute) java.util.HashMap::keysToArray@9 (line 955)
  0x00000206ef779010: ecb5 a5ff 

  0x00000206ef779014: ;   {other}
  0x00000206ef779014: 0f1f 8400 | 8404 0005 | ba45 ffff | ff89 7c24 | 204c 8944 

  0x00000206ef779028: ;   {runtime_call UncommonTrapBlob}
  0x00000206ef779028: 2428 90e8 

  0x00000206ef77902c: ; ImmutableOopMap {[32]=NarrowOop [40]=Oop }
                      ;*ifnull {reexecute=1 rethrow=0 return_oop=0}
                      ; - (reexecute) java.util.HashMap::keysToArray@18 (line 955)
  0x00000206ef77902c: d0b5 a5ff 

  0x00000206ef779030: ;   {other}
  0x00000206ef779030: 0f1f 8400 | a004 0006 

  0x00000206ef779038: ;   {internal_word}
  0x00000206ef779038: 49ba 928e | 77ef 0602 | 0000 4d89 | 9768 0400 

  0x00000206ef779048: ;   {runtime_call SafepointBlob}
  0x00000206ef779048: 00e9 b2c6 

  0x00000206ef77904c: ;   {runtime_call StubRoutines (final stubs)}
  0x00000206ef77904c: a5ff e80d | bda3 ffe9 | 22fd ffff 
[Exception Handler]
  0x00000206ef779058: ;   {no_reloc}
  0x00000206ef779058: e9a3 20b2 | ffe8 0000 | 0000 4883 

  0x00000206ef779064: ;   {runtime_call DeoptimizationBlob}
  0x00000206ef779064: 2c24 05e9 | 34b9 a5ff | f4f4 f4f4 
[/MachCode]


---------------  P R O C E S S  ---------------

Threads class SMR info:
_java_thread_list=0x00000206c77ba290, length=15, elements={
0x00000206fb8be0b0, 0x00000206fb8bef20, 0x00000206fb8c4ef0, 0x00000206fb8c5950,
0x00000206fb8c73c0, 0x00000206fb8c7e20, 0x00000206fb8df4c0, 0x00000206fb8d3380,
0x00000206c51e49b0, 0x00000206c52870f0, 0x00000206c54075e0, 0x00000206c540b340,
0x00000206c540eaa0, 0x00000206c5469cd0, 0x00000206dd61a960
}

Java Threads: ( => current thread )
  0x00000206fb8be0b0 JavaThread "Reference Handler"          daemon [_thread_blocked, id=5840, stack(0x0000009479400000,0x0000009479500000) (1024K)]
  0x00000206fb8bef20 JavaThread "Finalizer"                  daemon [_thread_blocked, id=8916, stack(0x0000009479500000,0x0000009479600000) (1024K)]
  0x00000206fb8c4ef0 JavaThread "Signal Dispatcher"          daemon [_thread_blocked, id=11868, stack(0x0000009479600000,0x0000009479700000) (1024K)]
  0x00000206fb8c5950 JavaThread "Attach Listener"            daemon [_thread_blocked, id=2456, stack(0x0000009479700000,0x0000009479800000) (1024K)]
  0x00000206fb8c73c0 JavaThread "Service Thread"             daemon [_thread_blocked, id=2776, stack(0x0000009479800000,0x0000009479900000) (1024K)]
  0x00000206fb8c7e20 JavaThread "Monitor Deflation Thread"   daemon [_thread_blocked, id=4964, stack(0x0000009479900000,0x0000009479a00000) (1024K)]
  0x00000206fb8df4c0 JavaThread "C2 CompilerThread0"         daemon [_thread_blocked, id=4036, stack(0x0000009479a00000,0x0000009479b00000) (1024K)]
  0x00000206fb8d3380 JavaThread "C1 CompilerThread0"         daemon [_thread_blocked, id=4024, stack(0x0000009479b00000,0x0000009479c00000) (1024K)]
  0x00000206c51e49b0 JavaThread "Common-Cleaner"             daemon [_thread_blocked, id=3032, stack(0x0000009479c00000,0x0000009479d00000) (1024K)]
  0x00000206c52870f0 JavaThread "Notification Thread"        daemon [_thread_blocked, id=4472, stack(0x0000009479d00000,0x0000009479e00000) (1024K)]
  0x00000206c54075e0 JavaThread "Java2D Disposer"            daemon [_thread_blocked, id=4512, stack(0x0000009479e00000,0x0000009479f00000) (1024K)]
  0x00000206c540b340 JavaThread "AWT-Shutdown"                      [_thread_blocked, id=9440, stack(0x0000009479f00000,0x000000947a000000) (1024K)]
=>0x00000206c540eaa0 JavaThread "AWT-Windows"                daemon [_thread_in_Java, id=2348, stack(0x000000947a000000,0x000000947a100000) (1024K)]
  0x00000206c5469cd0 JavaThread "AWT-EventQueue-0"                  [_thread_blocked, id=11564, stack(0x000000947a100000,0x000000947a200000) (1024K)]
  0x00000206dd61a960 JavaThread "DestroyJavaVM"                     [_thread_blocked, id=12204, stack(0x0000009478c00000,0x0000009478d00000) (1024K)]
Total: 15

Other Threads:
  0x00000206fb89ce50 VMThread "VM Thread"                           [id=10400, stack(0x0000009479300000,0x0000009479400000) (1024K)] _threads_hazard_ptr=0x00000206c77ba290
  0x00000206fb884de0 WatcherThread "VM Periodic Task Thread"        [id=12252, stack(0x0000009479200000,0x0000009479300000) (1024K)]
  0x00000206df82ef60 WorkerThread "GC Thread#0"                     [id=11088, stack(0x0000009478d00000,0x0000009478e00000) (1024K)]
  0x00000206c54bd100 WorkerThread "GC Thread#1"                     [id=11448, stack(0x000000947a300000,0x000000947a400000) (1024K)]
  0x00000206c54bd4a0 WorkerThread "GC Thread#2"                     [id=11524, stack(0x000000947a400000,0x000000947a500000) (1024K)]
  0x00000206c54bd840 WorkerThread "GC Thread#3"                     [id=11496, stack(0x000000947a500000,0x000000947a600000) (1024K)]
  0x00000206df8404d0 ConcurrentGCThread "G1 Main Marker"            [id=10212, stack(0x0000009478e00000,0x0000009478f00000) (1024K)]
  0x00000206df841680 WorkerThread "G1 Conc#0"                       [id=11268, stack(0x0000009478f00000,0x0000009479000000) (1024K)]
  0x00000206df8aeb00 ConcurrentGCThread "G1 Refine#0"               [id=4384, stack(0x0000009479000000,0x0000009479100000) (1024K)]
  0x00000206fb744700 ConcurrentGCThread "G1 Service"                [id=10332, stack(0x0000009479100000,0x0000009479200000) (1024K)]
Total: 10

Threads with active compile tasks:
Total: 0

VM state: synchronizing (normal execution)

VM Mutex/Monitor currently owned by a thread:  ([mutex/lock_event])
[0x00007ffe04eacd68] Threads_lock - owner thread: 0x00000206fb89ce50

Heap address: 0x0000000081a00000, size: 2022 MB, Compressed Oops mode: 32-bit

CDS archive(s) mapped at: [0x0000020680000000-0x0000020680c90000-0x0000020680c90000), size 13172736, SharedBaseAddress: 0x0000020680000000, ArchiveRelocationMode: 1.
Compressed class space mapped at: 0x0000020681000000-0x00000206c1000000, reserved size: 1073741824
Narrow klass base: 0x0000020680000000, Narrow klass shift: 0, Narrow klass range: 0x100000000

GC Precious Log:
 CardTable entry size: 512
 Card Set container configuration: InlinePtr #cards 5 size 8 Array Of Cards #cards 12 size 40 Howl #buckets 4 coarsen threshold 1843 Howl Bitmap #cards 512 size 80 coarsen threshold 460 Card regions per heap region 1 cards per card region 2048
 CPUs: 4 total, 4 available
 Memory: 8083M
 Large Page Support: Disabled
 NUMA Support: Disabled
 Compressed Oops: Enabled (32-bit)
 Heap Region Size: 1M
 Heap Min Capacity: 8M
 Heap Initial Capacity: 128M
 Heap Max Capacity: 2022M
 Pre-touch: Disabled
 Parallel Workers: 4
 Concurrent Workers: 1
 Concurrent Refinement Workers: 4
 Periodic GC: Disabled

Heap:
 garbage-first heap   total 131072K, used 13958K [0x0000000081a00000, 0x0000000100000000)
  region size 1024K, 5 young (5120K), 2 survivors (2048K)
 Metaspace       used 6766K, committed 6976K, reserved 1114112K
  class space    used 691K, committed 832K, reserved 1048576K

Heap Regions: E=young(eden), S=young(survivor), O=old, HS=humongous(starts), HC=humongous(continues), CS=collection set, F=free, TAMS=top-at-mark-start, PB=parsable bottom
|   0|0x0000000081a00000, 0x0000000081b00000, 0x0000000081b00000|100%|HS|  |TAMS 0x0000000081a00000| PB 0x0000000081a00000| Complete 
|   1|0x0000000081b00000, 0x0000000081c00000, 0x0000000081c00000|100%|HC|  |TAMS 0x0000000081b00000| PB 0x0000000081b00000| Complete 
|   2|0x0000000081c00000, 0x0000000081d00000, 0x0000000081d00000|100%|HC|  |TAMS 0x0000000081c00000| PB 0x0000000081c00000| Complete 
|   3|0x0000000081d00000, 0x0000000081e00000, 0x0000000081e00000|100%|HC|  |TAMS 0x0000000081d00000| PB 0x0000000081d00000| Complete 
|   4|0x0000000081e00000, 0x0000000081f00000, 0x0000000081f00000|100%|HC|  |TAMS 0x0000000081e00000| PB 0x0000000081e00000| Complete 
|   5|0x0000000081f00000, 0x0000000082000000, 0x0000000082000000|100%|HC|  |TAMS 0x0000000081f00000| PB 0x0000000081f00000| Complete 
|   6|0x0000000082000000, 0x0000000082100000, 0x0000000082100000|100%|HC|  |TAMS 0x0000000082000000| PB 0x0000000082000000| Complete 
|   7|0x0000000082100000, 0x0000000082200000, 0x0000000082200000|100%|HC|  |TAMS 0x0000000082100000| PB 0x0000000082100000| Complete 
|   8|0x0000000082200000, 0x0000000082300000, 0x0000000082300000|100%|HC|  |TAMS 0x0000000082200000| PB 0x0000000082200000| Complete 
|   9|0x0000000082300000, 0x00000000823a1820, 0x0000000082400000| 63%| O|  |TAMS 0x0000000082300000| PB 0x0000000082300000| Untracked 
|  10|0x0000000082400000, 0x0000000082400000, 0x0000000082500000|  0%| F|  |TAMS 0x0000000082400000| PB 0x0000000082400000| Untracked 
|  11|0x0000000082500000, 0x0000000082500000, 0x0000000082600000|  0%| F|  |TAMS 0x0000000082500000| PB 0x0000000082500000| Untracked 
|  12|0x0000000082600000, 0x0000000082600000, 0x0000000082700000|  0%| F|  |TAMS 0x0000000082600000| PB 0x0000000082600000| Untracked 
|  13|0x0000000082700000, 0x0000000082700000, 0x0000000082800000|  0%| F|  |TAMS 0x0000000082700000| PB 0x0000000082700000| Untracked 
|  14|0x0000000082800000, 0x0000000082800000, 0x0000000082900000|  0%| F|  |TAMS 0x0000000082800000| PB 0x0000000082800000| Untracked 
|  15|0x0000000082900000, 0x0000000082900000, 0x0000000082a00000|  0%| F|  |TAMS 0x0000000082900000| PB 0x0000000082900000| Untracked 
|  16|0x0000000082a00000, 0x0000000082a00000, 0x0000000082b00000|  0%| F|  |TAMS 0x0000000082a00000| PB 0x0000000082a00000| Untracked 
|  17|0x0000000082b00000, 0x0000000082b00000, 0x0000000082c00000|  0%| F|  |TAMS 0x0000000082b00000| PB 0x0000000082b00000| Untracked 
|  18|0x0000000082c00000, 0x0000000082c00000, 0x0000000082d00000|  0%| F|  |TAMS 0x0000000082c00000| PB 0x0000000082c00000| Untracked 
|  19|0x0000000082d00000, 0x0000000082d00000, 0x0000000082e00000|  0%| F|  |TAMS 0x0000000082d00000| PB 0x0000000082d00000| Untracked 
|  20|0x0000000082e00000, 0x0000000082e00000, 0x0000000082f00000|  0%| F|  |TAMS 0x0000000082e00000| PB 0x0000000082e00000| Untracked 
|  21|0x0000000082f00000, 0x0000000082f00000, 0x0000000083000000|  0%| F|  |TAMS 0x0000000082f00000| PB 0x0000000082f00000| Untracked 
|  22|0x0000000083000000, 0x0000000083000000, 0x0000000083100000|  0%| F|  |TAMS 0x0000000083000000| PB 0x0000000083000000| Untracked 
|  23|0x0000000083100000, 0x0000000083100000, 0x0000000083200000|  0%| F|  |TAMS 0x0000000083100000| PB 0x0000000083100000| Untracked 
|  24|0x0000000083200000, 0x0000000083200000, 0x0000000083300000|  0%| F|  |TAMS 0x0000000083200000| PB 0x0000000083200000| Untracked 
|  25|0x0000000083300000, 0x0000000083300000, 0x0000000083400000|  0%| F|  |TAMS 0x0000000083300000| PB 0x0000000083300000| Untracked 
|  26|0x0000000083400000, 0x0000000083400000, 0x0000000083500000|  0%| F|  |TAMS 0x0000000083400000| PB 0x0000000083400000| Untracked 
|  27|0x0000000083500000, 0x0000000083500000, 0x0000000083600000|  0%| F|  |TAMS 0x0000000083500000| PB 0x0000000083500000| Untracked 
|  28|0x0000000083600000, 0x0000000083600000, 0x0000000083700000|  0%| F|  |TAMS 0x0000000083600000| PB 0x0000000083600000| Untracked 
|  29|0x0000000083700000, 0x0000000083700000, 0x0000000083800000|  0%| F|  |TAMS 0x0000000083700000| PB 0x0000000083700000| Untracked 
|  30|0x0000000083800000, 0x0000000083800000, 0x0000000083900000|  0%| F|  |TAMS 0x0000000083800000| PB 0x0000000083800000| Untracked 
|  31|0x0000000083900000, 0x0000000083900000, 0x0000000083a00000|  0%| F|  |TAMS 0x0000000083900000| PB 0x0000000083900000| Untracked 
|  32|0x0000000083a00000, 0x0000000083a00000, 0x0000000083b00000|  0%| F|  |TAMS 0x0000000083a00000| PB 0x0000000083a00000| Untracked 
|  33|0x0000000083b00000, 0x0000000083b00000, 0x0000000083c00000|  0%| F|  |TAMS 0x0000000083b00000| PB 0x0000000083b00000| Untracked 
|  34|0x0000000083c00000, 0x0000000083c00000, 0x0000000083d00000|  0%| F|  |TAMS 0x0000000083c00000| PB 0x0000000083c00000| Untracked 
|  35|0x0000000083d00000, 0x0000000083d00000, 0x0000000083e00000|  0%| F|  |TAMS 0x0000000083d00000| PB 0x0000000083d00000| Untracked 
|  36|0x0000000083e00000, 0x0000000083e00000, 0x0000000083f00000|  0%| F|  |TAMS 0x0000000083e00000| PB 0x0000000083e00000| Untracked 
|  37|0x0000000083f00000, 0x0000000083f00000, 0x0000000084000000|  0%| F|  |TAMS 0x0000000083f00000| PB 0x0000000083f00000| Untracked 
|  38|0x0000000084000000, 0x0000000084000000, 0x0000000084100000|  0%| F|  |TAMS 0x0000000084000000| PB 0x0000000084000000| Untracked 
|  39|0x0000000084100000, 0x0000000084100000, 0x0000000084200000|  0%| F|  |TAMS 0x0000000084100000| PB 0x0000000084100000| Untracked 
|  40|0x0000000084200000, 0x0000000084200000, 0x0000000084300000|  0%| F|  |TAMS 0x0000000084200000| PB 0x0000000084200000| Untracked 
|  41|0x0000000084300000, 0x0000000084300000, 0x0000000084400000|  0%| F|  |TAMS 0x0000000084300000| PB 0x0000000084300000| Untracked 
|  42|0x0000000084400000, 0x0000000084400000, 0x0000000084500000|  0%| F|  |TAMS 0x0000000084400000| PB 0x0000000084400000| Untracked 
|  43|0x0000000084500000, 0x0000000084500000, 0x0000000084600000|  0%| F|  |TAMS 0x0000000084500000| PB 0x0000000084500000| Untracked 
|  44|0x0000000084600000, 0x0000000084600000, 0x0000000084700000|  0%| F|  |TAMS 0x0000000084600000| PB 0x0000000084600000| Untracked 
|  45|0x0000000084700000, 0x0000000084700000, 0x0000000084800000|  0%| F|  |TAMS 0x0000000084700000| PB 0x0000000084700000| Untracked 
|  46|0x0000000084800000, 0x0000000084800000, 0x0000000084900000|  0%| F|  |TAMS 0x0000000084800000| PB 0x0000000084800000| Untracked 
|  47|0x0000000084900000, 0x0000000084900000, 0x0000000084a00000|  0%| F|  |TAMS 0x0000000084900000| PB 0x0000000084900000| Untracked 
|  48|0x0000000084a00000, 0x0000000084a00000, 0x0000000084b00000|  0%| F|  |TAMS 0x0000000084a00000| PB 0x0000000084a00000| Untracked 
|  49|0x0000000084b00000, 0x0000000084b00000, 0x0000000084c00000|  0%| F|  |TAMS 0x0000000084b00000| PB 0x0000000084b00000| Untracked 
|  50|0x0000000084c00000, 0x0000000084c00000, 0x0000000084d00000|  0%| F|  |TAMS 0x0000000084c00000| PB 0x0000000084c00000| Untracked 
|  51|0x0000000084d00000, 0x0000000084d00000, 0x0000000084e00000|  0%| F|  |TAMS 0x0000000084d00000| PB 0x0000000084d00000| Untracked 
|  52|0x0000000084e00000, 0x0000000084e00000, 0x0000000084f00000|  0%| F|  |TAMS 0x0000000084e00000| PB 0x0000000084e00000| Untracked 
|  53|0x0000000084f00000, 0x0000000084f00000, 0x0000000085000000|  0%| F|  |TAMS 0x0000000084f00000| PB 0x0000000084f00000| Untracked 
|  54|0x0000000085000000, 0x0000000085000000, 0x0000000085100000|  0%| F|  |TAMS 0x0000000085000000| PB 0x0000000085000000| Untracked 
|  55|0x0000000085100000, 0x0000000085100000, 0x0000000085200000|  0%| F|  |TAMS 0x0000000085100000| PB 0x0000000085100000| Untracked 
|  56|0x0000000085200000, 0x0000000085200000, 0x0000000085300000|  0%| F|  |TAMS 0x0000000085200000| PB 0x0000000085200000| Untracked 
|  57|0x0000000085300000, 0x0000000085300000, 0x0000000085400000|  0%| F|  |TAMS 0x0000000085300000| PB 0x0000000085300000| Untracked 
|  58|0x0000000085400000, 0x0000000085400000, 0x0000000085500000|  0%| F|  |TAMS 0x0000000085400000| PB 0x0000000085400000| Untracked 
|  59|0x0000000085500000, 0x0000000085500000, 0x0000000085600000|  0%| F|  |TAMS 0x0000000085500000| PB 0x0000000085500000| Untracked 
|  60|0x0000000085600000, 0x0000000085600000, 0x0000000085700000|  0%| F|  |TAMS 0x0000000085600000| PB 0x0000000085600000| Untracked 
|  61|0x0000000085700000, 0x0000000085700000, 0x0000000085800000|  0%| F|  |TAMS 0x0000000085700000| PB 0x0000000085700000| Untracked 
|  62|0x0000000085800000, 0x0000000085800000, 0x0000000085900000|  0%| F|  |TAMS 0x0000000085800000| PB 0x0000000085800000| Untracked 
|  63|0x0000000085900000, 0x0000000085900000, 0x0000000085a00000|  0%| F|  |TAMS 0x0000000085900000| PB 0x0000000085900000| Untracked 
|  64|0x0000000085a00000, 0x0000000085a00000, 0x0000000085b00000|  0%| F|  |TAMS 0x0000000085a00000| PB 0x0000000085a00000| Untracked 
|  65|0x0000000085b00000, 0x0000000085b00000, 0x0000000085c00000|  0%| F|  |TAMS 0x0000000085b00000| PB 0x0000000085b00000| Untracked 
|  66|0x0000000085c00000, 0x0000000085c00000, 0x0000000085d00000|  0%| F|  |TAMS 0x0000000085c00000| PB 0x0000000085c00000| Untracked 
|  67|0x0000000085d00000, 0x0000000085d00000, 0x0000000085e00000|  0%| F|  |TAMS 0x0000000085d00000| PB 0x0000000085d00000| Untracked 
|  68|0x0000000085e00000, 0x0000000085e00000, 0x0000000085f00000|  0%| F|  |TAMS 0x0000000085e00000| PB 0x0000000085e00000| Untracked 
|  69|0x0000000085f00000, 0x0000000085f00000, 0x0000000086000000|  0%| F|  |TAMS 0x0000000085f00000| PB 0x0000000085f00000| Untracked 
|  70|0x0000000086000000, 0x0000000086000000, 0x0000000086100000|  0%| F|  |TAMS 0x0000000086000000| PB 0x0000000086000000| Untracked 
|  71|0x0000000086100000, 0x0000000086100000, 0x0000000086200000|  0%| F|  |TAMS 0x0000000086100000| PB 0x0000000086100000| Untracked 
|  72|0x0000000086200000, 0x0000000086200000, 0x0000000086300000|  0%| F|  |TAMS 0x0000000086200000| PB 0x0000000086200000| Untracked 
|  73|0x0000000086300000, 0x0000000086300000, 0x0000000086400000|  0%| F|  |TAMS 0x0000000086300000| PB 0x0000000086300000| Untracked 
|  74|0x0000000086400000, 0x0000000086400000, 0x0000000086500000|  0%| F|  |TAMS 0x0000000086400000| PB 0x0000000086400000| Untracked 
|  75|0x0000000086500000, 0x0000000086500000, 0x0000000086600000|  0%| F|  |TAMS 0x0000000086500000| PB 0x0000000086500000| Untracked 
|  76|0x0000000086600000, 0x0000000086600000, 0x0000000086700000|  0%| F|  |TAMS 0x0000000086600000| PB 0x0000000086600000| Untracked 
|  77|0x0000000086700000, 0x0000000086700000, 0x0000000086800000|  0%| F|  |TAMS 0x0000000086700000| PB 0x0000000086700000| Untracked 
|  78|0x0000000086800000, 0x0000000086800000, 0x0000000086900000|  0%| F|  |TAMS 0x0000000086800000| PB 0x0000000086800000| Untracked 
|  79|0x0000000086900000, 0x0000000086900000, 0x0000000086a00000|  0%| F|  |TAMS 0x0000000086900000| PB 0x0000000086900000| Untracked 
|  80|0x0000000086a00000, 0x0000000086a00000, 0x0000000086b00000|  0%| F|  |TAMS 0x0000000086a00000| PB 0x0000000086a00000| Untracked 
|  81|0x0000000086b00000, 0x0000000086b00000, 0x0000000086c00000|  0%| F|  |TAMS 0x0000000086b00000| PB 0x0000000086b00000| Untracked 
|  82|0x0000000086c00000, 0x0000000086c00000, 0x0000000086d00000|  0%| F|  |TAMS 0x0000000086c00000| PB 0x0000000086c00000| Untracked 
|  83|0x0000000086d00000, 0x0000000086d00000, 0x0000000086e00000|  0%| F|  |TAMS 0x0000000086d00000| PB 0x0000000086d00000| Untracked 
|  84|0x0000000086e00000, 0x0000000086e00000, 0x0000000086f00000|  0%| F|  |TAMS 0x0000000086e00000| PB 0x0000000086e00000| Untracked 
|  85|0x0000000086f00000, 0x0000000086f00000, 0x0000000087000000|  0%| F|  |TAMS 0x0000000086f00000| PB 0x0000000086f00000| Untracked 
|  86|0x0000000087000000, 0x0000000087000000, 0x0000000087100000|  0%| F|  |TAMS 0x0000000087000000| PB 0x0000000087000000| Untracked 
|  87|0x0000000087100000, 0x0000000087100000, 0x0000000087200000|  0%| F|  |TAMS 0x0000000087100000| PB 0x0000000087100000| Untracked 
|  88|0x0000000087200000, 0x0000000087200000, 0x0000000087300000|  0%| F|  |TAMS 0x0000000087200000| PB 0x0000000087200000| Untracked 
|  89|0x0000000087300000, 0x0000000087300000, 0x0000000087400000|  0%| F|  |TAMS 0x0000000087300000| PB 0x0000000087300000| Untracked 
|  90|0x0000000087400000, 0x0000000087400000, 0x0000000087500000|  0%| F|  |TAMS 0x0000000087400000| PB 0x0000000087400000| Untracked 
|  91|0x0000000087500000, 0x0000000087500000, 0x0000000087600000|  0%| F|  |TAMS 0x0000000087500000| PB 0x0000000087500000| Untracked 
|  92|0x0000000087600000, 0x0000000087600000, 0x0000000087700000|  0%| F|  |TAMS 0x0000000087600000| PB 0x0000000087600000| Untracked 
|  93|0x0000000087700000, 0x0000000087700000, 0x0000000087800000|  0%| F|  |TAMS 0x0000000087700000| PB 0x0000000087700000| Untracked 
|  94|0x0000000087800000, 0x0000000087800000, 0x0000000087900000|  0%| F|  |TAMS 0x0000000087800000| PB 0x0000000087800000| Untracked 
|  95|0x0000000087900000, 0x0000000087900000, 0x0000000087a00000|  0%| F|  |TAMS 0x0000000087900000| PB 0x0000000087900000| Untracked 
|  96|0x0000000087a00000, 0x0000000087a00000, 0x0000000087b00000|  0%| F|  |TAMS 0x0000000087a00000| PB 0x0000000087a00000| Untracked 
|  97|0x0000000087b00000, 0x0000000087b00000, 0x0000000087c00000|  0%| F|  |TAMS 0x0000000087b00000| PB 0x0000000087b00000| Untracked 
|  98|0x0000000087c00000, 0x0000000087c00000, 0x0000000087d00000|  0%| F|  |TAMS 0x0000000087c00000| PB 0x0000000087c00000| Untracked 
|  99|0x0000000087d00000, 0x0000000087d00000, 0x0000000087e00000|  0%| F|  |TAMS 0x0000000087d00000| PB 0x0000000087d00000| Untracked 
| 100|0x0000000087e00000, 0x0000000087e00000, 0x0000000087f00000|  0%| F|  |TAMS 0x0000000087e00000| PB 0x0000000087e00000| Untracked 
| 101|0x0000000087f00000, 0x0000000087f00000, 0x0000000088000000|  0%| F|  |TAMS 0x0000000087f00000| PB 0x0000000087f00000| Untracked 
| 102|0x0000000088000000, 0x0000000088000000, 0x0000000088100000|  0%| F|  |TAMS 0x0000000088000000| PB 0x0000000088000000| Untracked 
| 103|0x0000000088100000, 0x0000000088100000, 0x0000000088200000|  0%| F|  |TAMS 0x0000000088100000| PB 0x0000000088100000| Untracked 
| 104|0x0000000088200000, 0x0000000088200000, 0x0000000088300000|  0%| F|  |TAMS 0x0000000088200000| PB 0x0000000088200000| Untracked 
| 105|0x0000000088300000, 0x0000000088300000, 0x0000000088400000|  0%| F|  |TAMS 0x0000000088300000| PB 0x0000000088300000| Untracked 
| 106|0x0000000088400000, 0x0000000088400000, 0x0000000088500000|  0%| F|  |TAMS 0x0000000088400000| PB 0x0000000088400000| Untracked 
| 107|0x0000000088500000, 0x0000000088500000, 0x0000000088600000|  0%| F|  |TAMS 0x0000000088500000| PB 0x0000000088500000| Untracked 
| 108|0x0000000088600000, 0x0000000088600000, 0x0000000088700000|  0%| F|  |TAMS 0x0000000088600000| PB 0x0000000088600000| Untracked 
| 109|0x0000000088700000, 0x0000000088700000, 0x0000000088800000|  0%| F|  |TAMS 0x0000000088700000| PB 0x0000000088700000| Untracked 
| 110|0x0000000088800000, 0x0000000088800000, 0x0000000088900000|  0%| F|  |TAMS 0x0000000088800000| PB 0x0000000088800000| Untracked 
| 111|0x0000000088900000, 0x0000000088900000, 0x0000000088a00000|  0%| F|  |TAMS 0x0000000088900000| PB 0x0000000088900000| Untracked 
| 112|0x0000000088a00000, 0x0000000088a00000, 0x0000000088b00000|  0%| F|  |TAMS 0x0000000088a00000| PB 0x0000000088a00000| Untracked 
| 113|0x0000000088b00000, 0x0000000088c00000, 0x0000000088c00000|100%| S|CS|TAMS 0x0000000088b00000| PB 0x0000000088b00000| Complete 
| 114|0x0000000088c00000, 0x0000000088d00000, 0x0000000088d00000|100%| S|CS|TAMS 0x0000000088c00000| PB 0x0000000088c00000| Complete 
| 115|0x0000000088d00000, 0x0000000088d00000, 0x0000000088e00000|  0%| F|  |TAMS 0x0000000088d00000| PB 0x0000000088d00000| Untracked 
| 116|0x0000000088e00000, 0x0000000088e00000, 0x0000000088f00000|  0%| F|  |TAMS 0x0000000088e00000| PB 0x0000000088e00000| Untracked 
| 117|0x0000000088f00000, 0x0000000088f00000, 0x0000000089000000|  0%| F|  |TAMS 0x0000000088f00000| PB 0x0000000088f00000| Untracked 
| 118|0x0000000089000000, 0x0000000089000000, 0x0000000089100000|  0%| F|  |TAMS 0x0000000089000000| PB 0x0000000089000000| Untracked 
| 119|0x0000000089100000, 0x0000000089100000, 0x0000000089200000|  0%| F|  |TAMS 0x0000000089100000| PB 0x0000000089100000| Untracked 
| 120|0x0000000089200000, 0x0000000089200000, 0x0000000089300000|  0%| F|  |TAMS 0x0000000089200000| PB 0x0000000089200000| Untracked 
| 121|0x0000000089300000, 0x0000000089300000, 0x0000000089400000|  0%| F|  |TAMS 0x0000000089300000| PB 0x0000000089300000| Untracked 
| 122|0x0000000089400000, 0x0000000089400000, 0x0000000089500000|  0%| F|  |TAMS 0x0000000089400000| PB 0x0000000089400000| Untracked 
| 123|0x0000000089500000, 0x0000000089500000, 0x0000000089600000|  0%| F|  |TAMS 0x0000000089500000| PB 0x0000000089500000| Untracked 
| 124|0x0000000089600000, 0x0000000089600000, 0x0000000089700000|  0%| F|  |TAMS 0x0000000089600000| PB 0x0000000089600000| Untracked 
| 125|0x0000000089700000, 0x00000000897c6190, 0x0000000089800000| 77%| E|  |TAMS 0x0000000089700000| PB 0x0000000089700000| Complete 
| 126|0x0000000089800000, 0x0000000089900000, 0x0000000089900000|100%| E|CS|TAMS 0x0000000089800000| PB 0x0000000089800000| Complete 
| 127|0x0000000089900000, 0x0000000089a00000, 0x0000000089a00000|100%| E|CS|TAMS 0x0000000089900000| PB 0x0000000089900000| Complete 

Card table byte_map: [0x00000206f7050000,0x00000206f7450000] _byte_map_base: 0x00000206f6c43000

Marking Bits: (CMBitMap*) 0x00000206df82f570
 Bits: [0x00000206f7450000, 0x00000206f93e8000)

Polling page: 0x00000206defb0000

Metaspace:

Usage:
  Non-class:      5.93 MB used.
      Class:    691.88 KB used.
       Both:      6.61 MB used.

Virtual space:
  Non-class space:       64.00 MB reserved,       6.00 MB (  9%) committed,  1 nodes.
      Class space:        1.00 GB reserved,     832.00 KB ( <1%) committed,  1 nodes.
             Both:        1.06 GB reserved,       6.81 MB ( <1%) committed. 

Chunk freelists:
   Non-Class:  10.01 MB
       Class:  15.23 MB
        Both:  25.24 MB

MaxMetaspaceSize: unlimited
CompressedClassSpaceSize: 1.00 GB
Initial GC threshold: 21.00 MB
Current GC threshold: 21.00 MB
CDS: on
 - commit_granule_bytes: 65536.
 - commit_granule_words: 8192.
 - virtual_space_node_default_size: 8388608.
 - enlarge_chunks_in_place: 1.
 - use_allocation_guard: 0.


Internal statistics:

num_allocs_failed_limit: 0.
num_arena_births: 152.
num_arena_deaths: 0.
num_vsnodes_births: 2.
num_vsnodes_deaths: 0.
num_space_committed: 109.
num_space_uncommitted: 0.
num_chunks_returned_to_freelist: 0.
num_chunks_taken_from_freelist: 186.
num_chunk_merges: 0.
num_chunk_splits: 111.
num_chunks_enlarged: 44.
num_inconsistent_stats: 0.

CodeHeap 'non-profiled nmethods': size=120000Kb used=358Kb max_used=358Kb free=119642Kb
 bounds [0x00000206ef720000, 0x00000206ef990000, 0x00000206f6c50000]
CodeHeap 'profiled nmethods': size=120000Kb used=1760Kb max_used=1760Kb free=118239Kb
 bounds [0x00000206e7c50000, 0x00000206e7ec0000, 0x00000206ef180000]
CodeHeap 'non-nmethods': size=5760Kb used=1510Kb max_used=1554Kb free=4249Kb
 bounds [0x00000206ef180000, 0x00000206ef3f0000, 0x00000206ef720000]
 total_blobs=1712 nmethods=1126 adapters=491
 compilation: enabled
              stopped_count=0, restarted_count=0
 full_count=0

Compilation events (20 events):
Event: 8350.194 Thread 0x00000206fb8d3380 1117       3       jdk.internal.org.objectweb.asm.MethodVisitor::<init> (7 bytes)
Event: 8350.195 Thread 0x00000206fb8d3380 nmethod 1117 0x00000206e7e03490 code [0x00000206e7e03640, 0x00000206e7e03788]
Event: 8350.195 Thread 0x00000206fb8d3380 1118       3       jdk.internal.org.objectweb.asm.MethodWriter::visitMaxs (60 bytes)
Event: 8350.195 Thread 0x00000206fb8d3380 nmethod 1118 0x00000206e7e03810 code [0x00000206e7e039e0, 0x00000206e7e03ca8]
Event: 8350.195 Thread 0x00000206fb8d3380 1119       3       jdk.internal.org.objectweb.asm.MethodWriter::visitEnd (1 bytes)
Event: 8350.195 Thread 0x00000206fb8d3380 nmethod 1119 0x00000206e7e03d90 code [0x00000206e7e03f20, 0x00000206e7e04028]
Event: 8350.195 Thread 0x00000206fb8d3380 1120       3       jdk.internal.org.objectweb.asm.MethodWriter::computeMethodInfoSize (571 bytes)
Event: 8350.204 Thread 0x00000206fb8d3380 nmethod 1120 0x00000206e7e04090 code [0x00000206e7e043c0, 0x00000206e7e05288]
Event: 8350.216 Thread 0x00000206fb8d3380 1121       3       java.lang.StringConcatHelper::newString (67 bytes)
Event: 8350.217 Thread 0x00000206fb8df4c0 1122       4       java.util.HashMap::keysToArray (81 bytes)
Event: 8350.220 Thread 0x00000206fb8d3380 nmethod 1121 0x00000206e7e05910 code [0x00000206e7e05b80, 0x00000206e7e06540]
Event: 8350.228 Thread 0x00000206fb8df4c0 nmethod 1122 0x00000206ef778b90 code [0x00000206ef778d40, 0x00000206ef779070]
Event: 8350.237 Thread 0x00000206fb8d3380 1123       3       java.beans.PropertyChangeSupport::firePropertyChange (35 bytes)
Event: 8350.240 Thread 0x00000206fb8df4c0 1124       4       jdk.internal.logger.SurrogateLogger::defaultPlatformLevel (4 bytes)
Event: 8350.240 Thread 0x00000206fb8d3380 nmethod 1123 0x00000206e7e06910 code [0x00000206e7e06b20, 0x00000206e7e072b0]
Event: 8350.241 Thread 0x00000206fb8d3380 1125   !   3       java.awt.Toolkit::setDesktopProperty (81 bytes)
Event: 8350.242 Thread 0x00000206fb8df4c0 nmethod 1124 0x00000206ef779210 code [0x00000206ef7793a0, 0x00000206ef779430]
Event: 8350.242 Thread 0x00000206fb8d3380 nmethod 1125 0x00000206e7e07510 code [0x00000206e7e07740, 0x00000206e7e07f90]
Event: 8350.243 Thread 0x00000206fb8d3380 1126       1       java.awt.Color::getRGB (5 bytes)
Event: 8350.243 Thread 0x00000206fb8d3380 nmethod 1126 0x00000206ef779510 code [0x00000206ef7796a0, 0x00000206ef779768]

GC Heap History (2 events):
Event: 0.903 GC heap before
{Heap before GC invocations=0 (full 0):
 garbage-first heap   total 131072K, used 22528K [0x0000000081a00000, 0x0000000100000000)
  region size 1024K, 13 young (13312K), 0 survivors (0K)
 Metaspace       used 6309K, committed 6528K, reserved 1114112K
  class space    used 648K, committed 768K, reserved 1048576K
}
Event: 0.909 GC heap after
{Heap after GC invocations=1 (full 0):
 garbage-first heap   total 131072K, used 11910K [0x0000000081a00000, 0x0000000100000000)
  region size 1024K, 2 young (2048K), 2 survivors (2048K)
 Metaspace       used 6309K, committed 6528K, reserved 1114112K
  class space    used 648K, committed 768K, reserved 1048576K
}

Dll operation events (8 events):
Event: 0.010 Loaded shared library C:\Program Files\Java\jdk-21\bin\java.dll
Event: 0.052 Loaded shared library C:\Program Files\Java\jdk-21\bin\jsvml.dll
Event: 0.093 Loaded shared library C:\Program Files\Java\jdk-21\bin\net.dll
Event: 0.095 Loaded shared library C:\Program Files\Java\jdk-21\bin\nio.dll
Event: 0.130 Loaded shared library C:\Program Files\Java\jdk-21\bin\jimage.dll
Event: 0.155 Loaded shared library C:\Program Files\Java\jdk-21\bin\awt.dll
Event: 0.375 Loaded shared library C:\Program Files\Java\jdk-21\bin\freetype.dll
Event: 0.376 Loaded shared library C:\Program Files\Java\jdk-21\bin\fontmanager.dll

Deoptimization events (20 events):
Event: 0.864 Thread 0x00000206c5469cd0 DEOPT UNPACKING pc=0x00000206ef1d4e42 sp=0x000000947a1fc0b8 mode 0
Event: 0.946 Thread 0x00000206c5469cd0 Uncommon trap: trap_request=0xffffffde fr.pc=0x00000206ef75512c relative=0x00000000000002cc
Event: 0.946 Thread 0x00000206c5469cd0 Uncommon trap: reason=class_check action=maybe_recompile pc=0x00000206ef75512c method=java.util.HashMap.getNode(Ljava/lang/Object;)Ljava/util/HashMap$Node; @ 63 c2
Event: 0.946 Thread 0x00000206c5469cd0 DEOPT PACKING pc=0x00000206ef75512c sp=0x000000947a1fd810
Event: 0.946 Thread 0x00000206c5469cd0 DEOPT UNPACKING pc=0x00000206ef1d46a2 sp=0x000000947a1fd778 mode 2
Event: 0.947 Thread 0x00000206c5469cd0 Uncommon trap: trap_request=0xffffffde fr.pc=0x00000206ef75512c relative=0x00000000000002cc
Event: 0.947 Thread 0x00000206c5469cd0 Uncommon trap: reason=class_check action=maybe_recompile pc=0x00000206ef75512c method=java.util.HashMap.getNode(Ljava/lang/Object;)Ljava/util/HashMap$Node; @ 63 c2
Event: 0.947 Thread 0x00000206c5469cd0 DEOPT PACKING pc=0x00000206ef75512c sp=0x000000947a1fd810
Event: 0.947 Thread 0x00000206c5469cd0 DEOPT UNPACKING pc=0x00000206ef1d46a2 sp=0x000000947a1fd778 mode 2
Event: 0.949 Thread 0x00000206c5469cd0 Uncommon trap: trap_request=0xffffffde fr.pc=0x00000206ef75512c relative=0x00000000000002cc
Event: 0.949 Thread 0x00000206c5469cd0 Uncommon trap: reason=class_check action=maybe_recompile pc=0x00000206ef75512c method=java.util.HashMap.getNode(Ljava/lang/Object;)Ljava/util/HashMap$Node; @ 63 c2
Event: 0.949 Thread 0x00000206c5469cd0 DEOPT PACKING pc=0x00000206ef75512c sp=0x000000947a1fd810
Event: 0.949 Thread 0x00000206c5469cd0 DEOPT UNPACKING pc=0x00000206ef1d46a2 sp=0x000000947a1fd778 mode 2
Event: 0.952 Thread 0x00000206c5469cd0 Uncommon trap: trap_request=0xffffffde fr.pc=0x00000206ef75512c relative=0x00000000000002cc
Event: 0.952 Thread 0x00000206c5469cd0 Uncommon trap: reason=class_check action=maybe_recompile pc=0x00000206ef75512c method=java.util.HashMap.getNode(Ljava/lang/Object;)Ljava/util/HashMap$Node; @ 63 c2
Event: 0.952 Thread 0x00000206c5469cd0 DEOPT PACKING pc=0x00000206ef75512c sp=0x000000947a1fd810
Event: 0.952 Thread 0x00000206c5469cd0 DEOPT UNPACKING pc=0x00000206ef1d46a2 sp=0x000000947a1fd778 mode 2
Event: 8352.782 Thread 0x00000206c540eaa0 Uncommon trap: trap_request=0xffffffbe fr.pc=0x00000206ef778ffc relative=0x00000000000002bc
Event: 8352.782 Thread 0x00000206c540eaa0 Uncommon trap: reason=profile_predicate action=maybe_recompile pc=0x00000206ef778ffc method=java.util.HashMap.keysToArray([Ljava/lang/Object;)[Ljava/lang/Object; @ 36 c2
Event: 8352.782 Thread 0x00000206c540eaa0 DEOPT PACKING pc=0x00000206ef778ffc sp=0x000000947a0fe2b0

Classes loaded (20 events):
Event: 0.989 Loading class sun/awt/im/CompositionAreaHandler
Event: 0.989 Loading class java/awt/event/InputMethodListener
Event: 0.989 Loading class java/awt/event/InputMethodListener done
Event: 0.989 Loading class sun/awt/im/CompositionAreaHandler done
Event: 0.990 Loading class java/text/AttributedString
Event: 0.990 Loading class java/text/AttributedString done
Event: 0.990 Loading class java/text/AttributedString$AttributedStringIterator
Event: 0.990 Loading class java/text/AttributedCharacterIterator
Event: 0.990 Loading class java/text/CharacterIterator
Event: 0.990 Loading class java/text/CharacterIterator done
Event: 0.990 Loading class java/text/AttributedCharacterIterator done
Event: 0.990 Loading class java/text/AttributedString$AttributedStringIterator done
Event: 4.904 Loading class java/awt/KeyboardFocusManager$2
Event: 4.904 Loading class java/awt/KeyboardFocusManager$2 done
Event: 4.905 Loading class sun/awt/SunToolkit$1
Event: 4.905 Loading class sun/awt/SunToolkit$1 done
Event: 645.591 Loading class java/awt/desktop/SystemSleepListener
Event: 645.591 Loading class java/awt/desktop/SystemEventListener
Event: 645.591 Loading class java/awt/desktop/SystemEventListener done
Event: 645.592 Loading class java/awt/desktop/SystemSleepListener done

Classes unloaded (0 events):
No events

Classes redefined (0 events):
No events

Internal exceptions (14 events):
Event: 0.097 Thread 0x00000206dd61a960 Exception <a 'sun/nio/fs/WindowsException'{0x000000008983eff0}> (0x000000008983eff0) 
thrown [s\open\src\hotspot\share\prims\jni.cpp, line 520]
Event: 0.099 Thread 0x00000206dd61a960 Exception <a 'sun/nio/fs/WindowsException'{0x0000000089841500}> (0x0000000089841500) 
thrown [s\open\src\hotspot\share\prims\jni.cpp, line 520]
Event: 0.099 Thread 0x00000206dd61a960 Exception <a 'sun/nio/fs/WindowsException'{0x0000000089842000}> (0x0000000089842000) 
thrown [s\open\src\hotspot\share\prims\jni.cpp, line 520]
Event: 0.140 Thread 0x00000206dd61a960 Exception <a 'java/lang/ClassNotFoundException'{0x00000000897252c0}: sun/awt/resources/spi/awtProvider> (0x00000000897252c0) 
thrown [s\open\src\hotspot\share\classfile\systemDictionary.cpp, line 312]
Event: 0.174 Thread 0x00000206dd61a960 Exception <a 'java/io/FileNotFoundException'{0x000000008977a590}> (0x000000008977a590) 
thrown [s\open\src\hotspot\share\prims\jni.cpp, line 520]
Event: 0.185 Thread 0x00000206dd61a960 Exception <a 'java/io/FileNotFoundException'{0x00000000897a4828}> (0x00000000897a4828) 
thrown [s\open\src\hotspot\share\prims\jni.cpp, line 520]
Event: 0.274 Thread 0x00000206dd61a960 Exception <a 'java/lang/NoSuchMethodError'{0x000000008963a708}: 'void java.lang.invoke.DirectMethodHandle$Holder.invokeSpecial(java.lang.Object, java.lang.Object, java.lang.Object)'> (0x000000008963a708) 
thrown [s\open\src\hotspot\share\interpreter\linkResolver.cpp, line 773]
Event: 0.282 Thread 0x00000206dd61a960 Exception <a 'java/lang/NoSuchMethodError'{0x000000008951da40}: 'java.lang.Object java.lang.invoke.DirectMethodHandle$Holder.newInvokeSpecial(java.lang.Object, java.lang.Object, java.lang.Object, java.lang.Object, java.lang.Object)'> (0x000000008951da40) 
thrown [s\open\src\hotspot\share\interpreter\linkResolver.cpp, line 773]
Event: 0.289 Thread 0x00000206dd61a960 Exception <a 'java/lang/NoSuchMethodError'{0x0000000089549818}: 'java.lang.Object java.lang.invoke.DirectMethodHandle$Holder.invokeStatic(java.lang.Object, int, java.lang.Object)'> (0x0000000089549818) 
thrown [s\open\src\hotspot\share\interpreter\linkResolver.cpp, line 773]
Event: 0.313 Thread 0x00000206dd61a960 Exception <a 'java/lang/ClassNotFoundException'{0x00000000895e9198}: com/sun/swing/internal/plaf/metal/resources/spi/metalProvider> (0x00000000895e9198) 
thrown [s\open\src\hotspot\share\classfile\systemDictionary.cpp, line 312]
Event: 0.315 Thread 0x00000206dd61a960 Exception <a 'java/lang/ClassNotFoundException'{0x00000000895ed0a8}: com/sun/swing/internal/plaf/basic/resources/spi/basicProvider> (0x00000000895ed0a8) 
thrown [s\open\src\hotspot\share\classfile\systemDictionary.cpp, line 312]
Event: 0.326 Thread 0x00000206dd61a960 Exception <a 'java/lang/NoSuchMethodError'{0x000000008940c730}: 'int java.lang.invoke.Invokers$Holder.invokeExact_MT(java.lang.Object, java.lang.Object)'> (0x000000008940c730) 
thrown [s\open\src\hotspot\share\interpreter\linkResolver.cpp, line 773]
Event: 0.348 Thread 0x00000206c540eaa0 Exception <a 'java/lang/NoSuchMethodError'{0x0000000089694520}: 'void java.lang.invoke.DirectMethodHandle$Holder.invokeVirtual(java.lang.Object, java.lang.Object)'> (0x0000000089694520) 
thrown [s\open\src\hotspot\share\interpreter\linkResolver.cpp, line 773]
Event: 0.370 Thread 0x00000206dd61a960 Exception <a 'java/lang/NoSuchMethodError'{0x0000000089490750}: 'void java.lang.invoke.DirectMethodHandle$Holder.invokeStaticInit(java.lang.Object)'> (0x0000000089490750) 
thrown [s\open\src\hotspot\share\interpreter\linkResolver.cpp, line 773]

ZGC Phase Switch (0 events):
No events

VM Operations (20 events):
Event: 0.356 Executing VM operation: HandshakeAllThreads (Deoptimize)
Event: 0.356 Executing VM operation: HandshakeAllThreads (Deoptimize) done
Event: 0.903 Executing VM operation: G1CollectForAllocation (G1 Evacuation Pause)
Event: 0.909 Executing VM operation: G1CollectForAllocation (G1 Evacuation Pause) done
Event: 0.934 Executing VM operation: HandshakeAllThreads (Deoptimize)
Event: 0.934 Executing VM operation: HandshakeAllThreads (Deoptimize) done
Event: 0.935 Executing VM operation: HandshakeAllThreads (Deoptimize)
Event: 0.935 Executing VM operation: HandshakeAllThreads (Deoptimize) done
Event: 1.933 Executing VM operation: Cleanup
Event: 1.934 Executing VM operation: Cleanup done
Event: 2.940 Executing VM operation: Cleanup
Event: 2.940 Executing VM operation: Cleanup done
Event: 3.943 Executing VM operation: Cleanup
Event: 3.943 Executing VM operation: Cleanup done
Event: 60.191 Executing VM operation: HandshakeAllThreads (HandshakeForDeflation)
Event: 60.191 Executing VM operation: HandshakeAllThreads (HandshakeForDeflation) done
Event: 60.191 Executing VM operation: RendezvousGCThreads
Event: 60.191 Executing VM operation: RendezvousGCThreads done
Event: 8350.305 Executing VM operation: Cleanup
Event: 8350.306 Executing VM operation: Cleanup done

Events (20 events):
Event: 0.050 Thread 0x00000206fb8be0b0 Thread added: 0x00000206fb8be0b0
Event: 0.050 Thread 0x00000206fb8bef20 Thread added: 0x00000206fb8bef20
Event: 0.050 Thread 0x00000206fb8c4ef0 Thread added: 0x00000206fb8c4ef0
Event: 0.050 Thread 0x00000206fb8c5950 Thread added: 0x00000206fb8c5950
Event: 0.050 Thread 0x00000206fb8c73c0 Thread added: 0x00000206fb8c73c0
Event: 0.050 Thread 0x00000206fb8c7e20 Thread added: 0x00000206fb8c7e20
Event: 0.051 Thread 0x00000206fb8df4c0 Thread added: 0x00000206fb8df4c0
Event: 0.051 Thread 0x00000206fb8d3380 Thread added: 0x00000206fb8d3380
Event: 0.081 Thread 0x00000206c51e49b0 Thread added: 0x00000206c51e49b0
Event: 0.115 Thread 0x00000206c52870f0 Thread added: 0x00000206c52870f0
Event: 0.238 Thread 0x00000206c54075e0 Thread added: 0x00000206c54075e0
Event: 0.240 Thread 0x00000206c540b340 Thread added: 0x00000206c540b340
Event: 0.241 Thread 0x00000206c540eaa0 Thread added: 0x00000206c540eaa0
Event: 0.347 Thread 0x00000206c5469cd0 Thread added: 0x00000206c5469cd0
Event: 0.415 Thread 0x00000206c7028350 Thread added: 0x00000206c7028350
Event: 0.459 Thread 0x00000206dd61a960 Thread exited: 0x00000206dd61a960
Event: 0.459 Thread 0x00000206dd61a960 Thread added: 0x00000206dd61a960
Event: 0.689 Thread 0x00000206c7028350 Thread exited: 0x00000206c7028350
Event: 0.878 Thread 0x00000206c54c4710 Thread added: 0x00000206c54c4710
Event: 2.069 Thread 0x00000206c54c4710 Thread exited: 0x00000206c54c4710


Dynamic libraries:
0x00007ff653850000 - 0x00007ff653860000 	C:\Program Files\Java\jdk-21\bin\java.exe
0x00007ffe427f0000 - 0x00007ffe429e8000 	C:\Windows\SYSTEM32\ntdll.dll
0x00007ffe408c0000 - 0x00007ffe40981000 	C:\Windows\System32\KERNEL32.DLL
0x00007ffe402f0000 - 0x00007ffe405e6000 	C:\Windows\System32\KERNELBASE.dll
0x00007ffe40000000 - 0x00007ffe40100000 	C:\Windows\System32\ucrtbase.dll
0x00007ffe04250000 - 0x00007ffe0426b000 	C:\Program Files\Java\jdk-21\bin\VCRUNTIME140.dll
0x00007ffe3c430000 - 0x00007ffe3c449000 	C:\Program Files\Java\jdk-21\bin\jli.dll
0x00007ffe41430000 - 0x00007ffe414e0000 	C:\Windows\System32\ADVAPI32.dll
0x00007ffe40cf0000 - 0x00007ffe40d8e000 	C:\Windows\System32\msvcrt.dll
0x00007ffe40820000 - 0x00007ffe408c0000 	C:\Windows\System32\sechost.dll
0x00007ffe410a0000 - 0x00007ffe411c3000 	C:\Windows\System32\RPCRT4.dll
0x00007ffe40170000 - 0x00007ffe40197000 	C:\Windows\System32\bcrypt.dll
0x00007ffe411d0000 - 0x00007ffe4136f000 	C:\Windows\System32\USER32.dll
0x00007ffe401a0000 - 0x00007ffe401c2000 	C:\Windows\System32\win32u.dll
0x00007ffe42650000 - 0x00007ffe4267b000 	C:\Windows\System32\GDI32.dll
0x00007ffe2d290000 - 0x00007ffe2d52a000 	C:\Windows\WinSxS\amd64_microsoft.windows.common-controls_6595b64144ccf1df_6.0.19041.4355_none_60b8b9eb71f62e16\COMCTL32.dll
0x00007ffe401d0000 - 0x00007ffe402e7000 	C:\Windows\System32\gdi32full.dll
0x00007ffe40730000 - 0x00007ffe407cd000 	C:\Windows\System32\msvcp_win.dll
0x00007ffe359c0000 - 0x00007ffe359ca000 	C:\Windows\SYSTEM32\VERSION.dll
0x00007ffe41a70000 - 0x00007ffe41a9f000 	C:\Windows\System32\IMM32.DLL
0x00007ffe04240000 - 0x00007ffe0424c000 	C:\Program Files\Java\jdk-21\bin\vcruntime140_1.dll
0x00007ffe03e60000 - 0x00007ffe03eee000 	C:\Program Files\Java\jdk-21\bin\msvcp140.dll
0x00007ffe04270000 - 0x00007ffe04f87000 	C:\Program Files\Java\jdk-21\bin\server\jvm.dll
0x00007ffe41bd0000 - 0x00007ffe41c3b000 	C:\Windows\System32\WS2_32.dll
0x00007ffe2c510000 - 0x00007ffe2c537000 	C:\Windows\SYSTEM32\WINMM.dll
0x00007ffe3fc40000 - 0x00007ffe3fc8b000 	C:\Windows\SYSTEM32\POWRPROF.dll
0x00007ffe3fc20000 - 0x00007ffe3fc32000 	C:\Windows\SYSTEM32\UMPDC.dll
0x00007ffe3ea20000 - 0x00007ffe3ea32000 	C:\Windows\SYSTEM32\kernel.appcore.dll
0x00007ffe041d0000 - 0x00007ffe041da000 	C:\Program Files\Java\jdk-21\bin\jimage.dll
0x00007ffe3e3c0000 - 0x00007ffe3e5a4000 	C:\Windows\SYSTEM32\DBGHELP.DLL
0x00007ffe261a0000 - 0x00007ffe261d4000 	C:\Windows\SYSTEM32\dbgcore.DLL
0x00007ffe406a0000 - 0x00007ffe40722000 	C:\Windows\System32\bcryptPrimitives.dll
0x00007ffe041e0000 - 0x00007ffe041ff000 	C:\Program Files\Java\jdk-21\bin\java.dll
0x00007ffe41c40000 - 0x00007ffe423ac000 	C:\Windows\System32\SHELL32.dll
0x00007ffe3db50000 - 0x00007ffe3e2ee000 	C:\Windows\SYSTEM32\windows.storage.dll
0x00007ffe40990000 - 0x00007ffe40ce3000 	C:\Windows\System32\combase.dll
0x00007ffe3f7f0000 - 0x00007ffe3f81e000 	C:\Windows\SYSTEM32\Wldp.dll
0x00007ffe426e0000 - 0x00007ffe427ad000 	C:\Windows\System32\OLEAUT32.dll
0x00007ffe41aa0000 - 0x00007ffe41b4d000 	C:\Windows\System32\SHCORE.dll
0x00007ffe40e90000 - 0x00007ffe40ee5000 	C:\Windows\System32\shlwapi.dll
0x00007ffe3fdd0000 - 0x00007ffe3fdf4000 	C:\Windows\SYSTEM32\profapi.dll
0x00007ffe040f0000 - 0x00007ffe041c7000 	C:\Program Files\Java\jdk-21\bin\jsvml.dll
0x00007ffe040e0000 - 0x00007ffe040f0000 	C:\Program Files\Java\jdk-21\bin\net.dll
0x00007ffe36800000 - 0x00007ffe3690a000 	C:\Windows\SYSTEM32\WINHTTP.dll
0x00007ffe3f550000 - 0x00007ffe3f5ba000 	C:\Windows\system32\mswsock.dll
0x00007ffe040c0000 - 0x00007ffe040d6000 	C:\Program Files\Java\jdk-21\bin\nio.dll
0x00007ffe03ef0000 - 0x00007ffe0407f000 	C:\Program Files\Java\jdk-21\bin\awt.dll
0x00007ffe3c1d0000 - 0x00007ffe3c264000 	C:\Windows\SYSTEM32\apphelp.dll
0x00007ffe3d680000 - 0x00007ffe3d6af000 	C:\Windows\system32\DWMAPI.DLL
0x00007ffe3d470000 - 0x00007ffe3d50e000 	C:\Windows\system32\uxtheme.dll
0x00007ffe1d0a0000 - 0x00007ffe1d1c8000 	C:\Windows\system32\opengl32.dll
0x00007ffe1d030000 - 0x00007ffe1d05c000 	C:\Windows\SYSTEM32\GLU32.dll
0x00007ffe41950000 - 0x00007ffe41a64000 	C:\Windows\System32\MSCTF.dll
0x00007ffe424f0000 - 0x00007ffe4261b000 	C:\Windows\System32\ole32.dll
0x00007ffe03dd0000 - 0x00007ffe03e57000 	C:\Program Files\Java\jdk-21\bin\freetype.dll
0x00007ffe03ce0000 - 0x00007ffe03dc2000 	C:\Program Files\Java\jdk-21\bin\fontmanager.dll
0x00007ffe35780000 - 0x00007ffe35879000 	C:\Windows\SYSTEM32\textinputframework.dll
0x00007ffe3b1b0000 - 0x00007ffe3b50b000 	C:\Windows\System32\CoreUIComponents.dll
0x00007ffe3b510000 - 0x00007ffe3b602000 	C:\Windows\System32\CoreMessaging.dll
0x00007ffe3ef90000 - 0x00007ffe3efc3000 	C:\Windows\SYSTEM32\ntmarta.dll
0x00007ffe3c270000 - 0x00007ffe3c3c7000 	C:\Windows\SYSTEM32\wintypes.dll
0x00007ffe22180000 - 0x00007ffe221e6000 	C:\Windows\system32\Oleacc.dll
0x00007ffe41380000 - 0x00007ffe41429000 	C:\Windows\System32\clbcatq.dll

dbghelp: loaded successfully - version: 4.0.5 - missing functions: none
symbol engine: initialized successfully - sym options: 0x614 - pdb path: .;C:\Program Files\Java\jdk-21\bin;C:\Windows\SYSTEM32;C:\Windows\WinSxS\amd64_microsoft.windows.common-controls_6595b64144ccf1df_6.0.19041.4355_none_60b8b9eb71f62e16;C:\Program Files\Java\jdk-21\bin\server

VM Arguments:
jvm_args: -Dfile.encoding=UTF-8 --module-path=C:\Users\DELL\Documents\NetBeansProjects\bank management system\build\classes 
java_command: bank.management.system.SignUpOne
java_class_path (initial): C:\Users\DELL\Documents\NetBeansProjects\bank management system\build\classes
Launcher Type: SUN_STANDARD

[Global flags]
     intx CICompilerCount                          = 3                                         {product} {ergonomic}
     uint ConcGCThreads                            = 1                                         {product} {ergonomic}
     uint G1ConcRefinementThreads                  = 4                                         {product} {ergonomic}
   size_t G1HeapRegionSize                         = 1048576                                   {product} {ergonomic}
    uintx GCDrainStackTargetSize                   = 64                                        {product} {ergonomic}
   size_t InitialHeapSize                          = 134217728                                 {product} {ergonomic}
   size_t MarkStackSize                            = 4194304                                   {product} {ergonomic}
   size_t MaxHeapSize                              = 2120220672                                {product} {ergonomic}
   size_t MaxNewSize                               = 1271922688                                {product} {ergonomic}
   size_t MinHeapDeltaBytes                        = 1048576                                   {product} {ergonomic}
   size_t MinHeapSize                              = 8388608                                   {product} {ergonomic}
    uintx NonNMethodCodeHeapSize                   = 5832780                                {pd product} {ergonomic}
    uintx NonProfiledCodeHeapSize                  = 122912730                              {pd product} {ergonomic}
    uintx ProfiledCodeHeapSize                     = 122912730                              {pd product} {ergonomic}
    uintx ReservedCodeCacheSize                    = 251658240                              {pd product} {ergonomic}
     bool SegmentedCodeCache                       = true                                      {product} {ergonomic}
   size_t SoftMaxHeapSize                          = 2120220672                             {manageable} {ergonomic}
     bool UseCompressedOops                        = true                           {product lp64_product} {ergonomic}
     bool UseG1GC                                  = true                                      {product} {ergonomic}
     bool UseLargePagesIndividualAllocation        = false                                  {pd product} {ergonomic}

Logging:
Log output configuration:
 #0: stdout all=warning uptime,level,tags foldmultilines=false
 #1: stderr all=off uptime,level,tags foldmultilines=false

Environment Variables:
JAVA_HOME=C:\Users\DELL\AppData\Local\Programs\Eclipse Adoptium\jdk-17.0.7.7-hotspot\
PATH=C:\Program Files\Common Files\Oracle\Java\javapath;C:\Windows\system32;C:\Windows;C:\Windows\System32\Wbem;C:\Windows\System32\WindowsPowerShell\v1.0\;C:\Windows\System32\OpenSSH\;C:\MinGW\bin;C:\Program Files\Java\jdk-20\bin;C:\Program Files\MySQL\MySQL Server 8.0\bin;C:\Program Files\Java\jdk-21\bin;C:\Program Files\Git\cmd;C:\Program Files\Git\mingw64\bin;C:\Program Files\Git\usr\bin;C:\Program Files\MySQL\MySQL Shell 8.0\bin\;C:\Users\DELL\AppData\Local\Programs\Eclipse Adoptium\jdk-17.0.7.7-hotspot\bin;C:\Users\DELL\AppData\Local\Microsoft\WindowsApps;;C:\Users\DELL\AppData\Local\Programs\Microsoft VS Code\bin;C:\Program Files\JetBrains\IntelliJ IDEA Community Edition 2023.1.2\java1\IntelliJ IDEA Community Edition 2023.1.2\bin;
USERNAME=DELL
OS=Windows_NT
PROCESSOR_IDENTIFIER=Intel64 Family 6 Model 78 Stepping 3, GenuineIntel
TMP=C:\Users\DELL\AppData\Local\Temp
TEMP=C:\Users\DELL\AppData\Local\Temp




Periodic native trim disabled

---------------  S Y S T E M  ---------------

OS:
 Windows 10 , 64 bit Build 19041 (10.0.19041.4597)
OS uptime: 0 days 3:44 hours

CPU: total 4 (initial active 4) (2 cores per cpu, 2 threads per core) family 6 model 78 stepping 3 microcode 0xcc, cx8, cmov, fxsr, ht, mmx, 3dnowpref, sse, sse2, sse3, ssse3, sse4.1, sse4.2, popcnt, lzcnt, tsc, tscinvbit, avx, avx2, aes, erms, clmul, bmi1, bmi2, rtm, adx, fma, vzeroupper, clflush, clflushopt, rdtscp, f16c
Processor Information for all 4 processors :
  Max Mhz: 2501, Current Mhz: 2501, Mhz Limit: 2501

Memory: 4k page, system-wide physical 8083M (958M free)
TotalPageFile size 20505M (AvailPageFile size 1742M)
current process WorkingSet (physical memory assigned to process): 42M, peak: 86M
current process commit charge ("private bytes"): 211M, peak: 221M

vm_info: Java HotSpot(TM) 64-Bit Server VM (21.0.2+13-LTS-58) for windows-amd64 JRE (21.0.2+13-LTS-58), built on 2024-01-05T18:32:24Z by "mach5one" with MS VC++ 17.1 (VS2022)

END.
