#
# A fatal error has been detected by the Java Runtime Environment:
#
#  EXCEPTION_ACCESS_VIOLATION (0xc0000005) at pc=0x00007ffe40018a4c, pid=2492, tid=15340
#
# JRE version: Java(TM) SE Runtime Environment (21.0.2+13) (build 21.0.2+13-LTS-58)
# Java VM: Java HotSpot(TM) 64-Bit Server VM (21.0.2+13-LTS-58, mixed mode, sharing, tiered, compressed oops, compressed class ptrs, g1 gc, windows-amd64)
# Problematic frame:
# C  [ucrtbase.dll+0x18a4c]
#
# No core dump will be written. Minidumps are not enabled by default on client versions of Windows
#
# If you would like to submit a bug report, please visit:
#   https://bugreport.java.com/bugreport/crash.jsp
#

---------------  S U M M A R Y ------------

Command Line: -Dfile.encoding=UTF-8 --module-path=C:\Users\DELL\Documents\NetBeansProjects\bank management system\build\classes bank.management.system.SignUpOne

Host: Intel(R) Core(TM) i5-6300U CPU @ 2.40GHz, 4 cores, 7G,  Windows 10 , 64 bit Build 19041 (10.0.19041.4597)
Time: Fri Jul 19 02:22:19 2024 India Standard Time elapsed time: 1272.951655 seconds (0d 0h 21m 12s)

---------------  T H R E A D  ---------------

Current thread (0x000002ae72acdea0):  JavaThread "C2 CompilerThread0" daemon [_thread_in_native, id=15340, stack(0x000000c346b00000,0x000000c346c00000) (1024K)]


Current CompileTask:
C2:1272951 1601       4       java.util.HashMap::keysToArray (81 bytes)

Stack: [0x000000c346b00000,0x000000c346c00000],  sp=0x000000c346bfc510,  free space=1009k
Native frames: (J=compiled Java code, j=interpreted, Vv=VM code, C=native code)
C  [ucrtbase.dll+0x18a4c]
C  [ucrtbase.dll+0x17ea9]
C  [ucrtbase.dll+0x1a3f4]
C  [ucrtbase.dll+0x1a587]
C  [ucrtbase.dll+0x1b216]
C  [ucrtbase.dll+0x1b347]
C  [ucrtbase.dll+0x1b3e4]
C  [awt.dll+0x74ccd]


siginfo: EXCEPTION_ACCESS_VIOLATION (0xc0000005), writing address 0x0000000000000000


Registers:
RAX=0x000002ae5482346a, RBX=0x00007ffe400ef540, RCX=0x0000000000000000, RDX=0x000002ae54823540
RSP=0x000000c346bfc510, RBP=0x000000c346bfc6d0, RSI=0x0000000000000000, RDI=0x0000000000000000
R8 =0x0000000000002282, R9 =0x0000000000000002, R10=0x000002ae54823540, R11=0x00007ffe400f0980
R12=0x000002ae79175598, R13=0x0000000000000007, R14=0x00007ffe400cbc10, R15=0x0000000000000000
RIP=0x00007ffe40018a4c, EFLAGS=0x0000000000010246


Register to memory mapping:

RAX=0x000002ae5482346a points into unknown readable memory: 00 00 00 00 00 00
RBX=0x00007ffe400ef540 ucrtbase.dll
RCX=0x0 is null
RDX=0x000002ae54823540 points into unknown readable memory: 0xffffffffffffffff | ff ff ff ff ff ff ff ff
RSP=0x000000c346bfc510 is pointing into the stack for thread: 0x000002ae72acdea0
RBP=0x000000c346bfc6d0 is pointing into the stack for thread: 0x000002ae72acdea0
RSI=0x0 is null
RDI=0x0 is null
R8 =0x0000000000002282 is an unknown value
R9 =0x0000000000000002 is an unknown value
R10=0x000002ae54823540 points into unknown readable memory: 0xffffffffffffffff | ff ff ff ff ff ff ff ff
R11=0x00007ffe400f0980 ucrtbase.dll
R12=0x000002ae79175598 points into unknown readable memory: 0x00007ffe04c2b0b8 | b8 b0 c2 04 fe 7f 00 00
R13=0x0000000000000007 is an unknown value
R14=0x00007ffe400cbc10 ucrtbase.dll
R15=0x0 is null

Top of Stack: (sp=0x000000c346bfc510)
0x000000c346bfc510:   000002ae661f4e90 0000000000000000
0x000000c346bfc520:   000000c346bfc640 000002ae661f4e90
0x000000c346bfc530:   000000000000006a 00007ffe40017ea9
0x000000c346bfc540:   000002ae661f506a 00007ffe400ef540
0x000000c346bfc550:   000000c346bfcab8 000002ae661f55c6
0x000000c346bfc560:   00000000ffffffff 00007ffe4001a3f4
0x000000c346bfc570:   000000c346bfc650 00007ffe0490fab7
0x000000c346bfc580:   000002ae661f4e90 0000000000000000
0x000000c346bfc590:   000002ae661f4e90 00007ffe4001a587
0x000000c346bfc5a0:   0000000000000000 000002ae661f5040
0x000000c346bfc5b0:   000002ae661f5040 000002ae661f4e90
0x000000c346bfc5c0:   0000000000000010 00007ffe4001b216
0x000000c346bfc5d0:   000000c346bfcb50 000000c346bfcb00
0x000000c346bfc5e0:   00007ffe400ef540 000002ae661f5040
0x000000c346bfc5f0:   000000c346bfc608 000000c346bfc600
0x000000c346bfc600:   000000c346bfcbf0 000000c346bfc630
0x000000c346bfc610:   00007ffe040016e0 0000000000000024
0x000000c346bfc620:   00007ffe400ef540 00002bf8ca406638
0x000000c346bfc630:   00007ffe400ef0b0 000002ae548248f0
0x000000c346bfc640:   000000c346bfd100 000000c346bfd42c
0x000000c346bfc650:   0000000000000024 000000c346bfc630
0x000000c346bfc660:   0000000000000000 00007ffe040016e1
0x000000c346bfc670:   000000c346bfcbf0 0000000000000000
0x000000c346bfc680:   0000000000000000 0000000000000000
0x000000c346bfc690:   0000000000006a00 0000000000000000
0x000000c346bfc6a0:   0000000000000000 000000c346bfc200
0x000000c346bfc6b0:   0000000000000002 000002ae79bcd4b8
0x000000c346bfc6c0:   000050e61b35150f 00007ffe044a2101
0x000000c346bfc6d0:   0000000000000000 000000c346bfc7f8
0x000000c346bfc6e0:   000002ae661f4e90 00007ffe42841b97
0x000000c346bfc6f0:   0000000000000100 000000c30b08f0f3
0x000000c346bfc700:   000002ae72a94d08 00007ffe02000002 

Instructions: (pc=0x00007ffe40018a4c)
0x00007ffe4001894c:   cc cc cc cc 48 63 d2 e9 78 ff ff ff cc cc cc cc
0x00007ffe4001895c:   cc cc cc cc 48 89 5c 24 08 48 89 74 24 10 57 48
0x00007ffe4001896c:   83 ec 20 41 8b d9 49 8b f8 48 8b f2 e8 63 d6 ff
0x00007ffe4001897c:   ff 90 44 8b c3 48 8b d7 48 8b ce e8 64 81 00 00
0x00007ffe4001898c:   8b d8 e8 dd d5 ff ff 8b c3 48 8b 5c 24 30 48 8b
0x00007ffe4001899c:   74 24 38 48 83 c4 20 5f c3 cc cc cc cc cc cc cc
0x00007ffe400189ac:   cc cc cc cc 45 8b c8 4c 8b c2 48 8b d1 e9 a2 ff
0x00007ffe400189bc:   ff ff cc cc cc cc cc cc 48 89 5c 24 10 48 89 74
0x00007ffe400189cc:   24 18 88 4c 24 08 57 48 83 ec 20 48 8b ca 48 8b
0x00007ffe400189dc:   da e8 9e f8 ff ff 8b 4b 14 4c 63 c8 f6 c1 c0 0f
0x00007ffe400189ec:   84 29 b5 03 00 8b 3b 33 f6 48 8b 53 08 2b 7b 08
0x00007ffe400189fc:   48 8d 42 01 48 89 03 8b 43 20 ff c8 89 43 10 85
0x00007ffe40018a0c:   ff 7f 52 41 8d 41 02 83 f8 01 76 58 49 8b c9 48
0x00007ffe40018a1c:   8d 15 5e 7f 0d 00 49 8b c1 48 c1 f8 06 83 e1 3f
0x00007ffe40018a2c:   48 8b 04 c2 48 8d 0c c9 48 8d 14 c8 f6 42 38 20
0x00007ffe40018a3c:   0f 85 b4 b4 03 00 48 8b 4b 08 3b f7 8a 44 24 30
0x00007ffe40018a4c:   88 01 0f 94 c0 48 8b 5c 24 38 48 8b 74 24 40 48
0x00007ffe40018a5c:   83 c4 20 5f c3 44 8b c7 41 8b c9 e8 34 f1 ff ff
0x00007ffe40018a6c:   8b f0 eb d2 48 8d 15 a9 71 0d 00 eb bf cc cc cc
0x00007ffe40018a7c:   cc cc cc cc 48 89 5c 24 20 48 89 4c 24 08 57 48
0x00007ffe40018a8c:   83 ec 30 48 89 64 24 20 48 8b d9 48 85 c9 0f 84
0x00007ffe40018a9c:   96 b4 03 00 48 8d 79 30 48 8b cf ff 15 7b 0b 0a
0x00007ffe40018aac:   00 90 48 89 5c 24 48 48 8d 4c 24 48 e8 db b7 05
0x00007ffe40018abc:   00 0f ba e0 0c 72 6d 48 89 5c 24 50 48 8d 4c 24
0x00007ffe40018acc:   50 e8 2a c9 05 00 8d 48 02 4c 63 c8 4c 8d 15 a1
0x00007ffe40018adc:   7e 0d 00 83 f9 01 76 6e 4d 8b c1 49 c1 f8 06 49
0x00007ffe40018aec:   8b c9 83 e1 3f 48 8d 14 c9 4b 8b 0c c2 4c 8d 04
0x00007ffe40018afc:   d1 48 8d 0d 1c 71 0d 00 41 80 78 39 00 75 53 83
0x00007ffe40018b0c:   c0 02 83 f8 01 76 17 49 8b c1 48 c1 f8 06 41 83
0x00007ffe40018b1c:   e1 3f 4b 8d 0c c9 49 8b 04 c2 48 8d 0c c8 f6 41
0x00007ffe40018b2c:   3d 01 75 2e 83 6b 10 01 78 10 48 8b 03 0f b6 10
0x00007ffe40018b3c:   48 ff c0 48 89 03 8b da eb 3a 48 8b cb e8 f2 f5 


Stack slot to memory mapping:

stack at sp + 0 slots: 0x000002ae661f4e90 is at entry_point+-432 in (nmethod*)0x000002ae661f4e90
Compiled method (c2) 1273081 1513       4       java.lang.AbstractStringBuilder::ensureCapacityInternal (39 bytes)
 total in heap  [0x000002ae661f4e90,0x000002ae661f5738] = 2216
 relocation     [0x000002ae661f4ff0,0x000002ae661f5040] = 80
 main code      [0x000002ae661f5040,0x000002ae661f55a8] = 1384
 stub code      [0x000002ae661f55a8,0x000002ae661f55d0] = 40
 metadata       [0x000002ae661f55d0,0x000002ae661f55e8] = 24
 scopes data    [0x000002ae661f55e8,0x000002ae661f5658] = 112
 scopes pcs     [0x000002ae661f5658,0x000002ae661f56d8] = 128
 dependencies   [0x000002ae661f56d8,0x000002ae661f56e0] = 8
 handler table  [0x000002ae661f56e0,0x000002ae661f5728] = 72
 nul chk table  [0x000002ae661f5728,0x000002ae661f5738] = 16
stack at sp + 1 slots: 0x0 is null
stack at sp + 2 slots: 0x000000c346bfc640 is pointing into the stack for thread: 0x000002ae72acdea0
stack at sp + 3 slots: 0x000002ae661f4e90 is at entry_point+-432 in (nmethod*)0x000002ae661f4e90
Compiled method (c2) 1273081 1513       4       java.lang.AbstractStringBuilder::ensureCapacityInternal (39 bytes)
 total in heap  [0x000002ae661f4e90,0x000002ae661f5738] = 2216
 relocation     [0x000002ae661f4ff0,0x000002ae661f5040] = 80
 main code      [0x000002ae661f5040,0x000002ae661f55a8] = 1384
 stub code      [0x000002ae661f55a8,0x000002ae661f55d0] = 40
 metadata       [0x000002ae661f55d0,0x000002ae661f55e8] = 24
 scopes data    [0x000002ae661f55e8,0x000002ae661f5658] = 112
 scopes pcs     [0x000002ae661f5658,0x000002ae661f56d8] = 128
 dependencies   [0x000002ae661f56d8,0x000002ae661f56e0] = 8
 handler table  [0x000002ae661f56e0,0x000002ae661f5728] = 72
 nul chk table  [0x000002ae661f5728,0x000002ae661f5738] = 16
stack at sp + 4 slots: 0x000000000000006a is an unknown value
stack at sp + 5 slots: 0x00007ffe40017ea9 ucrtbase.dll
stack at sp + 6 slots: 0x000002ae661f506a is at entry_point+42 in (nmethod*)0x000002ae661f4e90
Compiled method (c2) 1273094 1513       4       java.lang.AbstractStringBuilder::ensureCapacityInternal (39 bytes)
 total in heap  [0x000002ae661f4e90,0x000002ae661f5738] = 2216
 relocation     [0x000002ae661f4ff0,0x000002ae661f5040] = 80
 main code      [0x000002ae661f5040,0x000002ae661f55a8] = 1384
 stub code      [0x000002ae661f55a8,0x000002ae661f55d0] = 40
 metadata       [0x000002ae661f55d0,0x000002ae661f55e8] = 24
 scopes data    [0x000002ae661f55e8,0x000002ae661f5658] = 112
 scopes pcs     [0x000002ae661f5658,0x000002ae661f56d8] = 128
 dependencies   [0x000002ae661f56d8,0x000002ae661f56e0] = 8
 handler table  [0x000002ae661f56e0,0x000002ae661f5728] = 72
 nul chk table  [0x000002ae661f5728,0x000002ae661f5738] = 16
stack at sp + 7 slots: 0x00007ffe400ef540 ucrtbase.dll


---------------  P R O C E S S  ---------------

Threads class SMR info:
_java_thread_list=0x000002ae78eb1b70, length=16, elements={
0x000002ae72ab90a0, 0x000002ae72ab9fc0, 0x000002ae72abfce0, 0x000002ae72ac0740,
0x000002ae72ac91b0, 0x000002ae72ac9c10, 0x000002ae72acdea0, 0x000002ae72ad4970,
0x000002ae72a84350, 0x000002ae7714c950, 0x000002ae772d8510, 0x000002ae772dca40,
0x000002ae772e07b0, 0x000002ae78fd7ec0, 0x000002ae5483b030, 0x000002ae79b6b440
}

Java Threads: ( => current thread )
  0x000002ae72ab90a0 JavaThread "Reference Handler"          daemon [_thread_blocked, id=11296, stack(0x000000c346500000,0x000000c346600000) (1024K)]
  0x000002ae72ab9fc0 JavaThread "Finalizer"                  daemon [_thread_blocked, id=16072, stack(0x000000c346600000,0x000000c346700000) (1024K)]
  0x000002ae72abfce0 JavaThread "Signal Dispatcher"          daemon [_thread_blocked, id=15664, stack(0x000000c346700000,0x000000c346800000) (1024K)]
  0x000002ae72ac0740 JavaThread "Attach Listener"            daemon [_thread_blocked, id=18068, stack(0x000000c346800000,0x000000c346900000) (1024K)]
  0x000002ae72ac91b0 JavaThread "Service Thread"             daemon [_thread_blocked, id=13356, stack(0x000000c346900000,0x000000c346a00000) (1024K)]
  0x000002ae72ac9c10 JavaThread "Monitor Deflation Thread"   daemon [_thread_blocked, id=13040, stack(0x000000c346a00000,0x000000c346b00000) (1024K)]
=>0x000002ae72acdea0 JavaThread "C2 CompilerThread0"         daemon [_thread_in_native, id=15340, stack(0x000000c346b00000,0x000000c346c00000) (1024K)]
  0x000002ae72ad4970 JavaThread "C1 CompilerThread0"         daemon [_thread_blocked, id=12380, stack(0x000000c346c00000,0x000000c346d00000) (1024K)]
  0x000002ae72a84350 JavaThread "Common-Cleaner"             daemon [_thread_blocked, id=6448, stack(0x000000c346d00000,0x000000c346e00000) (1024K)]
  0x000002ae7714c950 JavaThread "Notification Thread"        daemon [_thread_blocked, id=2524, stack(0x000000c346e00000,0x000000c346f00000) (1024K)]
  0x000002ae772d8510 JavaThread "Java2D Disposer"            daemon [_thread_blocked, id=10044, stack(0x000000c346f00000,0x000000c347000000) (1024K)]
  0x000002ae772dca40 JavaThread "AWT-Shutdown"                      [_thread_blocked, id=16608, stack(0x000000c347000000,0x000000c347100000) (1024K)]
  0x000002ae772e07b0 JavaThread "AWT-Windows"                daemon [_thread_in_native, id=14368, stack(0x000000c347100000,0x000000c347200000) (1024K)]
  0x000002ae78fd7ec0 JavaThread "AWT-EventQueue-0"                  [_thread_blocked, id=10896, stack(0x000000c347300000,0x000000c347400000) (1024K)]
  0x000002ae5483b030 JavaThread "DestroyJavaVM"                     [_thread_blocked, id=16604, stack(0x000000c345d00000,0x000000c345e00000) (1024K)]
  0x000002ae79b6b440 JavaThread "TimerQueue"                 daemon [_thread_blocked, id=17996, stack(0x000000c347b00000,0x000000c347c00000) (1024K)]
Total: 16

Other Threads:
  0x000002ae72a9a790 VMThread "VM Thread"                           [id=2884, stack(0x000000c346400000,0x000000c346500000) (1024K)]
  0x000002ae72a83460 WatcherThread "VM Periodic Task Thread"        [id=7496, stack(0x000000c346300000,0x000000c346400000) (1024K)]
  0x000002ae54abc8d0 WorkerThread "GC Thread#0"                     [id=13072, stack(0x000000c345e00000,0x000000c345f00000) (1024K)]
  0x000002ae791e1a50 WorkerThread "GC Thread#1"                     [id=15272, stack(0x000000c347800000,0x000000c347900000) (1024K)]
  0x000002ae78fd2110 WorkerThread "GC Thread#2"                     [id=8996, stack(0x000000c347900000,0x000000c347a00000) (1024K)]
  0x000002ae78fd24b0 WorkerThread "GC Thread#3"                     [id=12564, stack(0x000000c347a00000,0x000000c347b00000) (1024K)]
  0x000002ae54acee60 ConcurrentGCThread "G1 Main Marker"            [id=17084, stack(0x000000c345f00000,0x000000c346000000) (1024K)]
  0x000002ae54ad0010 WorkerThread "G1 Conc#0"                       [id=18280, stack(0x000000c346000000,0x000000c346100000) (1024K)]
  0x000002ae54b3e7b0 ConcurrentGCThread "G1 Refine#0"               [id=12752, stack(0x000000c346100000,0x000000c346200000) (1024K)]
  0x000002ae72945320 ConcurrentGCThread "G1 Service"                [id=2016, stack(0x000000c346200000,0x000000c346300000) (1024K)]
Total: 10

Threads with active compile tasks:
C2 CompilerThread0  1273098 1601       4       java.util.HashMap::keysToArray (81 bytes)
Total: 1

VM state: not at safepoint (normal execution)

VM Mutex/Monitor currently owned by a thread: None

Heap address: 0x0000000081a00000, size: 2022 MB, Compressed Oops mode: 32-bit

CDS archive(s) mapped at: [0x000002ae00000000-0x000002ae00c90000-0x000002ae00c90000), size 13172736, SharedBaseAddress: 0x000002ae00000000, ArchiveRelocationMode: 1.
Compressed class space mapped at: 0x000002ae01000000-0x000002ae41000000, reserved size: 1073741824
Narrow klass base: 0x000002ae00000000, Narrow klass shift: 0, Narrow klass range: 0x100000000

GC Precious Log:
 CardTable entry size: 512
 Card Set container configuration: InlinePtr #cards 5 size 8 Array Of Cards #cards 12 size 40 Howl #buckets 4 coarsen threshold 1843 Howl Bitmap #cards 512 size 80 coarsen threshold 460 Card regions per heap region 1 cards per card region 2048
 CPUs: 4 total, 4 available
 Memory: 8083M
 Large Page Support: Disabled
 NUMA Support: Disabled
 Compressed Oops: Enabled (32-bit)
 Heap Region Size: 1M
 Heap Min Capacity: 8M
 Heap Initial Capacity: 128M
 Heap Max Capacity: 2022M
 Pre-touch: Disabled
 Parallel Workers: 4
 Concurrent Workers: 1
 Concurrent Refinement Workers: 4
 Periodic GC: Disabled

Heap:
 garbage-first heap   total 131072K, used 18240K [0x0000000081a00000, 0x0000000100000000)
  region size 1024K, 9 young (9216K), 2 survivors (2048K)
 Metaspace       used 10947K, committed 11136K, reserved 1114112K
  class space    used 1292K, committed 1408K, reserved 1048576K

Heap Regions: E=young(eden), S=young(survivor), O=old, HS=humongous(starts), HC=humongous(continues), CS=collection set, F=free, TAMS=top-at-mark-start, PB=parsable bottom
|   0|0x0000000081a00000, 0x0000000081b00000, 0x0000000081b00000|100%|HS|  |TAMS 0x0000000081a00000| PB 0x0000000081a00000| Complete 
|   1|0x0000000081b00000, 0x0000000081c00000, 0x0000000081c00000|100%|HC|  |TAMS 0x0000000081b00000| PB 0x0000000081b00000| Complete 
|   2|0x0000000081c00000, 0x0000000081d00000, 0x0000000081d00000|100%|HC|  |TAMS 0x0000000081c00000| PB 0x0000000081c00000| Complete 
|   3|0x0000000081d00000, 0x0000000081e00000, 0x0000000081e00000|100%|HC|  |TAMS 0x0000000081d00000| PB 0x0000000081d00000| Complete 
|   4|0x0000000081e00000, 0x0000000081f00000, 0x0000000081f00000|100%|HC|  |TAMS 0x0000000081e00000| PB 0x0000000081e00000| Complete 
|   5|0x0000000081f00000, 0x0000000082000000, 0x0000000082000000|100%|HC|  |TAMS 0x0000000081f00000| PB 0x0000000081f00000| Complete 
|   6|0x0000000082000000, 0x0000000082100000, 0x0000000082100000|100%|HC|  |TAMS 0x0000000082000000| PB 0x0000000082000000| Complete 
|   7|0x0000000082100000, 0x0000000082200000, 0x0000000082200000|100%|HC|  |TAMS 0x0000000082100000| PB 0x0000000082100000| Complete 
|   8|0x0000000082200000, 0x0000000082300000, 0x0000000082300000|100%| O|  |TAMS 0x0000000082200000| PB 0x0000000082200000| Untracked 
|   9|0x0000000082300000, 0x00000000823d0000, 0x0000000082400000| 81%| O|  |TAMS 0x0000000082300000| PB 0x0000000082300000| Untracked 
|  10|0x0000000082400000, 0x0000000082400000, 0x0000000082500000|  0%| F|  |TAMS 0x0000000082400000| PB 0x0000000082400000| Untracked 
|  11|0x0000000082500000, 0x0000000082500000, 0x0000000082600000|  0%| F|  |TAMS 0x0000000082500000| PB 0x0000000082500000| Untracked 
|  12|0x0000000082600000, 0x0000000082600000, 0x0000000082700000|  0%| F|  |TAMS 0x0000000082600000| PB 0x0000000082600000| Untracked 
|  13|0x0000000082700000, 0x0000000082700000, 0x0000000082800000|  0%| F|  |TAMS 0x0000000082700000| PB 0x0000000082700000| Untracked 
|  14|0x0000000082800000, 0x0000000082800000, 0x0000000082900000|  0%| F|  |TAMS 0x0000000082800000| PB 0x0000000082800000| Untracked 
|  15|0x0000000082900000, 0x0000000082900000, 0x0000000082a00000|  0%| F|  |TAMS 0x0000000082900000| PB 0x0000000082900000| Untracked 
|  16|0x0000000082a00000, 0x0000000082a00000, 0x0000000082b00000|  0%| F|  |TAMS 0x0000000082a00000| PB 0x0000000082a00000| Untracked 
|  17|0x0000000082b00000, 0x0000000082b00000, 0x0000000082c00000|  0%| F|  |TAMS 0x0000000082b00000| PB 0x0000000082b00000| Untracked 
|  18|0x0000000082c00000, 0x0000000082c00000, 0x0000000082d00000|  0%| F|  |TAMS 0x0000000082c00000| PB 0x0000000082c00000| Untracked 
|  19|0x0000000082d00000, 0x0000000082d00000, 0x0000000082e00000|  0%| F|  |TAMS 0x0000000082d00000| PB 0x0000000082d00000| Untracked 
|  20|0x0000000082e00000, 0x0000000082e00000, 0x0000000082f00000|  0%| F|  |TAMS 0x0000000082e00000| PB 0x0000000082e00000| Untracked 
|  21|0x0000000082f00000, 0x0000000082f00000, 0x0000000083000000|  0%| F|  |TAMS 0x0000000082f00000| PB 0x0000000082f00000| Untracked 
|  22|0x0000000083000000, 0x0000000083000000, 0x0000000083100000|  0%| F|  |TAMS 0x0000000083000000| PB 0x0000000083000000| Untracked 
|  23|0x0000000083100000, 0x0000000083100000, 0x0000000083200000|  0%| F|  |TAMS 0x0000000083100000| PB 0x0000000083100000| Untracked 
|  24|0x0000000083200000, 0x0000000083200000, 0x0000000083300000|  0%| F|  |TAMS 0x0000000083200000| PB 0x0000000083200000| Untracked 
|  25|0x0000000083300000, 0x0000000083300000, 0x0000000083400000|  0%| F|  |TAMS 0x0000000083300000| PB 0x0000000083300000| Untracked 
|  26|0x0000000083400000, 0x0000000083400000, 0x0000000083500000|  0%| F|  |TAMS 0x0000000083400000| PB 0x0000000083400000| Untracked 
|  27|0x0000000083500000, 0x0000000083500000, 0x0000000083600000|  0%| F|  |TAMS 0x0000000083500000| PB 0x0000000083500000| Untracked 
|  28|0x0000000083600000, 0x0000000083600000, 0x0000000083700000|  0%| F|  |TAMS 0x0000000083600000| PB 0x0000000083600000| Untracked 
|  29|0x0000000083700000, 0x0000000083700000, 0x0000000083800000|  0%| F|  |TAMS 0x0000000083700000| PB 0x0000000083700000| Untracked 
|  30|0x0000000083800000, 0x0000000083800000, 0x0000000083900000|  0%| F|  |TAMS 0x0000000083800000| PB 0x0000000083800000| Untracked 
|  31|0x0000000083900000, 0x0000000083900000, 0x0000000083a00000|  0%| F|  |TAMS 0x0000000083900000| PB 0x0000000083900000| Untracked 
|  32|0x0000000083a00000, 0x0000000083a00000, 0x0000000083b00000|  0%| F|  |TAMS 0x0000000083a00000| PB 0x0000000083a00000| Untracked 
|  33|0x0000000083b00000, 0x0000000083b00000, 0x0000000083c00000|  0%| F|  |TAMS 0x0000000083b00000| PB 0x0000000083b00000| Untracked 
|  34|0x0000000083c00000, 0x0000000083c00000, 0x0000000083d00000|  0%| F|  |TAMS 0x0000000083c00000| PB 0x0000000083c00000| Untracked 
|  35|0x0000000083d00000, 0x0000000083d00000, 0x0000000083e00000|  0%| F|  |TAMS 0x0000000083d00000| PB 0x0000000083d00000| Untracked 
|  36|0x0000000083e00000, 0x0000000083e00000, 0x0000000083f00000|  0%| F|  |TAMS 0x0000000083e00000| PB 0x0000000083e00000| Untracked 
|  37|0x0000000083f00000, 0x0000000083f00000, 0x0000000084000000|  0%| F|  |TAMS 0x0000000083f00000| PB 0x0000000083f00000| Untracked 
|  38|0x0000000084000000, 0x0000000084000000, 0x0000000084100000|  0%| F|  |TAMS 0x0000000084000000| PB 0x0000000084000000| Untracked 
|  39|0x0000000084100000, 0x0000000084100000, 0x0000000084200000|  0%| F|  |TAMS 0x0000000084100000| PB 0x0000000084100000| Untracked 
|  40|0x0000000084200000, 0x0000000084200000, 0x0000000084300000|  0%| F|  |TAMS 0x0000000084200000| PB 0x0000000084200000| Untracked 
|  41|0x0000000084300000, 0x0000000084300000, 0x0000000084400000|  0%| F|  |TAMS 0x0000000084300000| PB 0x0000000084300000| Untracked 
|  42|0x0000000084400000, 0x0000000084400000, 0x0000000084500000|  0%| F|  |TAMS 0x0000000084400000| PB 0x0000000084400000| Untracked 
|  43|0x0000000084500000, 0x0000000084500000, 0x0000000084600000|  0%| F|  |TAMS 0x0000000084500000| PB 0x0000000084500000| Untracked 
|  44|0x0000000084600000, 0x0000000084600000, 0x0000000084700000|  0%| F|  |TAMS 0x0000000084600000| PB 0x0000000084600000| Untracked 
|  45|0x0000000084700000, 0x0000000084700000, 0x0000000084800000|  0%| F|  |TAMS 0x0000000084700000| PB 0x0000000084700000| Untracked 
|  46|0x0000000084800000, 0x0000000084800000, 0x0000000084900000|  0%| F|  |TAMS 0x0000000084800000| PB 0x0000000084800000| Untracked 
|  47|0x0000000084900000, 0x0000000084900000, 0x0000000084a00000|  0%| F|  |TAMS 0x0000000084900000| PB 0x0000000084900000| Untracked 
|  48|0x0000000084a00000, 0x0000000084a00000, 0x0000000084b00000|  0%| F|  |TAMS 0x0000000084a00000| PB 0x0000000084a00000| Untracked 
|  49|0x0000000084b00000, 0x0000000084b00000, 0x0000000084c00000|  0%| F|  |TAMS 0x0000000084b00000| PB 0x0000000084b00000| Untracked 
|  50|0x0000000084c00000, 0x0000000084c00000, 0x0000000084d00000|  0%| F|  |TAMS 0x0000000084c00000| PB 0x0000000084c00000| Untracked 
|  51|0x0000000084d00000, 0x0000000084d00000, 0x0000000084e00000|  0%| F|  |TAMS 0x0000000084d00000| PB 0x0000000084d00000| Untracked 
|  52|0x0000000084e00000, 0x0000000084e00000, 0x0000000084f00000|  0%| F|  |TAMS 0x0000000084e00000| PB 0x0000000084e00000| Untracked 
|  53|0x0000000084f00000, 0x0000000084f00000, 0x0000000085000000|  0%| F|  |TAMS 0x0000000084f00000| PB 0x0000000084f00000| Untracked 
|  54|0x0000000085000000, 0x0000000085000000, 0x0000000085100000|  0%| F|  |TAMS 0x0000000085000000| PB 0x0000000085000000| Untracked 
|  55|0x0000000085100000, 0x0000000085100000, 0x0000000085200000|  0%| F|  |TAMS 0x0000000085100000| PB 0x0000000085100000| Untracked 
|  56|0x0000000085200000, 0x0000000085200000, 0x0000000085300000|  0%| F|  |TAMS 0x0000000085200000| PB 0x0000000085200000| Untracked 
|  57|0x0000000085300000, 0x0000000085300000, 0x0000000085400000|  0%| F|  |TAMS 0x0000000085300000| PB 0x0000000085300000| Untracked 
|  58|0x0000000085400000, 0x0000000085400000, 0x0000000085500000|  0%| F|  |TAMS 0x0000000085400000| PB 0x0000000085400000| Untracked 
|  59|0x0000000085500000, 0x0000000085500000, 0x0000000085600000|  0%| F|  |TAMS 0x0000000085500000| PB 0x0000000085500000| Untracked 
|  60|0x0000000085600000, 0x0000000085600000, 0x0000000085700000|  0%| F|  |TAMS 0x0000000085600000| PB 0x0000000085600000| Untracked 
|  61|0x0000000085700000, 0x0000000085700000, 0x0000000085800000|  0%| F|  |TAMS 0x0000000085700000| PB 0x0000000085700000| Untracked 
|  62|0x0000000085800000, 0x0000000085800000, 0x0000000085900000|  0%| F|  |TAMS 0x0000000085800000| PB 0x0000000085800000| Untracked 
|  63|0x0000000085900000, 0x0000000085900000, 0x0000000085a00000|  0%| F|  |TAMS 0x0000000085900000| PB 0x0000000085900000| Untracked 
|  64|0x0000000085a00000, 0x0000000085a00000, 0x0000000085b00000|  0%| F|  |TAMS 0x0000000085a00000| PB 0x0000000085a00000| Untracked 
|  65|0x0000000085b00000, 0x0000000085b00000, 0x0000000085c00000|  0%| F|  |TAMS 0x0000000085b00000| PB 0x0000000085b00000| Untracked 
|  66|0x0000000085c00000, 0x0000000085c00000, 0x0000000085d00000|  0%| F|  |TAMS 0x0000000085c00000| PB 0x0000000085c00000| Untracked 
|  67|0x0000000085d00000, 0x0000000085d00000, 0x0000000085e00000|  0%| F|  |TAMS 0x0000000085d00000| PB 0x0000000085d00000| Untracked 
|  68|0x0000000085e00000, 0x0000000085e00000, 0x0000000085f00000|  0%| F|  |TAMS 0x0000000085e00000| PB 0x0000000085e00000| Untracked 
|  69|0x0000000085f00000, 0x0000000085f00000, 0x0000000086000000|  0%| F|  |TAMS 0x0000000085f00000| PB 0x0000000085f00000| Untracked 
|  70|0x0000000086000000, 0x0000000086000000, 0x0000000086100000|  0%| F|  |TAMS 0x0000000086000000| PB 0x0000000086000000| Untracked 
|  71|0x0000000086100000, 0x0000000086100000, 0x0000000086200000|  0%| F|  |TAMS 0x0000000086100000| PB 0x0000000086100000| Untracked 
|  72|0x0000000086200000, 0x0000000086200000, 0x0000000086300000|  0%| F|  |TAMS 0x0000000086200000| PB 0x0000000086200000| Untracked 
|  73|0x0000000086300000, 0x0000000086300000, 0x0000000086400000|  0%| F|  |TAMS 0x0000000086300000| PB 0x0000000086300000| Untracked 
|  74|0x0000000086400000, 0x0000000086400000, 0x0000000086500000|  0%| F|  |TAMS 0x0000000086400000| PB 0x0000000086400000| Untracked 
|  75|0x0000000086500000, 0x0000000086500000, 0x0000000086600000|  0%| F|  |TAMS 0x0000000086500000| PB 0x0000000086500000| Untracked 
|  76|0x0000000086600000, 0x0000000086600000, 0x0000000086700000|  0%| F|  |TAMS 0x0000000086600000| PB 0x0000000086600000| Untracked 
|  77|0x0000000086700000, 0x0000000086700000, 0x0000000086800000|  0%| F|  |TAMS 0x0000000086700000| PB 0x0000000086700000| Untracked 
|  78|0x0000000086800000, 0x0000000086800000, 0x0000000086900000|  0%| F|  |TAMS 0x0000000086800000| PB 0x0000000086800000| Untracked 
|  79|0x0000000086900000, 0x0000000086900000, 0x0000000086a00000|  0%| F|  |TAMS 0x0000000086900000| PB 0x0000000086900000| Untracked 
|  80|0x0000000086a00000, 0x0000000086a00000, 0x0000000086b00000|  0%| F|  |TAMS 0x0000000086a00000| PB 0x0000000086a00000| Untracked 
|  81|0x0000000086b00000, 0x0000000086b00000, 0x0000000086c00000|  0%| F|  |TAMS 0x0000000086b00000| PB 0x0000000086b00000| Untracked 
|  82|0x0000000086c00000, 0x0000000086c00000, 0x0000000086d00000|  0%| F|  |TAMS 0x0000000086c00000| PB 0x0000000086c00000| Untracked 
|  83|0x0000000086d00000, 0x0000000086d00000, 0x0000000086e00000|  0%| F|  |TAMS 0x0000000086d00000| PB 0x0000000086d00000| Untracked 
|  84|0x0000000086e00000, 0x0000000086e00000, 0x0000000086f00000|  0%| F|  |TAMS 0x0000000086e00000| PB 0x0000000086e00000| Untracked 
|  85|0x0000000086f00000, 0x0000000086f00000, 0x0000000087000000|  0%| F|  |TAMS 0x0000000086f00000| PB 0x0000000086f00000| Untracked 
|  86|0x0000000087000000, 0x0000000087000000, 0x0000000087100000|  0%| F|  |TAMS 0x0000000087000000| PB 0x0000000087000000| Untracked 
|  87|0x0000000087100000, 0x0000000087100000, 0x0000000087200000|  0%| F|  |TAMS 0x0000000087100000| PB 0x0000000087100000| Untracked 
|  88|0x0000000087200000, 0x0000000087200000, 0x0000000087300000|  0%| F|  |TAMS 0x0000000087200000| PB 0x0000000087200000| Untracked 
|  89|0x0000000087300000, 0x0000000087300000, 0x0000000087400000|  0%| F|  |TAMS 0x0000000087300000| PB 0x0000000087300000| Untracked 
|  90|0x0000000087400000, 0x0000000087400000, 0x0000000087500000|  0%| F|  |TAMS 0x0000000087400000| PB 0x0000000087400000| Untracked 
|  91|0x0000000087500000, 0x0000000087500000, 0x0000000087600000|  0%| F|  |TAMS 0x0000000087500000| PB 0x0000000087500000| Untracked 
|  92|0x0000000087600000, 0x0000000087600000, 0x0000000087700000|  0%| F|  |TAMS 0x0000000087600000| PB 0x0000000087600000| Untracked 
|  93|0x0000000087700000, 0x0000000087700000, 0x0000000087800000|  0%| F|  |TAMS 0x0000000087700000| PB 0x0000000087700000| Untracked 
|  94|0x0000000087800000, 0x0000000087800000, 0x0000000087900000|  0%| F|  |TAMS 0x0000000087800000| PB 0x0000000087800000| Untracked 
|  95|0x0000000087900000, 0x0000000087900000, 0x0000000087a00000|  0%| F|  |TAMS 0x0000000087900000| PB 0x0000000087900000| Untracked 
|  96|0x0000000087a00000, 0x0000000087a00000, 0x0000000087b00000|  0%| F|  |TAMS 0x0000000087a00000| PB 0x0000000087a00000| Untracked 
|  97|0x0000000087b00000, 0x0000000087b00000, 0x0000000087c00000|  0%| F|  |TAMS 0x0000000087b00000| PB 0x0000000087b00000| Untracked 
|  98|0x0000000087c00000, 0x0000000087c00000, 0x0000000087d00000|  0%| F|  |TAMS 0x0000000087c00000| PB 0x0000000087c00000| Untracked 
|  99|0x0000000087d00000, 0x0000000087d00000, 0x0000000087e00000|  0%| F|  |TAMS 0x0000000087d00000| PB 0x0000000087d00000| Untracked 
| 100|0x0000000087e00000, 0x0000000087e00000, 0x0000000087f00000|  0%| F|  |TAMS 0x0000000087e00000| PB 0x0000000087e00000| Untracked 
| 101|0x0000000087f00000, 0x0000000087f00000, 0x0000000088000000|  0%| F|  |TAMS 0x0000000087f00000| PB 0x0000000087f00000| Untracked 
| 102|0x0000000088000000, 0x0000000088000000, 0x0000000088100000|  0%| F|  |TAMS 0x0000000088000000| PB 0x0000000088000000| Untracked 
| 103|0x0000000088100000, 0x0000000088100000, 0x0000000088200000|  0%| F|  |TAMS 0x0000000088100000| PB 0x0000000088100000| Untracked 
| 104|0x0000000088200000, 0x0000000088200000, 0x0000000088300000|  0%| F|  |TAMS 0x0000000088200000| PB 0x0000000088200000| Untracked 
| 105|0x0000000088300000, 0x0000000088300000, 0x0000000088400000|  0%| F|  |TAMS 0x0000000088300000| PB 0x0000000088300000| Untracked 
| 106|0x0000000088400000, 0x0000000088400000, 0x0000000088500000|  0%| F|  |TAMS 0x0000000088400000| PB 0x0000000088400000| Untracked 
| 107|0x0000000088500000, 0x0000000088500000, 0x0000000088600000|  0%| F|  |TAMS 0x0000000088500000| PB 0x0000000088500000| Untracked 
| 108|0x0000000088600000, 0x0000000088600000, 0x0000000088700000|  0%| F|  |TAMS 0x0000000088600000| PB 0x0000000088600000| Untracked 
| 109|0x0000000088700000, 0x0000000088700000, 0x0000000088800000|  0%| F|  |TAMS 0x0000000088700000| PB 0x0000000088700000| Untracked 
| 110|0x0000000088800000, 0x0000000088800000, 0x0000000088900000|  0%| F|  |TAMS 0x0000000088800000| PB 0x0000000088800000| Untracked 
| 111|0x0000000088900000, 0x0000000088900000, 0x0000000088a00000|  0%| F|  |TAMS 0x0000000088900000| PB 0x0000000088900000| Untracked 
| 112|0x0000000088a00000, 0x0000000088a00000, 0x0000000088b00000|  0%| F|  |TAMS 0x0000000088a00000| PB 0x0000000088a00000| Untracked 
| 113|0x0000000088b00000, 0x0000000088c00000, 0x0000000088c00000|100%| S|CS|TAMS 0x0000000088b00000| PB 0x0000000088b00000| Complete 
| 114|0x0000000088c00000, 0x0000000088d00000, 0x0000000088d00000|100%| S|CS|TAMS 0x0000000088c00000| PB 0x0000000088c00000| Complete 
| 115|0x0000000088d00000, 0x0000000088d00000, 0x0000000088e00000|  0%| F|  |TAMS 0x0000000088d00000| PB 0x0000000088d00000| Untracked 
| 116|0x0000000088e00000, 0x0000000088e00000, 0x0000000088f00000|  0%| F|  |TAMS 0x0000000088e00000| PB 0x0000000088e00000| Untracked 
| 117|0x0000000088f00000, 0x0000000088f00000, 0x0000000089000000|  0%| F|  |TAMS 0x0000000088f00000| PB 0x0000000088f00000| Untracked 
| 118|0x0000000089000000, 0x0000000089000000, 0x0000000089100000|  0%| F|  |TAMS 0x0000000089000000| PB 0x0000000089000000| Untracked 
| 119|0x0000000089100000, 0x0000000089100000, 0x0000000089200000|  0%| F|  |TAMS 0x0000000089100000| PB 0x0000000089100000| Untracked 
| 120|0x0000000089200000, 0x0000000089200000, 0x0000000089300000|  0%| F|  |TAMS 0x0000000089200000| PB 0x0000000089200000| Untracked 
| 121|0x0000000089300000, 0x0000000089400000, 0x0000000089400000|100%| E|  |TAMS 0x0000000089300000| PB 0x0000000089300000| Complete 
| 122|0x0000000089400000, 0x0000000089500000, 0x0000000089500000|100%| E|CS|TAMS 0x0000000089400000| PB 0x0000000089400000| Complete 
| 123|0x0000000089500000, 0x0000000089600000, 0x0000000089600000|100%| E|CS|TAMS 0x0000000089500000| PB 0x0000000089500000| Complete 
| 124|0x0000000089600000, 0x0000000089700000, 0x0000000089700000|100%| E|CS|TAMS 0x0000000089600000| PB 0x0000000089600000| Complete 
| 125|0x0000000089700000, 0x0000000089800000, 0x0000000089800000|100%| E|CS|TAMS 0x0000000089700000| PB 0x0000000089700000| Complete 
| 126|0x0000000089800000, 0x0000000089900000, 0x0000000089900000|100%| E|CS|TAMS 0x0000000089800000| PB 0x0000000089800000| Complete 
| 127|0x0000000089900000, 0x0000000089a00000, 0x0000000089a00000|100%| E|CS|TAMS 0x0000000089900000| PB 0x0000000089900000| Complete 

Card table byte_map: [0x000002ae6e100000,0x000002ae6e500000] _byte_map_base: 0x000002ae6dcf3000

Marking Bits: (CMBitMap*) 0x000002ae54abcee0
 Bits: [0x000002ae6e500000, 0x000002ae70498000)

Polling page: 0x000002ae54b40000

Metaspace:

Usage:
  Non-class:      9.43 MB used.
      Class:      1.26 MB used.
       Both:     10.69 MB used.

Virtual space:
  Non-class space:       64.00 MB reserved,       9.50 MB ( 15%) committed,  1 nodes.
      Class space:        1.00 GB reserved,       1.38 MB ( <1%) committed,  1 nodes.
             Both:        1.06 GB reserved,      10.88 MB ( <1%) committed. 

Chunk freelists:
   Non-Class:  6.44 MB
       Class:  14.60 MB
        Both:  21.04 MB

MaxMetaspaceSize: unlimited
CompressedClassSpaceSize: 1.00 GB
Initial GC threshold: 21.00 MB
Current GC threshold: 21.00 MB
CDS: on
 - commit_granule_bytes: 65536.
 - commit_granule_words: 8192.
 - virtual_space_node_default_size: 8388608.
 - enlarge_chunks_in_place: 1.
 - use_allocation_guard: 0.


Internal statistics:

num_allocs_failed_limit: 0.
num_arena_births: 164.
num_arena_deaths: 0.
num_vsnodes_births: 2.
num_vsnodes_deaths: 0.
num_space_committed: 174.
num_space_uncommitted: 0.
num_chunks_returned_to_freelist: 0.
num_chunks_taken_from_freelist: 229.
num_chunk_merges: 0.
num_chunk_splits: 130.
num_chunks_enlarged: 54.
num_inconsistent_stats: 0.

CodeHeap 'non-profiled nmethods': size=120000Kb used=510Kb max_used=510Kb free=119489Kb
 bounds [0x000002ae66180000, 0x000002ae663f0000, 0x000002ae6d6b0000]
CodeHeap 'profiled nmethods': size=120000Kb used=2621Kb max_used=2621Kb free=117378Kb
 bounds [0x000002ae5e6b0000, 0x000002ae5e940000, 0x000002ae65be0000]
CodeHeap 'non-nmethods': size=5760Kb used=1621Kb max_used=1677Kb free=4138Kb
 bounds [0x000002ae65be0000, 0x000002ae65e50000, 0x000002ae66180000]
 total_blobs=2277 nmethods=1600 adapters=582
 compilation: enabled
              stopped_count=0, restarted_count=0
 full_count=0

Compilation events (20 events):
Event: 3.993 Thread 0x000002ae72ad4970 nmethod 1591 0x000002ae5e93c310 code [0x000002ae5e93c4a0, 0x000002ae5e93c5b8]
Event: 3.993 Thread 0x000002ae72ad4970 1592       3       java.awt.Rectangle::clip (39 bytes)
Event: 3.994 Thread 0x000002ae72ad4970 nmethod 1592 0x000002ae5e93c690 code [0x000002ae5e93c8a0, 0x000002ae5e93cc18]
Event: 4.494 Thread 0x000002ae72ad4970 1593       3       java.util.concurrent.locks.AbstractQueuedSynchronizer$ConditionObject::canReacquire (38 bytes)
Event: 4.496 Thread 0x000002ae72ad4970 nmethod 1593 0x000002ae5e93cd10 code [0x000002ae5e93cee0, 0x000002ae5e93d250]
Event: 4.496 Thread 0x000002ae72ad4970 1595       3       java.util.IdentityHashMap::maskNull (12 bytes)
Event: 4.496 Thread 0x000002ae72ad4970 nmethod 1595 0x000002ae5e93d390 code [0x000002ae5e93d520, 0x000002ae5e93d660]
Event: 4.496 Thread 0x000002ae72ad4970 1594       3       java.util.IdentityHashMap$IdentityHashMapIterator::nextIndex (72 bytes)
Event: 4.497 Thread 0x000002ae72ad4970 nmethod 1594 0x000002ae5e93d710 code [0x000002ae5e93d900, 0x000002ae5e93dc90]
Event: 4.497 Thread 0x000002ae72ad4970 1596       3       sun.font.FontDesignMetrics$MetricsKey::init (24 bytes)
Event: 4.498 Thread 0x000002ae72ad4970 nmethod 1596 0x000002ae5e93de10 code [0x000002ae5e93dfe0, 0x000002ae5e93e2d8]
Event: 4.927 Thread 0x000002ae72ad4970 1597       3       java.awt.geom.AffineTransform::getScaleInstance (19 bytes)
Event: 4.928 Thread 0x000002ae72ad4970 nmethod 1597 0x000002ae5e93e410 code [0x000002ae5e93e5c0, 0x000002ae5e93e7c0]
Event: 4.928 Thread 0x000002ae72ad4970 1598       3       java.awt.geom.Rectangle2D$Float::getHeight (6 bytes)
Event: 4.928 Thread 0x000002ae72ad4970 nmethod 1598 0x000002ae5e93e890 code [0x000002ae5e93ea20, 0x000002ae5e93eb38]
Event: 5.801 Thread 0x000002ae72ad4970 1599       3       jdk.internal.ref.CleanerImpl$PhantomCleanableRef::performCleanup (10 bytes)
Event: 5.802 Thread 0x000002ae72ad4970 nmethod 1599 0x000002ae5e93ec10 code [0x000002ae5e93edc0, 0x000002ae5e93ef98]
Event: 901.355 Thread 0x000002ae72ad4970 1600       3       java.util.concurrent.locks.ReentrantLock$NonfairSync::tryAcquire (27 bytes)
Event: 901.356 Thread 0x000002ae72ad4970 nmethod 1600 0x000002ae5e93f090 code [0x000002ae5e93f260, 0x000002ae5e93f4e8]
Event: 1272.942 Thread 0x000002ae72acdea0 1601       4       java.util.HashMap::keysToArray (81 bytes)

GC Heap History (2 events):
Event: 1.235 GC heap before
{Heap before GC invocations=0 (full 0):
 garbage-first heap   total 131072K, used 21504K [0x0000000081a00000, 0x0000000100000000)
  region size 1024K, 13 young (13312K), 0 survivors (0K)
 Metaspace       used 10157K, committed 10368K, reserved 1114112K
  class space    used 1225K, committed 1344K, reserved 1048576K
}
Event: 1.244 GC heap after
{Heap after GC invocations=1 (full 0):
 garbage-first heap   total 131072K, used 12096K [0x0000000081a00000, 0x0000000100000000)
  region size 1024K, 2 young (2048K), 2 survivors (2048K)
 Metaspace       used 10157K, committed 10368K, reserved 1114112K
  class space    used 1225K, committed 1344K, reserved 1048576K
}

Dll operation events (10 events):
Event: 0.014 Loaded shared library C:\Program Files\Java\jdk-21\bin\java.dll
Event: 0.066 Loaded shared library C:\Program Files\Java\jdk-21\bin\jsvml.dll
Event: 0.115 Loaded shared library C:\Program Files\Java\jdk-21\bin\net.dll
Event: 0.117 Loaded shared library C:\Program Files\Java\jdk-21\bin\nio.dll
Event: 0.150 Loaded shared library C:\Program Files\Java\jdk-21\bin\zip.dll
Event: 0.172 Loaded shared library C:\Program Files\Java\jdk-21\bin\jimage.dll
Event: 0.192 Loaded shared library C:\Program Files\Java\jdk-21\bin\awt.dll
Event: 0.474 Loaded shared library C:\Program Files\Java\jdk-21\bin\verify.dll
Event: 0.592 Loaded shared library C:\Program Files\Java\jdk-21\bin\freetype.dll
Event: 0.593 Loaded shared library C:\Program Files\Java\jdk-21\bin\fontmanager.dll

Deoptimization events (20 events):
Event: 0.978 Thread 0x000002ae78fd7ec0 Uncommon trap: trap_request=0xffffff45 fr.pc=0x000002ae661d9684 relative=0x00000000000004a4
Event: 0.978 Thread 0x000002ae78fd7ec0 Uncommon trap: reason=unstable_if action=reinterpret pc=0x000002ae661d9684 method=java.lang.StringLatin1.toLowerCase(Ljava/lang/String;[BLjava/util/Locale;)Ljava/lang/String; @ 43 c2
Event: 0.978 Thread 0x000002ae78fd7ec0 DEOPT PACKING pc=0x000002ae661d9684 sp=0x000000c3473fcb20
Event: 0.978 Thread 0x000002ae78fd7ec0 DEOPT UNPACKING pc=0x000002ae65c346a2 sp=0x000000c3473fca90 mode 2
Event: 1.270 Thread 0x000002ae78fd7ec0 Uncommon trap: trap_request=0xffffff45 fr.pc=0x000002ae6618a04c relative=0x00000000000000ac
Event: 1.270 Thread 0x000002ae78fd7ec0 Uncommon trap: reason=unstable_if action=reinterpret pc=0x000002ae6618a04c method=java.lang.String.isLatin1()Z @ 10 c2
Event: 1.270 Thread 0x000002ae78fd7ec0 DEOPT PACKING pc=0x000002ae6618a04c sp=0x000000c3473fcb10
Event: 1.270 Thread 0x000002ae78fd7ec0 DEOPT UNPACKING pc=0x000002ae65c346a2 sp=0x000000c3473fca40 mode 2
Event: 1.338 Thread 0x000002ae78fd7ec0 Uncommon trap: trap_request=0xffffff45 fr.pc=0x000002ae661c3920 relative=0x0000000000000100
Event: 1.338 Thread 0x000002ae78fd7ec0 Uncommon trap: reason=unstable_if action=reinterpret pc=0x000002ae661c3920 method=java.lang.ref.SoftReference.get()Ljava/lang/Object; @ 17 c2
Event: 1.338 Thread 0x000002ae78fd7ec0 DEOPT PACKING pc=0x000002ae661c3920 sp=0x000000c3473fd030
Event: 1.338 Thread 0x000002ae78fd7ec0 DEOPT UNPACKING pc=0x000002ae65c346a2 sp=0x000000c3473fcfe8 mode 2
Event: 1.358 Thread 0x000002ae78fd7ec0 Uncommon trap: trap_request=0xffffff45 fr.pc=0x000002ae661e7ef8 relative=0x0000000000000138
Event: 1.358 Thread 0x000002ae78fd7ec0 Uncommon trap: reason=unstable_if action=reinterpret pc=0x000002ae661e7ef8 method=java.lang.ThreadLocal$ThreadLocalMap.getEntry(Ljava/lang/ThreadLocal;)Ljava/lang/ThreadLocal$ThreadLocalMap$Entry; @ 21 c2
Event: 1.358 Thread 0x000002ae78fd7ec0 DEOPT PACKING pc=0x000002ae661e7ef8 sp=0x000000c3473fd1d0
Event: 1.358 Thread 0x000002ae78fd7ec0 DEOPT UNPACKING pc=0x000002ae65c346a2 sp=0x000000c3473fd0f0 mode 2
Event: 1.421 Thread 0x000002ae78fd7ec0 Uncommon trap: trap_request=0xffffff45 fr.pc=0x000002ae661c06f4 relative=0x0000000000001b34
Event: 1.421 Thread 0x000002ae78fd7ec0 Uncommon trap: reason=unstable_if action=reinterpret pc=0x000002ae661c06f4 method=java.lang.ref.SoftReference.get()Ljava/lang/Object; @ 17 c2
Event: 1.421 Thread 0x000002ae78fd7ec0 DEOPT PACKING pc=0x000002ae661c06f4 sp=0x000000c3473fd4c0
Event: 1.421 Thread 0x000002ae78fd7ec0 DEOPT UNPACKING pc=0x000002ae65c346a2 sp=0x000000c3473fd3b0 mode 2

Classes loaded (20 events):
Event: 3.231 Loading class java/awt/Cursor$CursorDisposer
Event: 3.231 Loading class java/awt/Cursor$CursorDisposer done
Event: 3.232 Loading class java/awt/Container$MouseEventTargetFilter
Event: 3.232 Loading class java/awt/Container$EventTargetFilter
Event: 3.232 Loading class java/awt/Container$EventTargetFilter done
Event: 3.232 Loading class java/awt/Container$MouseEventTargetFilter done
Event: 3.233 Loading class java/awt/LightweightDispatcher$1
Event: 3.233 Loading class java/awt/LightweightDispatcher$1 done
Event: 3.233 Loading class java/awt/event/MouseWheelEvent
Event: 3.233 Loading class java/awt/event/MouseWheelEvent done
Event: 3.861 Loading class java/awt/LightweightDispatcher$2
Event: 3.861 Loading class java/awt/LightweightDispatcher$2 done
Event: 4.892 Loading class java/awt/KeyboardFocusManager$2
Event: 4.893 Loading class java/awt/KeyboardFocusManager$2 done
Event: 4.893 Loading class sun/awt/SunToolkit$1
Event: 4.893 Loading class sun/awt/SunToolkit$1 done
Event: 1057.962 Loading class java/awt/desktop/SystemSleepListener
Event: 1057.962 Loading class java/awt/desktop/SystemEventListener
Event: 1057.962 Loading class java/awt/desktop/SystemEventListener done
Event: 1057.962 Loading class java/awt/desktop/SystemSleepListener done

Classes unloaded (0 events):
No events

Classes redefined (0 events):
No events

Internal exceptions (16 events):
Event: 0.119 Thread 0x000002ae5483b030 Exception <a 'sun/nio/fs/WindowsException'{0x0000000089877298}> (0x0000000089877298) 
thrown [s\open\src\hotspot\share\prims\jni.cpp, line 520]
Event: 0.122 Thread 0x000002ae5483b030 Exception <a 'sun/nio/fs/WindowsException'{0x00000000898797a8}> (0x00000000898797a8) 
thrown [s\open\src\hotspot\share\prims\jni.cpp, line 520]
Event: 0.122 Thread 0x000002ae5483b030 Exception <a 'sun/nio/fs/WindowsException'{0x000000008987a2a8}> (0x000000008987a2a8) 
thrown [s\open\src\hotspot\share\prims\jni.cpp, line 520]
Event: 0.179 Thread 0x000002ae5483b030 Exception <a 'java/lang/ClassNotFoundException'{0x0000000089771d88}: sun/awt/resources/spi/awtProvider> (0x0000000089771d88) 
thrown [s\open\src\hotspot\share\classfile\systemDictionary.cpp, line 312]
Event: 0.206 Thread 0x000002ae5483b030 Exception <a 'java/io/FileNotFoundException'{0x00000000897c7008}> (0x00000000897c7008) 
thrown [s\open\src\hotspot\share\prims\jni.cpp, line 520]
Event: 0.215 Thread 0x000002ae5483b030 Exception <a 'java/io/FileNotFoundException'{0x00000000897f1538}> (0x00000000897f1538) 
thrown [s\open\src\hotspot\share\prims\jni.cpp, line 520]
Event: 0.331 Thread 0x000002ae5483b030 Exception <a 'java/lang/NoSuchMethodError'{0x0000000089501688}: 'void java.lang.invoke.DirectMethodHandle$Holder.invokeSpecial(java.lang.Object, java.lang.Object, java.lang.Object)'> (0x0000000089501688) 
thrown [s\open\src\hotspot\share\interpreter\linkResolver.cpp, line 773]
Event: 0.348 Thread 0x000002ae5483b030 Exception <a 'java/lang/NoSuchMethodError'{0x0000000089526fe0}: 'java.lang.Object java.lang.invoke.DirectMethodHandle$Holder.newInvokeSpecial(java.lang.Object, java.lang.Object, java.lang.Object, java.lang.Object, java.lang.Object)'> (0x0000000089526fe0) 
thrown [s\open\src\hotspot\share\interpreter\linkResolver.cpp, line 773]
Event: 0.367 Thread 0x000002ae5483b030 Exception <a 'java/lang/NoSuchMethodError'{0x0000000089552dc0}: 'java.lang.Object java.lang.invoke.DirectMethodHandle$Holder.invokeStatic(java.lang.Object, int, java.lang.Object)'> (0x0000000089552dc0) 
thrown [s\open\src\hotspot\share\interpreter\linkResolver.cpp, line 773]
Event: 0.407 Thread 0x000002ae5483b030 Exception <a 'java/lang/ClassNotFoundException'{0x00000000895f2200}: com/sun/swing/internal/plaf/metal/resources/spi/metalProvider> (0x00000000895f2200) 
thrown [s\open\src\hotspot\share\classfile\systemDictionary.cpp, line 312]
Event: 0.409 Thread 0x000002ae5483b030 Exception <a 'java/lang/ClassNotFoundException'{0x00000000895f6110}: com/sun/swing/internal/plaf/basic/resources/spi/basicProvider> (0x00000000895f6110) 
thrown [s\open\src\hotspot\share\classfile\systemDictionary.cpp, line 312]
Event: 0.425 Thread 0x000002ae5483b030 Exception <a 'java/lang/NoSuchMethodError'{0x0000000089415748}: 'int java.lang.invoke.Invokers$Holder.invokeExact_MT(java.lang.Object, java.lang.Object)'> (0x0000000089415748) 
thrown [s\open\src\hotspot\share\interpreter\linkResolver.cpp, line 773]
Event: 0.790 Thread 0x000002ae773ceb10 Exception <a 'java/lang/NoSuchMethodError'{0x0000000089016a30}: 'java.lang.Object java.lang.invoke.DirectMethodHandle$Holder.newInvokeSpecial(java.lang.Object, java.lang.Object, java.lang.Object, int, int, int, int, int)'> (0x0000000089016a30) 
thrown [s\open\src\hotspot\share\interpreter\linkResolver.cpp, line 773]
Event: 0.814 Thread 0x000002ae772e07b0 Exception <a 'java/lang/NoSuchMethodError'{0x00000000896d6cf8}: 'void java.lang.invoke.DirectMethodHandle$Holder.invokeVirtual(java.lang.Object, java.lang.Object)'> (0x00000000896d6cf8) 
thrown [s\open\src\hotspot\share\interpreter\linkResolver.cpp, line 773]
Event: 0.830 Thread 0x000002ae5483b030 Exception <a 'java/lang/NoSuchMethodError'{0x000000008906f2c0}: 'void java.lang.invoke.DirectMethodHandle$Holder.invokeStaticInit(java.lang.Object)'> (0x000000008906f2c0) 
thrown [s\open\src\hotspot\share\interpreter\linkResolver.cpp, line 773]
Event: 1.358 Thread 0x000002ae78fd7ec0 Implicit null exception at 0x000002ae661e7e29 to 0x000002ae661e7ed8

ZGC Phase Switch (0 events):
No events

VM Operations (20 events):
Event: 0.807 Executing VM operation: HandshakeAllThreads (Deoptimize)
Event: 0.807 Executing VM operation: HandshakeAllThreads (Deoptimize) done
Event: 0.906 Executing VM operation: HandshakeAllThreads (Deoptimize)
Event: 0.906 Executing VM operation: HandshakeAllThreads (Deoptimize) done
Event: 0.909 Executing VM operation: ICBufferFull
Event: 0.909 Executing VM operation: ICBufferFull done
Event: 1.235 Executing VM operation: G1CollectForAllocation (G1 Evacuation Pause)
Event: 1.244 Executing VM operation: G1CollectForAllocation (G1 Evacuation Pause) done
Event: 2.246 Executing VM operation: Cleanup
Event: 2.246 Executing VM operation: Cleanup done
Event: 4.263 Executing VM operation: Cleanup
Event: 4.263 Executing VM operation: Cleanup done
Event: 5.274 Executing VM operation: Cleanup
Event: 5.274 Executing VM operation: Cleanup done
Event: 60.153 Executing VM operation: HandshakeAllThreads (HandshakeForDeflation)
Event: 60.153 Executing VM operation: HandshakeAllThreads (HandshakeForDeflation) done
Event: 60.153 Executing VM operation: RendezvousGCThreads
Event: 60.153 Executing VM operation: RendezvousGCThreads done
Event: 1271.025 Executing VM operation: Cleanup
Event: 1271.025 Executing VM operation: Cleanup done

Events (20 events):
Event: 0.062 Thread 0x000002ae72ab9fc0 Thread added: 0x000002ae72ab9fc0
Event: 0.062 Thread 0x000002ae72abfce0 Thread added: 0x000002ae72abfce0
Event: 0.062 Thread 0x000002ae72ac0740 Thread added: 0x000002ae72ac0740
Event: 0.062 Thread 0x000002ae72ac91b0 Thread added: 0x000002ae72ac91b0
Event: 0.063 Thread 0x000002ae72ac9c10 Thread added: 0x000002ae72ac9c10
Event: 0.063 Thread 0x000002ae72acdea0 Thread added: 0x000002ae72acdea0
Event: 0.063 Thread 0x000002ae72ad4970 Thread added: 0x000002ae72ad4970
Event: 0.096 Thread 0x000002ae72a84350 Thread added: 0x000002ae72a84350
Event: 0.143 Thread 0x000002ae7714c950 Thread added: 0x000002ae7714c950
Event: 0.289 Thread 0x000002ae772d8510 Thread added: 0x000002ae772d8510
Event: 0.291 Thread 0x000002ae772dca40 Thread added: 0x000002ae772dca40
Event: 0.292 Thread 0x000002ae772e07b0 Thread added: 0x000002ae772e07b0
Event: 0.583 Thread 0x000002ae77382b90 Thread added: 0x000002ae77382b90
Event: 0.644 Thread 0x000002ae78fd7ec0 Thread added: 0x000002ae78fd7ec0
Event: 0.784 Thread 0x000002ae773ceb10 Thread added: 0x000002ae773ceb10
Event: 0.906 Thread 0x000002ae5483b030 Thread exited: 0x000002ae5483b030
Event: 0.906 Thread 0x000002ae5483b030 Thread added: 0x000002ae5483b030
Event: 1.433 Thread 0x000002ae79b6b440 Thread added: 0x000002ae79b6b440
Event: 1.948 Thread 0x000002ae77382b90 Thread exited: 0x000002ae77382b90
Event: 5.801 Thread 0x000002ae773ceb10 Thread exited: 0x000002ae773ceb10


Dynamic libraries:
0x00007ff653850000 - 0x00007ff653860000 	C:\Program Files\Java\jdk-21\bin\java.exe
0x00007ffe427f0000 - 0x00007ffe429e8000 	C:\Windows\SYSTEM32\ntdll.dll
0x00007ffe408c0000 - 0x00007ffe40981000 	C:\Windows\System32\KERNEL32.DLL
0x00007ffe402f0000 - 0x00007ffe405e6000 	C:\Windows\System32\KERNELBASE.dll
0x00007ffe40000000 - 0x00007ffe40100000 	C:\Windows\System32\ucrtbase.dll
0x00007ffe04250000 - 0x00007ffe0426b000 	C:\Program Files\Java\jdk-21\bin\VCRUNTIME140.dll
0x00007ffe3c430000 - 0x00007ffe3c449000 	C:\Program Files\Java\jdk-21\bin\jli.dll
0x00007ffe41430000 - 0x00007ffe414e0000 	C:\Windows\System32\ADVAPI32.dll
0x00007ffe40cf0000 - 0x00007ffe40d8e000 	C:\Windows\System32\msvcrt.dll
0x00007ffe40820000 - 0x00007ffe408c0000 	C:\Windows\System32\sechost.dll
0x00007ffe410a0000 - 0x00007ffe411c3000 	C:\Windows\System32\RPCRT4.dll
0x00007ffe40170000 - 0x00007ffe40197000 	C:\Windows\System32\bcrypt.dll
0x00007ffe411d0000 - 0x00007ffe4136f000 	C:\Windows\System32\USER32.dll
0x00007ffe401a0000 - 0x00007ffe401c2000 	C:\Windows\System32\win32u.dll
0x00007ffe42650000 - 0x00007ffe4267b000 	C:\Windows\System32\GDI32.dll
0x00007ffe401d0000 - 0x00007ffe402e7000 	C:\Windows\System32\gdi32full.dll
0x00007ffe40730000 - 0x00007ffe407cd000 	C:\Windows\System32\msvcp_win.dll
0x00007ffe2d290000 - 0x00007ffe2d52a000 	C:\Windows\WinSxS\amd64_microsoft.windows.common-controls_6595b64144ccf1df_6.0.19041.4355_none_60b8b9eb71f62e16\COMCTL32.dll
0x00007ffe359c0000 - 0x00007ffe359ca000 	C:\Windows\SYSTEM32\VERSION.dll
0x00007ffe41a70000 - 0x00007ffe41a9f000 	C:\Windows\System32\IMM32.DLL
0x00007ffe04240000 - 0x00007ffe0424c000 	C:\Program Files\Java\jdk-21\bin\vcruntime140_1.dll
0x00007ffe03e60000 - 0x00007ffe03eee000 	C:\Program Files\Java\jdk-21\bin\msvcp140.dll
0x00007ffe04270000 - 0x00007ffe04f87000 	C:\Program Files\Java\jdk-21\bin\server\jvm.dll
0x00007ffe41bd0000 - 0x00007ffe41c3b000 	C:\Windows\System32\WS2_32.dll
0x00007ffe3fc40000 - 0x00007ffe3fc8b000 	C:\Windows\SYSTEM32\POWRPROF.dll
0x00007ffe2c510000 - 0x00007ffe2c537000 	C:\Windows\SYSTEM32\WINMM.dll
0x00007ffe3fc20000 - 0x00007ffe3fc32000 	C:\Windows\SYSTEM32\UMPDC.dll
0x00007ffe3ea20000 - 0x00007ffe3ea32000 	C:\Windows\SYSTEM32\kernel.appcore.dll
0x00007ffe041d0000 - 0x00007ffe041da000 	C:\Program Files\Java\jdk-21\bin\jimage.dll
0x00007ffe3e3c0000 - 0x00007ffe3e5a4000 	C:\Windows\SYSTEM32\DBGHELP.DLL
0x00007ffe261a0000 - 0x00007ffe261d4000 	C:\Windows\SYSTEM32\dbgcore.DLL
0x00007ffe406a0000 - 0x00007ffe40722000 	C:\Windows\System32\bcryptPrimitives.dll
0x00007ffe041e0000 - 0x00007ffe041ff000 	C:\Program Files\Java\jdk-21\bin\java.dll
0x00007ffe41c40000 - 0x00007ffe423ac000 	C:\Windows\System32\SHELL32.dll
0x00007ffe3db50000 - 0x00007ffe3e2ee000 	C:\Windows\SYSTEM32\windows.storage.dll
0x00007ffe40990000 - 0x00007ffe40ce3000 	C:\Windows\System32\combase.dll
0x00007ffe3f7f0000 - 0x00007ffe3f81e000 	C:\Windows\SYSTEM32\Wldp.dll
0x00007ffe426e0000 - 0x00007ffe427ad000 	C:\Windows\System32\OLEAUT32.dll
0x00007ffe41aa0000 - 0x00007ffe41b4d000 	C:\Windows\System32\SHCORE.dll
0x00007ffe40e90000 - 0x00007ffe40ee5000 	C:\Windows\System32\shlwapi.dll
0x00007ffe3fdd0000 - 0x00007ffe3fdf4000 	C:\Windows\SYSTEM32\profapi.dll
0x00007ffe040f0000 - 0x00007ffe041c7000 	C:\Program Files\Java\jdk-21\bin\jsvml.dll
0x00007ffe040e0000 - 0x00007ffe040f0000 	C:\Program Files\Java\jdk-21\bin\net.dll
0x00007ffe36800000 - 0x00007ffe3690a000 	C:\Windows\SYSTEM32\WINHTTP.dll
0x00007ffe3f550000 - 0x00007ffe3f5ba000 	C:\Windows\system32\mswsock.dll
0x00007ffe040c0000 - 0x00007ffe040d6000 	C:\Program Files\Java\jdk-21\bin\nio.dll
0x00007ffe040a0000 - 0x00007ffe040b8000 	C:\Program Files\Java\jdk-21\bin\zip.dll
0x00007ffe03ef0000 - 0x00007ffe0407f000 	C:\Program Files\Java\jdk-21\bin\awt.dll
0x00007ffe3c1d0000 - 0x00007ffe3c264000 	C:\Windows\SYSTEM32\apphelp.dll
0x00007ffe3d680000 - 0x00007ffe3d6af000 	C:\Windows\system32\DWMAPI.DLL
0x00007ffe3d470000 - 0x00007ffe3d50e000 	C:\Windows\system32\uxtheme.dll
0x00007ffe1d0a0000 - 0x00007ffe1d1c8000 	C:\Windows\system32\opengl32.dll
0x00007ffe1d030000 - 0x00007ffe1d05c000 	C:\Windows\SYSTEM32\GLU32.dll
0x00007ffe41950000 - 0x00007ffe41a64000 	C:\Windows\System32\MSCTF.dll
0x00007ffe424f0000 - 0x00007ffe4261b000 	C:\Windows\System32\ole32.dll
0x00007ffe04090000 - 0x00007ffe040a0000 	C:\Program Files\Java\jdk-21\bin\verify.dll
0x00007ffe03dd0000 - 0x00007ffe03e57000 	C:\Program Files\Java\jdk-21\bin\freetype.dll
0x00007ffe03ce0000 - 0x00007ffe03dc2000 	C:\Program Files\Java\jdk-21\bin\fontmanager.dll
0x00007ffe41380000 - 0x00007ffe41429000 	C:\Windows\System32\clbcatq.dll
0x00007ffe3d1b0000 - 0x00007ffe3d366000 	C:\Windows\SYSTEM32\WindowsCodecs.dll
0x00007ffe1c340000 - 0x00007ffe1c37e000 	C:\Windows\system32\dataexchange.dll
0x00007ffe3ac40000 - 0x00007ffe3ae24000 	C:\Windows\system32\dcomp.dll
0x00007ffe39cc0000 - 0x00007ffe39f23000 	C:\Windows\system32\d3d11.dll
0x00007ffe3e700000 - 0x00007ffe3e7f5000 	C:\Windows\system32\dxgi.dll
0x00007ffe38b30000 - 0x00007ffe38d33000 	C:\Windows\system32\twinapi.appcore.dll
0x00007ffe35780000 - 0x00007ffe35879000 	C:\Windows\SYSTEM32\textinputframework.dll
0x00007ffe3b510000 - 0x00007ffe3b602000 	C:\Windows\System32\CoreMessaging.dll
0x00007ffe3b1b0000 - 0x00007ffe3b50b000 	C:\Windows\System32\CoreUIComponents.dll
0x00007ffe3c270000 - 0x00007ffe3c3c7000 	C:\Windows\SYSTEM32\wintypes.dll
0x00007ffe3ef90000 - 0x00007ffe3efc3000 	C:\Windows\SYSTEM32\ntmarta.dll
0x00007ffe22180000 - 0x00007ffe221e6000 	C:\Windows\system32\Oleacc.dll

dbghelp: loaded successfully - version: 4.0.5 - missing functions: none
symbol engine: initialized successfully - sym options: 0x614 - pdb path: .;C:\Program Files\Java\jdk-21\bin;C:\Windows\SYSTEM32;C:\Windows\WinSxS\amd64_microsoft.windows.common-controls_6595b64144ccf1df_6.0.19041.4355_none_60b8b9eb71f62e16;C:\Program Files\Java\jdk-21\bin\server

VM Arguments:
jvm_args: -Dfile.encoding=UTF-8 --module-path=C:\Users\DELL\Documents\NetBeansProjects\bank management system\build\classes 
java_command: bank.management.system.SignUpOne
java_class_path (initial): C:\Users\DELL\Downloads\jcalendar-tz-1.3.3-4.jar;C:\Users\DELL\Documents\NetBeansProjects\bank management system\build\classes
Launcher Type: SUN_STANDARD

[Global flags]
     intx CICompilerCount                          = 3                                         {product} {ergonomic}
     uint ConcGCThreads                            = 1                                         {product} {ergonomic}
     uint G1ConcRefinementThreads                  = 4                                         {product} {ergonomic}
   size_t G1HeapRegionSize                         = 1048576                                   {product} {ergonomic}
    uintx GCDrainStackTargetSize                   = 64                                        {product} {ergonomic}
   size_t InitialHeapSize                          = 134217728                                 {product} {ergonomic}
   size_t MarkStackSize                            = 4194304                                   {product} {ergonomic}
   size_t MaxHeapSize                              = 2120220672                                {product} {ergonomic}
   size_t MaxNewSize                               = 1271922688                                {product} {ergonomic}
   size_t MinHeapDeltaBytes                        = 1048576                                   {product} {ergonomic}
   size_t MinHeapSize                              = 8388608                                   {product} {ergonomic}
    uintx NonNMethodCodeHeapSize                   = 5832780                                {pd product} {ergonomic}
    uintx NonProfiledCodeHeapSize                  = 122912730                              {pd product} {ergonomic}
    uintx ProfiledCodeHeapSize                     = 122912730                              {pd product} {ergonomic}
    uintx ReservedCodeCacheSize                    = 251658240                              {pd product} {ergonomic}
     bool SegmentedCodeCache                       = true                                      {product} {ergonomic}
   size_t SoftMaxHeapSize                          = 2120220672                             {manageable} {ergonomic}
     bool UseCompressedOops                        = true                           {product lp64_product} {ergonomic}
     bool UseG1GC                                  = true                                      {product} {ergonomic}
     bool UseLargePagesIndividualAllocation        = false                                  {pd product} {ergonomic}

Logging:
Log output configuration:
 #0: stdout all=warning uptime,level,tags foldmultilines=false
 #1: stderr all=off uptime,level,tags foldmultilines=false

Environment Variables:
JAVA_HOME=C:\Users\DELL\AppData\Local\Programs\Eclipse Adoptium\jdk-17.0.7.7-hotspot\
PATH=C:\Program Files\Common Files\Oracle\Java\javapath;C:\Windows\system32;C:\Windows;C:\Windows\System32\Wbem;C:\Windows\System32\WindowsPowerShell\v1.0\;C:\Windows\System32\OpenSSH\;C:\MinGW\bin;C:\Program Files\Java\jdk-20\bin;C:\Program Files\MySQL\MySQL Server 8.0\bin;C:\Program Files\Java\jdk-21\bin;C:\Program Files\Git\cmd;C:\Program Files\Git\mingw64\bin;C:\Program Files\Git\usr\bin;C:\Program Files\MySQL\MySQL Shell 8.0\bin\;C:\Users\DELL\AppData\Local\Programs\Eclipse Adoptium\jdk-17.0.7.7-hotspot\bin;C:\Users\DELL\AppData\Local\Microsoft\WindowsApps;;C:\Users\DELL\AppData\Local\Programs\Microsoft VS Code\bin;C:\Program Files\JetBrains\IntelliJ IDEA Community Edition 2023.1.2\java1\IntelliJ IDEA Community Edition 2023.1.2\bin;
USERNAME=DELL
OS=Windows_NT
PROCESSOR_IDENTIFIER=Intel64 Family 6 Model 78 Stepping 3, GenuineIntel
TMP=C:\Users\DELL\AppData\Local\Temp
TEMP=C:\Users\DELL\AppData\Local\Temp




Periodic native trim disabled

---------------  S Y S T E M  ---------------

OS:
 Windows 10 , 64 bit Build 19041 (10.0.19041.4597)
OS uptime: 0 days 3:44 hours

CPU: total 4 (initial active 4) (2 cores per cpu, 2 threads per core) family 6 model 78 stepping 3 microcode 0xcc, cx8, cmov, fxsr, ht, mmx, 3dnowpref, sse, sse2, sse3, ssse3, sse4.1, sse4.2, popcnt, lzcnt, tsc, tscinvbit, avx, avx2, aes, erms, clmul, bmi1, bmi2, rtm, adx, fma, vzeroupper, clflush, clflushopt, rdtscp, f16c
Processor Information for all 4 processors :
  Max Mhz: 2501, Current Mhz: 2501, Mhz Limit: 2501

Memory: 4k page, system-wide physical 8083M (643M free)
TotalPageFile size 20505M (AvailPageFile size 0M)
current process WorkingSet (physical memory assigned to process): 86M, peak: 96M
current process commit charge ("private bytes"): 219M, peak: 229M

vm_info: Java HotSpot(TM) 64-Bit Server VM (21.0.2+13-LTS-58) for windows-amd64 JRE (21.0.2+13-LTS-58), built on 2024-01-05T18:32:24Z by "mach5one" with MS VC++ 17.1 (VS2022)

END.
