#
# There is insufficient memory for the Java Runtime Environment to continue.
# Native memory allocation (malloc) failed to allocate 32744 bytes for Chunk::new
# Possible reasons:
#   The system is out of physical RAM or swap space
#   The process is running with CompressedOops enabled, and the Java Heap may be blocking the growth of the native heap
# Possible solutions:
#   Reduce memory load on the system
#   Increase physical memory or swap space
#   Check if swap backing store is full
#   Decrease Java heap size (-Xmx/-Xms)
#   Decrease number of Java threads
#   Decrease Java thread stack sizes (-Xss)
#   Set larger code cache with -XX:ReservedCodeCacheSize=
#   JVM is running with Unscaled Compressed Oops mode in which the Java heap is
#     placed in the first 4GB address space. The Java Heap base address is the
#     maximum limit for the native heap growth. Please use -XX:HeapBaseMinAddress
#     to set the Java Heap base and to place the Java Heap above 4GB virtual address.
# This output file may be truncated or incomplete.
#
#  Out of Memory Error (arena.cpp:168), pid=17104, tid=18704
#
# JRE version: Java(TM) SE Runtime Environment (21.0.2+13) (build 21.0.2+13-LTS-58)
# Java VM: Java HotSpot(TM) 64-Bit Server VM (21.0.2+13-LTS-58, mixed mode, sharing, tiered, compressed oops, compressed class ptrs, g1 gc, windows-amd64)
# No core dump will be written. Minidumps are not enabled by default on client versions of Windows
#

---------------  S U M M A R Y ------------

Command Line: -Dfile.encoding=UTF-8 --module-path=C:\Users\DELL\Documents\NetBeansProjects\bank management system\build\classes bank.management.system.SignUpThree

Host: Intel(R) Core(TM) i5-6300U CPU @ 2.40GHz, 4 cores, 7G,  Windows 10 , 64 bit Build 19041 (10.0.19041.4597)
Time: Thu Jul 25 23:51:05 2024 India Standard Time elapsed time: 1.118651 seconds (0d 0h 0m 1s)

---------------  T H R E A D  ---------------

Current thread (0x00000197e58d2e10):  JavaThread "C2 CompilerThread0" daemon [_thread_in_native, id=18704, stack(0x0000007d31600000,0x0000007d31700000) (1024K)]


Current CompileTask:
C2:   1118 1019   !   4       sun.font.TrueTypeFont::getTableBuffer (208 bytes)

Stack: [0x0000007d31600000,0x0000007d31700000]
Native frames: (J=compiled Java code, j=interpreted, Vv=VM code, C=native code)
V  [jvm.dll+0x6cade9]
V  [jvm.dll+0x8569c1]
V  [jvm.dll+0x858d2e]
V  [jvm.dll+0x859413]
V  [jvm.dll+0x280e56]
V  [jvm.dll+0xc3f3d]
V  [jvm.dll+0xc4473]
V  [jvm.dll+0x654a5b]
V  [jvm.dll+0x65abb9]
V  [jvm.dll+0x65bbd6]
V  [jvm.dll+0x659f0d]
V  [jvm.dll+0x249a55]
V  [jvm.dll+0x2491b1]
V  [jvm.dll+0x1c9634]
V  [jvm.dll+0x258859]
V  [jvm.dll+0x256e3a]
V  [jvm.dll+0x3ef6c6]
V  [jvm.dll+0x7ff568]
V  [jvm.dll+0x6c953d]
C  [ucrtbase.dll+0x21bb2]
C  [KERNEL32.DLL+0x17374]
C  [ntdll.dll+0x4cc91]


---------------  P R O C E S S  ---------------

Threads class SMR info:
_java_thread_list=0x00000197eba1f210, length=16, elements={
0x00000197e58ca650, 0x00000197e58cb570, 0x00000197e58d0160, 0x00000197e58d0bc0,
0x00000197e58d1620, 0x00000197e58d2080, 0x00000197e58d2e10, 0x00000197e5a48070,
0x00000197e5a875a0, 0x00000197e5c06070, 0x00000197e5d73df0, 0x00000197e5d74460,
0x00000197e5d74fb0, 0x00000197e5df9540, 0x00000197c76c7660, 0x00000197ebd016b0
}

Java Threads: ( => current thread )
  0x00000197e58ca650 JavaThread "Reference Handler"          daemon [_thread_blocked, id=13072, stack(0x0000007d31000000,0x0000007d31100000) (1024K)]
  0x00000197e58cb570 JavaThread "Finalizer"                  daemon [_thread_blocked, id=3912, stack(0x0000007d31100000,0x0000007d31200000) (1024K)]
  0x00000197e58d0160 JavaThread "Signal Dispatcher"          daemon [_thread_blocked, id=8064, stack(0x0000007d31200000,0x0000007d31300000) (1024K)]
  0x00000197e58d0bc0 JavaThread "Attach Listener"            daemon [_thread_blocked, id=16992, stack(0x0000007d31300000,0x0000007d31400000) (1024K)]
  0x00000197e58d1620 JavaThread "Service Thread"             daemon [_thread_blocked, id=7432, stack(0x0000007d31400000,0x0000007d31500000) (1024K)]
  0x00000197e58d2080 JavaThread "Monitor Deflation Thread"   daemon [_thread_blocked, id=15856, stack(0x0000007d31500000,0x0000007d31600000) (1024K)]
=>0x00000197e58d2e10 JavaThread "C2 CompilerThread0"         daemon [_thread_in_native, id=18704, stack(0x0000007d31600000,0x0000007d31700000) (1024K)]
  0x00000197e5a48070 JavaThread "C1 CompilerThread0"         daemon [_thread_blocked, id=7028, stack(0x0000007d31700000,0x0000007d31800000) (1024K)]
  0x00000197e5a875a0 JavaThread "Common-Cleaner"             daemon [_thread_blocked, id=6868, stack(0x0000007d31800000,0x0000007d31900000) (1024K)]
  0x00000197e5c06070 JavaThread "Notification Thread"        daemon [_thread_blocked, id=17348, stack(0x0000007d31900000,0x0000007d31a00000) (1024K)]
  0x00000197e5d73df0 JavaThread "Java2D Disposer"            daemon [_thread_blocked, id=8360, stack(0x0000007d31c00000,0x0000007d31d00000) (1024K)]
  0x00000197e5d74460 JavaThread "AWT-Shutdown"                      [_thread_blocked, id=7816, stack(0x0000007d31d00000,0x0000007d31e00000) (1024K)]
  0x00000197e5d74fb0 JavaThread "AWT-Windows"                daemon [_thread_in_native, id=13020, stack(0x0000007d31e00000,0x0000007d31f00000) (1024K)]
  0x00000197e5df9540 JavaThread "AWT-EventQueue-0"                  [_thread_in_vm, id=14696, stack(0x0000007d31f00000,0x0000007d32000000) (1024K)]
  0x00000197c76c7660 JavaThread "DestroyJavaVM"                     [_thread_blocked, id=15132, stack(0x0000007d30800000,0x0000007d30900000) (1024K)]
  0x00000197ebd016b0 JavaThread "C2 CompilerThread1"         daemon [_thread_blocked, id=20280, stack(0x0000007d32200000,0x0000007d32300000) (1024K)]
Total: 16

Other Threads:
  0x00000197e58a9e90 VMThread "VM Thread"                           [id=18232, stack(0x0000007d30f00000,0x0000007d31000000) (1024K)]
  0x00000197e5894c40 WatcherThread "VM Periodic Task Thread"        [id=18072, stack(0x0000007d30e00000,0x0000007d30f00000) (1024K)]
  0x00000197c984b8d0 WorkerThread "GC Thread#0"                     [id=17012, stack(0x0000007d30900000,0x0000007d30a00000) (1024K)]
  0x00000197eba2cad0 WorkerThread "GC Thread#1"                     [id=19572, stack(0x0000007d31a00000,0x0000007d31b00000) (1024K)]
  0x00000197eba2ce70 WorkerThread "GC Thread#2"                     [id=11376, stack(0x0000007d32000000,0x0000007d32100000) (1024K)]
  0x00000197eba2d210 WorkerThread "GC Thread#3"                     [id=16496, stack(0x0000007d32100000,0x0000007d32200000) (1024K)]
  0x00000197c985f600 ConcurrentGCThread "G1 Main Marker"            [id=5524, stack(0x0000007d30a00000,0x0000007d30b00000) (1024K)]
  0x00000197c9860010 WorkerThread "G1 Conc#0"                       [id=10424, stack(0x0000007d30b00000,0x0000007d30c00000) (1024K)]
  0x00000197e57570d0 ConcurrentGCThread "G1 Refine#0"               [id=13944, stack(0x0000007d30c00000,0x0000007d30d00000) (1024K)]
  0x00000197e5757b50 ConcurrentGCThread "G1 Service"                [id=14216, stack(0x0000007d30d00000,0x0000007d30e00000) (1024K)]
Total: 10

Threads with active compile tasks:
C2 CompilerThread0     1164 1019   !   4       sun.font.TrueTypeFont::getTableBuffer (208 bytes)
Total: 1

VM state: not at safepoint (normal execution)

VM Mutex/Monitor currently owned by a thread:  ([mutex/lock_event])
[0x00007ff92b0cace8] Metaspace_lock - owner thread: 0x00000197e5df9540

Heap address: 0x0000000081a00000, size: 2022 MB, Compressed Oops mode: 32-bit

CDS archive(s) mapped at: [0x0000019780000000-0x0000019780c90000-0x0000019780c90000), size 13172736, SharedBaseAddress: 0x0000019780000000, ArchiveRelocationMode: 1.
Compressed class space mapped at: 0x0000019781000000-0x00000197c1000000, reserved size: 1073741824
Narrow klass base: 0x0000019780000000, Narrow klass shift: 0, Narrow klass range: 0x100000000

GC Precious Log:
 CardTable entry size: 512
 Card Set container configuration: InlinePtr #cards 5 size 8 Array Of Cards #cards 12 size 40 Howl #buckets 4 coarsen threshold 1843 Howl Bitmap #cards 512 size 80 coarsen threshold 460 Card regions per heap region 1 cards per card region 2048
 CPUs: 4 total, 4 available
 Memory: 8083M
 Large Page Support: Disabled
 NUMA Support: Disabled
 Compressed Oops: Enabled (32-bit)
 Heap Region Size: 1M
 Heap Min Capacity: 8M
 Heap Initial Capacity: 128M
 Heap Max Capacity: 2022M
 Pre-touch: Disabled
 Parallel Workers: 4
 Concurrent Workers: 1
 Concurrent Refinement Workers: 4
 Periodic GC: Disabled

Heap:
 garbage-first heap   total 131072K, used 13312K [0x0000000081a00000, 0x0000000100000000)
  region size 1024K, 5 young (5120K), 2 survivors (2048K)
 Metaspace       used 6808K, committed 6976K, reserved 1114112K
  class space    used 713K, committed 832K, reserved 1048576K

Heap Regions: E=young(eden), S=young(survivor), O=old, HS=humongous(starts), HC=humongous(continues), CS=collection set, F=free, TAMS=top-at-mark-start, PB=parsable bottom
|   0|0x0000000081a00000, 0x0000000081b00000, 0x0000000081b00000|100%|HS|  |TAMS 0x0000000081a00000| PB 0x0000000081a00000| Complete 
|   1|0x0000000081b00000, 0x0000000081c00000, 0x0000000081c00000|100%|HC|  |TAMS 0x0000000081b00000| PB 0x0000000081b00000| Complete 
|   2|0x0000000081c00000, 0x0000000081d00000, 0x0000000081d00000|100%|HC|  |TAMS 0x0000000081c00000| PB 0x0000000081c00000| Complete 
|   3|0x0000000081d00000, 0x0000000081e00000, 0x0000000081e00000|100%|HC|  |TAMS 0x0000000081d00000| PB 0x0000000081d00000| Complete 
|   4|0x0000000081e00000, 0x0000000081f00000, 0x0000000081f00000|100%|HC|  |TAMS 0x0000000081e00000| PB 0x0000000081e00000| Complete 
|   5|0x0000000081f00000, 0x0000000082000000, 0x0000000082000000|100%|HC|  |TAMS 0x0000000081f00000| PB 0x0000000081f00000| Complete 
|   6|0x0000000082000000, 0x0000000082100000, 0x0000000082100000|100%|HC|  |TAMS 0x0000000082000000| PB 0x0000000082000000| Complete 
|   7|0x0000000082100000, 0x0000000082200000, 0x0000000082200000|100%|HC|  |TAMS 0x0000000082100000| PB 0x0000000082100000| Complete 
|   8|0x0000000082200000, 0x0000000082300000, 0x0000000082300000|100%| O|  |TAMS 0x0000000082200000| PB 0x0000000082200000| Untracked 
|   9|0x0000000082300000, 0x0000000082300000, 0x0000000082400000|  0%| F|  |TAMS 0x0000000082300000| PB 0x0000000082300000| Untracked 
|  10|0x0000000082400000, 0x0000000082400000, 0x0000000082500000|  0%| F|  |TAMS 0x0000000082400000| PB 0x0000000082400000| Untracked 
|  11|0x0000000082500000, 0x0000000082500000, 0x0000000082600000|  0%| F|  |TAMS 0x0000000082500000| PB 0x0000000082500000| Untracked 
|  12|0x0000000082600000, 0x0000000082600000, 0x0000000082700000|  0%| F|  |TAMS 0x0000000082600000| PB 0x0000000082600000| Untracked 
|  13|0x0000000082700000, 0x0000000082700000, 0x0000000082800000|  0%| F|  |TAMS 0x0000000082700000| PB 0x0000000082700000| Untracked 
|  14|0x0000000082800000, 0x0000000082800000, 0x0000000082900000|  0%| F|  |TAMS 0x0000000082800000| PB 0x0000000082800000| Untracked 
|  15|0x0000000082900000, 0x0000000082900000, 0x0000000082a00000|  0%| F|  |TAMS 0x0000000082900000| PB 0x0000000082900000| Untracked 
|  16|0x0000000082a00000, 0x0000000082a00000, 0x0000000082b00000|  0%| F|  |TAMS 0x0000000082a00000| PB 0x0000000082a00000| Untracked 
|  17|0x0000000082b00000, 0x0000000082b00000, 0x0000000082c00000|  0%| F|  |TAMS 0x0000000082b00000| PB 0x0000000082b00000| Untracked 
|  18|0x0000000082c00000, 0x0000000082c00000, 0x0000000082d00000|  0%| F|  |TAMS 0x0000000082c00000| PB 0x0000000082c00000| Untracked 
|  19|0x0000000082d00000, 0x0000000082d00000, 0x0000000082e00000|  0%| F|  |TAMS 0x0000000082d00000| PB 0x0000000082d00000| Untracked 
|  20|0x0000000082e00000, 0x0000000082e00000, 0x0000000082f00000|  0%| F|  |TAMS 0x0000000082e00000| PB 0x0000000082e00000| Untracked 
|  21|0x0000000082f00000, 0x0000000082f00000, 0x0000000083000000|  0%| F|  |TAMS 0x0000000082f00000| PB 0x0000000082f00000| Untracked 
|  22|0x0000000083000000, 0x0000000083000000, 0x0000000083100000|  0%| F|  |TAMS 0x0000000083000000| PB 0x0000000083000000| Untracked 
|  23|0x0000000083100000, 0x0000000083100000, 0x0000000083200000|  0%| F|  |TAMS 0x0000000083100000| PB 0x0000000083100000| Untracked 
|  24|0x0000000083200000, 0x0000000083200000, 0x0000000083300000|  0%| F|  |TAMS 0x0000000083200000| PB 0x0000000083200000| Untracked 
|  25|0x0000000083300000, 0x0000000083300000, 0x0000000083400000|  0%| F|  |TAMS 0x0000000083300000| PB 0x0000000083300000| Untracked 
|  26|0x0000000083400000, 0x0000000083400000, 0x0000000083500000|  0%| F|  |TAMS 0x0000000083400000| PB 0x0000000083400000| Untracked 
|  27|0x0000000083500000, 0x0000000083500000, 0x0000000083600000|  0%| F|  |TAMS 0x0000000083500000| PB 0x0000000083500000| Untracked 
|  28|0x0000000083600000, 0x0000000083600000, 0x0000000083700000|  0%| F|  |TAMS 0x0000000083600000| PB 0x0000000083600000| Untracked 
|  29|0x0000000083700000, 0x0000000083700000, 0x0000000083800000|  0%| F|  |TAMS 0x0000000083700000| PB 0x0000000083700000| Untracked 
|  30|0x0000000083800000, 0x0000000083800000, 0x0000000083900000|  0%| F|  |TAMS 0x0000000083800000| PB 0x0000000083800000| Untracked 
|  31|0x0000000083900000, 0x0000000083900000, 0x0000000083a00000|  0%| F|  |TAMS 0x0000000083900000| PB 0x0000000083900000| Untracked 
|  32|0x0000000083a00000, 0x0000000083a00000, 0x0000000083b00000|  0%| F|  |TAMS 0x0000000083a00000| PB 0x0000000083a00000| Untracked 
|  33|0x0000000083b00000, 0x0000000083b00000, 0x0000000083c00000|  0%| F|  |TAMS 0x0000000083b00000| PB 0x0000000083b00000| Untracked 
|  34|0x0000000083c00000, 0x0000000083c00000, 0x0000000083d00000|  0%| F|  |TAMS 0x0000000083c00000| PB 0x0000000083c00000| Untracked 
|  35|0x0000000083d00000, 0x0000000083d00000, 0x0000000083e00000|  0%| F|  |TAMS 0x0000000083d00000| PB 0x0000000083d00000| Untracked 
|  36|0x0000000083e00000, 0x0000000083e00000, 0x0000000083f00000|  0%| F|  |TAMS 0x0000000083e00000| PB 0x0000000083e00000| Untracked 
|  37|0x0000000083f00000, 0x0000000083f00000, 0x0000000084000000|  0%| F|  |TAMS 0x0000000083f00000| PB 0x0000000083f00000| Untracked 
|  38|0x0000000084000000, 0x0000000084000000, 0x0000000084100000|  0%| F|  |TAMS 0x0000000084000000| PB 0x0000000084000000| Untracked 
|  39|0x0000000084100000, 0x0000000084100000, 0x0000000084200000|  0%| F|  |TAMS 0x0000000084100000| PB 0x0000000084100000| Untracked 
|  40|0x0000000084200000, 0x0000000084200000, 0x0000000084300000|  0%| F|  |TAMS 0x0000000084200000| PB 0x0000000084200000| Untracked 
|  41|0x0000000084300000, 0x0000000084300000, 0x0000000084400000|  0%| F|  |TAMS 0x0000000084300000| PB 0x0000000084300000| Untracked 
|  42|0x0000000084400000, 0x0000000084400000, 0x0000000084500000|  0%| F|  |TAMS 0x0000000084400000| PB 0x0000000084400000| Untracked 
|  43|0x0000000084500000, 0x0000000084500000, 0x0000000084600000|  0%| F|  |TAMS 0x0000000084500000| PB 0x0000000084500000| Untracked 
|  44|0x0000000084600000, 0x0000000084600000, 0x0000000084700000|  0%| F|  |TAMS 0x0000000084600000| PB 0x0000000084600000| Untracked 
|  45|0x0000000084700000, 0x0000000084700000, 0x0000000084800000|  0%| F|  |TAMS 0x0000000084700000| PB 0x0000000084700000| Untracked 
|  46|0x0000000084800000, 0x0000000084800000, 0x0000000084900000|  0%| F|  |TAMS 0x0000000084800000| PB 0x0000000084800000| Untracked 
|  47|0x0000000084900000, 0x0000000084900000, 0x0000000084a00000|  0%| F|  |TAMS 0x0000000084900000| PB 0x0000000084900000| Untracked 
|  48|0x0000000084a00000, 0x0000000084a00000, 0x0000000084b00000|  0%| F|  |TAMS 0x0000000084a00000| PB 0x0000000084a00000| Untracked 
|  49|0x0000000084b00000, 0x0000000084b00000, 0x0000000084c00000|  0%| F|  |TAMS 0x0000000084b00000| PB 0x0000000084b00000| Untracked 
|  50|0x0000000084c00000, 0x0000000084c00000, 0x0000000084d00000|  0%| F|  |TAMS 0x0000000084c00000| PB 0x0000000084c00000| Untracked 
|  51|0x0000000084d00000, 0x0000000084d00000, 0x0000000084e00000|  0%| F|  |TAMS 0x0000000084d00000| PB 0x0000000084d00000| Untracked 
|  52|0x0000000084e00000, 0x0000000084e00000, 0x0000000084f00000|  0%| F|  |TAMS 0x0000000084e00000| PB 0x0000000084e00000| Untracked 
|  53|0x0000000084f00000, 0x0000000084f00000, 0x0000000085000000|  0%| F|  |TAMS 0x0000000084f00000| PB 0x0000000084f00000| Untracked 
|  54|0x0000000085000000, 0x0000000085000000, 0x0000000085100000|  0%| F|  |TAMS 0x0000000085000000| PB 0x0000000085000000| Untracked 
|  55|0x0000000085100000, 0x0000000085100000, 0x0000000085200000|  0%| F|  |TAMS 0x0000000085100000| PB 0x0000000085100000| Untracked 
|  56|0x0000000085200000, 0x0000000085200000, 0x0000000085300000|  0%| F|  |TAMS 0x0000000085200000| PB 0x0000000085200000| Untracked 
|  57|0x0000000085300000, 0x0000000085300000, 0x0000000085400000|  0%| F|  |TAMS 0x0000000085300000| PB 0x0000000085300000| Untracked 
|  58|0x0000000085400000, 0x0000000085400000, 0x0000000085500000|  0%| F|  |TAMS 0x0000000085400000| PB 0x0000000085400000| Untracked 
|  59|0x0000000085500000, 0x0000000085500000, 0x0000000085600000|  0%| F|  |TAMS 0x0000000085500000| PB 0x0000000085500000| Untracked 
|  60|0x0000000085600000, 0x0000000085600000, 0x0000000085700000|  0%| F|  |TAMS 0x0000000085600000| PB 0x0000000085600000| Untracked 
|  61|0x0000000085700000, 0x0000000085700000, 0x0000000085800000|  0%| F|  |TAMS 0x0000000085700000| PB 0x0000000085700000| Untracked 
|  62|0x0000000085800000, 0x0000000085800000, 0x0000000085900000|  0%| F|  |TAMS 0x0000000085800000| PB 0x0000000085800000| Untracked 
|  63|0x0000000085900000, 0x0000000085900000, 0x0000000085a00000|  0%| F|  |TAMS 0x0000000085900000| PB 0x0000000085900000| Untracked 
|  64|0x0000000085a00000, 0x0000000085a00000, 0x0000000085b00000|  0%| F|  |TAMS 0x0000000085a00000| PB 0x0000000085a00000| Untracked 
|  65|0x0000000085b00000, 0x0000000085b00000, 0x0000000085c00000|  0%| F|  |TAMS 0x0000000085b00000| PB 0x0000000085b00000| Untracked 
|  66|0x0000000085c00000, 0x0000000085c00000, 0x0000000085d00000|  0%| F|  |TAMS 0x0000000085c00000| PB 0x0000000085c00000| Untracked 
|  67|0x0000000085d00000, 0x0000000085d00000, 0x0000000085e00000|  0%| F|  |TAMS 0x0000000085d00000| PB 0x0000000085d00000| Untracked 
|  68|0x0000000085e00000, 0x0000000085e00000, 0x0000000085f00000|  0%| F|  |TAMS 0x0000000085e00000| PB 0x0000000085e00000| Untracked 
|  69|0x0000000085f00000, 0x0000000085f00000, 0x0000000086000000|  0%| F|  |TAMS 0x0000000085f00000| PB 0x0000000085f00000| Untracked 
|  70|0x0000000086000000, 0x0000000086000000, 0x0000000086100000|  0%| F|  |TAMS 0x0000000086000000| PB 0x0000000086000000| Untracked 
|  71|0x0000000086100000, 0x0000000086100000, 0x0000000086200000|  0%| F|  |TAMS 0x0000000086100000| PB 0x0000000086100000| Untracked 
|  72|0x0000000086200000, 0x0000000086200000, 0x0000000086300000|  0%| F|  |TAMS 0x0000000086200000| PB 0x0000000086200000| Untracked 
|  73|0x0000000086300000, 0x0000000086300000, 0x0000000086400000|  0%| F|  |TAMS 0x0000000086300000| PB 0x0000000086300000| Untracked 
|  74|0x0000000086400000, 0x0000000086400000, 0x0000000086500000|  0%| F|  |TAMS 0x0000000086400000| PB 0x0000000086400000| Untracked 
|  75|0x0000000086500000, 0x0000000086500000, 0x0000000086600000|  0%| F|  |TAMS 0x0000000086500000| PB 0x0000000086500000| Untracked 
|  76|0x0000000086600000, 0x0000000086600000, 0x0000000086700000|  0%| F|  |TAMS 0x0000000086600000| PB 0x0000000086600000| Untracked 
|  77|0x0000000086700000, 0x0000000086700000, 0x0000000086800000|  0%| F|  |TAMS 0x0000000086700000| PB 0x0000000086700000| Untracked 
|  78|0x0000000086800000, 0x0000000086800000, 0x0000000086900000|  0%| F|  |TAMS 0x0000000086800000| PB 0x0000000086800000| Untracked 
|  79|0x0000000086900000, 0x0000000086900000, 0x0000000086a00000|  0%| F|  |TAMS 0x0000000086900000| PB 0x0000000086900000| Untracked 
|  80|0x0000000086a00000, 0x0000000086a00000, 0x0000000086b00000|  0%| F|  |TAMS 0x0000000086a00000| PB 0x0000000086a00000| Untracked 
|  81|0x0000000086b00000, 0x0000000086b00000, 0x0000000086c00000|  0%| F|  |TAMS 0x0000000086b00000| PB 0x0000000086b00000| Untracked 
|  82|0x0000000086c00000, 0x0000000086c00000, 0x0000000086d00000|  0%| F|  |TAMS 0x0000000086c00000| PB 0x0000000086c00000| Untracked 
|  83|0x0000000086d00000, 0x0000000086d00000, 0x0000000086e00000|  0%| F|  |TAMS 0x0000000086d00000| PB 0x0000000086d00000| Untracked 
|  84|0x0000000086e00000, 0x0000000086e00000, 0x0000000086f00000|  0%| F|  |TAMS 0x0000000086e00000| PB 0x0000000086e00000| Untracked 
|  85|0x0000000086f00000, 0x0000000086f00000, 0x0000000087000000|  0%| F|  |TAMS 0x0000000086f00000| PB 0x0000000086f00000| Untracked 
|  86|0x0000000087000000, 0x0000000087000000, 0x0000000087100000|  0%| F|  |TAMS 0x0000000087000000| PB 0x0000000087000000| Untracked 
|  87|0x0000000087100000, 0x0000000087100000, 0x0000000087200000|  0%| F|  |TAMS 0x0000000087100000| PB 0x0000000087100000| Untracked 
|  88|0x0000000087200000, 0x0000000087200000, 0x0000000087300000|  0%| F|  |TAMS 0x0000000087200000| PB 0x0000000087200000| Untracked 
|  89|0x0000000087300000, 0x0000000087300000, 0x0000000087400000|  0%| F|  |TAMS 0x0000000087300000| PB 0x0000000087300000| Untracked 
|  90|0x0000000087400000, 0x0000000087400000, 0x0000000087500000|  0%| F|  |TAMS 0x0000000087400000| PB 0x0000000087400000| Untracked 
|  91|0x0000000087500000, 0x0000000087500000, 0x0000000087600000|  0%| F|  |TAMS 0x0000000087500000| PB 0x0000000087500000| Untracked 
|  92|0x0000000087600000, 0x0000000087600000, 0x0000000087700000|  0%| F|  |TAMS 0x0000000087600000| PB 0x0000000087600000| Untracked 
|  93|0x0000000087700000, 0x0000000087700000, 0x0000000087800000|  0%| F|  |TAMS 0x0000000087700000| PB 0x0000000087700000| Untracked 
|  94|0x0000000087800000, 0x0000000087800000, 0x0000000087900000|  0%| F|  |TAMS 0x0000000087800000| PB 0x0000000087800000| Untracked 
|  95|0x0000000087900000, 0x0000000087900000, 0x0000000087a00000|  0%| F|  |TAMS 0x0000000087900000| PB 0x0000000087900000| Untracked 
|  96|0x0000000087a00000, 0x0000000087a00000, 0x0000000087b00000|  0%| F|  |TAMS 0x0000000087a00000| PB 0x0000000087a00000| Untracked 
|  97|0x0000000087b00000, 0x0000000087b00000, 0x0000000087c00000|  0%| F|  |TAMS 0x0000000087b00000| PB 0x0000000087b00000| Untracked 
|  98|0x0000000087c00000, 0x0000000087c00000, 0x0000000087d00000|  0%| F|  |TAMS 0x0000000087c00000| PB 0x0000000087c00000| Untracked 
|  99|0x0000000087d00000, 0x0000000087d00000, 0x0000000087e00000|  0%| F|  |TAMS 0x0000000087d00000| PB 0x0000000087d00000| Untracked 
| 100|0x0000000087e00000, 0x0000000087e00000, 0x0000000087f00000|  0%| F|  |TAMS 0x0000000087e00000| PB 0x0000000087e00000| Untracked 
| 101|0x0000000087f00000, 0x0000000087f00000, 0x0000000088000000|  0%| F|  |TAMS 0x0000000087f00000| PB 0x0000000087f00000| Untracked 
| 102|0x0000000088000000, 0x0000000088000000, 0x0000000088100000|  0%| F|  |TAMS 0x0000000088000000| PB 0x0000000088000000| Untracked 
| 103|0x0000000088100000, 0x0000000088100000, 0x0000000088200000|  0%| F|  |TAMS 0x0000000088100000| PB 0x0000000088100000| Untracked 
| 104|0x0000000088200000, 0x0000000088200000, 0x0000000088300000|  0%| F|  |TAMS 0x0000000088200000| PB 0x0000000088200000| Untracked 
| 105|0x0000000088300000, 0x0000000088300000, 0x0000000088400000|  0%| F|  |TAMS 0x0000000088300000| PB 0x0000000088300000| Untracked 
| 106|0x0000000088400000, 0x0000000088400000, 0x0000000088500000|  0%| F|  |TAMS 0x0000000088400000| PB 0x0000000088400000| Untracked 
| 107|0x0000000088500000, 0x0000000088500000, 0x0000000088600000|  0%| F|  |TAMS 0x0000000088500000| PB 0x0000000088500000| Untracked 
| 108|0x0000000088600000, 0x0000000088600000, 0x0000000088700000|  0%| F|  |TAMS 0x0000000088600000| PB 0x0000000088600000| Untracked 
| 109|0x0000000088700000, 0x0000000088700000, 0x0000000088800000|  0%| F|  |TAMS 0x0000000088700000| PB 0x0000000088700000| Untracked 
| 110|0x0000000088800000, 0x0000000088800000, 0x0000000088900000|  0%| F|  |TAMS 0x0000000088800000| PB 0x0000000088800000| Untracked 
| 111|0x0000000088900000, 0x0000000088900000, 0x0000000088a00000|  0%| F|  |TAMS 0x0000000088900000| PB 0x0000000088900000| Untracked 
| 112|0x0000000088a00000, 0x0000000088a00000, 0x0000000088b00000|  0%| F|  |TAMS 0x0000000088a00000| PB 0x0000000088a00000| Untracked 
| 113|0x0000000088b00000, 0x0000000088c00000, 0x0000000088c00000|100%| S|CS|TAMS 0x0000000088b00000| PB 0x0000000088b00000| Complete 
| 114|0x0000000088c00000, 0x0000000088d00000, 0x0000000088d00000|100%| S|CS|TAMS 0x0000000088c00000| PB 0x0000000088c00000| Complete 
| 115|0x0000000088d00000, 0x0000000088d00000, 0x0000000088e00000|  0%| F|  |TAMS 0x0000000088d00000| PB 0x0000000088d00000| Untracked 
| 116|0x0000000088e00000, 0x0000000088e00000, 0x0000000088f00000|  0%| F|  |TAMS 0x0000000088e00000| PB 0x0000000088e00000| Untracked 
| 117|0x0000000088f00000, 0x0000000088f00000, 0x0000000089000000|  0%| F|  |TAMS 0x0000000088f00000| PB 0x0000000088f00000| Untracked 
| 118|0x0000000089000000, 0x0000000089000000, 0x0000000089100000|  0%| F|  |TAMS 0x0000000089000000| PB 0x0000000089000000| Untracked 
| 119|0x0000000089100000, 0x0000000089100000, 0x0000000089200000|  0%| F|  |TAMS 0x0000000089100000| PB 0x0000000089100000| Untracked 
| 120|0x0000000089200000, 0x0000000089200000, 0x0000000089300000|  0%| F|  |TAMS 0x0000000089200000| PB 0x0000000089200000| Untracked 
| 121|0x0000000089300000, 0x0000000089300000, 0x0000000089400000|  0%| F|  |TAMS 0x0000000089300000| PB 0x0000000089300000| Untracked 
| 122|0x0000000089400000, 0x0000000089400000, 0x0000000089500000|  0%| F|  |TAMS 0x0000000089400000| PB 0x0000000089400000| Untracked 
| 123|0x0000000089500000, 0x0000000089500000, 0x0000000089600000|  0%| F|  |TAMS 0x0000000089500000| PB 0x0000000089500000| Untracked 
| 124|0x0000000089600000, 0x0000000089600000, 0x0000000089700000|  0%| F|  |TAMS 0x0000000089600000| PB 0x0000000089600000| Untracked 
| 125|0x0000000089700000, 0x00000000897e3258, 0x0000000089800000| 88%| E|  |TAMS 0x0000000089700000| PB 0x0000000089700000| Complete 
| 126|0x0000000089800000, 0x0000000089900000, 0x0000000089900000|100%| E|CS|TAMS 0x0000000089800000| PB 0x0000000089800000| Complete 
| 127|0x0000000089900000, 0x0000000089a00000, 0x0000000089a00000|100%| E|CS|TAMS 0x0000000089900000| PB 0x0000000089900000| Complete 

Card table byte_map: [0x00000197e1070000,0x00000197e1470000] _byte_map_base: 0x00000197e0c63000

Marking Bits: (CMBitMap*) 0x00000197c984cef0
 Bits: [0x00000197e1470000, 0x00000197e3408000)

Polling page: 0x00000197c77d0000

Metaspace:

Usage:
  Non-class:      5.95 MB used.
      Class:    713.34 KB used.
       Both:      6.65 MB used.

Virtual space:
  Non-class space:       64.00 MB reserved,       6.00 MB (  9%) committed,  1 nodes.
      Class space:        1.00 GB reserved,     832.00 KB ( <1%) committed,  1 nodes.
             Both:        1.06 GB reserved,       6.81 MB ( <1%) committed. 

Chunk freelists:
   Non-Class:  9.00 MB
       Class:  15.24 MB
        Both:  24.24 MB

MaxMetaspaceSize: unlimited
CompressedClassSpaceSize: 1.00 GB
Initial GC threshold: 21.00 MB
Current GC threshold: 21.00 MB
CDS: on
 - commit_granule_bytes: 65536.
 - commit_granule_words: 8192.
 - virtual_space_node_default_size: 8388608.
 - enlarge_chunks_in_place: 1.
 - use_allocation_guard: 0.


Internal statistics:

num_allocs_failed_limit: 0.
num_arena_births: 140.
num_arena_deaths: 0.
num_vsnodes_births: 2.
num_vsnodes_deaths: 0.
num_space_committed: 109.
num_space_uncommitted: 0.
num_chunks_returned_to_freelist: 0.
num_chunks_taken_from_freelist: 178.
num_chunk_merges: 0.
num_chunk_splits: 105.
num_chunks_enlarged: 38.
num_inconsistent_stats: 0.

CodeHeap 'non-profiled nmethods': size=120000Kb used=292Kb max_used=292Kb free=119707Kb
 bounds [0x00000197d9740000, 0x00000197d99b0000, 0x00000197e0c70000]
CodeHeap 'profiled nmethods': size=120000Kb used=1652Kb max_used=1652Kb free=118347Kb
 bounds [0x00000197d1c70000, 0x00000197d1ee0000, 0x00000197d91a0000]
CodeHeap 'non-nmethods': size=5760Kb used=1508Kb max_used=1523Kb free=4251Kb
 bounds [0x00000197d91a0000, 0x00000197d9410000, 0x00000197d9740000]
 total_blobs=1625 nmethods=1039 adapters=491
 compilation: enabled
              stopped_count=0, restarted_count=0
 full_count=0

Compilation events (20 events):
Event: 1.078 Thread 0x00000197e5a48070 nmethod 1032 0x00000197d1e08a10 code [0x00000197d1e08c00, 0x00000197d1e08ff0]
Event: 1.078 Thread 0x00000197e5a48070 1030       3       java.util.concurrent.locks.ReentrantLock$Sync::tryRelease (51 bytes)
Event: 1.078 Thread 0x00000197e5a48070 nmethod 1030 0x00000197d1e09110 code [0x00000197d1e092e0, 0x00000197d1e09608]
Event: 1.084 Thread 0x00000197e5a48070 1033   !   3       sun.font.TrueTypeFont::getAllFullNames (30 bytes)
Event: 1.085 Thread 0x00000197e5a48070 nmethod 1033 0x00000197d1e09710 code [0x00000197d1e09940, 0x00000197d1e0a228]
Event: 1.085 Thread 0x00000197e5a48070 1035  s    3       sun.font.FontFamily::addLocaleNames (45 bytes)
Event: 1.086 Thread 0x00000197e5a48070 nmethod 1035 0x00000197d1e0a510 code [0x00000197d1e0a740, 0x00000197d1e0afc8]
Event: 1.086 Thread 0x00000197e5a48070 1034   !   3       sun.font.TrueTypeFont::getAllFamilyNames (30 bytes)
Event: 1.087 Thread 0x00000197e5a48070 nmethod 1034 0x00000197d1e0b290 code [0x00000197d1e0b4c0, 0x00000197d1e0bda8]
Event: 1.108 Thread 0x00000197e5a48070 1038       3       java.nio.ByteBufferAsCharBufferB::get (30 bytes)
Event: 1.108 Thread 0x00000197e5a48070 nmethod 1038 0x00000197d1e0c090 code [0x00000197d1e0c300, 0x00000197d1e0cbf8]
Event: 1.109 Thread 0x00000197e5a48070 1039       3       java.nio.ByteBufferAsCharBufferB::byteOffset (9 bytes)
Event: 1.109 Thread 0x00000197e5a48070 nmethod 1039 0x00000197d1e0d010 code [0x00000197d1e0d1a0, 0x00000197d1e0d2c0]
Event: 1.110 Thread 0x00000197ebd016b0 1022       4       java.nio.ByteBuffer::position (8 bytes)
Event: 1.111 Thread 0x00000197ebd016b0 nmethod 1022 0x00000197d9787990 code [0x00000197d9787b20, 0x00000197d9787c20]
Event: 1.111 Thread 0x00000197ebd016b0 1037       4       java.nio.Buffer::nextGetIndex (30 bytes)
Event: 1.111 Thread 0x00000197ebd016b0 nmethod 1037 0x00000197d9787d10 code [0x00000197d9787ea0, 0x00000197d9787f58]
Event: 1.112 Thread 0x00000197ebd016b0 1036       4       java.nio.ByteBuffer::<init> (47 bytes)
Event: 1.116 Thread 0x00000197ebd016b0 nmethod 1036 0x00000197d9788010 code [0x00000197d97881a0, 0x00000197d97884e8]
Event: 1.116 Thread 0x00000197ebd016b0 1023   !   4       sun.nio.ch.NativeThreadSet::remove (90 bytes)

GC Heap History (2 events):
Event: 1.067 GC heap before
{Heap before GC invocations=0 (full 0):
 garbage-first heap   total 131072K, used 21504K [0x0000000081a00000, 0x0000000100000000)
  region size 1024K, 13 young (13312K), 0 survivors (0K)
 Metaspace       used 6668K, committed 6912K, reserved 1114112K
  class space    used 701K, committed 832K, reserved 1048576K
}
Event: 1.074 GC heap after
{Heap after GC invocations=1 (full 0):
 garbage-first heap   total 131072K, used 11264K [0x0000000081a00000, 0x0000000100000000)
  region size 1024K, 2 young (2048K), 2 survivors (2048K)
 Metaspace       used 6668K, committed 6912K, reserved 1114112K
  class space    used 701K, committed 832K, reserved 1048576K
}

Dll operation events (9 events):
Event: 0.048 Loaded shared library C:\Program Files\Java\jdk-21\bin\java.dll
Event: 0.122 Loaded shared library C:\Program Files\Java\jdk-21\bin\jsvml.dll
Event: 0.213 Loaded shared library C:\Program Files\Java\jdk-21\bin\net.dll
Event: 0.216 Loaded shared library C:\Program Files\Java\jdk-21\bin\nio.dll
Event: 0.251 Loaded shared library C:\Program Files\Java\jdk-21\bin\zip.dll
Event: 0.282 Loaded shared library C:\Program Files\Java\jdk-21\bin\jimage.dll
Event: 0.310 Loaded shared library C:\Program Files\Java\jdk-21\bin\awt.dll
Event: 0.607 Loaded shared library C:\Program Files\Java\jdk-21\bin\freetype.dll
Event: 0.608 Loaded shared library C:\Program Files\Java\jdk-21\bin\fontmanager.dll

Deoptimization events (20 events):
Event: 0.470 Thread 0x00000197c76c7660 Uncommon trap: trap_request=0xffffff45 fr.pc=0x00000197d975019c relative=0x0000000000000a3c
Event: 0.470 Thread 0x00000197c76c7660 Uncommon trap: reason=unstable_if action=reinterpret pc=0x00000197d975019c method=java.util.HashMap.putVal(ILjava/lang/Object;Ljava/lang/Object;ZZ)Ljava/lang/Object; @ 236 c2
Event: 0.470 Thread 0x00000197c76c7660 DEOPT PACKING pc=0x00000197d975019c sp=0x0000007d308fd9a0
Event: 0.470 Thread 0x00000197c76c7660 DEOPT UNPACKING pc=0x00000197d91f46a2 sp=0x0000007d308fd958 mode 2
Event: 0.775 Thread 0x00000197e5df9540 Uncommon trap: trap_request=0xffffff45 fr.pc=0x00000197d9776b44 relative=0x00000000000004e4
Event: 0.775 Thread 0x00000197e5df9540 Uncommon trap: reason=unstable_if action=reinterpret pc=0x00000197d9776b44 method=java.lang.StringLatin1.toLowerCase(Ljava/lang/String;[BLjava/util/Locale;)Ljava/lang/String; @ 43 c2
Event: 0.775 Thread 0x00000197e5df9540 DEOPT PACKING pc=0x00000197d9776b44 sp=0x0000007d31ffd150
Event: 0.775 Thread 0x00000197e5df9540 DEOPT UNPACKING pc=0x00000197d91f46a2 sp=0x0000007d31ffd0c0 mode 2
Event: 0.839 Thread 0x00000197e5df9540 DEOPT PACKING pc=0x00000197d1c843f8 sp=0x0000007d31ffcd00
Event: 0.839 Thread 0x00000197e5df9540 DEOPT UNPACKING pc=0x00000197d91f4e42 sp=0x0000007d31ffc120 mode 0
Event: 0.921 Thread 0x00000197e5df9540 DEOPT PACKING pc=0x00000197d1c76b58 sp=0x0000007d31ffc710
Event: 0.921 Thread 0x00000197e5df9540 DEOPT UNPACKING pc=0x00000197d91f4e42 sp=0x0000007d31ffbb78 mode 0
Event: 1.021 Thread 0x00000197e5df9540 Uncommon trap: trap_request=0xffffff45 fr.pc=0x00000197d9749fcc relative=0x00000000000000ac
Event: 1.021 Thread 0x00000197e5df9540 Uncommon trap: reason=unstable_if action=reinterpret pc=0x00000197d9749fcc method=java.lang.String.isLatin1()Z @ 10 c2
Event: 1.021 Thread 0x00000197e5df9540 DEOPT PACKING pc=0x00000197d9749fcc sp=0x0000007d31ffcf60
Event: 1.021 Thread 0x00000197e5df9540 DEOPT UNPACKING pc=0x00000197d91f46a2 sp=0x0000007d31ffce90 mode 2
Event: 1.021 Thread 0x00000197e5df9540 Uncommon trap: trap_request=0xffffff45 fr.pc=0x00000197d97614b4 relative=0x0000000000000194
Event: 1.021 Thread 0x00000197e5df9540 Uncommon trap: reason=unstable_if action=reinterpret pc=0x00000197d97614b4 method=jdk.internal.util.ArraysSupport.vectorizedHashCode(Ljava/lang/Object;IIII)I @ 2 c2
Event: 1.021 Thread 0x00000197e5df9540 DEOPT PACKING pc=0x00000197d97614b4 sp=0x0000007d31ffce60
Event: 1.021 Thread 0x00000197e5df9540 DEOPT UNPACKING pc=0x00000197d91f46a2 sp=0x0000007d31ffce10 mode 2

Classes loaded (20 events):
Event: 1.104 Loading class sun/font/FileFontStrike
Event: 1.104 Loading class sun/font/FileFontStrike done
Event: 1.104 Loading class sun/font/FontScaler
Event: 1.104 Loading class sun/font/FontScaler done
Event: 1.104 Loading class sun/font/FreetypeFontScaler
Event: 1.104 Loading class sun/font/FreetypeFontScaler done
Event: 1.106 Loading class sun/font/TrueTypeGlyphMapper
Event: 1.106 Loading class sun/font/TrueTypeGlyphMapper done
Event: 1.106 Loading class sun/font/CMap
Event: 1.106 Loading class sun/font/CMap done
Event: 1.106 Loading class sun/font/CMap$NullCMapClass
Event: 1.107 Loading class sun/font/CMap$NullCMapClass done
Event: 1.107 Loading class sun/font/CMap$CMapFormat4
Event: 1.107 Loading class sun/font/CMap$CMapFormat4 done
Event: 1.107 Loading class java/nio/ByteBufferAsCharBufferB
Event: 1.107 Loading class java/nio/ByteBufferAsCharBufferB done
Event: 1.110 Loading class sun/font/FontDesignMetrics$KeyReference
Event: 1.110 Loading class sun/font/FontDesignMetrics$KeyReference done
Event: 1.111 Loading class sun/font/CompositeGlyphMapper
Event: 1.111 Loading class sun/font/CompositeGlyphMapper done

Classes unloaded (0 events):
No events

Classes redefined (0 events):
No events

Internal exceptions (15 events):
Event: 0.218 Thread 0x00000197c76c7660 Exception <a 'sun/nio/fs/WindowsException'{0x000000008983f9e8}> (0x000000008983f9e8) 
thrown [s\open\src\hotspot\share\prims\jni.cpp, line 520]
Event: 0.221 Thread 0x00000197c76c7660 Exception <a 'sun/nio/fs/WindowsException'{0x0000000089841ef8}> (0x0000000089841ef8) 
thrown [s\open\src\hotspot\share\prims\jni.cpp, line 520]
Event: 0.222 Thread 0x00000197c76c7660 Exception <a 'sun/nio/fs/WindowsException'{0x00000000898429f0}> (0x00000000898429f0) 
thrown [s\open\src\hotspot\share\prims\jni.cpp, line 520]
Event: 0.222 Thread 0x00000197c76c7660 Exception <a 'sun/nio/fs/WindowsException'{0x00000000898c89f0}> (0x00000000898c89f0) 
thrown [s\open\src\hotspot\share\prims\jni.cpp, line 520]
Event: 0.294 Thread 0x00000197c76c7660 Exception <a 'java/lang/ClassNotFoundException'{0x00000000897d03a8}: sun/awt/resources/spi/awtProvider> (0x00000000897d03a8) 
thrown [s\open\src\hotspot\share\classfile\systemDictionary.cpp, line 312]
Event: 0.330 Thread 0x00000197c76c7660 Exception <a 'java/io/FileNotFoundException'{0x0000000089625ab0}> (0x0000000089625ab0) 
thrown [s\open\src\hotspot\share\prims\jni.cpp, line 520]
Event: 0.342 Thread 0x00000197c76c7660 Exception <a 'java/io/FileNotFoundException'{0x000000008964fd80}> (0x000000008964fd80) 
thrown [s\open\src\hotspot\share\prims\jni.cpp, line 520]
Event: 0.474 Thread 0x00000197c76c7660 Exception <a 'java/lang/NoSuchMethodError'{0x0000000089560920}: 'void java.lang.invoke.DirectMethodHandle$Holder.invokeSpecial(java.lang.Object, java.lang.Object, java.lang.Object)'> (0x0000000089560920) 
thrown [s\open\src\hotspot\share\interpreter\linkResolver.cpp, line 773]
Event: 0.486 Thread 0x00000197c76c7660 Exception <a 'java/lang/NoSuchMethodError'{0x00000000895864f0}: 'java.lang.Object java.lang.invoke.DirectMethodHandle$Holder.newInvokeSpecial(java.lang.Object, java.lang.Object, java.lang.Object, java.lang.Object, java.lang.Object)'> (0x00000000895864f0) 
thrown [s\open\src\hotspot\share\interpreter\linkResolver.cpp, line 773]
Event: 0.496 Thread 0x00000197c76c7660 Exception <a 'java/lang/NoSuchMethodError'{0x00000000895b2078}: 'java.lang.Object java.lang.invoke.DirectMethodHandle$Holder.invokeStatic(java.lang.Object, int, java.lang.Object)'> (0x00000000895b2078) 
thrown [s\open\src\hotspot\share\interpreter\linkResolver.cpp, line 773]
Event: 0.530 Thread 0x00000197c76c7660 Exception <a 'java/lang/ClassNotFoundException'{0x0000000089451f58}: com/sun/swing/internal/plaf/metal/resources/spi/metalProvider> (0x0000000089451f58) 
thrown [s\open\src\hotspot\share\classfile\systemDictionary.cpp, line 312]
Event: 0.531 Thread 0x00000197c76c7660 Exception <a 'java/lang/ClassNotFoundException'{0x0000000089455e68}: com/sun/swing/internal/plaf/basic/resources/spi/basicProvider> (0x0000000089455e68) 
thrown [s\open\src\hotspot\share\classfile\systemDictionary.cpp, line 312]
Event: 0.546 Thread 0x00000197c76c7660 Exception <a 'java/lang/NoSuchMethodError'{0x0000000089474ff0}: 'int java.lang.invoke.Invokers$Holder.invokeExact_MT(java.lang.Object, java.lang.Object)'> (0x0000000089474ff0) 
thrown [s\open\src\hotspot\share\interpreter\linkResolver.cpp, line 773]
Event: 0.579 Thread 0x00000197e5d74fb0 Exception <a 'java/lang/NoSuchMethodError'{0x000000008950ef10}: 'void java.lang.invoke.DirectMethodHandle$Holder.invokeVirtual(java.lang.Object, java.lang.Object)'> (0x000000008950ef10) 
thrown [s\open\src\hotspot\share\interpreter\linkResolver.cpp, line 773]
Event: 0.602 Thread 0x00000197c76c7660 Exception <a 'java/lang/NoSuchMethodError'{0x00000000894a99e8}: 'void java.lang.invoke.DirectMethodHandle$Holder.invokeStaticInit(java.lang.Object)'> (0x00000000894a99e8) 
thrown [s\open\src\hotspot\share\interpreter\linkResolver.cpp, line 773]

ZGC Phase Switch (0 events):
No events

VM Operations (12 events):
Event: 0.224 Executing VM operation: HandshakeAllThreads (Deoptimize)
Event: 0.224 Executing VM operation: HandshakeAllThreads (Deoptimize) done
Event: 0.354 Executing VM operation: HandshakeAllThreads (Deoptimize)
Event: 0.355 Executing VM operation: HandshakeAllThreads (Deoptimize) done
Event: 0.552 Executing VM operation: HandshakeAllThreads (Deoptimize)
Event: 0.552 Executing VM operation: HandshakeAllThreads (Deoptimize) done
Event: 1.067 Executing VM operation: G1CollectForAllocation (G1 Evacuation Pause)
Event: 1.075 Executing VM operation: G1CollectForAllocation (G1 Evacuation Pause) done
Event: 1.107 Executing VM operation: HandshakeAllThreads (Deoptimize)
Event: 1.107 Executing VM operation: HandshakeAllThreads (Deoptimize) done
Event: 1.107 Executing VM operation: HandshakeAllThreads (Deoptimize)
Event: 1.107 Executing VM operation: HandshakeAllThreads (Deoptimize) done

Events (20 events):
Event: 0.071 Thread 0x00000197c76c7660 Thread added: 0x00000197c76c7660
Event: 0.115 Thread 0x00000197e58ca650 Thread added: 0x00000197e58ca650
Event: 0.115 Thread 0x00000197e58cb570 Thread added: 0x00000197e58cb570
Event: 0.116 Thread 0x00000197e58d0160 Thread added: 0x00000197e58d0160
Event: 0.116 Thread 0x00000197e58d0bc0 Thread added: 0x00000197e58d0bc0
Event: 0.116 Thread 0x00000197e58d1620 Thread added: 0x00000197e58d1620
Event: 0.116 Thread 0x00000197e58d2080 Thread added: 0x00000197e58d2080
Event: 0.116 Thread 0x00000197e58d2e10 Thread added: 0x00000197e58d2e10
Event: 0.135 Thread 0x00000197e5a48070 Thread added: 0x00000197e5a48070
Event: 0.192 Thread 0x00000197e5a875a0 Thread added: 0x00000197e5a875a0
Event: 0.244 Thread 0x00000197e5c06070 Thread added: 0x00000197e5c06070
Event: 0.253 Thread 0x00000197e5c893e0 Thread added: 0x00000197e5c893e0
Event: 0.427 Thread 0x00000197e5d73df0 Thread added: 0x00000197e5d73df0
Event: 0.430 Thread 0x00000197e5d74460 Thread added: 0x00000197e5d74460
Event: 0.433 Thread 0x00000197e5d74fb0 Thread added: 0x00000197e5d74fb0
Event: 0.577 Thread 0x00000197e5df9540 Thread added: 0x00000197e5df9540
Event: 0.696 Thread 0x00000197c76c7660 Thread exited: 0x00000197c76c7660
Event: 0.696 Thread 0x00000197c76c7660 Thread added: 0x00000197c76c7660
Event: 0.764 Thread 0x00000197e5c893e0 Thread exited: 0x00000197e5c893e0
Event: 1.109 Thread 0x00000197ebd016b0 Thread added: 0x00000197ebd016b0


Dynamic libraries:
0x00007ff603800000 - 0x00007ff603810000 	C:\Program Files\Java\jdk-21\bin\java.exe
0x00007ff96c830000 - 0x00007ff96ca28000 	C:\Windows\SYSTEM32\ntdll.dll
0x00007ff96c480000 - 0x00007ff96c541000 	C:\Windows\System32\KERNEL32.DLL
0x00007ff96a4f0000 - 0x00007ff96a7e6000 	C:\Windows\System32\KERNELBASE.dll
0x00007ff96a120000 - 0x00007ff96a220000 	C:\Windows\System32\ucrtbase.dll
0x00007ff92b520000 - 0x00007ff92b53b000 	C:\Program Files\Java\jdk-21\bin\VCRUNTIME140.dll
0x00007ff966580000 - 0x00007ff966599000 	C:\Program Files\Java\jdk-21\bin\jli.dll
0x00007ff96c5f0000 - 0x00007ff96c6a0000 	C:\Windows\System32\ADVAPI32.dll
0x00007ff96c550000 - 0x00007ff96c5ee000 	C:\Windows\System32\msvcrt.dll
0x00007ff96c070000 - 0x00007ff96c110000 	C:\Windows\System32\sechost.dll
0x00007ff96b380000 - 0x00007ff96b4a3000 	C:\Windows\System32\RPCRT4.dll
0x00007ff96a470000 - 0x00007ff96a497000 	C:\Windows\System32\bcrypt.dll
0x00007ff96c2e0000 - 0x00007ff96c47f000 	C:\Windows\System32\USER32.dll
0x00007ff969ee0000 - 0x00007ff969f02000 	C:\Windows\System32\win32u.dll
0x00007ff96c2b0000 - 0x00007ff96c2db000 	C:\Windows\System32\GDI32.dll
0x00007ff96a2c0000 - 0x00007ff96a3d7000 	C:\Windows\System32\gdi32full.dll
0x00007ff96a220000 - 0x00007ff96a2bd000 	C:\Windows\System32\msvcp_win.dll
0x00007ff957320000 - 0x00007ff9575ba000 	C:\Windows\WinSxS\amd64_microsoft.windows.common-controls_6595b64144ccf1df_6.0.19041.4355_none_60b8b9eb71f62e16\COMCTL32.dll
0x00007ff961980000 - 0x00007ff96198a000 	C:\Windows\SYSTEM32\VERSION.dll
0x00007ff96acd0000 - 0x00007ff96acff000 	C:\Windows\System32\IMM32.DLL
0x00007ff956ba0000 - 0x00007ff956bac000 	C:\Program Files\Java\jdk-21\bin\vcruntime140_1.dll
0x00007ff92a0f0000 - 0x00007ff92a17e000 	C:\Program Files\Java\jdk-21\bin\msvcp140.dll
0x00007ff92a490000 - 0x00007ff92b1a7000 	C:\Program Files\Java\jdk-21\bin\server\jvm.dll
0x00007ff96bd30000 - 0x00007ff96bd9b000 	C:\Windows\System32\WS2_32.dll
0x00007ff956690000 - 0x00007ff9566b7000 	C:\Windows\SYSTEM32\WINMM.dll
0x00007ff969c80000 - 0x00007ff969ccb000 	C:\Windows\SYSTEM32\POWRPROF.dll
0x00007ff969c60000 - 0x00007ff969c72000 	C:\Windows\SYSTEM32\UMPDC.dll
0x00007ff9686f0000 - 0x00007ff968702000 	C:\Windows\SYSTEM32\kernel.appcore.dll
0x00007ff956ab0000 - 0x00007ff956aba000 	C:\Program Files\Java\jdk-21\bin\jimage.dll
0x00007ff967c50000 - 0x00007ff967e34000 	C:\Windows\SYSTEM32\DBGHELP.DLL
0x00007ff950ad0000 - 0x00007ff950b04000 	C:\Windows\SYSTEM32\dbgcore.DLL
0x00007ff96a3e0000 - 0x00007ff96a462000 	C:\Windows\System32\bcryptPrimitives.dll
0x00007ff92a430000 - 0x00007ff92a44f000 	C:\Program Files\Java\jdk-21\bin\java.dll
0x00007ff96b4b0000 - 0x00007ff96bc1c000 	C:\Windows\System32\SHELL32.dll
0x00007ff967f40000 - 0x00007ff9686de000 	C:\Windows\SYSTEM32\windows.storage.dll
0x00007ff96b020000 - 0x00007ff96b373000 	C:\Windows\System32\combase.dll
0x00007ff969830000 - 0x00007ff96985e000 	C:\Windows\SYSTEM32\Wldp.dll
0x00007ff96ae10000 - 0x00007ff96aedd000 	C:\Windows\System32\OLEAUT32.dll
0x00007ff96bc80000 - 0x00007ff96bd2d000 	C:\Windows\System32\SHCORE.dll
0x00007ff96ad00000 - 0x00007ff96ad55000 	C:\Windows\System32\shlwapi.dll
0x00007ff969e10000 - 0x00007ff969e34000 	C:\Windows\SYSTEM32\profapi.dll
0x00007ff92a350000 - 0x00007ff92a427000 	C:\Program Files\Java\jdk-21\bin\jsvml.dll
0x00007ff9557a0000 - 0x00007ff9557b0000 	C:\Program Files\Java\jdk-21\bin\net.dll
0x00007ff95db30000 - 0x00007ff95dc3a000 	C:\Windows\SYSTEM32\WINHTTP.dll
0x00007ff969590000 - 0x00007ff9695fa000 	C:\Windows\system32\mswsock.dll
0x00007ff92a330000 - 0x00007ff92a346000 	C:\Program Files\Java\jdk-21\bin\nio.dll
0x00007ff92a310000 - 0x00007ff92a328000 	C:\Program Files\Java\jdk-21\bin\zip.dll
0x00007ff92a180000 - 0x00007ff92a30f000 	C:\Program Files\Java\jdk-21\bin\awt.dll
0x00007ff9660e0000 - 0x00007ff966174000 	C:\Windows\SYSTEM32\apphelp.dll
0x00007ff9676c0000 - 0x00007ff9676ef000 	C:\Windows\system32\DWMAPI.DLL
0x00007ff967450000 - 0x00007ff9674ee000 	C:\Windows\system32\uxtheme.dll
0x00007ff95ede0000 - 0x00007ff95ef08000 	C:\Windows\system32\opengl32.dll
0x00007ff963530000 - 0x00007ff96355c000 	C:\Windows\SYSTEM32\GLU32.dll
0x00007ff96bda0000 - 0x00007ff96beb4000 	C:\Windows\System32\MSCTF.dll
0x00007ff96aef0000 - 0x00007ff96b01b000 	C:\Windows\System32\ole32.dll
0x00007ff929070000 - 0x00007ff9290f7000 	C:\Program Files\Java\jdk-21\bin\freetype.dll
0x00007ff928f80000 - 0x00007ff929062000 	C:\Program Files\Java\jdk-21\bin\fontmanager.dll
0x00007ff95f9a0000 - 0x00007ff95fa99000 	C:\Windows\SYSTEM32\textinputframework.dll
0x00007ff965830000 - 0x00007ff965922000 	C:\Windows\System32\CoreMessaging.dll
0x00007ff965150000 - 0x00007ff9654ab000 	C:\Windows\System32\CoreUIComponents.dll
0x00007ff9666f0000 - 0x00007ff966847000 	C:\Windows\SYSTEM32\wintypes.dll
0x00007ff968fd0000 - 0x00007ff969003000 	C:\Windows\SYSTEM32\ntmarta.dll
0x00007ff95ceb0000 - 0x00007ff95cf16000 	C:\Windows\system32\Oleacc.dll

dbghelp: loaded successfully - version: 4.0.5 - missing functions: none
symbol engine: initialized successfully - sym options: 0x614 - pdb path: .;C:\Program Files\Java\jdk-21\bin;C:\Windows\SYSTEM32;C:\Windows\WinSxS\amd64_microsoft.windows.common-controls_6595b64144ccf1df_6.0.19041.4355_none_60b8b9eb71f62e16;C:\Program Files\Java\jdk-21\bin\server

VM Arguments:
jvm_args: -Dfile.encoding=UTF-8 --module-path=C:\Users\DELL\Documents\NetBeansProjects\bank management system\build\classes 
java_command: bank.management.system.SignUpThree
java_class_path (initial): C:\Users\DELL\Downloads\jcalendar-tz-1.3.3-4.jar;C:\Users\DELL\Downloads\mysql-connector-java-8.0.28.jar;C:\Users\DELL\Downloads\mysql-connector-j-9.0.0.zip;C:\Users\DELL\Downloads\mysql-connector-j-9.0.0.jar;C:\Users\DELL\Documents\NetBeansProjects\bank management system\build\classes
Launcher Type: SUN_STANDARD

[Global flags]
     intx CICompilerCount                          = 3                                         {product} {ergonomic}
     uint ConcGCThreads                            = 1                                         {product} {ergonomic}
     uint G1ConcRefinementThreads                  = 4                                         {product} {ergonomic}
   size_t G1HeapRegionSize                         = 1048576                                   {product} {ergonomic}
    uintx GCDrainStackTargetSize                   = 64                                        {product} {ergonomic}
   size_t InitialHeapSize                          = 134217728                                 {product} {ergonomic}
   size_t MarkStackSize                            = 4194304                                   {product} {ergonomic}
   size_t MaxHeapSize                              = 2120220672                                {product} {ergonomic}
   size_t MaxNewSize                               = 1271922688                                {product} {ergonomic}
   size_t MinHeapDeltaBytes                        = 1048576                                   {product} {ergonomic}
   size_t MinHeapSize                              = 8388608                                   {product} {ergonomic}
    uintx NonNMethodCodeHeapSize                   = 5832780                                {pd product} {ergonomic}
    uintx NonProfiledCodeHeapSize                  = 122912730                              {pd product} {ergonomic}
    uintx ProfiledCodeHeapSize                     = 122912730                              {pd product} {ergonomic}
    uintx ReservedCodeCacheSize                    = 251658240                              {pd product} {ergonomic}
     bool SegmentedCodeCache                       = true                                      {product} {ergonomic}
   size_t SoftMaxHeapSize                          = 2120220672                             {manageable} {ergonomic}
     bool UseCompressedOops                        = true                           {product lp64_product} {ergonomic}
     bool UseG1GC                                  = true                                      {product} {ergonomic}
     bool UseLargePagesIndividualAllocation        = false                                  {pd product} {ergonomic}

Logging:
Log output configuration:
 #0: stdout all=warning uptime,level,tags foldmultilines=false
 #1: stderr all=off uptime,level,tags foldmultilines=false

Environment Variables:
JAVA_HOME=C:\Users\DELL\AppData\Local\Programs\Eclipse Adoptium\jdk-17.0.7.7-hotspot\
PATH=C:\Program Files\Common Files\Oracle\Java\javapath;C:\Windows\system32;C:\Windows;C:\Windows\System32\Wbem;C:\Windows\System32\WindowsPowerShell\v1.0\;C:\Windows\System32\OpenSSH\;C:\MinGW\bin;C:\Program Files\Java\jdk-20\bin;C:\Program Files\MySQL\MySQL Server 8.0\bin;C:\Program Files\Java\jdk-21\bin;C:\Program Files\Git\cmd;C:\Program Files\Git\mingw64\bin;C:\Program Files\Git\usr\bin;C:\Program Files\MySQL\MySQL Server 8.0\bin;C:\Users\DELL\AppData\Local\Programs\Eclipse Adoptium\jdk-17.0.7.7-hotspot\bin;C:\Users\DELL\AppData\Local\Microsoft\WindowsApps;;C:\Users\DELL\AppData\Local\Programs\Microsoft VS Code\bin;C:\Program Files\JetBrains\IntelliJ IDEA Community Edition 2024.1.4\bin;
USERNAME=DELL
OS=Windows_NT
PROCESSOR_IDENTIFIER=Intel64 Family 6 Model 78 Stepping 3, GenuineIntel
TMP=C:\Users\DELL\AppData\Local\Temp
TEMP=C:\Users\DELL\AppData\Local\Temp




Periodic native trim disabled

---------------  S Y S T E M  ---------------

OS:
 Windows 10 , 64 bit Build 19041 (10.0.19041.4597)
OS uptime: 6 days 3:14 hours

CPU: total 4 (initial active 4) (2 cores per cpu, 2 threads per core) family 6 model 78 stepping 3 microcode 0xcc, cx8, cmov, fxsr, ht, mmx, 3dnowpref, sse, sse2, sse3, ssse3, sse4.1, sse4.2, popcnt, lzcnt, tsc, tscinvbit, avx, avx2, aes, erms, clmul, bmi1, bmi2, rtm, adx, fma, vzeroupper, clflush, clflushopt, rdtscp, f16c
Processor Information for processor 0
  Max Mhz: 2501, Current Mhz: 1500, Mhz Limit: 2501
Processor Information for processor 1
  Max Mhz: 2501, Current Mhz: 1500, Mhz Limit: 2501
Processor Information for processor 2
  Max Mhz: 2501, Current Mhz: 2501, Mhz Limit: 2501
Processor Information for processor 3
  Max Mhz: 2501, Current Mhz: 1500, Mhz Limit: 2501

Memory: 4k page, system-wide physical 8083M (814M free)
TotalPageFile size 20505M (AvailPageFile size 3M)
current process WorkingSet (physical memory assigned to process): 79M, peak: 79M
current process commit charge ("private bytes"): 215M, peak: 215M

vm_info: Java HotSpot(TM) 64-Bit Server VM (21.0.2+13-LTS-58) for windows-amd64 JRE (21.0.2+13-LTS-58), built on 2024-01-05T18:32:24Z by "mach5one" with MS VC++ 17.1 (VS2022)

END.
