#
# There is insufficient memory for the Java Runtime Environment to continue.
# Native memory allocation (malloc) failed to allocate 32744 bytes for Chunk::new
# Possible reasons:
#   The system is out of physical RAM or swap space
#   The process is running with CompressedOops enabled, and the Java Heap may be blocking the growth of the native heap
# Possible solutions:
#   Reduce memory load on the system
#   Increase physical memory or swap space
#   Check if swap backing store is full
#   Decrease Java heap size (-Xmx/-Xms)
#   Decrease number of Java threads
#
#  
]
V  [jvm.dll+0x858d2e]
V  [jvm.dll+0x859413]
V  [jvm.dll+0x280e56]
V  [jvm.dll+0xc3f3d]
V  [jvm.dll+0xc4473]
V  [jvm.dll+0x6a8b06]
V  [jvm.dll+0x6db7b3]
V  [jvm.dll+0x248d2d]
V  [jvm.dll+0x1c9634]
V  [jvm.dll+0x258859]
V  [jvm.dll+0x256e3a]
V  [jvm.dll+0x3ef6c6]
V  [jvm.dll+0x7ff568]
V  [jvm.dll+0x6c953d]
C  [ucrtbase.dll+0x21bb2]
C  [KERNEL32.DLL+0x17374]
C  [ntdll.dll+0x4cc91]


---------------  P R O C E S S  ---------------

Threads class SMR info:
_java_thread_list=0x0000019f34e4b3c0, length=16, elements={
0x0000019f34986d90, 0x0000019f34987cb0, 0x0000019f3498ce50, 0x0000019f3498eb40,
0x0000019f349975b0, 0x0000019f349bb930, 0x0000019f349c06e0, 0x0000019f349c38b0,
0x0000019f34bcde50, 0x0000019f34bcf200, 0x0000019f34bcf890, 0x0000019f34bd05b0,
0x0000019f34bd0c40, 0x0000019f34bceb70, 0x0000019f34bcff20, 0x0000019f34bce4e0
}

Java Threads: ( => current thread )
  0x0000019f34986d90 JavaThread "Reference Handler"          daemon [_thread_blocked, id=14144, stack(0x0000002b0d200000,0x0000002b0d300000) (1024K)]
  0x0000019f34987cb0 JavaThread "Finalizer"                  daemon [_thread_blocked, id=17972, stack(0x0000002b0d300000,0x0000002b0d400000) (1024K)]
  0x0000019f3498ce50 JavaThread "Signal Dispatcher"          daemon [_thread_blocked, id=12948, stack(0x0000002b0d400000,0x0000002b0d500000) (1024K)]
  0x0000019f3498eb40 JavaThread "Attach Listener"            daemon [_thread_blocked, id=17256, stack(0x0000002b0d500000,0x0000002b0d600000) (1024K)]
  0x0000019f349975b0 JavaThread "Service Thread"             daemon [_thread_blocked, id=6192, stack(0x0000002b0d600000,0x0000002b0d700000) (1024K)]
  0x0000019f349bb930 JavaThread "Monitor Deflation Thread"   daemon [_thread_blocked, id=13548, stack(0x0000002b0d700000,0x0000002b0d800000) (1024K)]
=>0x0000019f349c06e0 JavaThread "C2 CompilerThread0"         daemon [_thread_in_native, id=12372, stack(0x0000002b0d800000,0x0000002b0d900000) (1024K)]
  0x0000019f349c38b0 JavaThread "C1 CompilerThread0"         daemon [_thread_blocked, id=18340, stack(0x0000002b0d900000,0x0000002b0da00000) (1024K)]
  0x0000019f34bcde50 JavaThread "Common-Cleaner"             daemon [_thread_blocked, id=13364, stack(0x0000002b0da00000,0x0000002b0db00000) (1024K)]
  0x0000019f34bcf200 JavaThread "Notification Thread"        daemon [_thread_blocked, id=14392, stack(0x0000002b0db00000,0x0000002b0dc00000) (1024K)]
  0x0000019f34bcf890 JavaThread "Java2D Disposer"            daemon [_thread_blocked, id=6688, stack(0x0000002b0dc00000,0x0000002b0dd00000) (1024K)]
  0x0000019f34bd05b0 JavaThread "AWT-Shutdown"                      [_thread_blocked, id=16804, stack(0x0000002b0dd00000,0x0000002b0de00000) (1024K)]
  0x0000019f34bd0c40 JavaThread "AWT-Windows"                daemon [_thread_in_native, id=17740, stack(0x0000002b0de00000,0x0000002b0df00000) (1024K)]
  0x0000019f34bceb70 JavaThread "AWT-EventQueue-0"                  [_thread_blocked, id=14672, stack(0x0000002b0df00000,0x0000002b0e000000) (1024K)]
  0x0000019f34bcff20 JavaThread "DestroyJavaVM"                     [_thread_blocked, id=11480, stack(0x0000002b0ca00000,0x0000002b0cb00000) (1024K)]
  0x0000019f34bce4e0 JavaThread "TimerQueue"                 daemon [_thread_blocked, id=9164, stack(0x0000002b0e800000,0x0000002b0e900000) (1024K)]
Total: 16

Other Threads:
  0x0000019f349683f0 VMThread "VM Thread"                           [id=728, stack(0x0000002b0d100000,0x0000002b0d200000) (1024K)]
  0x0000019f34933050 WatcherThread "VM Periodic Task Thread"        [id=14636, stack(0x0000002b0d000000,0x0000002b0d100000) (1024K)]
  0x0000019f188ed730 WorkerThread "GC Thread#0"                     [id=8760, stack(0x0000002b0cb00000,0x0000002b0cc00000) (1024K)]
  0x0000019f7bf9f980 WorkerThread "GC Thread#1"                     [id=16428, stack(0x0000002b0e000000,0x0000002b0e100000) (1024K)]
  0x0000019f7bcecb90 WorkerThread "GC Thread#2"                     [id=15176, stack(0x0000002b0e500000,0x0000002b0e600000) (1024K)]
  0x0000019f7bcecf30 WorkerThread "GC Thread#3"                     [id=12012, stack(0x0000002b0e600000,0x0000002b0e700000) (1024K)]
  0x0000019f188ffcb0 ConcurrentGCThread "G1 Main Marker"            [id=16600, stack(0x0000002b0cc00000,0x0000002b0cd00000) (1024K)]
  0x0000019f18900e60 WorkerThread "G1 Conc#0"                       [id=13852, stack(0x0000002b0cd00000,0x0000002b0ce00000) (1024K)]
  0x0000019f1896e4b0 ConcurrentGCThread "G1 Refine#0"               [id=16908, stack(0x0000002b0ce00000,0x0000002b0cf00000) (1024K)]
  0x0000019f347f60d0 ConcurrentGCThread "G1 Service"                [id=6968, stack(0x0000002b0cf00000,0x0000002b0d000000) (1024K)]
Total: 10

Threads with active compile tasks:
C2 CompilerThread0  1527071 1650       4       java.util.HashMap::keysToArray (81 bytes)
Total: 1

VM state: not at safepoint (normal execution)

VM Mutex/Monitor currently owned by a thread: None

Heap address: 0x0000000081a00000, size: 2022 MB, Compressed Oops mode: 32-bit

CDS archive(s) mapped at: [0x0000019f35000000-0x0000019f35c90000-0x0000019f35c90000), size 13172736, SharedBaseAddress: 0x0000019f35000000, ArchiveRelocationMode: 1.
Compressed class space mapped at: 0x0000019f36000000-0x0000019f76000000, reserved size: 1073741824
Narrow klass base: 0x0000019f35000000, Narrow klass shift: 0, Narrow klass range: 0x100000000

GC Precious Log:
 CardTable entry size: 512
 Card Set container configuration: InlinePtr #cards 5 size 8 Array Of Cards #cards 12 size 40 Howl #buckets 4 coarsen threshold 1843 Howl Bitmap #cards 512 size 80 coarsen threshold 460 Card regions per heap region 1 cards per card region 2048
 CPUs: 4 total, 4 available
 Memory: 8083M
 Large Page Support: Disabled
 NUMA Support: Disabled
 Compressed Oops: Enabled (32-bit)
 Heap Region Size: 1M
 Heap Min Capacity: 8M
 Heap Initial Capacity: 128M
 Heap Max Capacity: 2022M
 Pre-touch: Disabled
 Parallel Workers: 4
 Concurrent Workers: 1
 Concurrent Refinement Workers: 4
 Periodic GC: Disabled

Heap:
 garbage-first heap   total 131072K, used 19296K [0x0000000081a00000, 0x0000000100000000)
  region size 1024K, 10 young (10240K), 2 survivors (2048K)
 Metaspace       used 11129K, committed 11328K, reserved 1114112K
  class space    used 1321K, committed 1408K, reserved 1048576K

Heap Regions: E=young(eden), S=young(survivor), O=old, HS=humongous(starts), HC=humongous(continues), CS=collection set, F=free, TAMS=top-at-mark-start, PB=parsable bottom
|   0|0x0000000081a00000, 0x0000000081b00000, 0x0000000081b00000|100%|HS|  |TAMS 0x0000000081a00000| PB 0x0000000081a00000| Complete 
|   1|0x0000000081b00000, 0x0000000081c00000, 0x0000000081c00000|100%|HC|  |TAMS 0x0000000081b00000| PB 0x0000000081b00000| Complete 
|   2|0x0000000081c00000, 0x0000000081d00000, 0x0000000081d00000|100%|HC|  |TAMS 0x0000000081c00000| PB 0x0000000081c00000| Complete 
|   3|0x0000000081d00000, 0x0000000081e00000, 0x0000000081e00000|100%|HC|  |TAMS 0x0000000081d00000| PB 0x0000000081d00000| Complete 
|   4|0x0000000081e00000, 0x0000000081f00000, 0x0000000081f00000|100%|HC|  |TAMS 0x0000000081e00000| PB 0x0000000081e00000| Complete 
|   5|0x0000000081f00000, 0x0000000082000000, 0x0000000082000000|100%|HC|  |TAMS 0x0000000081f00000| PB 0x0000000081f00000| Complete 
|   6|0x0000000082000000, 0x0000000082100000, 0x0000000082100000|100%|HC|  |TAMS 0x0000000082000000| PB 0x0000000082000000| Complete 
|   7|0x0000000082100000, 0x0000000082200000, 0x0000000082200000|100%|HC|  |TAMS 0x0000000082100000| PB 0x0000000082100000| Complete 
|   8|0x0000000082200000, 0x0000000082300000, 0x0000000082300000|100%| O|  |TAMS 0x0000000082200000| PB 0x0000000082200000| Untracked 
|   9|0x0000000082300000, 0x00000000823d8000, 0x0000000082400000| 84%| O|  |TAMS 0x0000000082300000| PB 0x0000000082300000| Untracked 
|  10|0x0000000082400000, 0x0000000082400000, 0x0000000082500000|  0%| F|  |TAMS 0x0000000082400000| PB 0x0000000082400000| Untracked 
|  11|0x0000000082500000, 0x0000000082500000, 0x0000000082600000|  0%| F|  |TAMS 0x0000000082500000| PB 0x0000000082500000| Untracked 
|  12|0x0000000082600000, 0x0000000082600000, 0x0000000082700000|  0%| F|  |TAMS 0x0000000082600000| PB 0x0000000082600000| Untracked 
|  13|0x0000000082700000, 0x0000000082700000, 0x0000000082800000|  0%| F|  |TAMS 0x0000000082700000| PB 0x0000000082700000| Untracked 
|  14|0x0000000082800000, 0x0000000082800000, 0x0000000082900000|  0%| F|  |TAMS 0x0000000082800000| PB 0x0000000082800000| Untracked 
|  15|0x0000000082900000, 0x0000000082900000, 0x0000000082a00000|  0%| F|  |TAMS 0x0000000082900000| PB 0x0000000082900000| Untracked 
|  16|0x0000000082a00000, 0x0000000082a00000, 0x0000000082b00000|  0%| F|  |TAMS 0x0000000082a00000| PB 0x0000000082a00000| Untracked 
|  17|0x0000000082b00000, 0x0000000082b00000, 0x0000000082c00000|  0%| F|  |TAMS 0x0000000082b00000| PB 0x0000000082b00000| Untracked 
|  18|0x0000000082c00000, 0x0000000082c00000, 0x0000000082d00000|  0%| F|  |TAMS 0x0000000082c00000| PB 0x0000000082c00000| Untracked 
|  19|0x0000000082d00000, 0x0000000082d00000, 0x0000000082e00000|  0%| F|  |TAMS 0x0000000082d00000| PB 0x0000000082d00000| Untracked 
|  20|0x0000000082e00000, 0x0000000082e00000, 0x0000000082f00000|  0%| F|  |TAMS 0x0000000082e00000| PB 0x0000000082e00000| Untracked 
|  21|0x0000000082f00000, 0x0000000082f00000, 0x0000000083000000|  0%| F|  |TAMS 0x0000000082f00000| PB 0x0000000082f00000| Untracked 
|  22|0x0000000083000000, 0x0000000083000000, 0x0000000083100000|  0%| F|  |TAMS 0x0000000083000000| PB 0x0000000083000000| Untracked 
|  23|0x0000000083100000, 0x0000000083100000, 0x0000000083200000|  0%| F|  |TAMS 0x0000000083100000| PB 0x0000000083100000| Untracked 
|  24|0x0000000083200000, 0x0000000083200000, 0x0000000083300000|  0%| F|  |TAMS 0x0000000083200000| PB 0x0000000083200000| Untracked 
|  25|0x0000000083300000, 0x0000000083300000, 0x0000000083400000|  0%| F|  |TAMS 0x0000000083300000| PB 0x0000000083300000| Untracked 
|  26|0x0000000083400000, 0x0000000083400000, 0x0000000083500000|  0%| F|  |TAMS 0x0000000083400000| PB 0x0000000083400000| Untracked 
|  27|0x0000000083500000, 0x0000000083500000, 0x0000000083600000|  0%| F|  |TAMS 0x0000000083500000| PB 0x0000000083500000| Untracked 
|  28|0x0000000083600000, 0x0000000083600000, 0x0000000083700000|  0%| F|  |TAMS 0x0000000083600000| PB 0x0000000083600000| Untracked 
|  29|0x0000000083700000, 0x0000000083700000, 0x0000000083800000|  0%| F|  |TAMS 0x0000000083700000| PB 0x0000000083700000| Untracked 
|  30|0x0000000083800000, 0x0000000083800000, 0x0000000083900000|  0%| F|  |TAMS 0x0000000083800000| PB 0x0000000083800000| Untracked 
|  31|0x0000000083900000, 0x0000000083900000, 0x0000000083a00000|  0%| F|  |TAMS 0x0000000083900000| PB 0x0000000083900000| Untracked 
|  32|0x0000000083a00000, 0x0000000083a00000, 0x0000000083b00000|  0%| F|  |TAMS 0x0000000083a00000| PB 0x0000000083a00000| Untracked 
|  33|0x0000000083b00000, 0x0000000083b00000, 0x0000000083c00000|  0%| F|  |TAMS 0x0000000083b00000| PB 0x0000000083b00000| Untracked 
|  34|0x0000000083c00000, 0x0000000083c00000, 0x0000000083d00000|  0%| F|  |TAMS 0x0000000083c00000| PB 0x0000000083c00000| Untracked 
|  35|0x0000000083d00000, 0x0000000083d00000, 0x0000000083e00000|  0%| F|  |TAMS 0x0000000083d00000| PB 0x0000000083d00000| Untracked 
|  36|0x0000000083e00000, 0x0000000083e00000, 0x0000000083f00000|  0%| F|  |TAMS 0x0000000083e00000| PB 0x0000000083e00000| Untracked 
|  37|0x0000000083f00000, 0x0000000083f00000, 0x0000000084000000|  0%| F|  |TAMS 0x0000000083f00000| PB 0x0000000083f00000| Untracked 
|  38|0x0000000084000000, 0x0000000084000000, 0x0000000084100000|  0%| F|  |TAMS 0x0000000084000000| PB 0x0000000084000000| Untracked 
|  39|0x0000000084100000, 0x0000000084100000, 0x0000000084200000|  0%| F|  |TAMS 0x0000000084100000| PB 0x0000000084100000| Untracked 
|  40|0x0000000084200000, 0x0000000084200000, 0x0000000084300000|  0%| F|  |TAMS 0x0000000084200000| PB 0x0000000084200000| Untracked 
|  41|0x0000000084300000, 0x0000000084300000, 0x0000000084400000|  0%| F|  |TAMS 0x0000000084300000| PB 0x0000000084300000| Untracked 
|  42|0x0000000084400000, 0x0000000084400000, 0x0000000084500000|  0%| F|  |TAMS 0x0000000084400000| PB 0x0000000084400000| Untracked 
|  43|0x0000000084500000, 0x0000000084500000, 0x0000000084600000|  0%| F|  |TAMS 0x0000000084500000| PB 0x0000000084500000| Untracked 
|  44|0x0000000084600000, 0x0000000084600000, 0x0000000084700000|  0%| F|  |TAMS 0x0000000084600000| PB 0x0000000084600000| Untracked 
|  45|0x0000000084700000, 0x0000000084700000, 0x0000000084800000|  0%| F|  |TAMS 0x0000000084700000| PB 0x0000000084700000| Untracked 
|  46|0x0000000084800000, 0x0000000084800000, 0x0000000084900000|  0%| F|  |TAMS 0x0000000084800000| PB 0x0000000084800000| Untracked 
|  47|0x0000000084900000, 0x0000000084900000, 0x0000000084a00000|  0%| F|  |TAMS 0x0000000084900000| PB 0x0000000084900000| Untracked 
|  48|0x0000000084a00000, 0x0000000084a00000, 0x0000000084b00000|  0%| F|  |TAMS 0x0000000084a00000| PB 0x0000000084a00000| Untracked 
|  49|0x0000000084b00000, 0x0000000084b00000, 0x0000000084c00000|  0%| F|  |TAMS 0x0000000084b00000| PB 0x0000000084b00000| Untracked 
|  50|0x0000000084c00000, 0x0000000084c00000, 0x0000000084d00000|  0%| F|  |TAMS 0x0000000084c00000| PB 0x0000000084c00000| Untracked 
|  51|0x0000000084d00000, 0x0000000084d00000, 0x0000000084e00000|  0%| F|  |TAMS 0x0000000084d00000| PB 0x0000000084d00000| Untracked 
|  52|0x0000000084e00000, 0x0000000084e00000, 0x0000000084f00000|  0%| F|  |TAMS 0x0000000084e00000| PB 0x0000000084e00000| Untracked 
|  53|0x0000000084f00000, 0x0000000084f00000, 0x0000000085000000|  0%| F|  |TAMS 0x0000000084f00000| PB 0x0000000084f00000| Untracked 
|  54|0x0000000085000000, 0x0000000085000000, 0x0000000085100000|  0%| F|  |TAMS 0x0000000085000000| PB 0x0000000085000000| Untracked 
|  55|0x0000000085100000, 0x0000000085100000, 0x0000000085200000|  0%| F|  |TAMS 0x0000000085100000| PB 0x0000000085100000| Untracked 
|  56|0x0000000085200000, 0x0000000085200000, 0x0000000085300000|  0%| F|  |TAMS 0x0000000085200000| PB 0x0000000085200000| Untracked 
|  57|0x0000000085300000, 0x0000000085300000, 0x0000000085400000|  0%| F|  |TAMS 0x0000000085300000| PB 0x0000000085300000| Untracked 
|  58|0x0000000085400000, 0x0000000085400000, 0x0000000085500000|  0%| F|  |TAMS 0x0000000085400000| PB 0x0000000085400000| Untracked 
|  59|0x0000000085500000, 0x0000000085500000, 0x0000000085600000|  0%| F|  |TAMS 0x0000000085500000| PB 0x0000000085500000| Untracked 
|  60|0x0000000085600000, 0x0000000085600000, 0x0000000085700000|  0%| F|  |TAMS 0x0000000085600000| PB 0x0000000085600000| Untracked 
|  61|0x0000000085700000, 0x0000000085700000, 0x0000000085800000|  0%| F|  |TAMS 0x0000000085700000| PB 0x0000000085700000| Untracked 
|  62|0x0000000085800000, 0x0000000085800000, 0x0000000085900000|  0%| F|  |TAMS 0x0000000085800000| PB 0x0000000085800000| Untracked 
|  63|0x0000000085900000, 0x0000000085900000, 0x0000000085a00000|  0%| F|  |TAMS 0x0000000085900000| PB 0x0000000085900000| Untracked 
|  64|0x0000000085a00000, 0x0000000085a00000, 0x0000000085b00000|  0%| F|  |TAMS 0x0000000085a00000| PB 0x0000000085a00000| Untracked 
|  65|0x0000000085b00000, 0x0000000085b00000, 0x0000000085c00000|  0%| F|  |TAMS 0x0000000085b00000| PB 0x0000000085b00000| Untracked 
|  66|0x0000000085c00000, 0x0000000085c00000, 0x0000000085d00000|  0%| F|  |TAMS 0x0000000085c00000| PB 0x0000000085c00000| Untracked 
|  67|0x0000000085d00000, 0x0000000085d00000, 0x0000000085e00000|  0%| F|  |TAMS 0x0000000085d00000| PB 0x0000000085d00000| Untracked 
|  68|0x0000000085e00000, 0x0000000085e00000, 0x0000000085f00000|  0%| F|  |TAMS 0x0000000085e00000| PB 0x0000000085e00000| Untracked 
|  69|0x0000000085f00000, 0x0000000085f00000, 0x0000000086000000|  0%| F|  |TAMS 0x0000000085f00000| PB 0x0000000085f00000| Untracked 
|  70|0x0000000086000000, 0x0000000086000000, 0x0000000086100000|  0%| F|  |TAMS 0x0000000086000000| PB 0x0000000086000000| Untracked 
|  71|0x0000000086100000, 0x0000000086100000, 0x0000000086200000|  0%| F|  |TAMS 0x0000000086100000| PB 0x0000000086100000| Untracked 
|  72|0x0000000086200000, 0x0000000086200000, 0x0000000086300000|  0%| F|  |TAMS 0x0000000086200000| PB 0x0000000086200000| Untracked 
|  73|0x0000000086300000, 0x0000000086300000, 0x0000000086400000|  0%| F|  |TAMS 0x0000000086300000| PB 0x0000000086300000| Untracked 
|  74|0x0000000086400000, 0x0000000086400000, 0x0000000086500000|  0%| F|  |TAMS 0x0000000086400000| PB 0x0000000086400000| Untracked 
|  75|0x0000000086500000, 0x0000000086500000, 0x0000000086600000|  0%| F|  |TAMS 0x0000000086500000| PB 0x0000000086500000| Untracked 
|  76|0x0000000086600000, 0x0000000086600000, 0x0000000086700000|  0%| F|  |TAMS 0x0000000086600000| PB 0x0000000086600000| Untracked 
|  77|0x0000000086700000, 0x0000000086700000, 0x0000000086800000|  0%| F|  |TAMS 0x0000000086700000| PB 0x0000000086700000| Untracked 
|  78|0x0000000086800000, 0x0000000086800000, 0x0000000086900000|  0%| F|  |TAMS 0x0000000086800000| PB 0x0000000086800000| Untracked 
|  79|0x0000000086900000, 0x0000000086900000, 0x0000000086a00000|  0%| F|  |TAMS 0x0000000086900000| PB 0x0000000086900000| Untracked 
|  80|0x0000000086a00000, 0x0000000086a00000, 0x0000000086b00000|  0%| F|  |TAMS 0x0000000086a00000| PB 0x0000000086a00000| Untracked 
|  81|0x0000000086b00000, 0x0000000086b00000, 0x0000000086c00000|  0%| F|  |TAMS 0x0000000086b00000| PB 0x0000000086b00000| Untracked 
|  82|0x0000000086c00000, 0x0000000086c00000, 0x0000000086d00000|  0%| F|  |TAMS 0x0000000086c00000| PB 0x0000000086c00000| Untracked 
|  83|0x0000000086d00000, 0x0000000086d00000, 0x0000000086e00000|  0%| F|  |TAMS 0x0000000086d00000| PB 0x0000000086d00000| Untracked 
|  84|0x0000000086e00000, 0x0000000086e00000, 0x0000000086f00000|  0%| F|  |TAMS 0x0000000086e00000| PB 0x0000000086e00000| Untracked 
|  85|0x0000000086f00000, 0x0000000086f00000, 0x0000000087000000|  0%| F|  |TAMS 0x0000000086f00000| PB 0x0000000086f00000| Untracked 
|  86|0x0000000087000000, 0x0000000087000000, 0x0000000087100000|  0%| F|  |TAMS 0x0000000087000000| PB 0x0000000087000000| Untracked 
|  87|0x0000000087100000, 0x0000000087100000, 0x0000000087200000|  0%| F|  |TAMS 0x0000000087100000| PB 0x0000000087100000| Untracked 
|  88|0x0000000087200000, 0x0000000087200000, 0x0000000087300000|  0%| F|  |TAMS 0x0000000087200000| PB 0x0000000087200000| Untracked 
|  89|0x0000000087300000, 0x0000000087300000, 0x0000000087400000|  0%| F|  |TAMS 0x0000000087300000| PB 0x0000000087300000| Untracked 
|  90|0x0000000087400000, 0x0000000087400000, 0x0000000087500000|  0%| F|  |TAMS 0x0000000087400000| PB 0x0000000087400000| Untracked 
|  91|0x0000000087500000, 0x0000000087500000, 0x0000000087600000|  0%| F|  |TAMS 0x0000000087500000| PB 0x0000000087500000| Untracked 
|  92|0x0000000087600000, 0x0000000087600000, 0x0000000087700000|  0%| F|  |TAMS 0x0000000087600000| PB 0x0000000087600000| Untracked 
|  93|0x0000000087700000, 0x0000000087700000, 0x0000000087800000|  0%| F|  |TAMS 0x0000000087700000| PB 0x0000000087700000| Untracked 
|  94|0x0000000087800000, 0x0000000087800000, 0x0000000087900000|  0%| F|  |TAMS 0x0000000087800000| PB 0x0000000087800000| Untracked 
|  95|0x0000000087900000, 0x0000000087900000, 0x0000000087a00000|  0%| F|  |TAMS 0x0000000087900000| PB 0x0000000087900000| Untracked 
|  96|0x0000000087a00000, 0x0000000087a00000, 0x0000000087b00000|  0%| F|  |TAMS 0x0000000087a00000| PB 0x0000000087a00000| Untracked 
|  97|0x0000000087b00000, 0x0000000087b00000, 0x0000000087c00000|  0%| F|  |TAMS 0x0000000087b00000| PB 0x0000000087b00000| Untracked 
|  98|0x0000000087c00000, 0x0000000087c00000, 0x0000000087d00000|  0%| F|  |TAMS 0x0000000087c00000| PB 0x0000000087c00000| Untracked 
|  99|0x0000000087d00000, 0x0000000087d00000, 0x0000000087e00000|  0%| F|  |TAMS 0x0000000087d00000| PB 0x0000000087d00000| Untracked 
| 100|0x0000000087e00000, 0x0000000087e00000, 0x0000000087f00000|  0%| F|  |TAMS 0x0000000087e00000| PB 0x0000000087e00000| Untracked 
| 101|0x0000000087f00000, 0x0000000087f00000, 0x0000000088000000|  0%| F|  |TAMS 0x0000000087f00000| PB 0x0000000087f00000| Untracked 
| 102|0x0000000088000000, 0x0000000088000000, 0x0000000088100000|  0%| F|  |TAMS 0x0000000088000000| PB 0x0000000088000000| Untracked 
| 103|0x0000000088100000, 0x0000000088100000, 0x0000000088200000|  0%| F|  |TAMS 0x0000000088100000| PB 0x0000000088100000| Untracked 
| 104|0x0000000088200000, 0x0000000088200000, 0x0000000088300000|  0%| F|  |TAMS 0x0000000088200000| PB 0x0000000088200000| Untracked 
| 105|0x0000000088300000, 0x0000000088300000, 0x0000000088400000|  0%| F|  |TAMS 0x0000000088300000| PB 0x0000000088300000| Untracked 
| 106|0x0000000088400000, 0x0000000088400000, 0x0000000088500000|  0%| F|  |TAMS 0x0000000088400000| PB 0x0000000088400000| Untracked 
| 107|0x0000000088500000, 0x0000000088500000, 0x0000000088600000|  0%| F|  |TAMS 0x0000000088500000| PB 0x0000000088500000| Untracked 
| 108|0x0000000088600000, 0x0000000088600000, 0x0000000088700000|  0%| F|  |TAMS 0x0000000088600000| PB 0x0000000088600000| Untracked 
| 109|0x0000000088700000, 0x0000000088700000, 0x0000000088800000|  0%| F|  |TAMS 0x0000000088700000| PB 0x0000000088700000| Untracked 
| 110|0x0000000088800000, 0x0000000088800000, 0x0000000088900000|  0%| F|  |TAMS 0x0000000088800000| PB 0x0000000088800000| Untracked 
| 111|0x0000000088900000, 0x0000000088900000, 0x0000000088a00000|  0%| F|  |TAMS 0x0000000088900000| PB 0x0000000088900000| Untracked 
| 112|0x0000000088a00000, 0x0000000088a00000, 0x0000000088b00000|  0%| F|  |TAMS 0x0000000088a00000| PB 0x0000000088a00000| Untracked 
| 113|0x0000000088b00000, 0x0000000088c00000, 0x0000000088c00000|100%| S|CS|TAMS 0x0000000088b00000| PB 0x0000000088b00000| Complete 
| 114|0x0000000088c00000, 0x0000000088d00000, 0x0000000088d00000|100%| S|CS|TAMS 0x0000000088c00000| PB 0x0000000088c00000| Complete 
| 115|0x0000000088d00000, 0x0000000088d00000, 0x0000000088e00000|  0%| F|  |TAMS 0x0000000088d00000| PB 0x0000000088d00000| Untracked 
| 116|0x0000000088e00000, 0x0000000088e00000, 0x0000000088f00000|  0%| F|  |TAMS 0x0000000088e00000| PB 0x0000000088e00000| Untracked 
| 117|0x0000000088f00000, 0x0000000088f00000, 0x0000000089000000|  0%| F|  |TAMS 0x0000000088f00000| PB 0x0000000088f00000| Untracked 
| 118|0x0000000089000000, 0x0000000089000000, 0x0000000089100000|  0%| F|  |TAMS 0x0000000089000000| PB 0x0000000089000000| Untracked 
| 119|0x0000000089100000, 0x0000000089100000, 0x0000000089200000|  0%| F|  |TAMS 0x0000000089100000| PB 0x0000000089100000| Untracked 
| 120|0x0000000089200000, 0x0000000089250718, 0x0000000089300000| 31%| E|  |TAMS 0x0000000089200000| PB 0x0000000089200000| Complete 
| 121|0x0000000089300000, 0x0000000089400000, 0x0000000089400000|100%| E|CS|TAMS 0x0000000089300000| PB 0x0000000089300000| Complete 
| 122|0x0000000089400000, 0x0000000089500000, 0x0000000089500000|100%| E|CS|TAMS 0x0000000089400000| PB 0x0000000089400000| Complete 
| 123|0x0000000089500000, 0x0000000089600000, 0x0000000089600000|100%| E|CS|TAMS 0x0000000089500000| PB 0x0000000089500000| Complete 
| 124|0x0000000089600000, 0x0000000089700000, 0x0000000089700000|100%| E|CS|TAMS 0x0000000089600000| PB 0x0000000089600000| Complete 
| 125|0x0000000089700000, 0x0000000089800000, 0x0000000089800000|100%| E|CS|TAMS 0x0000000089700000| PB 0x0000000089700000| Complete 
| 126|0x0000000089800000, 0x0000000089900000, 0x0000000089900000|100%| E|CS|TAMS 0x0000000089800000| PB 0x0000000089800000| Complete 
| 127|0x0000000089900000, 0x0000000089a00000, 0x0000000089a00000|100%| E|CS|TAMS 0x0000000089900000| PB 0x0000000089900000| Complete 

Card table byte_map: [0x0000019f30110000,0x0000019f30510000] _byte_map_base: 0x0000019f2fd03000

Marking Bits: (CMBitMap*) 0x0000019f188edd40
 Bits: [0x0000019f30510000, 0x0000019f324a8000)

Polling page: 0x0000019f16860000

Metaspace:

Usage:
  Non-class:      9.58 MB used.
      Class:      1.29 MB used.
       Both:     10.87 MB used.

Virtual space:
  Non-class space:       64.00 MB reserved,       9.69 MB ( 15%) committed,  1 nodes.
      Class space:        1.00 GB reserved,       1.38 MB ( <1%) committed,  1 nodes.
             Both:        1.06 GB reserved,      11.06 MB (  1%) committed. 

Chunk freelists:
   Non-Class:  6.19 MB
       Class:  14.59 MB
        Both:  20.79 MB

MaxMetaspaceSize: unlimited
CompressedClassSpaceSize: 1.00 GB
Initial GC threshold: 21.00 MB
Current GC threshold: 21.00 MB
CDS: on
 - commit_granule_bytes: 65536.
 - commit_granule_words: 8192.
 - virtual_space_node_default_size: 8388608.
 - enlarge_chunks_in_place: 1.
 - use_allocation_guard: 0.


Internal statistics:

num_allocs_failed_limit: 0.
num_arena_births: 166.
num_arena_deaths: 0.
num_vsnodes_births: 2.
num_vsnodes_deaths: 0.
num_space_committed: 177.
num_space_uncommitted: 0.
num_chunks_returned_to_freelist: 0.
num_chunks_taken_from_freelist: 233.
num_chunk_merges: 0.
num_chunk_splits: 132.
num_chunks_enlarged: 54.
num_inconsistent_stats: 0.

CodeHeap 'non-profiled nmethods': size=120000Kb used=508Kb max_used=508Kb free=119491Kb
 bounds [0x0000019f287e0000, 0x0000019f28a50000, 0x0000019f2fd10000]
CodeHeap 'profiled nmethods': size=120000Kb used=2766Kb max_used=2766Kb free=117234Kb
 bounds [0x0000019f20d10000, 0x0000019f20fd0000, 0x0000019f28240000]
CodeHeap 'non-nmethods': size=5760Kb used=1624Kb max_used=1665Kb free=4135Kb
 bounds [0x0000019f28240000, 0x0000019f284b0000, 0x0000019f287e0000]
 total_blobs=2328 nmethods=1649 adapters=584
 compilation: enabled
              stopped_count=0, restarted_count=0
 full_count=0

Compilation events (20 events):
Event: 7.682 Thread 0x0000019f349c38b0 nmethod 1639 0x0000019f2885e910 code [0x0000019f2885eaa0, 0x0000019f2885eb70]
Event: 8.196 Thread 0x0000019f349c38b0 1640       1       java.awt.BasicStroke::getLineWidth (5 bytes)
Event: 8.197 Thread 0x0000019f349c38b0 nmethod 1640 0x0000019f2885ec10 code [0x0000019f2885eda0, 0x0000019f2885ee68]
Event: 8.197 Thread 0x0000019f349c38b0 1641       3       java.awt.Rectangle::getWidth (6 bytes)
Event: 8.197 Thread 0x0000019f349c38b0 nmethod 1641 0x0000019f20fbff90 code [0x0000019f20fc0120, 0x0000019f20fc0230]
Event: 8.197 Thread 0x0000019f349c38b0 1642       3       java.awt.Rectangle::getHeight (6 bytes)
Event: 8.197 Thread 0x0000019f349c38b0 nmethod 1642 0x0000019f20fc0290 code [0x0000019f20fc0420, 0x0000019f20fc0530]
Event: 8.699 Thread 0x0000019f349c38b0 1643       3       java.awt.geom.AffineTransform::equals (104 bytes)
Event: 8.701 Thread 0x0000019f349c38b0 nmethod 1643 0x0000019f20fc0590 code [0x0000019f20fc0840, 0x0000019f20fc1e88]
Event: 8.702 Thread 0x0000019f349c38b0 1644       3       java.awt.geom.Rectangle2D$Float::getHeight (6 bytes)
Event: 8.702 Thread 0x0000019f349c38b0 nmethod 1644 0x0000019f20fc2190 code [0x0000019f20fc2320, 0x0000019f20fc2438]
Event: 9.199 Thread 0x0000019f349c38b0 1645       3       javax.swing.SwingUtilities::computeIntersection (189 bytes)
Event: 9.200 Thread 0x0000019f349c38b0 nmethod 1645 0x0000019f20fc2510 code [0x0000019f20fc26c0, 0x0000019f20fc29a0]
Event: 9.201 Thread 0x0000019f349c38b0 1646       3       sun.swing.SwingUtilities2$KeyPair::hashCode (19 bytes)
Event: 9.201 Thread 0x0000019f349c38b0 nmethod 1646 0x0000019f20fc2a90 code [0x0000019f20fc2c60, 0x0000019f20fc2f20]
Event: 1021.508 Thread 0x0000019f349c38b0 1648       3       java.lang.Thread::isVirtual (5 bytes)
Event: 1021.508 Thread 0x0000019f349c38b0 nmethod 1648 0x0000019f20fc3010 code [0x0000019f20fc31c0, 0x0000019f20fc33c8]
Event: 1524.001 Thread 0x0000019f349c38b0 1649       3       java.lang.StringBuilder::<init> (6 bytes)
Event: 1524.001 Thread 0x0000019f349c38b0 nmethod 1649 0x0000019f20fc3490 code [0x0000019f20fc3640, 0x0000019f20fc3778]
Event: 1527.001 Thread 0x0000019f349c06e0 1650       4       java.util.HashMap::keysToArray (81 bytes)

GC Heap History (2 events):
Event: 1.368 GC heap before
{Heap before GC invocations=0 (full 0):
 garbage-first heap   total 131072K, used 21504K [0x0000000081a00000, 0x0000000100000000)
  region size 1024K, 13 young (13312K), 0 survivors (0K)
 Metaspace       used 10152K, committed 10368K, reserved 1114112K
  class space    used 1220K, committed 1344K, reserved 1048576K
}
Event: 1.379 GC heap after
{Heap after GC invocations=1 (full 0):
 garbage-first heap   total 131072K, used 12128K [0x0000000081a00000, 0x0000000100000000)
  region size 1024K, 2 young (2048K), 2 survivors (2048K)
 Metaspace       used 10152K, committed 10368K, reserved 1114112K
  class space    used 1220K, committed 1344K, reserved 1048576K
}

Dll operation events (10 events):
Event: 0.009 Loaded shared library C:\Program Files\Java\jdk-21\bin\java.dll
Event: 0.056 Loaded shared library C:\Program Files\Java\jdk-21\bin\jsvml.dll
Event: 0.106 Loaded shared library C:\Program Files\Java\jdk-21\bin\net.dll
Event: 0.108 Loaded shared library C:\Program Files\Java\jdk-21\bin\nio.dll
Event: 0.137 Loaded shared library C:\Program Files\Java\jdk-21\bin\zip.dll
Event: 0.156 Loaded shared library C:\Program Files\Java\jdk-21\bin\jimage.dll
Event: 0.174 Loaded shared library C:\Program Files\Java\jdk-21\bin\awt.dll
Event: 0.423 Loaded shared library C:\Program Files\Java\jdk-21\bin\verify.dll
Event: 0.649 Loaded shared library C:\Program Files\Java\jdk-21\bin\freetype.dll
Event: 0.651 Loaded shared library C:\Program Files\Java\jdk-21\bin\fontmanager.dll

Deoptimization events (20 events):
Event: 1.462 Thread 0x0000019f34bceb70 Uncommon trap: trap_request=0xffffff45 fr.pc=0x0000019f288243a0 relative=0x0000000000000100
Event: 1.462 Thread 0x0000019f34bceb70 Uncommon trap: reason=unstable_if action=reinterpret pc=0x0000019f288243a0 method=java.lang.ref.SoftReference.get()Ljava/lang/Object; @ 17 c2
Event: 1.462 Thread 0x0000019f34bceb70 DEOPT PACKING pc=0x0000019f288243a0 sp=0x0000002b0dffd0c0
Event: 1.462 Thread 0x0000019f34bceb70 DEOPT UNPACKING pc=0x0000019f282946a2 sp=0x0000002b0dffd078 mode 2
Event: 1.482 Thread 0x0000019f34bceb70 Uncommon trap: trap_request=0xffffff45 fr.pc=0x0000019f28846bf8 relative=0x0000000000000138
Event: 1.482 Thread 0x0000019f34bceb70 Uncommon trap: reason=unstable_if action=reinterpret pc=0x0000019f28846bf8 method=java.lang.ThreadLocal$ThreadLocalMap.getEntry(Ljava/lang/ThreadLocal;)Ljava/lang/ThreadLocal$ThreadLocalMap$Entry; @ 21 c2
Event: 1.482 Thread 0x0000019f34bceb70 DEOPT PACKING pc=0x0000019f28846bf8 sp=0x0000002b0dffd260
Event: 1.482 Thread 0x0000019f34bceb70 DEOPT UNPACKING pc=0x0000019f282946a2 sp=0x0000002b0dffd180 mode 2
Event: 1.550 Thread 0x0000019f34bceb70 Uncommon trap: trap_request=0xffffff45 fr.pc=0x0000019f2881f058 relative=0x0000000000001bb8
Event: 1.550 Thread 0x0000019f34bceb70 Uncommon trap: reason=unstable_if action=reinterpret pc=0x0000019f2881f058 method=java.lang.ref.SoftReference.get()Ljava/lang/Object; @ 17 c2
Event: 1.550 Thread 0x0000019f34bceb70 DEOPT PACKING pc=0x0000019f2881f058 sp=0x0000002b0dffd440
Event: 1.550 Thread 0x0000019f34bceb70 DEOPT UNPACKING pc=0x0000019f282946a2 sp=0x0000002b0dffd330 mode 2
Event: 2.326 Thread 0x0000019f34bceb70 Uncommon trap: trap_request=0xffffffde fr.pc=0x0000019f287f7060 relative=0x00000000000001c0
Event: 2.326 Thread 0x0000019f34bceb70 Uncommon trap: reason=class_check action=maybe_recompile pc=0x0000019f287f7060 method=java.lang.String.equals(Ljava/lang/Object;)Z @ 8 c2
Event: 2.326 Thread 0x0000019f34bceb70 DEOPT PACKING pc=0x0000019f287f7060 sp=0x0000002b0dffe660
Event: 2.326 Thread 0x0000019f34bceb70 DEOPT UNPACKING pc=0x0000019f282946a2 sp=0x0000002b0dffe5e8 mode 2
Event: 2.326 Thread 0x0000019f34bceb70 Uncommon trap: trap_request=0xffffffde fr.pc=0x0000019f287f7060 relative=0x00000000000001c0
Event: 2.326 Thread 0x0000019f34bceb70 Uncommon trap: reason=class_check action=maybe_recompile pc=0x0000019f287f7060 method=java.lang.String.equals(Ljava/lang/Object;)Z @ 8 c2
Event: 2.326 Thread 0x0000019f34bceb70 DEOPT PACKING pc=0x0000019f287f7060 sp=0x0000002b0dffe660
Event: 2.326 Thread 0x0000019f34bceb70 DEOPT UNPACKING pc=0x0000019f282946a2 sp=0x0000002b0dffe5e8 mode 2

Classes loaded (20 events):
Event: 2.327 Loading class javax/swing/PopupFactory$ContainerPopup done
Event: 2.327 Loading class javax/swing/PopupFactory$LightWeightPopup done
Event: 2.342 Loading class javax/swing/RepaintManager$3
Event: 2.342 Loading class javax/swing/RepaintManager$3 done
Event: 2.346 Loading class com/sun/java/swing/SwingUtilities3$UnscaledBorderPainter
Event: 2.346 Loading class com/sun/java/swing/SwingUtilities3$UnscaledBorderPainter done
Event: 2.349 Loading class java/awt/geom/RectIterator
Event: 2.349 Loading class java/awt/geom/RectIterator done
Event: 5.119 Loading class java/awt/event/MouseWheelEvent
Event: 5.119 Loading class java/awt/event/MouseWheelEvent done
Event: 6.243 Loading class java/awt/LightweightDispatcher$2
Event: 6.243 Loading class java/awt/LightweightDispatcher$2 done
Event: 9.599 Loading class java/awt/KeyboardFocusManager$2
Event: 9.599 Loading class java/awt/KeyboardFocusManager$2 done
Event: 9.600 Loading class sun/awt/SunToolkit$1
Event: 9.600 Loading class sun/awt/SunToolkit$1 done
Event: 1311.897 Loading class java/awt/desktop/SystemSleepListener
Event: 1311.897 Loading class java/awt/desktop/SystemEventListener
Event: 1311.897 Loading class java/awt/desktop/SystemEventListener done
Event: 1311.897 Loading class java/awt/desktop/SystemSleepListener done

Classes unloaded (0 events):
No events

Classes redefined (0 events):
No events

Internal exceptions (16 events):
Event: 0.110 Thread 0x0000019f1672e780 Exception <a 'sun/nio/fs/WindowsException'{0x000000008983f450}> (0x000000008983f450) 
thrown [s\open\src\hotspot\share\prims\jni.cpp, line 520]
Event: 0.113 Thread 0x0000019f1672e780 Exception <a 'sun/nio/fs/WindowsException'{0x0000000089841960}> (0x0000000089841960) 
thrown [s\open\src\hotspot\share\prims\jni.cpp, line 520]
Event: 0.113 Thread 0x0000019f1672e780 Exception <a 'sun/nio/fs/WindowsException'{0x0000000089842460}> (0x0000000089842460) 
thrown [s\open\src\hotspot\share\prims\jni.cpp, line 520]
Event: 0.163 Thread 0x0000019f1672e780 Exception <a 'java/lang/ClassNotFoundException'{0x0000000089739bc0}: sun/awt/resources/spi/awtProvider> (0x0000000089739bc0) 
thrown [s\open\src\hotspot\share\classfile\systemDictionary.cpp, line 312]
Event: 0.191 Thread 0x0000019f1672e780 Exception <a 'java/io/FileNotFoundException'{0x000000008978f078}> (0x000000008978f078) 
thrown [s\open\src\hotspot\share\prims\jni.cpp, line 520]
Event: 0.201 Thread 0x0000019f1672e780 Exception <a 'java/io/FileNotFoundException'{0x00000000897b90a0}> (0x00000000897b90a0) 
thrown [s\open\src\hotspot\share\prims\jni.cpp, line 520]
Event: 0.298 Thread 0x0000019f1672e780 Exception <a 'java/lang/NoSuchMethodError'{0x000000008950c2d0}: 'void java.lang.invoke.DirectMethodHandle$Holder.invokeSpecial(java.lang.Object, java.lang.Object, java.lang.Object)'> (0x000000008950c2d0) 
thrown [s\open\src\hotspot\share\interpreter\linkResolver.cpp, line 773]
Event: 0.310 Thread 0x0000019f1672e780 Exception <a 'java/lang/NoSuchMethodError'{0x0000000089531c28}: 'java.lang.Object java.lang.invoke.DirectMethodHandle$Holder.newInvokeSpecial(java.lang.Object, java.lang.Object, java.lang.Object, java.lang.Object, java.lang.Object)'> (0x0000000089531c28) 
thrown [s\open\src\hotspot\share\interpreter\linkResolver.cpp, line 773]
Event: 0.320 Thread 0x0000019f1672e780 Exception <a 'java/lang/NoSuchMethodError'{0x000000008955da08}: 'java.lang.Object java.lang.invoke.DirectMethodHandle$Holder.invokeStatic(java.lang.Object, int, java.lang.Object)'> (0x000000008955da08) 
thrown [s\open\src\hotspot\share\interpreter\linkResolver.cpp, line 773]
Event: 0.353 Thread 0x0000019f1672e780 Exception <a 'java/lang/ClassNotFoundException'{0x00000000895fd320}: com/sun/swing/internal/plaf/metal/resources/spi/metalProvider> (0x00000000895fd320) 
thrown [s\open\src\hotspot\share\classfile\systemDictionary.cpp, line 312]
Event: 0.354 Thread 0x0000019f1672e780 Exception <a 'java/lang/ClassNotFoundException'{0x00000000894016f0}: com/sun/swing/internal/plaf/basic/resources/spi/basicProvider> (0x00000000894016f0) 
thrown [s\open\src\hotspot\share\classfile\systemDictionary.cpp, line 312]
Event: 0.369 Thread 0x0000019f1672e780 Exception <a 'java/lang/NoSuchMethodError'{0x0000000089420878}: 'int java.lang.invoke.Invokers$Holder.invokeExact_MT(java.lang.Object, java.lang.Object)'> (0x0000000089420878) 
thrown [s\open\src\hotspot\share\interpreter\linkResolver.cpp, line 773]
Event: 0.860 Thread 0x0000019f34bcd7c0 Exception <a 'java/lang/NoSuchMethodError'{0x0000000089016a70}: 'java.lang.Object java.lang.invoke.DirectMethodHandle$Holder.newInvokeSpecial(java.lang.Object, java.lang.Object, java.lang.Object, int, int, int, int, int)'> (0x0000000089016a70) 
thrown [s\open\src\hotspot\share\interpreter\linkResolver.cpp, line 773]
Event: 0.889 Thread 0x0000019f34bd0c40 Exception <a 'java/lang/NoSuchMethodError'{0x0000000089693eb8}: 'void java.lang.invoke.DirectMethodHandle$Holder.invokeVirtual(java.lang.Object, java.lang.Object)'> (0x0000000089693eb8) 
thrown [s\open\src\hotspot\share\interpreter\linkResolver.cpp, line 773]
Event: 0.909 Thread 0x0000019f1672e780 Exception <a 'java/lang/NoSuchMethodError'{0x0000000089079f40}: 'void java.lang.invoke.DirectMethodHandle$Holder.invokeStaticInit(java.lang.Object)'> (0x0000000089079f40) 
thrown [s\open\src\hotspot\share\interpreter\linkResolver.cpp, line 773]
Event: 1.482 Thread 0x0000019f34bceb70 Implicit null exception at 0x0000019f28846b29 to 0x0000019f28846bd8

ZGC Phase Switch (0 events):
No events

VM Operations (20 events):
Event: 1.037 Executing VM operation: ICBufferFull
Event: 1.037 Executing VM operation: ICBufferFull done
Event: 1.368 Executing VM operation: G1CollectForAllocation (G1 Evacuation Pause)
Event: 1.379 Executing VM operation: G1CollectForAllocation (G1 Evacuation Pause) done
Event: 1.545 Executing VM operation: HandshakeAllThreads (Deoptimize)
Event: 1.545 Executing VM operation: HandshakeAllThreads (Deoptimize) done
Event: 2.552 Executing VM operation: Cleanup
Event: 2.553 Executing VM operation: Cleanup done
Event: 4.557 Executing VM operation: Cleanup
Event: 4.557 Executing VM operation: Cleanup done
Event: 5.562 Executing VM operation: Cleanup
Event: 5.562 Executing VM operation: Cleanup done
Event: 6.571 Executing VM operation: Cleanup
Event: 6.571 Executing VM operation: Cleanup done
Event: 60.027 Executing VM operation: HandshakeAllThreads (HandshakeForDeflation)
Event: 60.027 Executing VM operation: HandshakeAllThreads (HandshakeForDeflation) done
Event: 60.027 Executing VM operation: RendezvousGCThreads
Event: 60.027 Executing VM operation: RendezvousGCThreads done
Event: 1524.958 Executing VM operation: Cleanup
Event: 1524.958 Executing VM operation: Cleanup done

Events (20 events):
Event: 0.054 Thread 0x0000019f3498eb40 Thread added: 0x0000019f3498eb40
Event: 0.054 Thread 0x0000019f349975b0 Thread added: 0x0000019f349975b0
Event: 0.054 Thread 0x0000019f349bb930 Thread added: 0x0000019f349bb930
Event: 0.054 Thread 0x0000019f349c06e0 Thread added: 0x0000019f349c06e0
Event: 0.054 Thread 0x0000019f349c38b0 Thread added: 0x0000019f349c38b0
Event: 0.085 Thread 0x0000019f34bcde50 Thread added: 0x0000019f34bcde50
Event: 0.132 Thread 0x0000019f34bcf200 Thread added: 0x0000019f34bcf200
Event: 0.255 Thread 0x0000019f34bcf890 Thread added: 0x0000019f34bcf890
Event: 0.256 Thread 0x0000019f34bd05b0 Thread added: 0x0000019f34bd05b0
Event: 0.258 Thread 0x0000019f34bd0c40 Thread added: 0x0000019f34bd0c40
Event: 0.713 Thread 0x0000019f34bceb70 Thread added: 0x0000019f34bceb70
Event: 0.723 Thread 0x0000019f349c5ac0 Thread added: 0x0000019f349c5ac0
Event: 0.853 Thread 0x0000019f34bcd7c0 Thread added: 0x0000019f34bcd7c0
Event: 1.033 Thread 0x0000019f1672e780 Thread exited: 0x0000019f1672e780
Event: 1.033 Thread 0x0000019f34bcff20 Thread added: 0x0000019f34bcff20
Event: 1.083 Thread 0x0000019f349c5ac0 Thread exited: 0x0000019f349c5ac0
Event: 1.487 Thread 0x0000019f349c6190 Thread added: 0x0000019f349c6190
Event: 1.553 Thread 0x0000019f34bce4e0 Thread added: 0x0000019f34bce4e0
Event: 2.085 Thread 0x0000019f349c6190 Thread exited: 0x0000019f349c6190
Event: 5.882 Thread 0x0000019f34bcd7c0 Thread exited: 0x0000019f34bcd7c0


Dynamic libraries:
0x00007ff653850000 - 0x00007ff653860000 	C:\Program Files\Java\jdk-21\bin\java.exe
0x00007ffe427f0000 - 0x00007ffe429e8000 	C:\Windows\SYSTEM32\ntdll.dll
0x00007ffe408c0000 - 0x00007ffe40981000 	C:\Windows\System32\KERNEL32.DLL
0x00007ffe402f0000 - 0x00007ffe405e6000 	C:\Windows\System32\KERNELBASE.dll
0x00007ffe40000000 - 0x00007ffe40100000 	C:\Windows\System32\ucrtbase.dll
0x00007ffe04250000 - 0x00007ffe0426b000 	C:\Program Files\Java\jdk-21\bin\VCRUNTIME140.dll
0x00007ffe3c430000 - 0x00007ffe3c449000 	C:\Program Files\Java\jdk-21\bin\jli.dll
0x00007ffe41430000 - 0x00007ffe414e0000 	C:\Windows\System32\ADVAPI32.dll
0x00007ffe40cf0000 - 0x00007ffe40d8e000 	C:\Windows\System32\msvcrt.dll
0x00007ffe40820000 - 0x00007ffe408c0000 	C:\Windows\System32\sechost.dll
0x00007ffe410a0000 - 0x00007ffe411c3000 	C:\Windows\System32\RPCRT4.dll
0x00007ffe40170000 - 0x00007ffe40197000 	C:\Windows\System32\bcrypt.dll
0x00007ffe411d0000 - 0x00007ffe4136f000 	C:\Windows\System32\USER32.dll
0x00007ffe401a0000 - 0x00007ffe401c2000 	C:\Windows\System32\win32u.dll
0x00007ffe2d290000 - 0x00007ffe2d52a000 	C:\Windows\WinSxS\amd64_microsoft.windows.common-controls_6595b64144ccf1df_6.0.19041.4355_none_60b8b9eb71f62e16\COMCTL32.dll
0x00007ffe42650000 - 0x00007ffe4267b000 	C:\Windows\System32\GDI32.dll
0x00007ffe401d0000 - 0x00007ffe402e7000 	C:\Windows\System32\gdi32full.dll
0x00007ffe40730000 - 0x00007ffe407cd000 	C:\Windows\System32\msvcp_win.dll
0x00007ffe359c0000 - 0x00007ffe359ca000 	C:\Windows\SYSTEM32\VERSION.dll
0x00007ffe41a70000 - 0x00007ffe41a9f000 	C:\Windows\System32\IMM32.DLL
0x00007ffe04240000 - 0x00007ffe0424c000 	C:\Program Files\Java\jdk-21\bin\vcruntime140_1.dll
0x00007ffe03e60000 - 0x00007ffe03eee000 	C:\Program Files\Java\jdk-21\bin\msvcp140.dll
0x00007ffe04270000 - 0x00007ffe04f87000 	C:\Program Files\Java\jdk-21\bin\server\jvm.dll
0x00007ffe41bd0000 - 0x00007ffe41c3b000 	C:\Windows\System32\WS2_32.dll
0x00007ffe3fc40000 - 0x00007ffe3fc8b000 	C:\Windows\SYSTEM32\POWRPROF.dll
0x00007ffe2c510000 - 0x00007ffe2c537000 	C:\Windows\SYSTEM32\WINMM.dll
0x00007ffe3fc20000 - 0x00007ffe3fc32000 	C:\Windows\SYSTEM32\UMPDC.dll
0x00007ffe3ea20000 - 0x00007ffe3ea32000 	C:\Windows\SYSTEM32\kernel.appcore.dll
0x00007ffe041d0000 - 0x00007ffe041da000 	C:\Program Files\Java\jdk-21\bin\jimage.dll
0x00007ffe3e3c0000 - 0x00007ffe3e5a4000 	C:\Windows\SYSTEM32\DBGHELP.DLL
0x00007ffe261a0000 - 0x00007ffe261d4000 	C:\Windows\SYSTEM32\dbgcore.DLL
0x00007ffe406a0000 - 0x00007ffe40722000 	C:\Windows\System32\bcryptPrimitives.dll
0x00007ffe041e0000 - 0x00007ffe041ff000 	C:\Program Files\Java\jdk-21\bin\java.dll
0x00007ffe41c40000 - 0x00007ffe423ac000 	C:\Windows\System32\SHELL32.dll
0x00007ffe3db50000 - 0x00007ffe3e2ee000 	C:\Windows\SYSTEM32\windows.storage.dll
0x00007ffe40990000 - 0x00007ffe40ce3000 	C:\Windows\System32\combase.dll
0x00007ffe3f7f0000 - 0x00007ffe3f81e000 	C:\Windows\SYSTEM32\Wldp.dll
0x00007ffe426e0000 - 0x00007ffe427ad000 	C:\Windows\System32\OLEAUT32.dll
0x00007ffe41aa0000 - 0x00007ffe41b4d000 	C:\Windows\System32\SHCORE.dll
0x00007ffe40e90000 - 0x00007ffe40ee5000 	C:\Windows\System32\shlwapi.dll
0x00007ffe3fdd0000 - 0x00007ffe3fdf4000 	C:\Windows\SYSTEM32\profapi.dll
0x00007ffe040f0000 - 0x00007ffe041c7000 	C:\Program Files\Java\jdk-21\bin\jsvml.dll
0x00007ffe040e0000 - 0x00007ffe040f0000 	C:\Program Files\Java\jdk-21\bin\net.dll
0x00007ffe36800000 - 0x00007ffe3690a000 	C:\Windows\SYSTEM32\WINHTTP.dll
0x00007ffe3f550000 - 0x00007ffe3f5ba000 	C:\Windows\system32\mswsock.dll
0x00007ffe040c0000 - 0x00007ffe040d6000 	C:\Program Files\Java\jdk-21\bin\nio.dll
0x00007ffe040a0000 - 0x00007ffe040b8000 	C:\Program Files\Java\jdk-21\bin\zip.dll
0x00007ffe03ef0000 - 0x00007ffe0407f000 	C:\Program Files\Java\jdk-21\bin\awt.dll
0x00007ffe3c1d0000 - 0x00007ffe3c264000 	C:\Windows\SYSTEM32\apphelp.dll
0x00007ffe3d680000 - 0x00007ffe3d6af000 	C:\Windows\system32\DWMAPI.DLL
0x00007ffe3d470000 - 0x00007ffe3d50e000 	C:\Windows\system32\uxtheme.dll
0x00007ffe1d0a0000 - 0x00007ffe1d1c8000 	C:\Windows\system32\opengl32.dll
0x00007ffe1d030000 - 0x00007ffe1d05c000 	C:\Windows\SYSTEM32\GLU32.dll
0x00007ffe41950000 - 0x00007ffe41a64000 	C:\Windows\System32\MSCTF.dll
0x00007ffe424f0000 - 0x00007ffe4261b000 	C:\Windows\System32\ole32.dll
0x00007ffe04090000 - 0x00007ffe040a0000 	C:\Program Files\Java\jdk-21\bin\verify.dll
0x00007ffe03dd0000 - 0x00007ffe03e57000 	C:\Program Files\Java\jdk-21\bin\freetype.dll
0x00007ffe03ce0000 - 0x00007ffe03dc2000 	C:\Program Files\Java\jdk-21\bin\fontmanager.dll
0x00007ffe41380000 - 0x00007ffe41429000 	C:\Windows\System32\clbcatq.dll
0x00007ffe3d1b0000 - 0x00007ffe3d366000 	C:\Windows\SYSTEM32\WindowsCodecs.dll
0x00007ffe1c340000 - 0x00007ffe1c37e000 	C:\Windows\system32\dataexchange.dll
0x00007ffe39cc0000 - 0x00007ffe39f23000 	C:\Windows\system32\d3d11.dll
0x00007ffe3ac40000 - 0x00007ffe3ae24000 	C:\Windows\system32\dcomp.dll
0x00007ffe3e700000 - 0x00007ffe3e7f5000 	C:\Windows\system32\dxgi.dll
0x00007ffe38b30000 - 0x00007ffe38d33000 	C:\Windows\system32\twinapi.appcore.dll
0x00007ffe35780000 - 0x00007ffe35879000 	C:\Windows\SYSTEM32\textinputframework.dll
0x00007ffe3b510000 - 0x00007ffe3b602000 	C:\Windows\System32\CoreMessaging.dll
0x00007ffe3b1b0000 - 0x00007ffe3b50b000 	C:\Windows\System32\CoreUIComponents.dll
0x00007ffe3c270000 - 0x00007ffe3c3c7000 	C:\Windows\SYSTEM32\wintypes.dll
0x00007ffe3ef90000 - 0x00007ffe3efc3000 	C:\Windows\SYSTEM32\ntmarta.dll
0x00007ffe22180000 - 0x00007ffe221e6000 	C:\Windows\system32\Oleacc.dll

dbghelp: loaded successfully - version: 4.0.5 - missing functions: none
symbol engine: initialized successfully - sym options: 0x614 - pdb path: (cannot be retrieved)

VM Arguments:
jvm_args: -Dfile.encoding=UTF-8 --module-path=C:\Users\DELL\Documents\NetBeansProjects\bank management system\build\classes 
java_command: bank.management.system.SignUpOne
java_class_path (initial): C:\Users\DELL\Downloads\jcalendar-tz-1.3.3-4.jar;C:\Users\DELL\Documents\NetBeansProjects\bank management system\build\classes
Launcher Type: SUN_STANDARD

[Global flags]
     intx CICompilerCount                          = 3                                         {product} {ergonomic}
     uint ConcGCThreads                            = 1                                         {product} {ergonomic}
     uint G1ConcRefinementThreads                  = 4                                         {product} {ergonomic}
   size_t G1HeapRegionSize                         = 1048576                                   {product} {ergonomic}
    uintx GCDrainStackTargetSize                   = 64                                        {product} {ergonomic}
   size_t InitialHeapSize                          = 134217728                                 {product} {ergonomic}
   size_t MarkStackSize                            = 4194304                                   {product} {ergonomic}
   size_t MaxHeapSize                              = 2120220672                                {product} {ergonomic}
   size_t MaxNewSize                               = 1271922688                                {product} {ergonomic}
   size_t MinHeapDeltaBytes                        = 1048576                                   {product} {ergonomic}
   size_t MinHeapSize                              = 8388608                                   {product} {ergonomic}
    uintx NonNMethodCodeHeapSize                   = 5832780                                {pd product} {ergonomic}
    uintx NonProfiledCodeHeapSize                  = 122912730                              {pd product} {ergonomic}
    uintx ProfiledCodeHeapSize                     = 122912730                              {pd product} {ergonomic}
    uintx ReservedCodeCacheSize                    = 251658240                              {pd product} {ergonomic}
     bool SegmentedCodeCache                       = true                                      {product} {ergonomic}
   size_t SoftMaxHeapSize                          = 2120220672                             {manageable} {ergonomic}
     bool UseCompressedOops                        = true                           {product lp64_product} {ergonomic}
     bool UseG1GC                                  = true                                      {product} {ergonomic}
     bool UseLargePagesIndividualAllocation        = false                                  {pd product} {ergonomic}

Logging:
Log output configuration:
 #0: stdout all=warning uptime,level,tags foldmultilines=false
 #1: stderr all=off uptime,level,tags foldmultilines=false

Environment Variables:
JAVA_HOME=C:\Users\DELL\AppData\Local\Programs\Eclipse Adoptium\jdk-17.0.7.7-hotspot\
PATH=C:\Program Files\Common Files\Oracle\Java\javapath;C:\Windows\system32;C:\Windows;C:\Windows\System32\Wbem;C:\Windows\System32\WindowsPowerShell\v1.0\;C:\Windows\System32\OpenSSH\;C:\MinGW\bin;C:\Program Files\Java\jdk-20\bin;C:\Program Files\MySQL\MySQL Server 8.0\bin;C:\Program Files\Java\jdk-21\bin;C:\Program Files\Git\cmd;C:\Program Files\Git\mingw64\bin;C:\Program Files\Git\usr\bin;C:\Program Files\MySQL\MySQL Shell 8.0\bin\;C:\Users\DELL\AppData\Local\Programs\Eclipse Adoptium\jdk-17.0.7.7-hotspot\bin;C:\Users\DELL\AppData\Local\Microsoft\WindowsApps;;C:\Users\DELL\AppData\Local\Programs\Microsoft VS Code\bin;C:\Program Files\JetBrains\IntelliJ IDEA Community Edition 2023.1.2\java1\IntelliJ IDEA Community Edition 2023.1.2\bin;
USERNAME=DELL
OS=Windows_NT
PROCESSOR_IDENTIFIER=Intel64 Family 6 Model 78 Stepping 3, GenuineIntel
TMP=C:\Users\DELL\AppData\Local\Temp
TEMP=C:\Users\DELL\AppData\Local\Temp




Periodic native trim disabled

---------------  S Y S T E M  ---------------

OS:
 Windows 10 , 64 bit Build 19041 (10.0.19041.4597)
OS uptime: 0 days 3:44 hours

CPU: total 4 (initial active 4) (2 cores per cpu, 2 threads per core) family 6 model 78 stepping 3 microcode 0xcc, cx8, cmov, fxsr, ht, mmx, 3dnowpref, sse, sse2, sse3, ssse3, sse4.1, sse4.2, popcnt, lzcnt, tsc, tscinvbit, avx, avx2, aes, erms, clmul, bmi1, bmi2, rtm, adx, fma, vzeroupper, clflush, clflushopt, rdtscp, f16c
Processor Information for all 4 processors :
  Max Mhz: 2501, Current Mhz: 2501, Mhz Limit: 2501

Memory: 4k page, system-wide physical 8083M (641M free)
TotalPageFile size 20505M (AvailPageFile size 0M)
current process WorkingSet (physical memory assigned to process): 86M, peak: 95M
current process commit charge ("private bytes"): 219M, peak: 229M

vm_info: Java HotSpot(TM) 64-Bit Server VM (21.0.2+13-LTS-58) for windows-amd64 JRE (21.0.2+13-LTS-58), built on 2024-01-05T18:32:24Z by "mach5one" with MS VC++ 17.1 (VS2022)

END.
