#
# There is insufficient memory for the Java Runtime Environment to continue.
# Native memory allocation (malloc) failed to allocate 52816 bytes for Chunk::new
# Possible reasons:
#   The system is out of physical RAM or swap space
#   The process is running with CompressedOops enabled, and the Java Heap may be blocking the growth of the native heap
# Possible solutions:
#   Reduce memory load on the system
#   Increase physical memory or swap space
#   Check if swap backing store is full
#   Decrease Java heap size (-Xmx/-Xms)
#   Decrease number of Java threads
#   Decrease Java thread stack sizes (-Xss)
#   Set larger code cache with -XX:ReservedCodeCacheSize=
#   JVM is running with Unscaled Compressed Oops mode in which the Java heap is
#     placed in the first 4GB address space. The Java Heap base address is the
#     maximum limit for the native heap growth. Please use -XX:HeapBaseMinAddress
#     to set the Java Heap base and to place the Java Heap above 4GB virtual address.
# This output file may be truncated or incomplete.
#
#  Out of Memory Error (arena.cpp:168), pid=4032, tid=11056
#
# JRE version: Java(TM) SE Runtime Environment (21.0.2+13) (build 21.0.2+13-LTS-58)
# Java VM: Java HotSpot(TM) 64-Bit Server VM (21.0.2+13-LTS-58, mixed mode, sharing, tiered, compressed oops, compressed class ptrs, g1 gc, windows-amd64)
# No core dump will be written. Minidumps are not enabled by default on client versions of Windows
#

---------------  S U M M A R Y ------------

Command Line: -Dfile.encoding=UTF-8 --module-path=C:\Users\DELL\Documents\NetBeansProjects\bank management system\build\classes bank.management.system.SignUpOne

Host: Intel(R) Core(TM) i5-6300U CPU @ 2.40GHz, 4 cores, 7G,  Windows 10 , 64 bit Build 19041 (10.0.19041.4597)
Time: Fri Jul 19 02:22:20 2024 India Standard Time elapsed time: 9444.212852 seconds (0d 2h 37m 24s)

---------------  T H R E A D  ---------------

Current thread (0x0000023269fd89e0):  JavaThread "C2 CompilerThread0" daemon [_thread_in_native, id=11056, stack(0x00000041ad100000,0x00000041ad200000) (1024K)]


Current CompileTask:
C2:9444213 1089       4       java.util.HashMap::keysToArray (81 bytes)

Stack: [0x00000041ad100000,0x00000041ad200000]
Native frames: (J=compiled Java code, j=interpreted, Vv=VM code, C=native code)
V  [jvm.dll+0x6cade9]
V  [jvm.dll+0x8569c1]
V  [jvm.dll+0x858d2e]
V  [jvm.dll+0x859413]
V  [jvm.dll+0x280e56]
V  [jvm.dll+0xc3f3d]
V  [jvm.dll+0xc4473]
V  [jvm.dll+0x3b5c2c]
V  [jvm.dll+0x382855]
V  [jvm.dll+0x381cca]
V  [jvm.dll+0x249bd0]
V  [jvm.dll+0x2491b1]
V  [jvm.dll+0x1c9634]
V  [jvm.dll+0x258859]
V  [jvm.dll+0x256e3a]
V  [jvm.dll+0x3ef6c6]
V  [jvm.dll+0x7ff568]
V  [jvm.dll+0x6c953d]
C  [ucrtbase.dll+0x21bb2]
C  [KERNEL32.DLL+0x17374]
C  [ntdll.dll+0x4cc91]


---------------  P R O C E S S  ---------------

Threads class SMR info:
_java_thread_list=0x000002326a9f5620, length=15, elements={
0x0000023269fbaee0, 0x0000023269fbbfb0, 0x0000023269fc0f70, 0x0000023269fc1b80,
0x0000023269fc2790, 0x0000023269fc6870, 0x0000023269fd89e0, 0x0000023269fdd650,
0x0000023269fc4110, 0x0000023269fc4e30, 0x0000023269fc33f0, 0x0000023269fc61e0,
0x0000023269fc5b50, 0x0000023269fc3a80, 0x0000023269fc54c0
}

Java Threads: ( => current thread )
  0x0000023269fbaee0 JavaThread "Reference Handler"          daemon [_thread_blocked, id=9888, stack(0x00000041acb00000,0x00000041acc00000) (1024K)]
  0x0000023269fbbfb0 JavaThread "Finalizer"                  daemon [_thread_blocked, id=460, stack(0x00000041acc00000,0x00000041acd00000) (1024K)]
  0x0000023269fc0f70 JavaThread "Signal Dispatcher"          daemon [_thread_blocked, id=11888, stack(0x00000041acd00000,0x00000041ace00000) (1024K)]
  0x0000023269fc1b80 JavaThread "Attach Listener"            daemon [_thread_blocked, id=10712, stack(0x00000041ace00000,0x00000041acf00000) (1024K)]
  0x0000023269fc2790 JavaThread "Service Thread"             daemon [_thread_blocked, id=9480, stack(0x00000041acf00000,0x00000041ad000000) (1024K)]
  0x0000023269fc6870 JavaThread "Monitor Deflation Thread"   daemon [_thread_blocked, id=7856, stack(0x00000041ad000000,0x00000041ad100000) (1024K)]
=>0x0000023269fd89e0 JavaThread "C2 CompilerThread0"         daemon [_thread_in_native, id=11056, stack(0x00000041ad100000,0x00000041ad200000) (1024K)]
  0x0000023269fdd650 JavaThread "C1 CompilerThread0"         daemon [_thread_blocked, id=3568, stack(0x00000041ad200000,0x00000041ad300000) (1024K)]
  0x0000023269fc4110 JavaThread "Common-Cleaner"             daemon [_thread_blocked, id=9488, stack(0x00000041ad300000,0x00000041ad400000) (1024K)]
  0x0000023269fc4e30 JavaThread "Notification Thread"        daemon [_thread_blocked, id=10372, stack(0x00000041ad400000,0x00000041ad500000) (1024K)]
  0x0000023269fc33f0 JavaThread "Java2D Disposer"            daemon [_thread_blocked, id=9876, stack(0x00000041ad500000,0x00000041ad600000) (1024K)]
  0x0000023269fc61e0 JavaThread "AWT-Shutdown"                      [_thread_blocked, id=5804, stack(0x00000041ad600000,0x00000041ad700000) (1024K)]
  0x0000023269fc5b50 JavaThread "AWT-Windows"                daemon [_thread_in_native, id=11832, stack(0x00000041ad700000,0x00000041ad800000) (1024K)]
  0x0000023269fc3a80 JavaThread "AWT-EventQueue-0"                  [_thread_in_Java, id=4320, stack(0x00000041ad800000,0x00000041ad900000) (1024K)]
  0x0000023269fc54c0 JavaThread "DestroyJavaVM"                     [_thread_blocked, id=9368, stack(0x00000041ac300000,0x00000041ac400000) (1024K)]
Total: 15

Other Threads:
  0x0000023269f99450 VMThread "VM Thread"                           [id=10120, stack(0x00000041aca00000,0x00000041acb00000) (1024K)]
  0x0000023269f83290 WatcherThread "VM Periodic Task Thread"        [id=10132, stack(0x00000041ac900000,0x00000041aca00000) (1024K)]
  0x000002324bfcfa00 WorkerThread "GC Thread#0"                     [id=2108, stack(0x00000041ac400000,0x00000041ac500000) (1024K)]
  0x000002326a841700 WorkerThread "GC Thread#1"                     [id=5104, stack(0x00000041ad900000,0x00000041ada00000) (1024K)]
  0x000002326a841aa0 WorkerThread "GC Thread#2"                     [id=9244, stack(0x00000041ada00000,0x00000041adb00000) (1024K)]
  0x000002326a841e40 WorkerThread "GC Thread#3"                     [id=8348, stack(0x00000041adb00000,0x00000041adc00000) (1024K)]
  0x000002324bfe21d0 ConcurrentGCThread "G1 Main Marker"            [id=12024, stack(0x00000041ac500000,0x00000041ac600000) (1024K)]
  0x000002324bfe2f40 WorkerThread "G1 Conc#0"                       [id=8680, stack(0x00000041ac600000,0x00000041ac700000) (1024K)]
  0x000002324c04e450 ConcurrentGCThread "G1 Refine#0"               [id=1240, stack(0x00000041ac700000,0x00000041ac800000) (1024K)]
  0x0000023269e46280 ConcurrentGCThread "G1 Service"                [id=11952, stack(0x00000041ac800000,0x00000041ac900000) (1024K)]
Total: 10

Threads with active compile tasks:
C2 CompilerThread0  9444268 1089       4       java.util.HashMap::keysToArray (81 bytes)
Total: 1

VM state: not at safepoint (normal execution)

VM Mutex/Monitor currently owned by a thread: None

Heap address: 0x0000000081a00000, size: 2022 MB, Compressed Oops mode: 32-bit

CDS archive(s) mapped at: [0x0000023200000000-0x0000023200c90000-0x0000023200c90000), size 13172736, SharedBaseAddress: 0x0000023200000000, ArchiveRelocationMode: 1.
Compressed class space mapped at: 0x0000023201000000-0x0000023241000000, reserved size: 1073741824
Narrow klass base: 0x0000023200000000, Narrow klass shift: 0, Narrow klass range: 0x100000000

GC Precious Log:
 CardTable entry size: 512
 Card Set container configuration: InlinePtr #cards 5 size 8 Array Of Cards #cards 12 size 40 Howl #buckets 4 coarsen threshold 1843 Howl Bitmap #cards 512 size 80 coarsen threshold 460 Card regions per heap region 1 cards per card region 2048
 CPUs: 4 total, 4 available
 Memory: 8083M
 Large Page Support: Disabled
 NUMA Support: Disabled
 Compressed Oops: Enabled (32-bit)
 Heap Region Size: 1M
 Heap Min Capacity: 8M
 Heap Initial Capacity: 128M
 Heap Max Capacity: 2022M
 Pre-touch: Disabled
 Parallel Workers: 4
 Concurrent Workers: 1
 Concurrent Refinement Workers: 4
 Periodic GC: Disabled

Heap:
 garbage-first heap   total 131072K, used 13936K [0x0000000081a00000, 0x0000000100000000)
  region size 1024K, 5 young (5120K), 2 survivors (2048K)
 Metaspace       used 6766K, committed 6976K, reserved 1114112K
  class space    used 691K, committed 832K, reserved 1048576K

Heap Regions: E=young(eden), S=young(survivor), O=old, HS=humongous(starts), HC=humongous(continues), CS=collection set, F=free, TAMS=top-at-mark-start, PB=parsable bottom
|   0|0x0000000081a00000, 0x0000000081b00000, 0x0000000081b00000|100%|HS|  |TAMS 0x0000000081a00000| PB 0x0000000081a00000| Complete 
|   1|0x0000000081b00000, 0x0000000081c00000, 0x0000000081c00000|100%|HC|  |TAMS 0x0000000081b00000| PB 0x0000000081b00000| Complete 
|   2|0x0000000081c00000, 0x0000000081d00000, 0x0000000081d00000|100%|HC|  |TAMS 0x0000000081c00000| PB 0x0000000081c00000| Complete 
|   3|0x0000000081d00000, 0x0000000081e00000, 0x0000000081e00000|100%|HC|  |TAMS 0x0000000081d00000| PB 0x0000000081d00000| Complete 
|   4|0x0000000081e00000, 0x0000000081f00000, 0x0000000081f00000|100%|HC|  |TAMS 0x0000000081e00000| PB 0x0000000081e00000| Complete 
|   5|0x0000000081f00000, 0x0000000082000000, 0x0000000082000000|100%|HC|  |TAMS 0x0000000081f00000| PB 0x0000000081f00000| Complete 
|   6|0x0000000082000000, 0x0000000082100000, 0x0000000082100000|100%|HC|  |TAMS 0x0000000082000000| PB 0x0000000082000000| Complete 
|   7|0x0000000082100000, 0x0000000082200000, 0x0000000082200000|100%|HC|  |TAMS 0x0000000082100000| PB 0x0000000082100000| Complete 
|   8|0x0000000082200000, 0x0000000082300000, 0x0000000082300000|100%|HC|  |TAMS 0x0000000082200000| PB 0x0000000082200000| Complete 
|   9|0x0000000082300000, 0x000000008239c2a0, 0x0000000082400000| 61%| O|  |TAMS 0x0000000082300000| PB 0x0000000082300000| Untracked 
|  10|0x0000000082400000, 0x0000000082400000, 0x0000000082500000|  0%| F|  |TAMS 0x0000000082400000| PB 0x0000000082400000| Untracked 
|  11|0x0000000082500000, 0x0000000082500000, 0x0000000082600000|  0%| F|  |TAMS 0x0000000082500000| PB 0x0000000082500000| Untracked 
|  12|0x0000000082600000, 0x0000000082600000, 0x0000000082700000|  0%| F|  |TAMS 0x0000000082600000| PB 0x0000000082600000| Untracked 
|  13|0x0000000082700000, 0x0000000082700000, 0x0000000082800000|  0%| F|  |TAMS 0x0000000082700000| PB 0x0000000082700000| Untracked 
|  14|0x0000000082800000, 0x0000000082800000, 0x0000000082900000|  0%| F|  |TAMS 0x0000000082800000| PB 0x0000000082800000| Untracked 
|  15|0x0000000082900000, 0x0000000082900000, 0x0000000082a00000|  0%| F|  |TAMS 0x0000000082900000| PB 0x0000000082900000| Untracked 
|  16|0x0000000082a00000, 0x0000000082a00000, 0x0000000082b00000|  0%| F|  |TAMS 0x0000000082a00000| PB 0x0000000082a00000| Untracked 
|  17|0x0000000082b00000, 0x0000000082b00000, 0x0000000082c00000|  0%| F|  |TAMS 0x0000000082b00000| PB 0x0000000082b00000| Untracked 
|  18|0x0000000082c00000, 0x0000000082c00000, 0x0000000082d00000|  0%| F|  |TAMS 0x0000000082c00000| PB 0x0000000082c00000| Untracked 
|  19|0x0000000082d00000, 0x0000000082d00000, 0x0000000082e00000|  0%| F|  |TAMS 0x0000000082d00000| PB 0x0000000082d00000| Untracked 
|  20|0x0000000082e00000, 0x0000000082e00000, 0x0000000082f00000|  0%| F|  |TAMS 0x0000000082e00000| PB 0x0000000082e00000| Untracked 
|  21|0x0000000082f00000, 0x0000000082f00000, 0x0000000083000000|  0%| F|  |TAMS 0x0000000082f00000| PB 0x0000000082f00000| Untracked 
|  22|0x0000000083000000, 0x0000000083000000, 0x0000000083100000|  0%| F|  |TAMS 0x0000000083000000| PB 0x0000000083000000| Untracked 
|  23|0x0000000083100000, 0x0000000083100000, 0x0000000083200000|  0%| F|  |TAMS 0x0000000083100000| PB 0x0000000083100000| Untracked 
|  24|0x0000000083200000, 0x0000000083200000, 0x0000000083300000|  0%| F|  |TAMS 0x0000000083200000| PB 0x0000000083200000| Untracked 
|  25|0x0000000083300000, 0x0000000083300000, 0x0000000083400000|  0%| F|  |TAMS 0x0000000083300000| PB 0x0000000083300000| Untracked 
|  26|0x0000000083400000, 0x0000000083400000, 0x0000000083500000|  0%| F|  |TAMS 0x0000000083400000| PB 0x0000000083400000| Untracked 
|  27|0x0000000083500000, 0x0000000083500000, 0x0000000083600000|  0%| F|  |TAMS 0x0000000083500000| PB 0x0000000083500000| Untracked 
|  28|0x0000000083600000, 0x0000000083600000, 0x0000000083700000|  0%| F|  |TAMS 0x0000000083600000| PB 0x0000000083600000| Untracked 
|  29|0x0000000083700000, 0x0000000083700000, 0x0000000083800000|  0%| F|  |TAMS 0x0000000083700000| PB 0x0000000083700000| Untracked 
|  30|0x0000000083800000, 0x0000000083800000, 0x0000000083900000|  0%| F|  |TAMS 0x0000000083800000| PB 0x0000000083800000| Untracked 
|  31|0x0000000083900000, 0x0000000083900000, 0x0000000083a00000|  0%| F|  |TAMS 0x0000000083900000| PB 0x0000000083900000| Untracked 
|  32|0x0000000083a00000, 0x0000000083a00000, 0x0000000083b00000|  0%| F|  |TAMS 0x0000000083a00000| PB 0x0000000083a00000| Untracked 
|  33|0x0000000083b00000, 0x0000000083b00000, 0x0000000083c00000|  0%| F|  |TAMS 0x0000000083b00000| PB 0x0000000083b00000| Untracked 
|  34|0x0000000083c00000, 0x0000000083c00000, 0x0000000083d00000|  0%| F|  |TAMS 0x0000000083c00000| PB 0x0000000083c00000| Untracked 
|  35|0x0000000083d00000, 0x0000000083d00000, 0x0000000083e00000|  0%| F|  |TAMS 0x0000000083d00000| PB 0x0000000083d00000| Untracked 
|  36|0x0000000083e00000, 0x0000000083e00000, 0x0000000083f00000|  0%| F|  |TAMS 0x0000000083e00000| PB 0x0000000083e00000| Untracked 
|  37|0x0000000083f00000, 0x0000000083f00000, 0x0000000084000000|  0%| F|  |TAMS 0x0000000083f00000| PB 0x0000000083f00000| Untracked 
|  38|0x0000000084000000, 0x0000000084000000, 0x0000000084100000|  0%| F|  |TAMS 0x0000000084000000| PB 0x0000000084000000| Untracked 
|  39|0x0000000084100000, 0x0000000084100000, 0x0000000084200000|  0%| F|  |TAMS 0x0000000084100000| PB 0x0000000084100000| Untracked 
|  40|0x0000000084200000, 0x0000000084200000, 0x0000000084300000|  0%| F|  |TAMS 0x0000000084200000| PB 0x0000000084200000| Untracked 
|  41|0x0000000084300000, 0x0000000084300000, 0x0000000084400000|  0%| F|  |TAMS 0x0000000084300000| PB 0x0000000084300000| Untracked 
|  42|0x0000000084400000, 0x0000000084400000, 0x0000000084500000|  0%| F|  |TAMS 0x0000000084400000| PB 0x0000000084400000| Untracked 
|  43|0x0000000084500000, 0x0000000084500000, 0x0000000084600000|  0%| F|  |TAMS 0x0000000084500000| PB 0x0000000084500000| Untracked 
|  44|0x0000000084600000, 0x0000000084600000, 0x0000000084700000|  0%| F|  |TAMS 0x0000000084600000| PB 0x0000000084600000| Untracked 
|  45|0x0000000084700000, 0x0000000084700000, 0x0000000084800000|  0%| F|  |TAMS 0x0000000084700000| PB 0x0000000084700000| Untracked 
|  46|0x0000000084800000, 0x0000000084800000, 0x0000000084900000|  0%| F|  |TAMS 0x0000000084800000| PB 0x0000000084800000| Untracked 
|  47|0x0000000084900000, 0x0000000084900000, 0x0000000084a00000|  0%| F|  |TAMS 0x0000000084900000| PB 0x0000000084900000| Untracked 
|  48|0x0000000084a00000, 0x0000000084a00000, 0x0000000084b00000|  0%| F|  |TAMS 0x0000000084a00000| PB 0x0000000084a00000| Untracked 
|  49|0x0000000084b00000, 0x0000000084b00000, 0x0000000084c00000|  0%| F|  |TAMS 0x0000000084b00000| PB 0x0000000084b00000| Untracked 
|  50|0x0000000084c00000, 0x0000000084c00000, 0x0000000084d00000|  0%| F|  |TAMS 0x0000000084c00000| PB 0x0000000084c00000| Untracked 
|  51|0x0000000084d00000, 0x0000000084d00000, 0x0000000084e00000|  0%| F|  |TAMS 0x0000000084d00000| PB 0x0000000084d00000| Untracked 
|  52|0x0000000084e00000, 0x0000000084e00000, 0x0000000084f00000|  0%| F|  |TAMS 0x0000000084e00000| PB 0x0000000084e00000| Untracked 
|  53|0x0000000084f00000, 0x0000000084f00000, 0x0000000085000000|  0%| F|  |TAMS 0x0000000084f00000| PB 0x0000000084f00000| Untracked 
|  54|0x0000000085000000, 0x0000000085000000, 0x0000000085100000|  0%| F|  |TAMS 0x0000000085000000| PB 0x0000000085000000| Untracked 
|  55|0x0000000085100000, 0x0000000085100000, 0x0000000085200000|  0%| F|  |TAMS 0x0000000085100000| PB 0x0000000085100000| Untracked 
|  56|0x0000000085200000, 0x0000000085200000, 0x0000000085300000|  0%| F|  |TAMS 0x0000000085200000| PB 0x0000000085200000| Untracked 
|  57|0x0000000085300000, 0x0000000085300000, 0x0000000085400000|  0%| F|  |TAMS 0x0000000085300000| PB 0x0000000085300000| Untracked 
|  58|0x0000000085400000, 0x0000000085400000, 0x0000000085500000|  0%| F|  |TAMS 0x0000000085400000| PB 0x0000000085400000| Untracked 
|  59|0x0000000085500000, 0x0000000085500000, 0x0000000085600000|  0%| F|  |TAMS 0x0000000085500000| PB 0x0000000085500000| Untracked 
|  60|0x0000000085600000, 0x0000000085600000, 0x0000000085700000|  0%| F|  |TAMS 0x0000000085600000| PB 0x0000000085600000| Untracked 
|  61|0x0000000085700000, 0x0000000085700000, 0x0000000085800000|  0%| F|  |TAMS 0x0000000085700000| PB 0x0000000085700000| Untracked 
|  62|0x0000000085800000, 0x0000000085800000, 0x0000000085900000|  0%| F|  |TAMS 0x0000000085800000| PB 0x0000000085800000| Untracked 
|  63|0x0000000085900000, 0x0000000085900000, 0x0000000085a00000|  0%| F|  |TAMS 0x0000000085900000| PB 0x0000000085900000| Untracked 
|  64|0x0000000085a00000, 0x0000000085a00000, 0x0000000085b00000|  0%| F|  |TAMS 0x0000000085a00000| PB 0x0000000085a00000| Untracked 
|  65|0x0000000085b00000, 0x0000000085b00000, 0x0000000085c00000|  0%| F|  |TAMS 0x0000000085b00000| PB 0x0000000085b00000| Untracked 
|  66|0x0000000085c00000, 0x0000000085c00000, 0x0000000085d00000|  0%| F|  |TAMS 0x0000000085c00000| PB 0x0000000085c00000| Untracked 
|  67|0x0000000085d00000, 0x0000000085d00000, 0x0000000085e00000|  0%| F|  |TAMS 0x0000000085d00000| PB 0x0000000085d00000| Untracked 
|  68|0x0000000085e00000, 0x0000000085e00000, 0x0000000085f00000|  0%| F|  |TAMS 0x0000000085e00000| PB 0x0000000085e00000| Untracked 
|  69|0x0000000085f00000, 0x0000000085f00000, 0x0000000086000000|  0%| F|  |TAMS 0x0000000085f00000| PB 0x0000000085f00000| Untracked 
|  70|0x0000000086000000, 0x0000000086000000, 0x0000000086100000|  0%| F|  |TAMS 0x0000000086000000| PB 0x0000000086000000| Untracked 
|  71|0x0000000086100000, 0x0000000086100000, 0x0000000086200000|  0%| F|  |TAMS 0x0000000086100000| PB 0x0000000086100000| Untracked 
|  72|0x0000000086200000, 0x0000000086200000, 0x0000000086300000|  0%| F|  |TAMS 0x0000000086200000| PB 0x0000000086200000| Untracked 
|  73|0x0000000086300000, 0x0000000086300000, 0x0000000086400000|  0%| F|  |TAMS 0x0000000086300000| PB 0x0000000086300000| Untracked 
|  74|0x0000000086400000, 0x0000000086400000, 0x0000000086500000|  0%| F|  |TAMS 0x0000000086400000| PB 0x0000000086400000| Untracked 
|  75|0x0000000086500000, 0x0000000086500000, 0x0000000086600000|  0%| F|  |TAMS 0x0000000086500000| PB 0x0000000086500000| Untracked 
|  76|0x0000000086600000, 0x0000000086600000, 0x0000000086700000|  0%| F|  |TAMS 0x0000000086600000| PB 0x0000000086600000| Untracked 
|  77|0x0000000086700000, 0x0000000086700000, 0x0000000086800000|  0%| F|  |TAMS 0x0000000086700000| PB 0x0000000086700000| Untracked 
|  78|0x0000000086800000, 0x0000000086800000, 0x0000000086900000|  0%| F|  |TAMS 0x0000000086800000| PB 0x0000000086800000| Untracked 
|  79|0x0000000086900000, 0x0000000086900000, 0x0000000086a00000|  0%| F|  |TAMS 0x0000000086900000| PB 0x0000000086900000| Untracked 
|  80|0x0000000086a00000, 0x0000000086a00000, 0x0000000086b00000|  0%| F|  |TAMS 0x0000000086a00000| PB 0x0000000086a00000| Untracked 
|  81|0x0000000086b00000, 0x0000000086b00000, 0x0000000086c00000|  0%| F|  |TAMS 0x0000000086b00000| PB 0x0000000086b00000| Untracked 
|  82|0x0000000086c00000, 0x0000000086c00000, 0x0000000086d00000|  0%| F|  |TAMS 0x0000000086c00000| PB 0x0000000086c00000| Untracked 
|  83|0x0000000086d00000, 0x0000000086d00000, 0x0000000086e00000|  0%| F|  |TAMS 0x0000000086d00000| PB 0x0000000086d00000| Untracked 
|  84|0x0000000086e00000, 0x0000000086e00000, 0x0000000086f00000|  0%| F|  |TAMS 0x0000000086e00000| PB 0x0000000086e00000| Untracked 
|  85|0x0000000086f00000, 0x0000000086f00000, 0x0000000087000000|  0%| F|  |TAMS 0x0000000086f00000| PB 0x0000000086f00000| Untracked 
|  86|0x0000000087000000, 0x0000000087000000, 0x0000000087100000|  0%| F|  |TAMS 0x0000000087000000| PB 0x0000000087000000| Untracked 
|  87|0x0000000087100000, 0x0000000087100000, 0x0000000087200000|  0%| F|  |TAMS 0x0000000087100000| PB 0x0000000087100000| Untracked 
|  88|0x0000000087200000, 0x0000000087200000, 0x0000000087300000|  0%| F|  |TAMS 0x0000000087200000| PB 0x0000000087200000| Untracked 
|  89|0x0000000087300000, 0x0000000087300000, 0x0000000087400000|  0%| F|  |TAMS 0x0000000087300000| PB 0x0000000087300000| Untracked 
|  90|0x0000000087400000, 0x0000000087400000, 0x0000000087500000|  0%| F|  |TAMS 0x0000000087400000| PB 0x0000000087400000| Untracked 
|  91|0x0000000087500000, 0x0000000087500000, 0x0000000087600000|  0%| F|  |TAMS 0x0000000087500000| PB 0x0000000087500000| Untracked 
|  92|0x0000000087600000, 0x0000000087600000, 0x0000000087700000|  0%| F|  |TAMS 0x0000000087600000| PB 0x0000000087600000| Untracked 
|  93|0x0000000087700000, 0x0000000087700000, 0x0000000087800000|  0%| F|  |TAMS 0x0000000087700000| PB 0x0000000087700000| Untracked 
|  94|0x0000000087800000, 0x0000000087800000, 0x0000000087900000|  0%| F|  |TAMS 0x0000000087800000| PB 0x0000000087800000| Untracked 
|  95|0x0000000087900000, 0x0000000087900000, 0x0000000087a00000|  0%| F|  |TAMS 0x0000000087900000| PB 0x0000000087900000| Untracked 
|  96|0x0000000087a00000, 0x0000000087a00000, 0x0000000087b00000|  0%| F|  |TAMS 0x0000000087a00000| PB 0x0000000087a00000| Untracked 
|  97|0x0000000087b00000, 0x0000000087b00000, 0x0000000087c00000|  0%| F|  |TAMS 0x0000000087b00000| PB 0x0000000087b00000| Untracked 
|  98|0x0000000087c00000, 0x0000000087c00000, 0x0000000087d00000|  0%| F|  |TAMS 0x0000000087c00000| PB 0x0000000087c00000| Untracked 
|  99|0x0000000087d00000, 0x0000000087d00000, 0x0000000087e00000|  0%| F|  |TAMS 0x0000000087d00000| PB 0x0000000087d00000| Untracked 
| 100|0x0000000087e00000, 0x0000000087e00000, 0x0000000087f00000|  0%| F|  |TAMS 0x0000000087e00000| PB 0x0000000087e00000| Untracked 
| 101|0x0000000087f00000, 0x0000000087f00000, 0x0000000088000000|  0%| F|  |TAMS 0x0000000087f00000| PB 0x0000000087f00000| Untracked 
| 102|0x0000000088000000, 0x0000000088000000, 0x0000000088100000|  0%| F|  |TAMS 0x0000000088000000| PB 0x0000000088000000| Untracked 
| 103|0x0000000088100000, 0x0000000088100000, 0x0000000088200000|  0%| F|  |TAMS 0x0000000088100000| PB 0x0000000088100000| Untracked 
| 104|0x0000000088200000, 0x0000000088200000, 0x0000000088300000|  0%| F|  |TAMS 0x0000000088200000| PB 0x0000000088200000| Untracked 
| 105|0x0000000088300000, 0x0000000088300000, 0x0000000088400000|  0%| F|  |TAMS 0x0000000088300000| PB 0x0000000088300000| Untracked 
| 106|0x0000000088400000, 0x0000000088400000, 0x0000000088500000|  0%| F|  |TAMS 0x0000000088400000| PB 0x0000000088400000| Untracked 
| 107|0x0000000088500000, 0x0000000088500000, 0x0000000088600000|  0%| F|  |TAMS 0x0000000088500000| PB 0x0000000088500000| Untracked 
| 108|0x0000000088600000, 0x0000000088600000, 0x0000000088700000|  0%| F|  |TAMS 0x0000000088600000| PB 0x0000000088600000| Untracked 
| 109|0x0000000088700000, 0x0000000088700000, 0x0000000088800000|  0%| F|  |TAMS 0x0000000088700000| PB 0x0000000088700000| Untracked 
| 110|0x0000000088800000, 0x0000000088800000, 0x0000000088900000|  0%| F|  |TAMS 0x0000000088800000| PB 0x0000000088800000| Untracked 
| 111|0x0000000088900000, 0x0000000088900000, 0x0000000088a00000|  0%| F|  |TAMS 0x0000000088900000| PB 0x0000000088900000| Untracked 
| 112|0x0000000088a00000, 0x0000000088a00000, 0x0000000088b00000|  0%| F|  |TAMS 0x0000000088a00000| PB 0x0000000088a00000| Untracked 
| 113|0x0000000088b00000, 0x0000000088c00000, 0x0000000088c00000|100%| S|CS|TAMS 0x0000000088b00000| PB 0x0000000088b00000| Complete 
| 114|0x0000000088c00000, 0x0000000088d00000, 0x0000000088d00000|100%| S|CS|TAMS 0x0000000088c00000| PB 0x0000000088c00000| Complete 
| 115|0x0000000088d00000, 0x0000000088d00000, 0x0000000088e00000|  0%| F|  |TAMS 0x0000000088d00000| PB 0x0000000088d00000| Untracked 
| 116|0x0000000088e00000, 0x0000000088e00000, 0x0000000088f00000|  0%| F|  |TAMS 0x0000000088e00000| PB 0x0000000088e00000| Untracked 
| 117|0x0000000088f00000, 0x0000000088f00000, 0x0000000089000000|  0%| F|  |TAMS 0x0000000088f00000| PB 0x0000000088f00000| Untracked 
| 118|0x0000000089000000, 0x0000000089000000, 0x0000000089100000|  0%| F|  |TAMS 0x0000000089000000| PB 0x0000000089000000| Untracked 
| 119|0x0000000089100000, 0x0000000089100000, 0x0000000089200000|  0%| F|  |TAMS 0x0000000089100000| PB 0x0000000089100000| Untracked 
| 120|0x0000000089200000, 0x0000000089200000, 0x0000000089300000|  0%| F|  |TAMS 0x0000000089200000| PB 0x0000000089200000| Untracked 
| 121|0x0000000089300000, 0x0000000089300000, 0x0000000089400000|  0%| F|  |TAMS 0x0000000089300000| PB 0x0000000089300000| Untracked 
| 122|0x0000000089400000, 0x0000000089400000, 0x0000000089500000|  0%| F|  |TAMS 0x0000000089400000| PB 0x0000000089400000| Untracked 
| 123|0x0000000089500000, 0x0000000089500000, 0x0000000089600000|  0%| F|  |TAMS 0x0000000089500000| PB 0x0000000089500000| Untracked 
| 124|0x0000000089600000, 0x0000000089600000, 0x0000000089700000|  0%| F|  |TAMS 0x0000000089600000| PB 0x0000000089600000| Untracked 
| 125|0x0000000089700000, 0x00000000897aa308, 0x0000000089800000| 66%| E|  |TAMS 0x0000000089700000| PB 0x0000000089700000| Complete 
| 126|0x0000000089800000, 0x0000000089900000, 0x0000000089900000|100%| E|CS|TAMS 0x0000000089800000| PB 0x0000000089800000| Complete 
| 127|0x0000000089900000, 0x0000000089a00000, 0x0000000089a00000|100%| E|CS|TAMS 0x0000000089900000| PB 0x0000000089900000| Complete 

Card table byte_map: [0x0000023265600000,0x0000023265a00000] _byte_map_base: 0x00000232651f3000

Marking Bits: (CMBitMap*) 0x000002324bfd1020
 Bits: [0x0000023265a00000, 0x0000023267998000)

Polling page: 0x000002324bdf0000

Metaspace:

Usage:
  Non-class:      5.93 MB used.
      Class:    691.61 KB used.
       Both:      6.61 MB used.

Virtual space:
  Non-class space:       64.00 MB reserved,       6.00 MB (  9%) committed,  1 nodes.
      Class space:        1.00 GB reserved,     832.00 KB ( <1%) committed,  1 nodes.
             Both:        1.06 GB reserved,       6.81 MB ( <1%) committed. 

Chunk freelists:
   Non-Class:  10.01 MB
       Class:  15.23 MB
        Both:  25.24 MB

MaxMetaspaceSize: unlimited
CompressedClassSpaceSize: 1.00 GB
Initial GC threshold: 21.00 MB
Current GC threshold: 21.00 MB
CDS: on
 - commit_granule_bytes: 65536.
 - commit_granule_words: 8192.
 - virtual_space_node_default_size: 8388608.
 - enlarge_chunks_in_place: 1.
 - use_allocation_guard: 0.


Internal statistics:

num_allocs_failed_limit: 0.
num_arena_births: 152.
num_arena_deaths: 0.
num_vsnodes_births: 2.
num_vsnodes_deaths: 0.
num_space_committed: 109.
num_space_uncommitted: 0.
num_chunks_returned_to_freelist: 0.
num_chunks_taken_from_freelist: 186.
num_chunk_merges: 0.
num_chunk_splits: 111.
num_chunks_enlarged: 44.
num_inconsistent_stats: 0.

CodeHeap 'non-profiled nmethods': size=120000Kb used=333Kb max_used=333Kb free=119667Kb
 bounds [0x000002325d6b0000, 0x000002325d920000, 0x0000023264be0000]
CodeHeap 'profiled nmethods': size=120000Kb used=1735Kb max_used=1735Kb free=118264Kb
 bounds [0x0000023255be0000, 0x0000023255e50000, 0x000002325d110000]
CodeHeap 'non-nmethods': size=5760Kb used=1508Kb max_used=1552Kb free=4251Kb
 bounds [0x000002325d110000, 0x000002325d380000, 0x000002325d6b0000]
 total_blobs=1675 nmethods=1089 adapters=491
 compilation: enabled
              stopped_count=0, restarted_count=0
 full_count=0

Compilation events (20 events):
Event: 9442.014 Thread 0x0000023269fdd650 nmethod 1079 0x0000023255d8b310 code [0x0000023255d8b5c0, 0x0000023255d8c330]
Event: 9442.015 Thread 0x0000023269fdd650 1080       3       jdk.internal.org.objectweb.asm.MethodVisitor::<init> (7 bytes)
Event: 9442.015 Thread 0x0000023269fdd650 nmethod 1080 0x0000023255d8c810 code [0x0000023255d8c9c0, 0x0000023255d8cb08]
Event: 9442.015 Thread 0x0000023269fdd650 1081       3       jdk.internal.org.objectweb.asm.MethodWriter::visitMaxs (60 bytes)
Event: 9442.015 Thread 0x0000023269fdd650 nmethod 1081 0x0000023255d8cb90 code [0x0000023255d8cd60, 0x0000023255d8d028]
Event: 9442.015 Thread 0x0000023269fdd650 1082       3       jdk.internal.org.objectweb.asm.MethodWriter::visitEnd (1 bytes)
Event: 9442.015 Thread 0x0000023269fdd650 nmethod 1082 0x0000023255d8d110 code [0x0000023255d8d2a0, 0x0000023255d8d3a8]
Event: 9442.015 Thread 0x0000023269fdd650 1083       3       jdk.internal.org.objectweb.asm.MethodWriter::computeMethodInfoSize (571 bytes)
Event: 9442.022 Thread 0x0000023269fdd650 nmethod 1083 0x0000023255d8d410 code [0x0000023255d8d740, 0x0000023255d8e608]
Event: 9442.023 Thread 0x0000023269fdd650 1084       3       jdk.internal.org.objectweb.asm.MethodWriter::hasFrames (13 bytes)
Event: 9442.023 Thread 0x0000023269fdd650 nmethod 1084 0x0000023255d8ec90 code [0x0000023255d8ee20, 0x0000023255d8ef88]
Event: 9442.054 Thread 0x0000023269fdd650 1085       3       java.beans.PropertyChangeSupport::firePropertyChange (35 bytes)
Event: 9442.057 Thread 0x0000023269fdd650 nmethod 1085 0x0000023255d8f010 code [0x0000023255d8f220, 0x0000023255d8f9b0]
Event: 9442.057 Thread 0x0000023269fdd650 1086   !   3       java.awt.Toolkit::setDesktopProperty (81 bytes)
Event: 9442.058 Thread 0x0000023269fdd650 nmethod 1086 0x0000023255d8fc10 code [0x0000023255d8fe40, 0x0000023255d90690]
Event: 9442.058 Thread 0x0000023269fdd650 1087       1       java.awt.Color::getRGB (5 bytes)
Event: 9442.059 Thread 0x0000023269fdd650 nmethod 1087 0x000002325d703110 code [0x000002325d7032a0, 0x000002325d703368]
Event: 9444.199 Thread 0x0000023269fdd650 1088       3       java.lang.StringConcatHelper::newString (67 bytes)
Event: 9444.200 Thread 0x0000023269fd89e0 1089       4       java.util.HashMap::keysToArray (81 bytes)
Event: 9444.202 Thread 0x0000023269fdd650 nmethod 1088 0x0000023255d90910 code [0x0000023255d90b80, 0x0000023255d91540]

GC Heap History (2 events):
Event: 0.931 GC heap before
{Heap before GC invocations=0 (full 0):
 garbage-first heap   total 131072K, used 22528K [0x0000000081a00000, 0x0000000100000000)
  region size 1024K, 13 young (13312K), 0 survivors (0K)
 Metaspace       used 6342K, committed 6592K, reserved 1114112K
  class space    used 652K, committed 768K, reserved 1048576K
}
Event: 0.937 GC heap after
{Heap after GC invocations=1 (full 0):
 garbage-first heap   total 131072K, used 11888K [0x0000000081a00000, 0x0000000100000000)
  region size 1024K, 2 young (2048K), 2 survivors (2048K)
 Metaspace       used 6342K, committed 6592K, reserved 1114112K
  class space    used 652K, committed 768K, reserved 1048576K
}

Dll operation events (8 events):
Event: 0.014 Loaded shared library C:\Program Files\Java\jdk-21\bin\java.dll
Event: 0.065 Loaded shared library C:\Program Files\Java\jdk-21\bin\jsvml.dll
Event: 0.106 Loaded shared library C:\Program Files\Java\jdk-21\bin\net.dll
Event: 0.108 Loaded shared library C:\Program Files\Java\jdk-21\bin\nio.dll
Event: 0.178 Loaded shared library C:\Program Files\Java\jdk-21\bin\jimage.dll
Event: 0.208 Loaded shared library C:\Program Files\Java\jdk-21\bin\awt.dll
Event: 0.469 Loaded shared library C:\Program Files\Java\jdk-21\bin\freetype.dll
Event: 0.472 Loaded shared library C:\Program Files\Java\jdk-21\bin\fontmanager.dll

Deoptimization events (20 events):
Event: 0.799 Thread 0x0000023269fc3a80 DEOPT PACKING pc=0x0000023255bf26f8 sp=0x00000041ad8fc4b0
Event: 0.799 Thread 0x0000023269fc3a80 DEOPT UNPACKING pc=0x000002325d164e42 sp=0x00000041ad8fb8d0 mode 0
Event: 0.832 Thread 0x0000023269fc3a80 Uncommon trap: trap_request=0xffffff45 fr.pc=0x000002325d6eb5a0 relative=0x0000000000000200
Event: 0.832 Thread 0x0000023269fc3a80 Uncommon trap: reason=unstable_if action=reinterpret pc=0x000002325d6eb5a0 method=java.lang.StringUTF16.compress([CI[BII)I @ 20 c2
Event: 0.832 Thread 0x0000023269fc3a80 DEOPT PACKING pc=0x000002325d6eb5a0 sp=0x00000041ad8fc430
Event: 0.832 Thread 0x0000023269fc3a80 DEOPT UNPACKING pc=0x000002325d1646a2 sp=0x00000041ad8fc3a0 mode 2
Event: 0.881 Thread 0x0000023269fc3a80 Uncommon trap: trap_request=0xffffff45 fr.pc=0x000002325d6baf4c relative=0x00000000000000ac
Event: 0.881 Thread 0x0000023269fc3a80 Uncommon trap: reason=unstable_if action=reinterpret pc=0x000002325d6baf4c method=java.lang.String.isLatin1()Z @ 10 c2
Event: 0.881 Thread 0x0000023269fc3a80 DEOPT PACKING pc=0x000002325d6baf4c sp=0x00000041ad8fccd0
Event: 0.881 Thread 0x0000023269fc3a80 DEOPT UNPACKING pc=0x000002325d1646a2 sp=0x00000041ad8fcc00 mode 2
Event: 0.881 Thread 0x0000023269fc3a80 Uncommon trap: trap_request=0xffffff45 fr.pc=0x000002325d6e3bb4 relative=0x0000000000000194
Event: 0.881 Thread 0x0000023269fc3a80 Uncommon trap: reason=unstable_if action=reinterpret pc=0x000002325d6e3bb4 method=jdk.internal.util.ArraysSupport.vectorizedHashCode(Ljava/lang/Object;IIII)I @ 2 c2
Event: 0.881 Thread 0x0000023269fc3a80 DEOPT PACKING pc=0x000002325d6e3bb4 sp=0x00000041ad8fcbd0
Event: 0.881 Thread 0x0000023269fc3a80 DEOPT UNPACKING pc=0x000002325d1646a2 sp=0x00000041ad8fcb80 mode 2
Event: 0.896 Thread 0x0000023269fc3a80 DEOPT PACKING pc=0x0000023255bea2d8 sp=0x00000041ad8fc7e0
Event: 0.896 Thread 0x0000023269fc3a80 DEOPT UNPACKING pc=0x000002325d164e42 sp=0x00000041ad8fbc48 mode 0
Event: 0.975 Thread 0x0000023269fc3a80 Uncommon trap: trap_request=0xffffffde fr.pc=0x000002325d6e5a2c relative=0x00000000000002cc
Event: 0.975 Thread 0x0000023269fc3a80 Uncommon trap: reason=class_check action=maybe_recompile pc=0x000002325d6e5a2c method=java.util.HashMap.getNode(Ljava/lang/Object;)Ljava/util/HashMap$Node; @ 63 c2
Event: 0.975 Thread 0x0000023269fc3a80 DEOPT PACKING pc=0x000002325d6e5a2c sp=0x00000041ad8fd3a0
Event: 0.975 Thread 0x0000023269fc3a80 DEOPT UNPACKING pc=0x000002325d1646a2 sp=0x00000041ad8fd308 mode 2

Classes loaded (20 events):
Event: 1.000 Loading class java/text/CharacterIterator
Event: 1.000 Loading class java/text/CharacterIterator done
Event: 1.000 Loading class java/text/AttributedCharacterIterator done
Event: 1.000 Loading class java/text/AttributedString$AttributedStringIterator done
Event: 1.000 Loading class java/awt/TextComponent
Event: 1.001 Loading class java/awt/TextComponent done
Event: 1.001 Loading class javax/swing/text/JTextComponent
Event: 1.001 Loading class javax/swing/Scrollable
Event: 1.002 Loading class javax/swing/Scrollable done
Event: 1.002 Loading class javax/swing/text/JTextComponent done
Event: 1.007 Loading class java/awt/event/MouseWheelEvent
Event: 1.007 Loading class java/awt/event/MouseWheelEvent done
Event: 5.576 Loading class java/awt/KeyboardFocusManager$2
Event: 5.576 Loading class java/awt/KeyboardFocusManager$2 done
Event: 5.576 Loading class sun/awt/SunToolkit$1
Event: 5.576 Loading class sun/awt/SunToolkit$1 done
Event: 1736.882 Loading class java/awt/desktop/SystemSleepListener
Event: 1736.882 Loading class java/awt/desktop/SystemEventListener
Event: 1736.882 Loading class java/awt/desktop/SystemEventListener done
Event: 1736.882 Loading class java/awt/desktop/SystemSleepListener done

Classes unloaded (0 events):
No events

Classes redefined (0 events):
No events

Internal exceptions (14 events):
Event: 0.110 Thread 0x000002324be7ce00 Exception <a 'sun/nio/fs/WindowsException'{0x0000000089876e48}> (0x0000000089876e48) 
thrown [s\open\src\hotspot\share\prims\jni.cpp, line 520]
Event: 0.113 Thread 0x000002324be7ce00 Exception <a 'sun/nio/fs/WindowsException'{0x0000000089879358}> (0x0000000089879358) 
thrown [s\open\src\hotspot\share\prims\jni.cpp, line 520]
Event: 0.113 Thread 0x000002324be7ce00 Exception <a 'sun/nio/fs/WindowsException'{0x0000000089879e58}> (0x0000000089879e58) 
thrown [s\open\src\hotspot\share\prims\jni.cpp, line 520]
Event: 0.192 Thread 0x000002324be7ce00 Exception <a 'java/lang/ClassNotFoundException'{0x000000008975d090}: sun/awt/resources/spi/awtProvider> (0x000000008975d090) 
thrown [s\open\src\hotspot\share\classfile\systemDictionary.cpp, line 312]
Event: 0.228 Thread 0x000002324be7ce00 Exception <a 'java/io/FileNotFoundException'{0x00000000897b2410}> (0x00000000897b2410) 
thrown [s\open\src\hotspot\share\prims\jni.cpp, line 520]
Event: 0.236 Thread 0x000002324be7ce00 Exception <a 'java/io/FileNotFoundException'{0x00000000897dc730}> (0x00000000897dc730) 
thrown [s\open\src\hotspot\share\prims\jni.cpp, line 520]
Event: 0.337 Thread 0x000002324be7ce00 Exception <a 'java/lang/NoSuchMethodError'{0x0000000089672400}: 'void java.lang.invoke.DirectMethodHandle$Holder.invokeSpecial(java.lang.Object, java.lang.Object, java.lang.Object)'> (0x0000000089672400) 
thrown [s\open\src\hotspot\share\interpreter\linkResolver.cpp, line 773]
Event: 0.348 Thread 0x000002324be7ce00 Exception <a 'java/lang/NoSuchMethodError'{0x0000000089512b70}: 'java.lang.Object java.lang.invoke.DirectMethodHandle$Holder.newInvokeSpecial(java.lang.Object, java.lang.Object, java.lang.Object, java.lang.Object, java.lang.Object)'> (0x0000000089512b70) 
thrown [s\open\src\hotspot\share\interpreter\linkResolver.cpp, line 773]
Event: 0.360 Thread 0x000002324be7ce00 Exception <a 'java/lang/NoSuchMethodError'{0x000000008953e6f8}: 'java.lang.Object java.lang.invoke.DirectMethodHandle$Holder.invokeStatic(java.lang.Object, int, java.lang.Object)'> (0x000000008953e6f8) 
thrown [s\open\src\hotspot\share\interpreter\linkResolver.cpp, line 773]
Event: 0.393 Thread 0x000002324be7ce00 Exception <a 'java/lang/ClassNotFoundException'{0x00000000895ddfa0}: com/sun/swing/internal/plaf/metal/resources/spi/metalProvider> (0x00000000895ddfa0) 
thrown [s\open\src\hotspot\share\classfile\systemDictionary.cpp, line 312]
Event: 0.394 Thread 0x000002324be7ce00 Exception <a 'java/lang/ClassNotFoundException'{0x00000000895e1eb0}: com/sun/swing/internal/plaf/basic/resources/spi/basicProvider> (0x00000000895e1eb0) 
thrown [s\open\src\hotspot\share\classfile\systemDictionary.cpp, line 312]
Event: 0.407 Thread 0x000002324be7ce00 Exception <a 'java/lang/NoSuchMethodError'{0x00000000894014b8}: 'int java.lang.invoke.Invokers$Holder.invokeExact_MT(java.lang.Object, java.lang.Object)'> (0x00000000894014b8) 
thrown [s\open\src\hotspot\share\interpreter\linkResolver.cpp, line 773]
Event: 0.434 Thread 0x0000023269fc5b50 Exception <a 'java/lang/NoSuchMethodError'{0x00000000896d6ff8}: 'void java.lang.invoke.DirectMethodHandle$Holder.invokeVirtual(java.lang.Object, java.lang.Object)'> (0x00000000896d6ff8) 
thrown [s\open\src\hotspot\share\interpreter\linkResolver.cpp, line 773]
Event: 0.463 Thread 0x000002324be7ce00 Exception <a 'java/lang/NoSuchMethodError'{0x0000000089440b48}: 'void java.lang.invoke.DirectMethodHandle$Holder.invokeStaticInit(java.lang.Object)'> (0x0000000089440b48) 
thrown [s\open\src\hotspot\share\interpreter\linkResolver.cpp, line 773]

ZGC Phase Switch (0 events):
No events

VM Operations (20 events):
Event: 0.115 Executing VM operation: HandshakeAllThreads (Deoptimize)
Event: 0.115 Executing VM operation: HandshakeAllThreads (Deoptimize) done
Event: 0.446 Executing VM operation: HandshakeAllThreads (Deoptimize)
Event: 0.446 Executing VM operation: HandshakeAllThreads (Deoptimize) done
Event: 0.931 Executing VM operation: G1CollectForAllocation (G1 Evacuation Pause)
Event: 0.937 Executing VM operation: G1CollectForAllocation (G1 Evacuation Pause) done
Event: 0.959 Executing VM operation: HandshakeAllThreads (Deoptimize)
Event: 0.959 Executing VM operation: HandshakeAllThreads (Deoptimize) done
Event: 0.960 Executing VM operation: HandshakeAllThreads (Deoptimize)
Event: 0.960 Executing VM operation: HandshakeAllThreads (Deoptimize) done
Event: 1.968 Executing VM operation: Cleanup
Event: 1.968 Executing VM operation: Cleanup done
Event: 3.971 Executing VM operation: Cleanup
Event: 3.971 Executing VM operation: Cleanup done
Event: 4.980 Executing VM operation: Cleanup
Event: 4.980 Executing VM operation: Cleanup done
Event: 60.091 Executing VM operation: HandshakeAllThreads (HandshakeForDeflation)
Event: 60.091 Executing VM operation: HandshakeAllThreads (HandshakeForDeflation) done
Event: 60.091 Executing VM operation: RendezvousGCThreads
Event: 60.092 Executing VM operation: RendezvousGCThreads done

Events (19 events):
Event: 0.040 Thread 0x000002324be7ce00 Thread added: 0x000002324be7ce00
Event: 0.061 Thread 0x0000023269fbaee0 Thread added: 0x0000023269fbaee0
Event: 0.061 Thread 0x0000023269fbbfb0 Thread added: 0x0000023269fbbfb0
Event: 0.062 Thread 0x0000023269fc0f70 Thread added: 0x0000023269fc0f70
Event: 0.062 Thread 0x0000023269fc1b80 Thread added: 0x0000023269fc1b80
Event: 0.062 Thread 0x0000023269fc2790 Thread added: 0x0000023269fc2790
Event: 0.062 Thread 0x0000023269fc6870 Thread added: 0x0000023269fc6870
Event: 0.062 Thread 0x0000023269fd89e0 Thread added: 0x0000023269fd89e0
Event: 0.062 Thread 0x0000023269fdd650 Thread added: 0x0000023269fdd650
Event: 0.093 Thread 0x0000023269fc4110 Thread added: 0x0000023269fc4110
Event: 0.158 Thread 0x0000023269fc4e30 Thread added: 0x0000023269fc4e30
Event: 0.291 Thread 0x0000023269fc33f0 Thread added: 0x0000023269fc33f0
Event: 0.293 Thread 0x0000023269fc61e0 Thread added: 0x0000023269fc61e0
Event: 0.295 Thread 0x0000023269fc5b50 Thread added: 0x0000023269fc5b50
Event: 0.433 Thread 0x0000023269fc3a80 Thread added: 0x0000023269fc3a80
Event: 0.545 Thread 0x000002324be7ce00 Thread exited: 0x000002324be7ce00
Event: 0.545 Thread 0x0000023269fc54c0 Thread added: 0x0000023269fc54c0
Event: 0.961 Thread 0x000002326a2dee60 Thread added: 0x000002326a2dee60
Event: 3.273 Thread 0x000002326a2dee60 Thread exited: 0x000002326a2dee60


Dynamic libraries:
0x00007ff653850000 - 0x00007ff653860000 	C:\Program Files\Java\jdk-21\bin\java.exe
0x00007ffe427f0000 - 0x00007ffe429e8000 	C:\Windows\SYSTEM32\ntdll.dll
0x00007ffe408c0000 - 0x00007ffe40981000 	C:\Windows\System32\KERNEL32.DLL
0x00007ffe402f0000 - 0x00007ffe405e6000 	C:\Windows\System32\KERNELBASE.dll
0x00007ffe40000000 - 0x00007ffe40100000 	C:\Windows\System32\ucrtbase.dll
0x00007ffe04250000 - 0x00007ffe0426b000 	C:\Program Files\Java\jdk-21\bin\VCRUNTIME140.dll
0x00007ffe3c430000 - 0x00007ffe3c449000 	C:\Program Files\Java\jdk-21\bin\jli.dll
0x00007ffe41430000 - 0x00007ffe414e0000 	C:\Windows\System32\ADVAPI32.dll
0x00007ffe40cf0000 - 0x00007ffe40d8e000 	C:\Windows\System32\msvcrt.dll
0x00007ffe40820000 - 0x00007ffe408c0000 	C:\Windows\System32\sechost.dll
0x00007ffe410a0000 - 0x00007ffe411c3000 	C:\Windows\System32\RPCRT4.dll
0x00007ffe40170000 - 0x00007ffe40197000 	C:\Windows\System32\bcrypt.dll
0x00007ffe411d0000 - 0x00007ffe4136f000 	C:\Windows\System32\USER32.dll
0x00007ffe401a0000 - 0x00007ffe401c2000 	C:\Windows\System32\win32u.dll
0x00007ffe42650000 - 0x00007ffe4267b000 	C:\Windows\System32\GDI32.dll
0x00007ffe401d0000 - 0x00007ffe402e7000 	C:\Windows\System32\gdi32full.dll
0x00007ffe40730000 - 0x00007ffe407cd000 	C:\Windows\System32\msvcp_win.dll
0x00007ffe2d290000 - 0x00007ffe2d52a000 	C:\Windows\WinSxS\amd64_microsoft.windows.common-controls_6595b64144ccf1df_6.0.19041.4355_none_60b8b9eb71f62e16\COMCTL32.dll
0x00007ffe359c0000 - 0x00007ffe359ca000 	C:\Windows\SYSTEM32\VERSION.dll
0x00007ffe41a70000 - 0x00007ffe41a9f000 	C:\Windows\System32\IMM32.DLL
0x00007ffe04240000 - 0x00007ffe0424c000 	C:\Program Files\Java\jdk-21\bin\vcruntime140_1.dll
0x00007ffe03e60000 - 0x00007ffe03eee000 	C:\Program Files\Java\jdk-21\bin\msvcp140.dll
0x00007ffe04270000 - 0x00007ffe04f87000 	C:\Program Files\Java\jdk-21\bin\server\jvm.dll
0x00007ffe41bd0000 - 0x00007ffe41c3b000 	C:\Windows\System32\WS2_32.dll
0x00007ffe3fc40000 - 0x00007ffe3fc8b000 	C:\Windows\SYSTEM32\POWRPROF.dll
0x00007ffe2c510000 - 0x00007ffe2c537000 	C:\Windows\SYSTEM32\WINMM.dll
0x00007ffe3fc20000 - 0x00007ffe3fc32000 	C:\Windows\SYSTEM32\UMPDC.dll
0x00007ffe3ea20000 - 0x00007ffe3ea32000 	C:\Windows\SYSTEM32\kernel.appcore.dll
0x00007ffe041d0000 - 0x00007ffe041da000 	C:\Program Files\Java\jdk-21\bin\jimage.dll
0x00007ffe3e3c0000 - 0x00007ffe3e5a4000 	C:\Windows\SYSTEM32\DBGHELP.DLL
0x00007ffe261a0000 - 0x00007ffe261d4000 	C:\Windows\SYSTEM32\dbgcore.DLL
0x00007ffe406a0000 - 0x00007ffe40722000 	C:\Windows\System32\bcryptPrimitives.dll
0x00007ffe041e0000 - 0x00007ffe041ff000 	C:\Program Files\Java\jdk-21\bin\java.dll
0x00007ffe41c40000 - 0x00007ffe423ac000 	C:\Windows\System32\SHELL32.dll
0x00007ffe3db50000 - 0x00007ffe3e2ee000 	C:\Windows\SYSTEM32\windows.storage.dll
0x00007ffe40990000 - 0x00007ffe40ce3000 	C:\Windows\System32\combase.dll
0x00007ffe3f7f0000 - 0x00007ffe3f81e000 	C:\Windows\SYSTEM32\Wldp.dll
0x00007ffe426e0000 - 0x00007ffe427ad000 	C:\Windows\System32\OLEAUT32.dll
0x00007ffe41aa0000 - 0x00007ffe41b4d000 	C:\Windows\System32\SHCORE.dll
0x00007ffe40e90000 - 0x00007ffe40ee5000 	C:\Windows\System32\shlwapi.dll
0x00007ffe3fdd0000 - 0x00007ffe3fdf4000 	C:\Windows\SYSTEM32\profapi.dll
0x00007ffe040f0000 - 0x00007ffe041c7000 	C:\Program Files\Java\jdk-21\bin\jsvml.dll
0x00007ffe040e0000 - 0x00007ffe040f0000 	C:\Program Files\Java\jdk-21\bin\net.dll
0x00007ffe36800000 - 0x00007ffe3690a000 	C:\Windows\SYSTEM32\WINHTTP.dll
0x00007ffe3f550000 - 0x00007ffe3f5ba000 	C:\Windows\system32\mswsock.dll
0x00007ffe040c0000 - 0x00007ffe040d6000 	C:\Program Files\Java\jdk-21\bin\nio.dll
0x00007ffe03ef0000 - 0x00007ffe0407f000 	C:\Program Files\Java\jdk-21\bin\awt.dll
0x00007ffe3c1d0000 - 0x00007ffe3c264000 	C:\Windows\SYSTEM32\apphelp.dll
0x00007ffe3d680000 - 0x00007ffe3d6af000 	C:\Windows\system32\DWMAPI.DLL
0x00007ffe3d470000 - 0x00007ffe3d50e000 	C:\Windows\system32\uxtheme.dll
0x00007ffe1d0a0000 - 0x00007ffe1d1c8000 	C:\Windows\system32\opengl32.dll
0x00007ffe1d030000 - 0x00007ffe1d05c000 	C:\Windows\SYSTEM32\GLU32.dll
0x00007ffe41950000 - 0x00007ffe41a64000 	C:\Windows\System32\MSCTF.dll
0x00007ffe424f0000 - 0x00007ffe4261b000 	C:\Windows\System32\ole32.dll
0x00007ffe03dd0000 - 0x00007ffe03e57000 	C:\Program Files\Java\jdk-21\bin\freetype.dll
0x00007ffe03ce0000 - 0x00007ffe03dc2000 	C:\Program Files\Java\jdk-21\bin\fontmanager.dll
0x00007ffe35780000 - 0x00007ffe35879000 	C:\Windows\SYSTEM32\textinputframework.dll
0x00007ffe3b1b0000 - 0x00007ffe3b50b000 	C:\Windows\System32\CoreUIComponents.dll
0x00007ffe3b510000 - 0x00007ffe3b602000 	C:\Windows\System32\CoreMessaging.dll
0x00007ffe3ef90000 - 0x00007ffe3efc3000 	C:\Windows\SYSTEM32\ntmarta.dll
0x00007ffe3c270000 - 0x00007ffe3c3c7000 	C:\Windows\SYSTEM32\wintypes.dll
0x00007ffe22180000 - 0x00007ffe221e6000 	C:\Windows\system32\Oleacc.dll
0x00007ffe41380000 - 0x00007ffe41429000 	C:\Windows\System32\clbcatq.dll

dbghelp: loaded successfully - version: 4.0.5 - missing functions: none
symbol engine: initialized successfully - sym options: 0x614 - pdb path: .;C:\Program Files\Java\jdk-21\bin;C:\Windows\SYSTEM32;C:\Windows\WinSxS\amd64_microsoft.windows.common-controls_6595b64144ccf1df_6.0.19041.4355_none_60b8b9eb71f62e16;C:\Program Files\Java\jdk-21\bin\server

VM Arguments:
jvm_args: -Dfile.encoding=UTF-8 --module-path=C:\Users\DELL\Documents\NetBeansProjects\bank management system\build\classes 
java_command: bank.management.system.SignUpOne
java_class_path (initial): C:\Users\DELL\Documents\NetBeansProjects\bank management system\build\classes
Launcher Type: SUN_STANDARD

[Global flags]
     intx CICompilerCount                          = 3                                         {product} {ergonomic}
     uint ConcGCThreads                            = 1                                         {product} {ergonomic}
     uint G1ConcRefinementThreads                  = 4                                         {product} {ergonomic}
   size_t G1HeapRegionSize                         = 1048576                                   {product} {ergonomic}
    uintx GCDrainStackTargetSize                   = 64                                        {product} {ergonomic}
   size_t InitialHeapSize                          = 134217728                                 {product} {ergonomic}
   size_t MarkStackSize                            = 4194304                                   {product} {ergonomic}
   size_t MaxHeapSize                              = 2120220672                                {product} {ergonomic}
   size_t MaxNewSize                               = 1271922688                                {product} {ergonomic}
   size_t MinHeapDeltaBytes                        = 1048576                                   {product} {ergonomic}
   size_t MinHeapSize                              = 8388608                                   {product} {ergonomic}
    uintx NonNMethodCodeHeapSize                   = 5832780                                {pd product} {ergonomic}
    uintx NonProfiledCodeHeapSize                  = 122912730                              {pd product} {ergonomic}
    uintx ProfiledCodeHeapSize                     = 122912730                              {pd product} {ergonomic}
    uintx ReservedCodeCacheSize                    = 251658240                              {pd product} {ergonomic}
     bool SegmentedCodeCache                       = true                                      {product} {ergonomic}
   size_t SoftMaxHeapSize                          = 2120220672                             {manageable} {ergonomic}
     bool UseCompressedOops                        = true                           {product lp64_product} {ergonomic}
     bool UseG1GC                                  = true                                      {product} {ergonomic}
     bool UseLargePagesIndividualAllocation        = false                                  {pd product} {ergonomic}

Logging:
Log output configuration:
 #0: stdout all=warning uptime,level,tags foldmultilines=false
 #1: stderr all=off uptime,level,tags foldmultilines=false

Environment Variables:
JAVA_HOME=C:\Users\DELL\AppData\Local\Programs\Eclipse Adoptium\jdk-17.0.7.7-hotspot\
PATH=C:\Program Files\Common Files\Oracle\Java\javapath;C:\Windows\system32;C:\Windows;C:\Windows\System32\Wbem;C:\Windows\System32\WindowsPowerShell\v1.0\;C:\Windows\System32\OpenSSH\;C:\MinGW\bin;C:\Program Files\Java\jdk-20\bin;C:\Program Files\MySQL\MySQL Server 8.0\bin;C:\Program Files\Java\jdk-21\bin;C:\Program Files\Git\cmd;C:\Program Files\Git\mingw64\bin;C:\Program Files\Git\usr\bin;C:\Program Files\MySQL\MySQL Shell 8.0\bin\;C:\Users\DELL\AppData\Local\Programs\Eclipse Adoptium\jdk-17.0.7.7-hotspot\bin;C:\Users\DELL\AppData\Local\Microsoft\WindowsApps;;C:\Users\DELL\AppData\Local\Programs\Microsoft VS Code\bin;C:\Program Files\JetBrains\IntelliJ IDEA Community Edition 2023.1.2\java1\IntelliJ IDEA Community Edition 2023.1.2\bin;
USERNAME=DELL
OS=Windows_NT
PROCESSOR_IDENTIFIER=Intel64 Family 6 Model 78 Stepping 3, GenuineIntel
TMP=C:\Users\DELL\AppData\Local\Temp
TEMP=C:\Users\DELL\AppData\Local\Temp




Periodic native trim disabled

---------------  S Y S T E M  ---------------

OS:
 Windows 10 , 64 bit Build 19041 (10.0.19041.4597)
OS uptime: 0 days 3:44 hours

CPU: total 4 (initial active 4) (2 cores per cpu, 2 threads per core) family 6 model 78 stepping 3 microcode 0xcc, cx8, cmov, fxsr, ht, mmx, 3dnowpref, sse, sse2, sse3, ssse3, sse4.1, sse4.2, popcnt, lzcnt, tsc, tscinvbit, avx, avx2, aes, erms, clmul, bmi1, bmi2, rtm, adx, fma, vzeroupper, clflush, clflushopt, rdtscp, f16c
Processor Information for all 4 processors :
  Max Mhz: 2501, Current Mhz: 2501, Mhz Limit: 2501

Memory: 4k page, system-wide physical 8083M (628M free)
TotalPageFile size 20505M (AvailPageFile size 0M)
current process WorkingSet (physical memory assigned to process): 42M, peak: 86M
current process commit charge ("private bytes"): 210M, peak: 220M

vm_info: Java HotSpot(TM) 64-Bit Server VM (21.0.2+13-LTS-58) for windows-amd64 JRE (21.0.2+13-LTS-58), built on 2024-01-05T18:32:24Z by "mach5one" with MS VC++ 17.1 (VS2022)

END.
