#
# There is insufficient memory for the Java Runtime Environment to continue.
# Native memory allocation (malloc) failed to allocate 32744 bytes for Chunk::new
# Possible reasons:
#   The system is out of physical RAM or swap space
#   The process is running with CompressedOops enabled, and the Java Heap may be blocking the growth of the native heap
# Possible solutions:
#   Reduce memory load on the system
#   Increase physical memory or swap space
#   Check if swap backing store is full
#   Decrease Java heap size (-Xmx/-Xms)
#   Decrease number of Java threads
#
#  
]


---------------  P R O C E S S  ---------------

Threads class SMR info:
_java_thread_list=0x000001ee003b3460, length=16, elements={
0x000001ee38f78c70, 0x000001ee38f7b9a0, 0x000001ee38f82790, 0x000001ee38f83470,
0x000001ee38f84670, 0x000001ee38f85870, 0x000001ee38f8c2b0, 0x000001ee38f8f500,
0x000001ee38f45020, 0x000001ee7e274220, 0x000001ee7e3b7070, 0x000001ee7e3b8300,
0x000001ee7e3d4490, 0x000001ee0052f750, 0x000001ee1addbfc0, 0x000001ee00f6cdc0
}

Java Threads: ( => current thread )
  0x000001ee38f78c70 JavaThread "Reference Handler"          daemon [_thread_blocked, id=5796, stack(0x000000ec52300000,0x000000ec52400000) (1024K)]
  0x000001ee38f7b9a0 JavaThread "Finalizer"                  daemon [_thread_blocked, id=17904, stack(0x000000ec52400000,0x000000ec52500000) (1024K)]
  0x000001ee38f82790 JavaThread "Signal Dispatcher"          daemon [_thread_blocked, id=16508, stack(0x000000ec52500000,0x000000ec52600000) (1024K)]
  0x000001ee38f83470 JavaThread "Attach Listener"            daemon [_thread_blocked, id=17784, stack(0x000000ec52600000,0x000000ec52700000) (1024K)]
  0x000001ee38f84670 JavaThread "Service Thread"             daemon [_thread_blocked, id=14972, stack(0x000000ec52700000,0x000000ec52800000) (1024K)]
  0x000001ee38f85870 JavaThread "Monitor Deflation Thread"   daemon [_thread_blocked, id=2168, stack(0x000000ec52800000,0x000000ec52900000) (1024K)]
=>0x000001ee38f8c2b0 JavaThread "C2 CompilerThread0"         daemon [_thread_in_native, id=16048, stack(0x000000ec52900000,0x000000ec52a00000) (1024K)]
  0x000001ee38f8f500 JavaThread "C1 CompilerThread0"         daemon [_thread_blocked, id=14924, stack(0x000000ec52a00000,0x000000ec52b00000) (1024K)]
  0x000001ee38f45020 JavaThread "Common-Cleaner"             daemon [_thread_blocked, id=16972, stack(0x000000ec52b00000,0x000000ec52c00000) (1024K)]
  0x000001ee7e274220 JavaThread "Notification Thread"        daemon [_thread_blocked, id=1048, stack(0x000000ec52c00000,0x000000ec52d00000) (1024K)]
  0x000001ee7e3b7070 JavaThread "Java2D Disposer"            daemon [_thread_blocked, id=12612, stack(0x000000ec52d00000,0x000000ec52e00000) (1024K)]
  0x000001ee7e3b8300 JavaThread "AWT-Shutdown"                      [_thread_blocked, id=14240, stack(0x000000ec52e00000,0x000000ec52f00000) (1024K)]
  0x000001ee7e3d4490 JavaThread "AWT-Windows"                daemon [_thread_in_native, id=16032, stack(0x000000ec52f00000,0x000000ec53000000) (1024K)]
  0x000001ee0052f750 JavaThread "AWT-EventQueue-0"                  [_thread_blocked, id=17580, stack(0x000000ec53100000,0x000000ec53200000) (1024K)]
  0x000001ee1addbfc0 JavaThread "DestroyJavaVM"                     [_thread_blocked, id=17864, stack(0x000000ec51b00000,0x000000ec51c00000) (1024K)]
  0x000001ee00f6cdc0 JavaThread "TimerQueue"                 daemon [_thread_blocked, id=16620, stack(0x000000ec53900000,0x000000ec53a00000) (1024K)]
Total: 16

Other Threads:
  0x000001ee1adce770 VMThread "VM Thread"                           [id=17776, stack(0x000000ec52200000,0x000000ec52300000) (1024K)]
  0x000001ee38f42130 WatcherThread "VM Periodic Task Thread"        [id=9808, stack(0x000000ec52100000,0x000000ec52200000) (1024K)]
  0x000001ee1adcce10 WorkerThread "GC Thread#0"                     [id=18420, stack(0x000000ec51c00000,0x000000ec51d00000) (1024K)]
  0x000001ee1adcdc90 WorkerThread "GC Thread#1"                     [id=18308, stack(0x000000ec53000000,0x000000ec53100000) (1024K)]
  0x000001ee0032d740 WorkerThread "GC Thread#2"                     [id=3140, stack(0x000000ec53600000,0x000000ec53700000) (1024K)]
  0x000001ee0032e5c0 WorkerThread "GC Thread#3"                     [id=18284, stack(0x000000ec53700000,0x000000ec53800000) (1024K)]
  0x000001ee1cf101d0 ConcurrentGCThread "G1 Main Marker"            [id=4412, stack(0x000000ec51d00000,0x000000ec51e00000) (1024K)]
  0x000001ee1adce3d0 WorkerThread "G1 Conc#0"                       [id=16144, stack(0x000000ec51e00000,0x000000ec51f00000) (1024K)]
  0x000001ee1cf7e680 ConcurrentGCThread "G1 Refine#0"               [id=4932, stack(0x000000ec51f00000,0x000000ec52000000) (1024K)]
  0x000001ee38e04210 ConcurrentGCThread "G1 Service"                [id=14648, stack(0x000000ec52000000,0x000000ec52100000) (1024K)]
Total: 10

Threads with active compile tasks:
C2 CompilerThread0  1687743 1661       4       java.util.HashMap::keysToArray (81 bytes)
Total: 1

VM state: not at safepoint (normal execution)

VM Mutex/Monitor currently owned by a thread: None

Heap address: 0x0000000081a00000, size: 2022 MB, Compressed Oops mode: 32-bit

CDS archive(s) mapped at: [0x000001ee39000000-0x000001ee39c90000-0x000001ee39c90000), size 13172736, SharedBaseAddress: 0x000001ee39000000, ArchiveRelocationMode: 1.
Compressed class space mapped at: 0x000001ee3a000000-0x000001ee7a000000, reserved size: 1073741824
Narrow klass base: 0x000001ee39000000, Narrow klass shift: 0, Narrow klass range: 0x100000000

GC Precious Log:
 CardTable entry size: 512
 Card Set container configuration: InlinePtr #cards 5 size 8 Array Of Cards #cards 12 size 40 Howl #buckets 4 coarsen threshold 1843 Howl Bitmap #cards 512 size 80 coarsen threshold 460 Card regions per heap region 1 cards per card region 2048
 CPUs: 4 total, 4 available
 Memory: 8083M
 Large Page Support: Disabled
 NUMA Support: Disabled
 Compressed Oops: Enabled (32-bit)
 Heap Region Size: 1M
 Heap Min Capacity: 8M
 Heap Initial Capacity: 128M
 Heap Max Capacity: 2022M
 Pre-touch: Disabled
 Parallel Workers: 4
 Concurrent Workers: 1
 Concurrent Refinement Workers: 4
 Periodic GC: Disabled

Heap:
 garbage-first heap   total 131072K, used 19240K [0x0000000081a00000, 0x0000000100000000)
  region size 1024K, 10 young (10240K), 2 survivors (2048K)
 Metaspace       used 10986K, committed 11200K, reserved 1114112K
  class space    used 1291K, committed 1408K, reserved 1048576K

Heap Regions: E=young(eden), S=young(survivor), O=old, HS=humongous(starts), HC=humongous(continues), CS=collection set, F=free, TAMS=top-at-mark-start, PB=parsable bottom
|   0|0x0000000081a00000, 0x0000000081b00000, 0x0000000081b00000|100%|HS|  |TAMS 0x0000000081a00000| PB 0x0000000081a00000| Complete 
|   1|0x0000000081b00000, 0x0000000081c00000, 0x0000000081c00000|100%|HC|  |TAMS 0x0000000081b00000| PB 0x0000000081b00000| Complete 
|   2|0x0000000081c00000, 0x0000000081d00000, 0x0000000081d00000|100%|HC|  |TAMS 0x0000000081c00000| PB 0x0000000081c00000| Complete 
|   3|0x0000000081d00000, 0x0000000081e00000, 0x0000000081e00000|100%|HC|  |TAMS 0x0000000081d00000| PB 0x0000000081d00000| Complete 
|   4|0x0000000081e00000, 0x0000000081f00000, 0x0000000081f00000|100%|HC|  |TAMS 0x0000000081e00000| PB 0x0000000081e00000| Complete 
|   5|0x0000000081f00000, 0x0000000082000000, 0x0000000082000000|100%|HC|  |TAMS 0x0000000081f00000| PB 0x0000000081f00000| Complete 
|   6|0x0000000082000000, 0x0000000082100000, 0x0000000082100000|100%|HC|  |TAMS 0x0000000082000000| PB 0x0000000082000000| Complete 
|   7|0x0000000082100000, 0x0000000082200000, 0x0000000082200000|100%|HC|  |TAMS 0x0000000082100000| PB 0x0000000082100000| Complete 
|   8|0x0000000082200000, 0x0000000082300000, 0x0000000082300000|100%| O|  |TAMS 0x0000000082200000| PB 0x0000000082200000| Untracked 
|   9|0x0000000082300000, 0x00000000823ca148, 0x0000000082400000| 78%| O|  |TAMS 0x0000000082300000| PB 0x0000000082300000| Untracked 
|  10|0x0000000082400000, 0x0000000082400000, 0x0000000082500000|  0%| F|  |TAMS 0x0000000082400000| PB 0x0000000082400000| Untracked 
|  11|0x0000000082500000, 0x0000000082500000, 0x0000000082600000|  0%| F|  |TAMS 0x0000000082500000| PB 0x0000000082500000| Untracked 
|  12|0x0000000082600000, 0x0000000082600000, 0x0000000082700000|  0%| F|  |TAMS 0x0000000082600000| PB 0x0000000082600000| Untracked 
|  13|0x0000000082700000, 0x0000000082700000, 0x0000000082800000|  0%| F|  |TAMS 0x0000000082700000| PB 0x0000000082700000| Untracked 
|  14|0x0000000082800000, 0x0000000082800000, 0x0000000082900000|  0%| F|  |TAMS 0x0000000082800000| PB 0x0000000082800000| Untracked 
|  15|0x0000000082900000, 0x0000000082900000, 0x0000000082a00000|  0%| F|  |TAMS 0x0000000082900000| PB 0x0000000082900000| Untracked 
|  16|0x0000000082a00000, 0x0000000082a00000, 0x0000000082b00000|  0%| F|  |TAMS 0x0000000082a00000| PB 0x0000000082a00000| Untracked 
|  17|0x0000000082b00000, 0x0000000082b00000, 0x0000000082c00000|  0%| F|  |TAMS 0x0000000082b00000| PB 0x0000000082b00000| Untracked 
|  18|0x0000000082c00000, 0x0000000082c00000, 0x0000000082d00000|  0%| F|  |TAMS 0x0000000082c00000| PB 0x0000000082c00000| Untracked 
|  19|0x0000000082d00000, 0x0000000082d00000, 0x0000000082e00000|  0%| F|  |TAMS 0x0000000082d00000| PB 0x0000000082d00000| Untracked 
|  20|0x0000000082e00000, 0x0000000082e00000, 0x0000000082f00000|  0%| F|  |TAMS 0x0000000082e00000| PB 0x0000000082e00000| Untracked 
|  21|0x0000000082f00000, 0x0000000082f00000, 0x0000000083000000|  0%| F|  |TAMS 0x0000000082f00000| PB 0x0000000082f00000| Untracked 
|  22|0x0000000083000000, 0x0000000083000000, 0x0000000083100000|  0%| F|  |TAMS 0x0000000083000000| PB 0x0000000083000000| Untracked 
|  23|0x0000000083100000, 0x0000000083100000, 0x0000000083200000|  0%| F|  |TAMS 0x0000000083100000| PB 0x0000000083100000| Untracked 
|  24|0x0000000083200000, 0x0000000083200000, 0x0000000083300000|  0%| F|  |TAMS 0x0000000083200000| PB 0x0000000083200000| Untracked 
|  25|0x0000000083300000, 0x0000000083300000, 0x0000000083400000|  0%| F|  |TAMS 0x0000000083300000| PB 0x0000000083300000| Untracked 
|  26|0x0000000083400000, 0x0000000083400000, 0x0000000083500000|  0%| F|  |TAMS 0x0000000083400000| PB 0x0000000083400000| Untracked 
|  27|0x0000000083500000, 0x0000000083500000, 0x0000000083600000|  0%| F|  |TAMS 0x0000000083500000| PB 0x0000000083500000| Untracked 
|  28|0x0000000083600000, 0x0000000083600000, 0x0000000083700000|  0%| F|  |TAMS 0x0000000083600000| PB 0x0000000083600000| Untracked 
|  29|0x0000000083700000, 0x0000000083700000, 0x0000000083800000|  0%| F|  |TAMS 0x0000000083700000| PB 0x0000000083700000| Untracked 
|  30|0x0000000083800000, 0x0000000083800000, 0x0000000083900000|  0%| F|  |TAMS 0x0000000083800000| PB 0x0000000083800000| Untracked 
|  31|0x0000000083900000, 0x0000000083900000, 0x0000000083a00000|  0%| F|  |TAMS 0x0000000083900000| PB 0x0000000083900000| Untracked 
|  32|0x0000000083a00000, 0x0000000083a00000, 0x0000000083b00000|  0%| F|  |TAMS 0x0000000083a00000| PB 0x0000000083a00000| Untracked 
|  33|0x0000000083b00000, 0x0000000083b00000, 0x0000000083c00000|  0%| F|  |TAMS 0x0000000083b00000| PB 0x0000000083b00000| Untracked 
|  34|0x0000000083c00000, 0x0000000083c00000, 0x0000000083d00000|  0%| F|  |TAMS 0x0000000083c00000| PB 0x0000000083c00000| Untracked 
|  35|0x0000000083d00000, 0x0000000083d00000, 0x0000000083e00000|  0%| F|  |TAMS 0x0000000083d00000| PB 0x0000000083d00000| Untracked 
|  36|0x0000000083e00000, 0x0000000083e00000, 0x0000000083f00000|  0%| F|  |TAMS 0x0000000083e00000| PB 0x0000000083e00000| Untracked 
|  37|0x0000000083f00000, 0x0000000083f00000, 0x0000000084000000|  0%| F|  |TAMS 0x0000000083f00000| PB 0x0000000083f00000| Untracked 
|  38|0x0000000084000000, 0x0000000084000000, 0x0000000084100000|  0%| F|  |TAMS 0x0000000084000000| PB 0x0000000084000000| Untracked 
|  39|0x0000000084100000, 0x0000000084100000, 0x0000000084200000|  0%| F|  |TAMS 0x0000000084100000| PB 0x0000000084100000| Untracked 
|  40|0x0000000084200000, 0x0000000084200000, 0x0000000084300000|  0%| F|  |TAMS 0x0000000084200000| PB 0x0000000084200000| Untracked 
|  41|0x0000000084300000, 0x0000000084300000, 0x0000000084400000|  0%| F|  |TAMS 0x0000000084300000| PB 0x0000000084300000| Untracked 
|  42|0x0000000084400000, 0x0000000084400000, 0x0000000084500000|  0%| F|  |TAMS 0x0000000084400000| PB 0x0000000084400000| Untracked 
|  43|0x0000000084500000, 0x0000000084500000, 0x0000000084600000|  0%| F|  |TAMS 0x0000000084500000| PB 0x0000000084500000| Untracked 
|  44|0x0000000084600000, 0x0000000084600000, 0x0000000084700000|  0%| F|  |TAMS 0x0000000084600000| PB 0x0000000084600000| Untracked 
|  45|0x0000000084700000, 0x0000000084700000, 0x0000000084800000|  0%| F|  |TAMS 0x0000000084700000| PB 0x0000000084700000| Untracked 
|  46|0x0000000084800000, 0x0000000084800000, 0x0000000084900000|  0%| F|  |TAMS 0x0000000084800000| PB 0x0000000084800000| Untracked 
|  47|0x0000000084900000, 0x0000000084900000, 0x0000000084a00000|  0%| F|  |TAMS 0x0000000084900000| PB 0x0000000084900000| Untracked 
|  48|0x0000000084a00000, 0x0000000084a00000, 0x0000000084b00000|  0%| F|  |TAMS 0x0000000084a00000| PB 0x0000000084a00000| Untracked 
|  49|0x0000000084b00000, 0x0000000084b00000, 0x0000000084c00000|  0%| F|  |TAMS 0x0000000084b00000| PB 0x0000000084b00000| Untracked 
|  50|0x0000000084c00000, 0x0000000084c00000, 0x0000000084d00000|  0%| F|  |TAMS 0x0000000084c00000| PB 0x0000000084c00000| Untracked 
|  51|0x0000000084d00000, 0x0000000084d00000, 0x0000000084e00000|  0%| F|  |TAMS 0x0000000084d00000| PB 0x0000000084d00000| Untracked 
|  52|0x0000000084e00000, 0x0000000084e00000, 0x0000000084f00000|  0%| F|  |TAMS 0x0000000084e00000| PB 0x0000000084e00000| Untracked 
|  53|0x0000000084f00000, 0x0000000084f00000, 0x0000000085000000|  0%| F|  |TAMS 0x0000000084f00000| PB 0x0000000084f00000| Untracked 
|  54|0x0000000085000000, 0x0000000085000000, 0x0000000085100000|  0%| F|  |TAMS 0x0000000085000000| PB 0x0000000085000000| Untracked 
|  55|0x0000000085100000, 0x0000000085100000, 0x0000000085200000|  0%| F|  |TAMS 0x0000000085100000| PB 0x0000000085100000| Untracked 
|  56|0x0000000085200000, 0x0000000085200000, 0x0000000085300000|  0%| F|  |TAMS 0x0000000085200000| PB 0x0000000085200000| Untracked 
|  57|0x0000000085300000, 0x0000000085300000, 0x0000000085400000|  0%| F|  |TAMS 0x0000000085300000| PB 0x0000000085300000| Untracked 
|  58|0x0000000085400000, 0x0000000085400000, 0x0000000085500000|  0%| F|  |TAMS 0x0000000085400000| PB 0x0000000085400000| Untracked 
|  59|0x0000000085500000, 0x0000000085500000, 0x0000000085600000|  0%| F|  |TAMS 0x0000000085500000| PB 0x0000000085500000| Untracked 
|  60|0x0000000085600000, 0x0000000085600000, 0x0000000085700000|  0%| F|  |TAMS 0x0000000085600000| PB 0x0000000085600000| Untracked 
|  61|0x0000000085700000, 0x0000000085700000, 0x0000000085800000|  0%| F|  |TAMS 0x0000000085700000| PB 0x0000000085700000| Untracked 
|  62|0x0000000085800000, 0x0000000085800000, 0x0000000085900000|  0%| F|  |TAMS 0x0000000085800000| PB 0x0000000085800000| Untracked 
|  63|0x0000000085900000, 0x0000000085900000, 0x0000000085a00000|  0%| F|  |TAMS 0x0000000085900000| PB 0x0000000085900000| Untracked 
|  64|0x0000000085a00000, 0x0000000085a00000, 0x0000000085b00000|  0%| F|  |TAMS 0x0000000085a00000| PB 0x0000000085a00000| Untracked 
|  65|0x0000000085b00000, 0x0000000085b00000, 0x0000000085c00000|  0%| F|  |TAMS 0x0000000085b00000| PB 0x0000000085b00000| Untracked 
|  66|0x0000000085c00000, 0x0000000085c00000, 0x0000000085d00000|  0%| F|  |TAMS 0x0000000085c00000| PB 0x0000000085c00000| Untracked 
|  67|0x0000000085d00000, 0x0000000085d00000, 0x0000000085e00000|  0%| F|  |TAMS 0x0000000085d00000| PB 0x0000000085d00000| Untracked 
|  68|0x0000000085e00000, 0x0000000085e00000, 0x0000000085f00000|  0%| F|  |TAMS 0x0000000085e00000| PB 0x0000000085e00000| Untracked 
|  69|0x0000000085f00000, 0x0000000085f00000, 0x0000000086000000|  0%| F|  |TAMS 0x0000000085f00000| PB 0x0000000085f00000| Untracked 
|  70|0x0000000086000000, 0x0000000086000000, 0x0000000086100000|  0%| F|  |TAMS 0x0000000086000000| PB 0x0000000086000000| Untracked 
|  71|0x0000000086100000, 0x0000000086100000, 0x0000000086200000|  0%| F|  |TAMS 0x0000000086100000| PB 0x0000000086100000| Untracked 
|  72|0x0000000086200000, 0x0000000086200000, 0x0000000086300000|  0%| F|  |TAMS 0x0000000086200000| PB 0x0000000086200000| Untracked 
|  73|0x0000000086300000, 0x0000000086300000, 0x0000000086400000|  0%| F|  |TAMS 0x0000000086300000| PB 0x0000000086300000| Untracked 
|  74|0x0000000086400000, 0x0000000086400000, 0x0000000086500000|  0%| F|  |TAMS 0x0000000086400000| PB 0x0000000086400000| Untracked 
|  75|0x0000000086500000, 0x0000000086500000, 0x0000000086600000|  0%| F|  |TAMS 0x0000000086500000| PB 0x0000000086500000| Untracked 
|  76|0x0000000086600000, 0x0000000086600000, 0x0000000086700000|  0%| F|  |TAMS 0x0000000086600000| PB 0x0000000086600000| Untracked 
|  77|0x0000000086700000, 0x0000000086700000, 0x0000000086800000|  0%| F|  |TAMS 0x0000000086700000| PB 0x0000000086700000| Untracked 
|  78|0x0000000086800000, 0x0000000086800000, 0x0000000086900000|  0%| F|  |TAMS 0x0000000086800000| PB 0x0000000086800000| Untracked 
|  79|0x0000000086900000, 0x0000000086900000, 0x0000000086a00000|  0%| F|  |TAMS 0x0000000086900000| PB 0x0000000086900000| Untracked 
|  80|0x0000000086a00000, 0x0000000086a00000, 0x0000000086b00000|  0%| F|  |TAMS 0x0000000086a00000| PB 0x0000000086a00000| Untracked 
|  81|0x0000000086b00000, 0x0000000086b00000, 0x0000000086c00000|  0%| F|  |TAMS 0x0000000086b00000| PB 0x0000000086b00000| Untracked 
|  82|0x0000000086c00000, 0x0000000086c00000, 0x0000000086d00000|  0%| F|  |TAMS 0x0000000086c00000| PB 0x0000000086c00000| Untracked 
|  83|0x0000000086d00000, 0x0000000086d00000, 0x0000000086e00000|  0%| F|  |TAMS 0x0000000086d00000| PB 0x0000000086d00000| Untracked 
|  84|0x0000000086e00000, 0x0000000086e00000, 0x0000000086f00000|  0%| F|  |TAMS 0x0000000086e00000| PB 0x0000000086e00000| Untracked 
|  85|0x0000000086f00000, 0x0000000086f00000, 0x0000000087000000|  0%| F|  |TAMS 0x0000000086f00000| PB 0x0000000086f00000| Untracked 
|  86|0x0000000087000000, 0x0000000087000000, 0x0000000087100000|  0%| F|  |TAMS 0x0000000087000000| PB 0x0000000087000000| Untracked 
|  87|0x0000000087100000, 0x0000000087100000, 0x0000000087200000|  0%| F|  |TAMS 0x0000000087100000| PB 0x0000000087100000| Untracked 
|  88|0x0000000087200000, 0x0000000087200000, 0x0000000087300000|  0%| F|  |TAMS 0x0000000087200000| PB 0x0000000087200000| Untracked 
|  89|0x0000000087300000, 0x0000000087300000, 0x0000000087400000|  0%| F|  |TAMS 0x0000000087300000| PB 0x0000000087300000| Untracked 
|  90|0x0000000087400000, 0x0000000087400000, 0x0000000087500000|  0%| F|  |TAMS 0x0000000087400000| PB 0x0000000087400000| Untracked 
|  91|0x0000000087500000, 0x0000000087500000, 0x0000000087600000|  0%| F|  |TAMS 0x0000000087500000| PB 0x0000000087500000| Untracked 
|  92|0x0000000087600000, 0x0000000087600000, 0x0000000087700000|  0%| F|  |TAMS 0x0000000087600000| PB 0x0000000087600000| Untracked 
|  93|0x0000000087700000, 0x0000000087700000, 0x0000000087800000|  0%| F|  |TAMS 0x0000000087700000| PB 0x0000000087700000| Untracked 
|  94|0x0000000087800000, 0x0000000087800000, 0x0000000087900000|  0%| F|  |TAMS 0x0000000087800000| PB 0x0000000087800000| Untracked 
|  95|0x0000000087900000, 0x0000000087900000, 0x0000000087a00000|  0%| F|  |TAMS 0x0000000087900000| PB 0x0000000087900000| Untracked 
|  96|0x0000000087a00000, 0x0000000087a00000, 0x0000000087b00000|  0%| F|  |TAMS 0x0000000087a00000| PB 0x0000000087a00000| Untracked 
|  97|0x0000000087b00000, 0x0000000087b00000, 0x0000000087c00000|  0%| F|  |TAMS 0x0000000087b00000| PB 0x0000000087b00000| Untracked 
|  98|0x0000000087c00000, 0x0000000087c00000, 0x0000000087d00000|  0%| F|  |TAMS 0x0000000087c00000| PB 0x0000000087c00000| Untracked 
|  99|0x0000000087d00000, 0x0000000087d00000, 0x0000000087e00000|  0%| F|  |TAMS 0x0000000087d00000| PB 0x0000000087d00000| Untracked 
| 100|0x0000000087e00000, 0x0000000087e00000, 0x0000000087f00000|  0%| F|  |TAMS 0x0000000087e00000| PB 0x0000000087e00000| Untracked 
| 101|0x0000000087f00000, 0x0000000087f00000, 0x0000000088000000|  0%| F|  |TAMS 0x0000000087f00000| PB 0x0000000087f00000| Untracked 
| 102|0x0000000088000000, 0x0000000088000000, 0x0000000088100000|  0%| F|  |TAMS 0x0000000088000000| PB 0x0000000088000000| Untracked 
| 103|0x0000000088100000, 0x0000000088100000, 0x0000000088200000|  0%| F|  |TAMS 0x0000000088100000| PB 0x0000000088100000| Untracked 
| 104|0x0000000088200000, 0x0000000088200000, 0x0000000088300000|  0%| F|  |TAMS 0x0000000088200000| PB 0x0000000088200000| Untracked 
| 105|0x0000000088300000, 0x0000000088300000, 0x0000000088400000|  0%| F|  |TAMS 0x0000000088300000| PB 0x0000000088300000| Untracked 
| 106|0x0000000088400000, 0x0000000088400000, 0x0000000088500000|  0%| F|  |TAMS 0x0000000088400000| PB 0x0000000088400000| Untracked 
| 107|0x0000000088500000, 0x0000000088500000, 0x0000000088600000|  0%| F|  |TAMS 0x0000000088500000| PB 0x0000000088500000| Untracked 
| 108|0x0000000088600000, 0x0000000088600000, 0x0000000088700000|  0%| F|  |TAMS 0x0000000088600000| PB 0x0000000088600000| Untracked 
| 109|0x0000000088700000, 0x0000000088700000, 0x0000000088800000|  0%| F|  |TAMS 0x0000000088700000| PB 0x0000000088700000| Untracked 
| 110|0x0000000088800000, 0x0000000088800000, 0x0000000088900000|  0%| F|  |TAMS 0x0000000088800000| PB 0x0000000088800000| Untracked 
| 111|0x0000000088900000, 0x0000000088900000, 0x0000000088a00000|  0%| F|  |TAMS 0x0000000088900000| PB 0x0000000088900000| Untracked 
| 112|0x0000000088a00000, 0x0000000088a00000, 0x0000000088b00000|  0%| F|  |TAMS 0x0000000088a00000| PB 0x0000000088a00000| Untracked 
| 113|0x0000000088b00000, 0x0000000088c00000, 0x0000000088c00000|100%| S|CS|TAMS 0x0000000088b00000| PB 0x0000000088b00000| Complete 
| 114|0x0000000088c00000, 0x0000000088d00000, 0x0000000088d00000|100%| S|CS|TAMS 0x0000000088c00000| PB 0x0000000088c00000| Complete 
| 115|0x0000000088d00000, 0x0000000088d00000, 0x0000000088e00000|  0%| F|  |TAMS 0x0000000088d00000| PB 0x0000000088d00000| Untracked 
| 116|0x0000000088e00000, 0x0000000088e00000, 0x0000000088f00000|  0%| F|  |TAMS 0x0000000088e00000| PB 0x0000000088e00000| Untracked 
| 117|0x0000000088f00000, 0x0000000088f00000, 0x0000000089000000|  0%| F|  |TAMS 0x0000000088f00000| PB 0x0000000088f00000| Untracked 
| 118|0x0000000089000000, 0x0000000089000000, 0x0000000089100000|  0%| F|  |TAMS 0x0000000089000000| PB 0x0000000089000000| Untracked 
| 119|0x0000000089100000, 0x0000000089100000, 0x0000000089200000|  0%| F|  |TAMS 0x0000000089100000| PB 0x0000000089100000| Untracked 
| 120|0x0000000089200000, 0x0000000089250710, 0x0000000089300000| 31%| E|  |TAMS 0x0000000089200000| PB 0x0000000089200000| Complete 
| 121|0x0000000089300000, 0x0000000089400000, 0x0000000089400000|100%| E|CS|TAMS 0x0000000089300000| PB 0x0000000089300000| Complete 
| 122|0x0000000089400000, 0x0000000089500000, 0x0000000089500000|100%| E|CS|TAMS 0x0000000089400000| PB 0x0000000089400000| Complete 
| 123|0x0000000089500000, 0x0000000089600000, 0x0000000089600000|100%| E|CS|TAMS 0x0000000089500000| PB 0x0000000089500000| Complete 
| 124|0x0000000089600000, 0x0000000089700000, 0x0000000089700000|100%| E|CS|TAMS 0x0000000089600000| PB 0x0000000089600000| Complete 
| 125|0x0000000089700000, 0x0000000089800000, 0x0000000089800000|100%| E|CS|TAMS 0x0000000089700000| PB 0x0000000089700000| Complete 
| 126|0x0000000089800000, 0x0000000089900000, 0x0000000089900000|100%| E|CS|TAMS 0x0000000089800000| PB 0x0000000089800000| Complete 
| 127|0x0000000089900000, 0x0000000089a00000, 0x0000000089a00000|100%| E|CS|TAMS 0x0000000089900000| PB 0x0000000089900000| Complete 

Card table byte_map: [0x000001ee34720000,0x000001ee34b20000] _byte_map_base: 0x000001ee34313000

Marking Bits: (CMBitMap*) 0x000001ee1cefd250
 Bits: [0x000001ee34b20000, 0x000001ee36ab8000)

Polling page: 0x000001ee1b050000

Metaspace:

Usage:
  Non-class:      9.47 MB used.
      Class:      1.26 MB used.
       Both:     10.73 MB used.

Virtual space:
  Non-class space:       64.00 MB reserved,       9.56 MB ( 15%) committed,  1 nodes.
      Class space:        1.00 GB reserved,       1.38 MB ( <1%) committed,  1 nodes.
             Both:        1.06 GB reserved,      10.94 MB (  1%) committed. 

Chunk freelists:
   Non-Class:  6.44 MB
       Class:  14.60 MB
        Both:  21.04 MB

MaxMetaspaceSize: unlimited
CompressedClassSpaceSize: 1.00 GB
Initial GC threshold: 21.00 MB
Current GC threshold: 21.00 MB
CDS: on
 - commit_granule_bytes: 65536.
 - commit_granule_words: 8192.
 - virtual_space_node_default_size: 8388608.
 - enlarge_chunks_in_place: 1.
 - use_allocation_guard: 0.


Internal statistics:

num_allocs_failed_limit: 0.
num_arena_births: 164.
num_arena_deaths: 0.
num_vsnodes_births: 2.
num_vsnodes_deaths: 0.
num_space_committed: 175.
num_space_uncommitted: 0.
num_chunks_returned_to_freelist: 0.
num_chunks_taken_from_freelist: 229.
num_chunk_merges: 0.
num_chunk_splits: 130.
num_chunks_enlarged: 54.
num_inconsistent_stats: 0.

CodeHeap 'non-profiled nmethods': size=120000Kb used=507Kb max_used=507Kb free=119492Kb
 bounds [0x000001ee2cdf0000, 0x000001ee2d060000, 0x000001ee34320000]
CodeHeap 'profiled nmethods': size=120000Kb used=2759Kb max_used=2759Kb free=117240Kb
 bounds [0x000001ee25320000, 0x000001ee255e0000, 0x000001ee2c850000]
CodeHeap 'non-nmethods': size=5760Kb used=1622Kb max_used=1665Kb free=4137Kb
 bounds [0x000001ee2c850000, 0x000001ee2cac0000, 0x000001ee2cdf0000]
 total_blobs=2337 nmethods=1660 adapters=582
 compilation: enabled
              stopped_count=0, restarted_count=0
 full_count=0

Compilation events (20 events):
Event: 10.121 Thread 0x000001ee38f8f500 nmethod 1650 0x000001ee255cd510 code [0x000001ee255cd6e0, 0x000001ee255cd9a0]
Event: 10.121 Thread 0x000001ee38f8f500 1651       3       sun.swing.SwingUtilities2$KeyPair::equals (48 bytes)
Event: 10.122 Thread 0x000001ee38f8f500 nmethod 1651 0x000001ee255cda90 code [0x000001ee255cdc80, 0x000001ee255ce220]
Event: 10.122 Thread 0x000001ee38f8f500 1652       3       java.util.concurrent.locks.AbstractQueuedSynchronizer$Node::<init> (5 bytes)
Event: 10.122 Thread 0x000001ee38f8f500 nmethod 1652 0x000001ee255ce390 code [0x000001ee255ce540, 0x000001ee255ce6a8]
Event: 10.122 Thread 0x000001ee38f8f500 1649       1       java.awt.Component::getComponentOrientation (5 bytes)
Event: 10.123 Thread 0x000001ee38f8f500 nmethod 1649 0x000001ee2ce6df90 code [0x000001ee2ce6e120, 0x000001ee2ce6e1f0]
Event: 10.633 Thread 0x000001ee38f8f500 1653   !   3       java.util.concurrent.locks.AbstractQueuedSynchronizer::acquire (424 bytes)
Event: 10.640 Thread 0x000001ee38f8f500 nmethod 1653 0x000001ee255ce790 code [0x000001ee255ceb40, 0x000001ee255d0458]
Event: 10.641 Thread 0x000001ee38f8f500 1655       3       javax.swing.SwingUtilities::computeIntersection (189 bytes)
Event: 10.642 Thread 0x000001ee38f8f500 nmethod 1655 0x000001ee255d0c90 code [0x000001ee255d0e40, 0x000001ee255d1120]
Event: 10.642 Thread 0x000001ee38f8f500 1654       1       javax.swing.Timer::getLock (5 bytes)
Event: 10.642 Thread 0x000001ee38f8f500 nmethod 1654 0x000001ee2ce6e290 code [0x000001ee2ce6e420, 0x000001ee2ce6e4e8]
Event: 1535.870 Thread 0x000001ee38f8f500 1657       3       jdk.internal.misc.Unsafe::putIntOpaque (9 bytes)
Event: 1535.871 Thread 0x000001ee38f8f500 nmethod 1657 0x000001ee255d1210 code [0x000001ee255d13a0, 0x000001ee255d14b8]
Event: 1535.871 Thread 0x000001ee38f8f500 1659   !   3       jdk.internal.ref.PhantomCleanable::isListEmpty (34 bytes)
Event: 1535.871 Thread 0x000001ee38f8f500 nmethod 1659 0x000001ee255d1590 code [0x000001ee255d1740, 0x000001ee255d19a0]
Event: 1535.871 Thread 0x000001ee38f8f500 1660       3       jdk.internal.misc.InnocuousThread::eraseThreadLocals (23 bytes)
Event: 1535.872 Thread 0x000001ee38f8f500 nmethod 1660 0x000001ee255d1a90 code [0x000001ee255d1c40, 0x000001ee255d1e30]
Event: 1687.688 Thread 0x000001ee38f8c2b0 1661       4       java.util.HashMap::keysToArray (81 bytes)

GC Heap History (2 events):
Event: 1.276 GC heap before
{Heap before GC invocations=0 (full 0):
 garbage-first heap   total 131072K, used 21504K [0x0000000081a00000, 0x0000000100000000)
  region size 1024K, 13 young (13312K), 0 survivors (0K)
 Metaspace       used 10150K, committed 10368K, reserved 1114112K
  class space    used 1226K, committed 1344K, reserved 1048576K
}
Event: 1.286 GC heap after
{Heap after GC invocations=1 (full 0):
 garbage-first heap   total 131072K, used 12072K [0x0000000081a00000, 0x0000000100000000)
  region size 1024K, 2 young (2048K), 2 survivors (2048K)
 Metaspace       used 10150K, committed 10368K, reserved 1114112K
  class space    used 1226K, committed 1344K, reserved 1048576K
}

Dll operation events (10 events):
Event: 0.012 Loaded shared library C:\Program Files\Java\jdk-21\bin\java.dll
Event: 0.055 Loaded shared library C:\Program Files\Java\jdk-21\bin\jsvml.dll
Event: 0.093 Loaded shared library C:\Program Files\Java\jdk-21\bin\net.dll
Event: 0.095 Loaded shared library C:\Program Files\Java\jdk-21\bin\nio.dll
Event: 0.127 Loaded shared library C:\Program Files\Java\jdk-21\bin\zip.dll
Event: 0.146 Loaded shared library C:\Program Files\Java\jdk-21\bin\jimage.dll
Event: 0.163 Loaded shared library C:\Program Files\Java\jdk-21\bin\awt.dll
Event: 0.421 Loaded shared library C:\Program Files\Java\jdk-21\bin\verify.dll
Event: 0.593 Loaded shared library C:\Program Files\Java\jdk-21\bin\freetype.dll
Event: 0.595 Loaded shared library C:\Program Files\Java\jdk-21\bin\fontmanager.dll

Deoptimization events (20 events):
Event: 1.310 Thread 0x000001ee0052f750 Uncommon trap: trap_request=0xffffff45 fr.pc=0x000001ee2cdf9a4c relative=0x00000000000000ac
Event: 1.310 Thread 0x000001ee0052f750 Uncommon trap: reason=unstable_if action=reinterpret pc=0x000001ee2cdf9a4c method=java.lang.String.isLatin1()Z @ 10 c2
Event: 1.310 Thread 0x000001ee0052f750 DEOPT PACKING pc=0x000001ee2cdf9a4c sp=0x000000ec531fcab0
Event: 1.310 Thread 0x000001ee0052f750 DEOPT UNPACKING pc=0x000001ee2c8a46a2 sp=0x000000ec531fc9e0 mode 2
Event: 1.310 Thread 0x000001ee0052f750 Uncommon trap: trap_request=0xffffff45 fr.pc=0x000001ee2ce256b4 relative=0x0000000000000194
Event: 1.310 Thread 0x000001ee0052f750 Uncommon trap: reason=unstable_if action=reinterpret pc=0x000001ee2ce256b4 method=jdk.internal.util.ArraysSupport.vectorizedHashCode(Ljava/lang/Object;IIII)I @ 2 c2
Event: 1.310 Thread 0x000001ee0052f750 DEOPT PACKING pc=0x000001ee2ce256b4 sp=0x000000ec531fc9b0
Event: 1.310 Thread 0x000001ee0052f750 DEOPT UNPACKING pc=0x000001ee2c8a46a2 sp=0x000000ec531fc960 mode 2
Event: 1.373 Thread 0x000001ee0052f750 Uncommon trap: trap_request=0xffffff45 fr.pc=0x000001ee2ce49404 relative=0x00000000000004a4
Event: 1.373 Thread 0x000001ee0052f750 Uncommon trap: reason=unstable_if action=reinterpret pc=0x000001ee2ce49404 method=java.lang.StringLatin1.toLowerCase(Ljava/lang/String;[BLjava/util/Locale;)Ljava/lang/String; @ 43 c2
Event: 1.373 Thread 0x000001ee0052f750 DEOPT PACKING pc=0x000001ee2ce49404 sp=0x000000ec531fcc60
Event: 1.373 Thread 0x000001ee0052f750 DEOPT UNPACKING pc=0x000001ee2c8a46a2 sp=0x000000ec531fcbd0 mode 2
Event: 1.373 Thread 0x000001ee0052f750 Uncommon trap: trap_request=0xffffff45 fr.pc=0x000001ee2ce354a0 relative=0x0000000000000100
Event: 1.373 Thread 0x000001ee0052f750 Uncommon trap: reason=unstable_if action=reinterpret pc=0x000001ee2ce354a0 method=java.lang.ref.SoftReference.get()Ljava/lang/Object; @ 17 c2
Event: 1.373 Thread 0x000001ee0052f750 DEOPT PACKING pc=0x000001ee2ce354a0 sp=0x000000ec531fcfd0
Event: 1.373 Thread 0x000001ee0052f750 DEOPT UNPACKING pc=0x000001ee2c8a46a2 sp=0x000000ec531fcf88 mode 2
Event: 1.456 Thread 0x000001ee0052f750 Uncommon trap: trap_request=0xffffff45 fr.pc=0x000001ee2ce31bd8 relative=0x0000000000001b18
Event: 1.456 Thread 0x000001ee0052f750 Uncommon trap: reason=unstable_if action=reinterpret pc=0x000001ee2ce31bd8 method=java.lang.ref.SoftReference.get()Ljava/lang/Object; @ 17 c2
Event: 1.456 Thread 0x000001ee0052f750 DEOPT PACKING pc=0x000001ee2ce31bd8 sp=0x000000ec531fd460
Event: 1.456 Thread 0x000001ee0052f750 DEOPT UNPACKING pc=0x000001ee2c8a46a2 sp=0x000000ec531fd350 mode 2

Classes loaded (20 events):
Event: 1.477 Loading class java/awt/Container$MouseEventTargetFilter
Event: 1.477 Loading class java/awt/Container$EventTargetFilter
Event: 1.477 Loading class java/awt/Container$EventTargetFilter done
Event: 1.477 Loading class java/awt/Container$MouseEventTargetFilter done
Event: 1.478 Loading class java/awt/LightweightDispatcher$1
Event: 1.478 Loading class java/awt/LightweightDispatcher$1 done
Event: 1.478 Loading class java/awt/event/MouseWheelEvent
Event: 1.478 Loading class java/awt/event/MouseWheelEvent done
Event: 1.985 Loading class javax/swing/Timer$1
Event: 1.986 Loading class javax/swing/Timer$1 done
Event: 10.002 Loading class java/awt/LightweightDispatcher$2
Event: 10.002 Loading class java/awt/LightweightDispatcher$2 done
Event: 10.883 Loading class java/awt/KeyboardFocusManager$2
Event: 10.883 Loading class java/awt/KeyboardFocusManager$2 done
Event: 10.883 Loading class sun/awt/SunToolkit$1
Event: 10.883 Loading class sun/awt/SunToolkit$1 done
Event: 1472.485 Loading class java/awt/desktop/SystemSleepListener
Event: 1472.485 Loading class java/awt/desktop/SystemEventListener
Event: 1472.485 Loading class java/awt/desktop/SystemEventListener done
Event: 1472.485 Loading class java/awt/desktop/SystemSleepListener done

Classes unloaded (0 events):
No events

Classes redefined (0 events):
No events

Internal exceptions (15 events):
Event: 0.097 Thread 0x000001ee1addbfc0 Exception <a 'sun/nio/fs/WindowsException'{0x000000008983f450}> (0x000000008983f450) 
thrown [s\open\src\hotspot\share\prims\jni.cpp, line 520]
Event: 0.100 Thread 0x000001ee1addbfc0 Exception <a 'sun/nio/fs/WindowsException'{0x0000000089841960}> (0x0000000089841960) 
thrown [s\open\src\hotspot\share\prims\jni.cpp, line 520]
Event: 0.101 Thread 0x000001ee1addbfc0 Exception <a 'sun/nio/fs/WindowsException'{0x0000000089842460}> (0x0000000089842460) 
thrown [s\open\src\hotspot\share\prims\jni.cpp, line 520]
Event: 0.153 Thread 0x000001ee1addbfc0 Exception <a 'java/lang/ClassNotFoundException'{0x0000000089739bf0}: sun/awt/resources/spi/awtProvider> (0x0000000089739bf0) 
thrown [s\open\src\hotspot\share\classfile\systemDictionary.cpp, line 312]
Event: 0.179 Thread 0x000001ee1addbfc0 Exception <a 'java/io/FileNotFoundException'{0x000000008978f0a8}> (0x000000008978f0a8) 
thrown [s\open\src\hotspot\share\prims\jni.cpp, line 520]
Event: 0.187 Thread 0x000001ee1addbfc0 Exception <a 'java/io/FileNotFoundException'{0x00000000897b90d0}> (0x00000000897b90d0) 
thrown [s\open\src\hotspot\share\prims\jni.cpp, line 520]
Event: 0.278 Thread 0x000001ee1addbfc0 Exception <a 'java/lang/NoSuchMethodError'{0x000000008950c2d0}: 'void java.lang.invoke.DirectMethodHandle$Holder.invokeSpecial(java.lang.Object, java.lang.Object, java.lang.Object)'> (0x000000008950c2d0) 
thrown [s\open\src\hotspot\share\interpreter\linkResolver.cpp, line 773]
Event: 0.290 Thread 0x000001ee1addbfc0 Exception <a 'java/lang/NoSuchMethodError'{0x0000000089531c28}: 'java.lang.Object java.lang.invoke.DirectMethodHandle$Holder.newInvokeSpecial(java.lang.Object, java.lang.Object, java.lang.Object, java.lang.Object, java.lang.Object)'> (0x0000000089531c28) 
thrown [s\open\src\hotspot\share\interpreter\linkResolver.cpp, line 773]
Event: 0.299 Thread 0x000001ee1addbfc0 Exception <a 'java/lang/NoSuchMethodError'{0x000000008955da08}: 'java.lang.Object java.lang.invoke.DirectMethodHandle$Holder.invokeStatic(java.lang.Object, int, java.lang.Object)'> (0x000000008955da08) 
thrown [s\open\src\hotspot\share\interpreter\linkResolver.cpp, line 773]
Event: 0.329 Thread 0x000001ee1addbfc0 Exception <a 'java/lang/ClassNotFoundException'{0x00000000895fd320}: com/sun/swing/internal/plaf/metal/resources/spi/metalProvider> (0x00000000895fd320) 
thrown [s\open\src\hotspot\share\classfile\systemDictionary.cpp, line 312]
Event: 0.331 Thread 0x000001ee1addbfc0 Exception <a 'java/lang/ClassNotFoundException'{0x00000000894016f0}: com/sun/swing/internal/plaf/basic/resources/spi/basicProvider> (0x00000000894016f0) 
thrown [s\open\src\hotspot\share\classfile\systemDictionary.cpp, line 312]
Event: 0.346 Thread 0x000001ee1addbfc0 Exception <a 'java/lang/NoSuchMethodError'{0x0000000089420878}: 'int java.lang.invoke.Invokers$Holder.invokeExact_MT(java.lang.Object, java.lang.Object)'> (0x0000000089420878) 
thrown [s\open\src\hotspot\share\interpreter\linkResolver.cpp, line 773]
Event: 0.772 Thread 0x000001ee00257ad0 Exception <a 'java/lang/NoSuchMethodError'{0x0000000089016a70}: 'java.lang.Object java.lang.invoke.DirectMethodHandle$Holder.newInvokeSpecial(java.lang.Object, java.lang.Object, java.lang.Object, int, int, int, int, int)'> (0x0000000089016a70) 
thrown [s\open\src\hotspot\share\interpreter\linkResolver.cpp, line 773]
Event: 0.798 Thread 0x000001ee7e3d4490 Exception <a 'java/lang/NoSuchMethodError'{0x00000000896d67d8}: 'void java.lang.invoke.DirectMethodHandle$Holder.invokeVirtual(java.lang.Object, java.lang.Object)'> (0x00000000896d67d8) 
thrown [s\open\src\hotspot\share\interpreter\linkResolver.cpp, line 773]
Event: 0.815 Thread 0x000001ee1addbfc0 Exception <a 'java/lang/NoSuchMethodError'{0x0000000089079e30}: 'void java.lang.invoke.DirectMethodHandle$Holder.invokeStaticInit(java.lang.Object)'> (0x0000000089079e30) 
thrown [s\open\src\hotspot\share\interpreter\linkResolver.cpp, line 773]

ZGC Phase Switch (0 events):
No events

VM Operations (20 events):
Event: 3.299 Executing VM operation: Cleanup
Event: 3.299 Executing VM operation: Cleanup done
Event: 6.320 Executing VM operation: Cleanup
Event: 6.320 Executing VM operation: Cleanup done
Event: 7.332 Executing VM operation: Cleanup
Event: 7.332 Executing VM operation: Cleanup done
Event: 8.346 Executing VM operation: Cleanup
Event: 8.346 Executing VM operation: Cleanup done
Event: 9.350 Executing VM operation: Cleanup
Event: 9.350 Executing VM operation: Cleanup done
Event: 10.354 Executing VM operation: Cleanup
Event: 10.354 Executing VM operation: Cleanup done
Event: 11.368 Executing VM operation: Cleanup
Event: 11.368 Executing VM operation: Cleanup done
Event: 60.224 Executing VM operation: HandshakeAllThreads (HandshakeForDeflation)
Event: 60.224 Executing VM operation: HandshakeAllThreads (HandshakeForDeflation) done
Event: 60.224 Executing VM operation: RendezvousGCThreads
Event: 60.224 Executing VM operation: RendezvousGCThreads done
Event: 1685.544 Executing VM operation: Cleanup
Event: 1685.544 Executing VM operation: Cleanup done

Events (20 events):
Event: 0.052 Thread 0x000001ee38f83470 Thread added: 0x000001ee38f83470
Event: 0.052 Thread 0x000001ee38f84670 Thread added: 0x000001ee38f84670
Event: 0.052 Thread 0x000001ee38f85870 Thread added: 0x000001ee38f85870
Event: 0.053 Thread 0x000001ee38f8c2b0 Thread added: 0x000001ee38f8c2b0
Event: 0.053 Thread 0x000001ee38f8f500 Thread added: 0x000001ee38f8f500
Event: 0.079 Thread 0x000001ee38f45020 Thread added: 0x000001ee38f45020
Event: 0.122 Thread 0x000001ee7e274220 Thread added: 0x000001ee7e274220
Event: 0.240 Thread 0x000001ee7e3b7070 Thread added: 0x000001ee7e3b7070
Event: 0.242 Thread 0x000001ee7e3b8300 Thread added: 0x000001ee7e3b8300
Event: 0.243 Thread 0x000001ee7e3d4490 Thread added: 0x000001ee7e3d4490
Event: 0.474 Thread 0x000001ee0003c7a0 Thread added: 0x000001ee0003c7a0
Event: 0.648 Thread 0x000001ee0052f750 Thread added: 0x000001ee0052f750
Event: 0.765 Thread 0x000001ee00257ad0 Thread added: 0x000001ee00257ad0
Event: 0.891 Thread 0x000001ee1addbfc0 Thread exited: 0x000001ee1addbfc0
Event: 0.891 Thread 0x000001ee1addbfc0 Thread added: 0x000001ee1addbfc0
Event: 1.116 Thread 0x000001ee0003c7a0 Thread exited: 0x000001ee0003c7a0
Event: 1.406 Thread 0x000001ee004d4dd0 Thread added: 0x000001ee004d4dd0
Event: 1.466 Thread 0x000001ee00f6cdc0 Thread added: 0x000001ee00f6cdc0
Event: 1.986 Thread 0x000001ee004d4dd0 Thread exited: 0x000001ee004d4dd0
Event: 5.788 Thread 0x000001ee00257ad0 Thread exited: 0x000001ee00257ad0


Dynamic libraries:
0x00007ff653850000 - 0x00007ff653860000 	C:\Program Files\Java\jdk-21\bin\java.exe
0x00007ffe427f0000 - 0x00007ffe429e8000 	C:\Windows\SYSTEM32\ntdll.dll
0x00007ffe408c0000 - 0x00007ffe40981000 	C:\Windows\System32\KERNEL32.DLL
0x00007ffe402f0000 - 0x00007ffe405e6000 	C:\Windows\System32\KERNELBASE.dll
0x00007ffe40000000 - 0x00007ffe40100000 	C:\Windows\System32\ucrtbase.dll
0x00007ffe04250000 - 0x00007ffe0426b000 	C:\Program Files\Java\jdk-21\bin\VCRUNTIME140.dll
0x00007ffe3c430000 - 0x00007ffe3c449000 	C:\Program Files\Java\jdk-21\bin\jli.dll
0x00007ffe41430000 - 0x00007ffe414e0000 	C:\Windows\System32\ADVAPI32.dll
0x00007ffe40cf0000 - 0x00007ffe40d8e000 	C:\Windows\System32\msvcrt.dll
0x00007ffe40820000 - 0x00007ffe408c0000 	C:\Windows\System32\sechost.dll
0x00007ffe410a0000 - 0x00007ffe411c3000 	C:\Windows\System32\RPCRT4.dll
0x00007ffe40170000 - 0x00007ffe40197000 	C:\Windows\System32\bcrypt.dll
0x00007ffe411d0000 - 0x00007ffe4136f000 	C:\Windows\System32\USER32.dll
0x00007ffe2d290000 - 0x00007ffe2d52a000 	C:\Windows\WinSxS\amd64_microsoft.windows.common-controls_6595b64144ccf1df_6.0.19041.4355_none_60b8b9eb71f62e16\COMCTL32.dll
0x00007ffe401a0000 - 0x00007ffe401c2000 	C:\Windows\System32\win32u.dll
0x00007ffe42650000 - 0x00007ffe4267b000 	C:\Windows\System32\GDI32.dll
0x00007ffe401d0000 - 0x00007ffe402e7000 	C:\Windows\System32\gdi32full.dll
0x00007ffe40730000 - 0x00007ffe407cd000 	C:\Windows\System32\msvcp_win.dll
0x00007ffe359c0000 - 0x00007ffe359ca000 	C:\Windows\SYSTEM32\VERSION.dll
0x00007ffe41a70000 - 0x00007ffe41a9f000 	C:\Windows\System32\IMM32.DLL
0x00007ffe04240000 - 0x00007ffe0424c000 	C:\Program Files\Java\jdk-21\bin\vcruntime140_1.dll
0x00007ffe03e60000 - 0x00007ffe03eee000 	C:\Program Files\Java\jdk-21\bin\msvcp140.dll
0x00007ffe04270000 - 0x00007ffe04f87000 	C:\Program Files\Java\jdk-21\bin\server\jvm.dll
0x00007ffe41bd0000 - 0x00007ffe41c3b000 	C:\Windows\System32\WS2_32.dll
0x00007ffe2c510000 - 0x00007ffe2c537000 	C:\Windows\SYSTEM32\WINMM.dll
0x00007ffe3fc40000 - 0x00007ffe3fc8b000 	C:\Windows\SYSTEM32\POWRPROF.dll
0x00007ffe3fc20000 - 0x00007ffe3fc32000 	C:\Windows\SYSTEM32\UMPDC.dll
0x00007ffe3ea20000 - 0x00007ffe3ea32000 	C:\Windows\SYSTEM32\kernel.appcore.dll
0x00007ffe041d0000 - 0x00007ffe041da000 	C:\Program Files\Java\jdk-21\bin\jimage.dll
0x00007ffe3e3c0000 - 0x00007ffe3e5a4000 	C:\Windows\SYSTEM32\DBGHELP.DLL
0x00007ffe261a0000 - 0x00007ffe261d4000 	C:\Windows\SYSTEM32\dbgcore.DLL
0x00007ffe406a0000 - 0x00007ffe40722000 	C:\Windows\System32\bcryptPrimitives.dll
0x00007ffe041e0000 - 0x00007ffe041ff000 	C:\Program Files\Java\jdk-21\bin\java.dll
0x00007ffe41c40000 - 0x00007ffe423ac000 	C:\Windows\System32\SHELL32.dll
0x00007ffe3db50000 - 0x00007ffe3e2ee000 	C:\Windows\SYSTEM32\windows.storage.dll
0x00007ffe40990000 - 0x00007ffe40ce3000 	C:\Windows\System32\combase.dll
0x00007ffe3f7f0000 - 0x00007ffe3f81e000 	C:\Windows\SYSTEM32\Wldp.dll
0x00007ffe426e0000 - 0x00007ffe427ad000 	C:\Windows\System32\OLEAUT32.dll
0x00007ffe41aa0000 - 0x00007ffe41b4d000 	C:\Windows\System32\SHCORE.dll
0x00007ffe40e90000 - 0x00007ffe40ee5000 	C:\Windows\System32\shlwapi.dll
0x00007ffe3fdd0000 - 0x00007ffe3fdf4000 	C:\Windows\SYSTEM32\profapi.dll
0x00007ffe040f0000 - 0x00007ffe041c7000 	C:\Program Files\Java\jdk-21\bin\jsvml.dll
0x00007ffe040e0000 - 0x00007ffe040f0000 	C:\Program Files\Java\jdk-21\bin\net.dll
0x00007ffe36800000 - 0x00007ffe3690a000 	C:\Windows\SYSTEM32\WINHTTP.dll
0x00007ffe3f550000 - 0x00007ffe3f5ba000 	C:\Windows\system32\mswsock.dll
0x00007ffe040c0000 - 0x00007ffe040d6000 	C:\Program Files\Java\jdk-21\bin\nio.dll
0x00007ffe040a0000 - 0x00007ffe040b8000 	C:\Program Files\Java\jdk-21\bin\zip.dll
0x00007ffe03ef0000 - 0x00007ffe0407f000 	C:\Program Files\Java\jdk-21\bin\awt.dll
0x00007ffe3c1d0000 - 0x00007ffe3c264000 	C:\Windows\SYSTEM32\apphelp.dll
0x00007ffe3d680000 - 0x00007ffe3d6af000 	C:\Windows\system32\DWMAPI.DLL
0x00007ffe3d470000 - 0x00007ffe3d50e000 	C:\Windows\system32\uxtheme.dll
0x00007ffe1d0a0000 - 0x00007ffe1d1c8000 	C:\Windows\system32\opengl32.dll
0x00007ffe1d030000 - 0x00007ffe1d05c000 	C:\Windows\SYSTEM32\GLU32.dll
0x00007ffe41950000 - 0x00007ffe41a64000 	C:\Windows\System32\MSCTF.dll
0x00007ffe424f0000 - 0x00007ffe4261b000 	C:\Windows\System32\ole32.dll
0x00007ffe04090000 - 0x00007ffe040a0000 	C:\Program Files\Java\jdk-21\bin\verify.dll
0x00007ffe03dd0000 - 0x00007ffe03e57000 	C:\Program Files\Java\jdk-21\bin\freetype.dll
0x00007ffe03ce0000 - 0x00007ffe03dc2000 	C:\Program Files\Java\jdk-21\bin\fontmanager.dll
0x00007ffe41380000 - 0x00007ffe41429000 	C:\Windows\System32\clbcatq.dll
0x00007ffe3d1b0000 - 0x00007ffe3d366000 	C:\Windows\SYSTEM32\WindowsCodecs.dll
0x00007ffe1c340000 - 0x00007ffe1c37e000 	C:\Windows\system32\dataexchange.dll
0x00007ffe3ac40000 - 0x00007ffe3ae24000 	C:\Windows\system32\dcomp.dll
0x00007ffe39cc0000 - 0x00007ffe39f23000 	C:\Windows\system32\d3d11.dll
0x00007ffe3e700000 - 0x00007ffe3e7f5000 	C:\Windows\system32\dxgi.dll
0x00007ffe38b30000 - 0x00007ffe38d33000 	C:\Windows\system32\twinapi.appcore.dll
0x00007ffe35780000 - 0x00007ffe35879000 	C:\Windows\SYSTEM32\textinputframework.dll
0x00007ffe3b1b0000 - 0x00007ffe3b50b000 	C:\Windows\System32\CoreUIComponents.dll
0x00007ffe3b510000 - 0x00007ffe3b602000 	C:\Windows\System32\CoreMessaging.dll
0x00007ffe3ef90000 - 0x00007ffe3efc3000 	C:\Windows\SYSTEM32\ntmarta.dll
0x00007ffe3c270000 - 0x00007ffe3c3c7000 	C:\Windows\SYSTEM32\wintypes.dll
0x00007ffe22180000 - 0x00007ffe221e6000 	C:\Windows\system32\Oleacc.dll

dbghelp: loaded successfully - version: 4.0.5 - missing functions: none
symbol engine: initialized successfully - sym options: 0x614 - pdb path: (cannot be retrieved)

VM Arguments:
jvm_args: -Dfile.encoding=UTF-8 --module-path=C:\Users\DELL\Documents\NetBeansProjects\bank management system\build\classes 
java_command: bank.management.system.SignUpOne
java_class_path (initial): C:\Users\DELL\Downloads\jcalendar-tz-1.3.3-4.jar;C:\Users\DELL\Documents\NetBeansProjects\bank management system\build\classes
Launcher Type: SUN_STANDARD

[Global flags]
     intx CICompilerCount                          = 3                                         {product} {ergonomic}
     uint ConcGCThreads                            = 1                                         {product} {ergonomic}
     uint G1ConcRefinementThreads                  = 4                                         {product} {ergonomic}
   size_t G1HeapRegionSize                         = 1048576                                   {product} {ergonomic}
    uintx GCDrainStackTargetSize                   = 64                                        {product} {ergonomic}
   size_t InitialHeapSize                          = 134217728                                 {product} {ergonomic}
   size_t MarkStackSize                            = 4194304                                   {product} {ergonomic}
   size_t MaxHeapSize                              = 2120220672                                {product} {ergonomic}
   size_t MaxNewSize                               = 1271922688                                {product} {ergonomic}
   size_t MinHeapDeltaBytes                        = 1048576                                   {product} {ergonomic}
   size_t MinHeapSize                              = 8388608                                   {product} {ergonomic}
    uintx NonNMethodCodeHeapSize                   = 5832780                                {pd product} {ergonomic}
    uintx NonProfiledCodeHeapSize                  = 122912730                              {pd product} {ergonomic}
    uintx ProfiledCodeHeapSize                     = 122912730                              {pd product} {ergonomic}
    uintx ReservedCodeCacheSize                    = 251658240                              {pd product} {ergonomic}
     bool SegmentedCodeCache                       = true                                      {product} {ergonomic}
   size_t SoftMaxHeapSize                          = 2120220672                             {manageable} {ergonomic}
     bool UseCompressedOops                        = true                           {product lp64_product} {ergonomic}
     bool UseG1GC                                  = true                                      {product} {ergonomic}
     bool UseLargePagesIndividualAllocation        = false                                  {pd product} {ergonomic}

Logging:
Log output configuration:
 #0: stdout all=warning uptime,level,tags foldmultilines=false
 #1: stderr all=off uptime,level,tags foldmultilines=false

Environment Variables:
JAVA_HOME=C:\Users\DELL\AppData\Local\Programs\Eclipse Adoptium\jdk-17.0.7.7-hotspot\
PATH=C:\Program Files\Common Files\Oracle\Java\javapath;C:\Windows\system32;C:\Windows;C:\Windows\System32\Wbem;C:\Windows\System32\WindowsPowerShell\v1.0\;C:\Windows\System32\OpenSSH\;C:\MinGW\bin;C:\Program Files\Java\jdk-20\bin;C:\Program Files\MySQL\MySQL Server 8.0\bin;C:\Program Files\Java\jdk-21\bin;C:\Program Files\Git\cmd;C:\Program Files\Git\mingw64\bin;C:\Program Files\Git\usr\bin;C:\Program Files\MySQL\MySQL Shell 8.0\bin\;C:\Users\DELL\AppData\Local\Programs\Eclipse Adoptium\jdk-17.0.7.7-hotspot\bin;C:\Users\DELL\AppData\Local\Microsoft\WindowsApps;;C:\Users\DELL\AppData\Local\Programs\Microsoft VS Code\bin;C:\Program Files\JetBrains\IntelliJ IDEA Community Edition 2023.1.2\java1\IntelliJ IDEA Community Edition 2023.1.2\bin;
USERNAME=DELL
OS=Windows_NT
PROCESSOR_IDENTIFIER=Intel64 Family 6 Model 78 Stepping 3, GenuineIntel
TMP=C:\Users\DELL\AppData\Local\Temp
TEMP=C:\Users\DELL\AppData\Local\Temp




Periodic native trim disabled

---------------  S Y S T E M  ---------------

OS:
 Windows 10 , 64 bit Build 19041 (10.0.19041.4597)
OS uptime: 0 days 3:44 hours

CPU: total 4 (initial active 4) (2 cores per cpu, 2 threads per core) family 6 model 78 stepping 3 microcode 0xcc, cx8, cmov, fxsr, ht, mmx, 3dnowpref, sse, sse2, sse3, ssse3, sse4.1, sse4.2, popcnt, lzcnt, tsc, tscinvbit, avx, avx2, aes, erms, clmul, bmi1, bmi2, rtm, adx, fma, vzeroupper, clflush, clflushopt, rdtscp, f16c
Processor Information for all 4 processors :
  Max Mhz: 2501, Current Mhz: 2501, Mhz Limit: 2501

Memory: 4k page, system-wide physical 8083M (642M free)
TotalPageFile size 20505M (AvailPageFile size 0M)
current process WorkingSet (physical memory assigned to process): 86M, peak: 96M
current process commit charge ("private bytes"): 219M, peak: 229M

vm_info: Java HotSpot(TM) 64-Bit Server VM (21.0.2+13-LTS-58) for windows-amd64 JRE (21.0.2+13-LTS-58), built on 2024-01-05T18:32:24Z by "mach5one" with MS VC++ 17.1 (VS2022)

END.
