#
# There is insufficient memory for the Java Runtime Environment to continue.
# Native memory allocation (mmap) failed to map 134217728 bytes for G1 virtual space
# Possible reasons:
#   The system is out of physical RAM or swap space
#   The process is running with CompressedOops enabled, and the Java Heap may be blocking the growth of the native heap
# Possible solutions:
#   Reduce memory load on the system
#   Increase physical memory or swap space
#   Check if swap backing store is full
#   Decrease Java heap size (-Xmx/-Xms)
#   Decrease number of Java threads
#   Decrease Java thread stack sizes (-Xss)
#   Set larger code cache with -XX:ReservedCodeCacheSize=
#   JVM is running with Unscaled Compressed Oops mode in which the Java heap is
#     placed in the first 4GB address space. The Java Heap base address is the
#     maximum limit for the native heap growth. Please use -XX:HeapBaseMinAddress
#     to set the Java Heap base and to place the Java Heap above 4GB virtual address.
# This output file may be truncated or incomplete.
#
#  Out of Memory Error (os_windows.cpp:3600), pid=12264, tid=18020
#
# JRE version:  (21.0.2+13) (build )
# Java VM: Java HotSpot(TM) 64-Bit Server VM (21.0.2+13-LTS-58, mixed mode, sharing, tiered, compressed oops, compressed class ptrs, g1 gc, windows-amd64)
# No core dump will be written. Minidumps are not enabled by default on client versions of Windows
#

---------------  S U M M A R Y ------------

Command Line: -Dfile.encoding=UTF-8 --module-path=C:\Users\DELL\Documents\NetBeansProjects\bank management system\build\classes bank.management.system.SignUpOne

Host: Intel(R) Core(TM) i5-6300U CPU @ 2.40GHz, 4 cores, 7G,  Windows 10 , 64 bit Build 19041 (10.0.19041.4597)
Time: Fri Jul 19 02:03:19 2024 India Standard Time elapsed time: 0.027504 seconds (0d 0h 0m 0s)

---------------  T H R E A D  ---------------

Current thread (0x0000025c1def8c80):  JavaThread "Unknown thread" [_thread_in_vm, id=18020, stack(0x0000009932e00000,0x0000009932f00000) (1024K)]

Stack: [0x0000009932e00000,0x0000009932f00000]
Native frames: (J=compiled Java code, j=interpreted, Vv=VM code, C=native code)
V  [jvm.dll+0x6cade9]
V  [jvm.dll+0x8569c1]
V  [jvm.dll+0x858d2e]
V  [jvm.dll+0x859413]
V  [jvm.dll+0x280e56]
V  [jvm.dll+0x6c74d5]
V  [jvm.dll+0x6bbeca]
V  [jvm.dll+0x355bca]
V  [jvm.dll+0x35d816]
V  [jvm.dll+0x3ae67e]
V  [jvm.dll+0x3ae928]
V  [jvm.dll+0x3295dc]
V  [jvm.dll+0x32a16b]
V  [jvm.dll+0x81efa9]
V  [jvm.dll+0x3bba01]
V  [jvm.dll+0x807928]
V  [jvm.dll+0x44f50e]
V  [jvm.dll+0x450e11]
C  [jli.dll+0x52a3]
C  [ucrtbase.dll+0x21bb2]
C  [KERNEL32.DLL+0x17374]
C  [ntdll.dll+0x4cc91]


---------------  P R O C E S S  ---------------

Threads class SMR info:
_java_thread_list=0x00007ffe04e3bb88, length=0, elements={
}

Java Threads: ( => current thread )
Total: 0

Other Threads:
  0x0000025c1e04cb20 WorkerThread "GC Thread#0"                     [id=12856, stack(0x0000009932f00000,0x0000009933000000) (1024K)]
  0x0000025c1e05f190 ConcurrentGCThread "G1 Main Marker"            [id=14492, stack(0x0000009933000000,0x0000009933100000) (1024K)]
  0x0000025c1e060430 WorkerThread "G1 Conc#0"                       [id=9844, stack(0x0000009933100000,0x0000009933200000) (1024K)]

[error occurred during error reporting (printing all threads), id 0xc0000005, EXCEPTION_ACCESS_VIOLATION (0xc0000005) at pc=0x00007ffe045ac6a7]
VM state: not at safepoint (not fully initialized)

VM Mutex/Monitor currently owned by a thread:  ([mutex/lock_event])
[0x00007ffe04eace68] Heap_lock - owner thread: 0x0000025c1def8c80

Heap address: 0x0000000081a00000, size: 2022 MB, Compressed Oops mode: 32-bit

CDS archive(s) mapped at: [0x0000000000000000-0x0000000000000000-0x0000000000000000), size 0, SharedBaseAddress: 0x0000000800000000, ArchiveRelocationMode: 1.
Narrow klass base: 0x0000000000000000, Narrow klass shift: 0, Narrow klass range: 0x0

GC Precious Log:
 CardTable entry size: 512
 Card Set container configuration: InlinePtr #cards 5 size 8 Array Of Cards #cards 12 size 40 Howl #buckets 4 coarsen threshold 1843 Howl Bitmap #cards 512 size 80 coarsen threshold 460 Card regions per heap region 1 cards per card region 2048

Heap:
 garbage-first heap   total 0K, used 0K [0x0000000081a00000, 0x0000000100000000)
  region size 1024K, 0 young (0K), 0 survivors (0K)

[error occurred during error reporting (printing heap information), id 0xc0000005, EXCEPTION_ACCESS_VIOLATION (0xc0000005) at pc=0x00007ffe049939f9]
GC Heap History (0 events):
No events

Dll operation events (1 events):
Event: 0.017 Loaded shared library C:\Program Files\Java\jdk-21\bin\java.dll

Deoptimization events (0 events):
No events

Classes loaded (0 events):
No events

Classes unloaded (0 events):
No events

Classes redefined (0 events):
No events

Internal exceptions (0 events):
No events

ZGC Phase Switch (0 events):
No events

VM Operations (0 events):
No events

Events (0 events):
No events


Dynamic libraries:
0x00007ff653850000 - 0x00007ff653860000 	C:\Program Files\Java\jdk-21\bin\java.exe
0x00007ffe427f0000 - 0x00007ffe429e8000 	C:\Windows\SYSTEM32\ntdll.dll
0x00007ffe408c0000 - 0x00007ffe40981000 	C:\Windows\System32\KERNEL32.DLL
0x00007ffe402f0000 - 0x00007ffe405e6000 	C:\Windows\System32\KERNELBASE.dll
0x00007ffe40000000 - 0x00007ffe40100000 	C:\Windows\System32\ucrtbase.dll
0x00007ffe04250000 - 0x00007ffe0426b000 	C:\Program Files\Java\jdk-21\bin\VCRUNTIME140.dll
0x00007ffe3c430000 - 0x00007ffe3c449000 	C:\Program Files\Java\jdk-21\bin\jli.dll
0x00007ffe41430000 - 0x00007ffe414e0000 	C:\Windows\System32\ADVAPI32.dll
0x00007ffe40cf0000 - 0x00007ffe40d8e000 	C:\Windows\System32\msvcrt.dll
0x00007ffe40820000 - 0x00007ffe408c0000 	C:\Windows\System32\sechost.dll
0x00007ffe410a0000 - 0x00007ffe411c3000 	C:\Windows\System32\RPCRT4.dll
0x00007ffe40170000 - 0x00007ffe40197000 	C:\Windows\System32\bcrypt.dll
0x00007ffe411d0000 - 0x00007ffe4136f000 	C:\Windows\System32\USER32.dll
0x00007ffe401a0000 - 0x00007ffe401c2000 	C:\Windows\System32\win32u.dll
0x00007ffe42650000 - 0x00007ffe4267b000 	C:\Windows\System32\GDI32.dll
0x00007ffe401d0000 - 0x00007ffe402e7000 	C:\Windows\System32\gdi32full.dll
0x00007ffe40730000 - 0x00007ffe407cd000 	C:\Windows\System32\msvcp_win.dll
0x00007ffe2d290000 - 0x00007ffe2d52a000 	C:\Windows\WinSxS\amd64_microsoft.windows.common-controls_6595b64144ccf1df_6.0.19041.4355_none_60b8b9eb71f62e16\COMCTL32.dll
0x00007ffe359c0000 - 0x00007ffe359ca000 	C:\Windows\SYSTEM32\VERSION.dll
0x00007ffe41a70000 - 0x00007ffe41a9f000 	C:\Windows\System32\IMM32.DLL
0x00007ffe04240000 - 0x00007ffe0424c000 	C:\Program Files\Java\jdk-21\bin\vcruntime140_1.dll
0x00007ffe03e60000 - 0x00007ffe03eee000 	C:\Program Files\Java\jdk-21\bin\msvcp140.dll
0x00007ffe04270000 - 0x00007ffe04f87000 	C:\Program Files\Java\jdk-21\bin\server\jvm.dll
0x00007ffe41bd0000 - 0x00007ffe41c3b000 	C:\Windows\System32\WS2_32.dll
0x00007ffe3fc40000 - 0x00007ffe3fc8b000 	C:\Windows\SYSTEM32\POWRPROF.dll
0x00007ffe2c510000 - 0x00007ffe2c537000 	C:\Windows\SYSTEM32\WINMM.dll
0x00007ffe3fc20000 - 0x00007ffe3fc32000 	C:\Windows\SYSTEM32\UMPDC.dll
0x00007ffe3ea20000 - 0x00007ffe3ea32000 	C:\Windows\SYSTEM32\kernel.appcore.dll
0x00007ffe041d0000 - 0x00007ffe041da000 	C:\Program Files\Java\jdk-21\bin\jimage.dll
0x00007ffe3e3c0000 - 0x00007ffe3e5a4000 	C:\Windows\SYSTEM32\DBGHELP.DLL
0x00007ffe261a0000 - 0x00007ffe261d4000 	C:\Windows\SYSTEM32\dbgcore.DLL
0x00007ffe406a0000 - 0x00007ffe40722000 	C:\Windows\System32\bcryptPrimitives.dll
0x00007ffe041e0000 - 0x00007ffe041ff000 	C:\Program Files\Java\jdk-21\bin\java.dll

dbghelp: loaded successfully - version: 4.0.5 - missing functions: none
symbol engine: initialized successfully - sym options: 0x614 - pdb path: .;C:\Program Files\Java\jdk-21\bin;C:\Windows\SYSTEM32;C:\Windows\WinSxS\amd64_microsoft.windows.common-controls_6595b64144ccf1df_6.0.19041.4355_none_60b8b9eb71f62e16;C:\Program Files\Java\jdk-21\bin\server

VM Arguments:
jvm_args: -Dfile.encoding=UTF-8 --module-path=C:\Users\DELL\Documents\NetBeansProjects\bank management system\build\classes 
java_command: bank.management.system.SignUpOne
java_class_path (initial): C:\Users\DELL\Downloads\jcalendar-tz-1.3.3-4.jar;C:\Users\DELL\Documents\NetBeansProjects\bank management system\build\classes
Launcher Type: SUN_STANDARD

[Global flags]
     intx CICompilerCount                          = 3                                         {product} {ergonomic}
     uint ConcGCThreads                            = 1                                         {product} {ergonomic}
     uint G1ConcRefinementThreads                  = 4                                         {product} {ergonomic}
   size_t G1HeapRegionSize                         = 1048576                                   {product} {ergonomic}
    uintx GCDrainStackTargetSize                   = 64                                        {product} {ergonomic}
   size_t InitialHeapSize                          = 134217728                                 {product} {ergonomic}
   size_t MarkStackSize                            = 4194304                                   {product} {ergonomic}
   size_t MaxHeapSize                              = 2120220672                                {product} {ergonomic}
   size_t MinHeapDeltaBytes                        = 1048576                                   {product} {ergonomic}
   size_t MinHeapSize                              = 8388608                                   {product} {ergonomic}
    uintx NonNMethodCodeHeapSize                   = 5832780                                {pd product} {ergonomic}
    uintx NonProfiledCodeHeapSize                  = 122912730                              {pd product} {ergonomic}
    uintx ProfiledCodeHeapSize                     = 122912730                              {pd product} {ergonomic}
    uintx ReservedCodeCacheSize                    = 251658240                              {pd product} {ergonomic}
     bool SegmentedCodeCache                       = true                                      {product} {ergonomic}
   size_t SoftMaxHeapSize                          = 2120220672                             {manageable} {ergonomic}
     bool UseCompressedOops                        = true                           {product lp64_product} {ergonomic}
     bool UseG1GC                                  = true                                      {product} {ergonomic}
     bool UseLargePagesIndividualAllocation        = false                                  {pd product} {ergonomic}

Logging:
Log output configuration:
 #0: stdout all=warning uptime,level,tags foldmultilines=false
 #1: stderr all=off uptime,level,tags foldmultilines=false

Environment Variables:
JAVA_HOME=C:\Users\DELL\AppData\Local\Programs\Eclipse Adoptium\jdk-17.0.7.7-hotspot\
PATH=C:\Program Files\Common Files\Oracle\Java\javapath;C:\Windows\system32;C:\Windows;C:\Windows\System32\Wbem;C:\Windows\System32\WindowsPowerShell\v1.0\;C:\Windows\System32\OpenSSH\;C:\MinGW\bin;C:\Program Files\Java\jdk-20\bin;C:\Program Files\MySQL\MySQL Server 8.0\bin;C:\Program Files\Java\jdk-21\bin;C:\Program Files\Git\cmd;C:\Program Files\Git\mingw64\bin;C:\Program Files\Git\usr\bin;C:\Program Files\MySQL\MySQL Shell 8.0\bin\;C:\Users\DELL\AppData\Local\Programs\Eclipse Adoptium\jdk-17.0.7.7-hotspot\bin;C:\Users\DELL\AppData\Local\Microsoft\WindowsApps;;C:\Users\DELL\AppData\Local\Programs\Microsoft VS Code\bin;C:\Program Files\JetBrains\IntelliJ IDEA Community Edition 2023.1.2\java1\IntelliJ IDEA Community Edition 2023.1.2\bin;
USERNAME=DELL
OS=Windows_NT
PROCESSOR_IDENTIFIER=Intel64 Family 6 Model 78 Stepping 3, GenuineIntel
TMP=C:\Users\DELL\AppData\Local\Temp
TEMP=C:\Users\DELL\AppData\Local\Temp




Periodic native trim disabled

---------------  S Y S T E M  ---------------

OS:
 Windows 10 , 64 bit Build 19041 (10.0.19041.4597)
OS uptime: 0 days 3:25 hours

CPU: total 4 (initial active 4) (2 cores per cpu, 2 threads per core) family 6 model 78 stepping 3 microcode 0xcc, cx8, cmov, fxsr, ht, mmx, 3dnowpref, sse, sse2, sse3, ssse3, sse4.1, sse4.2, popcnt, lzcnt, tsc, tscinvbit, avx, avx2, aes, erms, clmul, bmi1, bmi2, rtm, adx, fma, vzeroupper, clflush, clflushopt, rdtscp, f16c
Processor Information for processor 0
  Max Mhz: 2501, Current Mhz: 1500, Mhz Limit: 2501
Processor Information for processor 1
  Max Mhz: 2501, Current Mhz: 1500, Mhz Limit: 2501
Processor Information for processor 2
  Max Mhz: 2501, Current Mhz: 2501, Mhz Limit: 2501
Processor Information for processor 3
  Max Mhz: 2501, Current Mhz: 2501, Mhz Limit: 2501

Memory: 4k page, system-wide physical 8083M (410M free)
TotalPageFile size 20505M (AvailPageFile size 32M)
current process WorkingSet (physical memory assigned to process): 10M, peak: 10M
current process commit charge ("private bytes"): 51M, peak: 179M

vm_info: Java HotSpot(TM) 64-Bit Server VM (21.0.2+13-LTS-58) for windows-amd64 JRE (21.0.2+13-LTS-58), built on 2024-01-05T18:32:24Z by "mach5one" with MS VC++ 17.1 (VS2022)

END.
